<html>
<head>
<title>TestNG:  Default test</title>
<link href="../testng.css" rel="stylesheet" type="text/css" />
<link href="../my-testng.css" rel="stylesheet" type="text/css" />

<style type="text/css">
.log { display: none;} 
.stack-trace { display: none;} 
</style>
<script type="text/javascript">
<!--
function flip(e) {
  current = e.style.display;
  if (current == 'block') {
    e.style.display = 'none';
    return 0;
  }
  else {
    e.style.display = 'block';
    return 1;
  }
}

function toggleBox(szDivId, elem, msg1, msg2)
{
  var res = -1;  if (document.getElementById) {
    res = flip(document.getElementById(szDivId));
  }
  else if (document.all) {
    // this is the way old msie versions work
    res = flip(document.all[szDivId]);
  }
  if(elem) {
    if(res == 0) elem.innerHTML = msg1; else elem.innerHTML = msg2;
  }

}

function toggleAllBoxes() {
  if (document.getElementsByTagName) {
    d = document.getElementsByTagName('div');
    for (i = 0; i < d.length; i++) {
      if (d[i].className == 'log') {
        flip(d[i]);
      }
    }
  }
}

// -->
</script>

</head>
<body>
<h2 align='center'>Default test</h2><table border='1' align="center">
<tr>
<td>Tests passed/Failed/Skipped:</td><td>0/34/0</td>
</tr><tr>
<td>Started on:</td><td>Wed Sep 13 12:39:30 PDT 2023</td>
</tr>
<tr><td>Total time:</td><td>5 seconds (5984 ms)</td>
</tr><tr>
<td>Included groups:</td><td></td>
</tr><tr>
<td>Excluded groups:</td><td></td>
</tr>
</table><p/>
<small><i>(Hover the method name to see the test class name)</i></small><p/>
<table width='100%' border='1' class='invocation-failed'>
<tr><td colspan='4' align='center'><b>FAILED TESTS</b></td></tr>
<tr><td><b>Test method</b></td>
<td width="30%"><b>Exception</b></td>
<td width="10%"><b>Time (seconds)</b></td>
<td><b>Instance</b></td>
</tr>
<tr>
<td title='runner.Runner.runScenario()'><b>runScenario</b><br>Test class: runner.Runner<br>Test method: Runs Cucumber Scenarios<br>Parameters: "Validate data table headers in the User Page", "User page validation"</td>
<td><div><pre>java.lang.NullPointerException: Cannot invoke &quot;org.openqa.selenium.WebDriver.getCurrentUrl()&quot; because &quot;this.driver&quot; is null
	at stepDefinition.User_SD.user_admin_is_on_page_after_login(User_SD.java:34)
	at ✽.User Admin is on &quot;dashboard&quot; page after Login(file:///C:/Users/cnudr/git/LMSHackathon_Phase2/src/test/resources/Features/UserPage.feature:24)
</pre></div><a href='#' onClick='toggleBox("stack-trace1383273534", this, "Click to show all stack frames", "Click to hide stack frames")'>Click to show all stack frames</a>
<div class='stack-trace' id='stack-trace1383273534'><pre>java.lang.NullPointerException: Cannot invoke &quot;org.openqa.selenium.WebDriver.getCurrentUrl()&quot; because &quot;this.driver&quot; is null
	at stepDefinition.User_SD.user_admin_is_on_page_after_login(User_SD.java:34)
	at ✽.User Admin is on &quot;dashboard&quot; page after Login(file:///C:/Users/cnudr/git/LMSHackathon_Phase2/src/test/resources/Features/UserPage.feature:24)
</pre></div></td>
<td>0</td>
<td>runner.Runner@5386659f</td></tr>
<tr>
<td title='runner.Runner.runScenario()'><b>runScenario</b><br>Test class: runner.Runner<br>Test method: Runs Cucumber Scenarios<br>Parameters: "Delete multiple user", "User page validation"</td>
<td><div><pre>java.lang.NullPointerException: Cannot invoke &quot;org.openqa.selenium.WebDriver.getCurrentUrl()&quot; because &quot;this.driver&quot; is null
	at stepDefinition.User_SD.user_admin_is_on_page_after_login(User_SD.java:34)
	at ✽.User Admin is on &quot;dashboard&quot; page after Login(file:///C:/Users/cnudr/git/LMSHackathon_Phase2/src/test/resources/Features/UserPage.feature:154)
</pre></div><a href='#' onClick='toggleBox("stack-trace1256914788", this, "Click to show all stack frames", "Click to hide stack frames")'>Click to show all stack frames</a>
<div class='stack-trace' id='stack-trace1256914788'><pre>java.lang.NullPointerException: Cannot invoke &quot;org.openqa.selenium.WebDriver.getCurrentUrl()&quot; because &quot;this.driver&quot; is null
	at stepDefinition.User_SD.user_admin_is_on_page_after_login(User_SD.java:34)
	at ✽.User Admin is on &quot;dashboard&quot; page after Login(file:///C:/Users/cnudr/git/LMSHackathon_Phase2/src/test/resources/Features/UserPage.feature:154)
</pre></div></td>
<td>0</td>
<td>runner.Runner@5386659f</td></tr>
<tr>
<td title='runner.Runner.runScenario()'><b>runScenario</b><br>Test class: runner.Runner<br>Test method: Runs Cucumber Scenarios<br>Parameters: "Validate edit User", "User page validation"</td>
<td><div><pre>java.lang.NullPointerException: Cannot invoke &quot;org.openqa.selenium.WebDriver.getCurrentUrl()&quot; because &quot;this.driver&quot; is null
	at stepDefinition.User_SD.user_admin_is_on_page_after_login(User_SD.java:34)
	at ✽.User Admin is on &quot;dashboard&quot; page after Login(file:///C:/Users/cnudr/git/LMSHackathon_Phase2/src/test/resources/Features/UserPage.feature:112)
</pre></div><a href='#' onClick='toggleBox("stack-trace227843012", this, "Click to show all stack frames", "Click to hide stack frames")'>Click to show all stack frames</a>
<div class='stack-trace' id='stack-trace227843012'><pre>java.lang.NullPointerException: Cannot invoke &quot;org.openqa.selenium.WebDriver.getCurrentUrl()&quot; because &quot;this.driver&quot; is null
	at stepDefinition.User_SD.user_admin_is_on_page_after_login(User_SD.java:34)
	at ✽.User Admin is on &quot;dashboard&quot; page after Login(file:///C:/Users/cnudr/git/LMSHackathon_Phase2/src/test/resources/Features/UserPage.feature:112)
</pre></div></td>
<td>0</td>
<td>runner.Runner@5386659f</td></tr>
<tr>
<td title='runner.Runner.runScenario()'><b>runScenario</b><br>Test class: runner.Runner<br>Test method: Runs Cucumber Scenarios<br>Parameters: "Validate data rows", "User page validation"</td>
<td><div><pre>java.lang.NullPointerException: Cannot invoke &quot;org.openqa.selenium.WebDriver.getCurrentUrl()&quot; because &quot;this.driver&quot; is null
	at stepDefinition.User_SD.user_admin_is_on_page_after_login(User_SD.java:34)
	at ✽.User Admin is on &quot;dashboard&quot; page after Login(file:///C:/Users/cnudr/git/LMSHackathon_Phase2/src/test/resources/Features/UserPage.feature:58)
</pre></div><a href='#' onClick='toggleBox("stack-trace1817288263", this, "Click to show all stack frames", "Click to hide stack frames")'>Click to show all stack frames</a>
<div class='stack-trace' id='stack-trace1817288263'><pre>java.lang.NullPointerException: Cannot invoke &quot;org.openqa.selenium.WebDriver.getCurrentUrl()&quot; because &quot;this.driver&quot; is null
	at stepDefinition.User_SD.user_admin_is_on_page_after_login(User_SD.java:34)
	at ✽.User Admin is on &quot;dashboard&quot; page after Login(file:///C:/Users/cnudr/git/LMSHackathon_Phase2/src/test/resources/Features/UserPage.feature:58)
</pre></div></td>
<td>0</td>
<td>runner.Runner@5386659f</td></tr>
<tr>
<td title='runner.Runner.runScenario()'><b>runScenario</b><br>Test class: runner.Runner<br>Test method: Runs Cucumber Scenarios<br>Parameters: "Validate data rows", "User page validation"</td>
<td><div><pre>java.lang.NullPointerException: Cannot invoke &quot;org.openqa.selenium.WebDriver.getCurrentUrl()&quot; because &quot;this.driver&quot; is null
	at stepDefinition.User_SD.user_admin_is_on_page_after_login(User_SD.java:34)
	at ✽.User Admin is on &quot;dashboard&quot; page after Login(file:///C:/Users/cnudr/git/LMSHackathon_Phase2/src/test/resources/Features/UserPage.feature:58)
</pre></div><a href='#' onClick='toggleBox("stack-trace1000119179", this, "Click to show all stack frames", "Click to hide stack frames")'>Click to show all stack frames</a>
<div class='stack-trace' id='stack-trace1000119179'><pre>java.lang.NullPointerException: Cannot invoke &quot;org.openqa.selenium.WebDriver.getCurrentUrl()&quot; because &quot;this.driver&quot; is null
	at stepDefinition.User_SD.user_admin_is_on_page_after_login(User_SD.java:34)
	at ✽.User Admin is on &quot;dashboard&quot; page after Login(file:///C:/Users/cnudr/git/LMSHackathon_Phase2/src/test/resources/Features/UserPage.feature:58)
</pre></div></td>
<td>0</td>
<td>runner.Runner@5386659f</td></tr>
<tr>
<td title='runner.Runner.runScenario()'><b>runScenario</b><br>Test class: runner.Runner<br>Test method: Runs Cucumber Scenarios<br>Parameters: "Validate "+ A New user" button in User Page", "User page validation"</td>
<td><div><pre>java.lang.NullPointerException: Cannot invoke &quot;org.openqa.selenium.WebDriver.getCurrentUrl()&quot; because &quot;this.driver&quot; is null
	at stepDefinition.User_SD.user_admin_is_on_page_after_login(User_SD.java:34)
	at ✽.User Admin is on &quot;dashboard&quot; page after Login(file:///C:/Users/cnudr/git/LMSHackathon_Phase2/src/test/resources/Features/UserPage.feature:43)
</pre></div><a href='#' onClick='toggleBox("stack-trace467335937", this, "Click to show all stack frames", "Click to hide stack frames")'>Click to show all stack frames</a>
<div class='stack-trace' id='stack-trace467335937'><pre>java.lang.NullPointerException: Cannot invoke &quot;org.openqa.selenium.WebDriver.getCurrentUrl()&quot; because &quot;this.driver&quot; is null
	at stepDefinition.User_SD.user_admin_is_on_page_after_login(User_SD.java:34)
	at ✽.User Admin is on &quot;dashboard&quot; page after Login(file:///C:/Users/cnudr/git/LMSHackathon_Phase2/src/test/resources/Features/UserPage.feature:43)
</pre></div></td>
<td>0</td>
<td>runner.Runner@5386659f</td></tr>
<tr>
<td title='runner.Runner.runScenario()'><b>runScenario</b><br>Test class: runner.Runner<br>Test method: Runs Cucumber Scenarios<br>Parameters: "Validate header in the User Page", "User page validation"</td>
<td><div><pre>java.lang.NullPointerException: Cannot invoke &quot;org.openqa.selenium.WebDriver.getCurrentUrl()&quot; because &quot;this.driver&quot; is null
	at stepDefinition.User_SD.user_admin_is_on_page_after_login(User_SD.java:34)
	at ✽.User Admin is on &quot;dashboard&quot; page after Login(file:///C:/Users/cnudr/git/LMSHackathon_Phase2/src/test/resources/Features/UserPage.feature:14)
</pre></div><a href='#' onClick='toggleBox("stack-trace1798217138", this, "Click to show all stack frames", "Click to hide stack frames")'>Click to show all stack frames</a>
<div class='stack-trace' id='stack-trace1798217138'><pre>java.lang.NullPointerException: Cannot invoke &quot;org.openqa.selenium.WebDriver.getCurrentUrl()&quot; because &quot;this.driver&quot; is null
	at stepDefinition.User_SD.user_admin_is_on_page_after_login(User_SD.java:34)
	at ✽.User Admin is on &quot;dashboard&quot; page after Login(file:///C:/Users/cnudr/git/LMSHackathon_Phase2/src/test/resources/Features/UserPage.feature:14)
</pre></div></td>
<td>0</td>
<td>runner.Runner@5386659f</td></tr>
<tr>
<td title='runner.Runner.runScenario()'><b>runScenario</b><br>Test class: runner.Runner<br>Test method: Runs Cucumber Scenarios<br>Parameters: "Validate Delete button in User Page", "User page validation"</td>
<td><div><pre>java.lang.NullPointerException: Cannot invoke &quot;org.openqa.selenium.WebDriver.getCurrentUrl()&quot; because &quot;this.driver&quot; is null
	at stepDefinition.User_SD.user_admin_is_on_page_after_login(User_SD.java:34)
	at ✽.User Admin is on &quot;dashboard&quot; page after Login(file:///C:/Users/cnudr/git/LMSHackathon_Phase2/src/test/resources/Features/UserPage.feature:38)
</pre></div><a href='#' onClick='toggleBox("stack-trace936618636", this, "Click to show all stack frames", "Click to hide stack frames")'>Click to show all stack frames</a>
<div class='stack-trace' id='stack-trace936618636'><pre>java.lang.NullPointerException: Cannot invoke &quot;org.openqa.selenium.WebDriver.getCurrentUrl()&quot; because &quot;this.driver&quot; is null
	at stepDefinition.User_SD.user_admin_is_on_page_after_login(User_SD.java:34)
	at ✽.User Admin is on &quot;dashboard&quot; page after Login(file:///C:/Users/cnudr/git/LMSHackathon_Phase2/src/test/resources/Features/UserPage.feature:38)
</pre></div></td>
<td>0</td>
<td>runner.Runner@5386659f</td></tr>
<tr>
<td title='runner.Runner.runScenario()'><b>runScenario</b><br>Test class: runner.Runner<br>Test method: Runs Cucumber Scenarios<br>Parameters: "Check with all possible scenarios of add User", "User page validation"</td>
<td><div><pre>java.lang.NullPointerException: Cannot invoke &quot;org.openqa.selenium.WebDriver.getCurrentUrl()&quot; because &quot;this.driver&quot; is null
	at stepDefinition.User_SD.user_admin_is_on_page_after_login(User_SD.java:34)
	at ✽.User Admin is on &quot;dashboard&quot; page after Login(file:///C:/Users/cnudr/git/LMSHackathon_Phase2/src/test/resources/Features/UserPage.feature:84)
</pre></div><a href='#' onClick='toggleBox("stack-trace2106535660", this, "Click to show all stack frames", "Click to hide stack frames")'>Click to show all stack frames</a>
<div class='stack-trace' id='stack-trace2106535660'><pre>java.lang.NullPointerException: Cannot invoke &quot;org.openqa.selenium.WebDriver.getCurrentUrl()&quot; because &quot;this.driver&quot; is null
	at stepDefinition.User_SD.user_admin_is_on_page_after_login(User_SD.java:34)
	at ✽.User Admin is on &quot;dashboard&quot; page after Login(file:///C:/Users/cnudr/git/LMSHackathon_Phase2/src/test/resources/Features/UserPage.feature:84)
</pre></div></td>
<td>0</td>
<td>runner.Runner@5386659f</td></tr>
<tr>
<td title='runner.Runner.runScenario()'><b>runScenario</b><br>Test class: runner.Runner<br>Test method: Runs Cucumber Scenarios<br>Parameters: "Validate edit User", "User page validation"</td>
<td><div><pre>java.lang.NullPointerException: Cannot invoke &quot;org.openqa.selenium.WebDriver.getCurrentUrl()&quot; because &quot;this.driver&quot; is null
	at stepDefinition.User_SD.user_admin_is_on_page_after_login(User_SD.java:34)
	at ✽.User Admin is on &quot;dashboard&quot; page after Login(file:///C:/Users/cnudr/git/LMSHackathon_Phase2/src/test/resources/Features/UserPage.feature:112)
</pre></div><a href='#' onClick='toggleBox("stack-trace499119900", this, "Click to show all stack frames", "Click to hide stack frames")'>Click to show all stack frames</a>
<div class='stack-trace' id='stack-trace499119900'><pre>java.lang.NullPointerException: Cannot invoke &quot;org.openqa.selenium.WebDriver.getCurrentUrl()&quot; because &quot;this.driver&quot; is null
	at stepDefinition.User_SD.user_admin_is_on_page_after_login(User_SD.java:34)
	at ✽.User Admin is on &quot;dashboard&quot; page after Login(file:///C:/Users/cnudr/git/LMSHackathon_Phase2/src/test/resources/Features/UserPage.feature:112)
</pre></div></td>
<td>0</td>
<td>runner.Runner@5386659f</td></tr>
<tr>
<td title='runner.Runner.runScenario()'><b>runScenario</b><br>Test class: runner.Runner<br>Test method: Runs Cucumber Scenarios<br>Parameters: "Validate data table headers in the User Page", "User page validation"</td>
<td><div><pre>java.lang.NullPointerException: Cannot invoke &quot;org.openqa.selenium.WebDriver.getCurrentUrl()&quot; because &quot;this.driver&quot; is null
	at stepDefinition.User_SD.user_admin_is_on_page_after_login(User_SD.java:34)
	at ✽.User Admin is on &quot;dashboard&quot; page after Login(file:///C:/Users/cnudr/git/LMSHackathon_Phase2/src/test/resources/Features/UserPage.feature:24)
</pre></div><a href='#' onClick='toggleBox("stack-trace1024666550", this, "Click to show all stack frames", "Click to hide stack frames")'>Click to show all stack frames</a>
<div class='stack-trace' id='stack-trace1024666550'><pre>java.lang.NullPointerException: Cannot invoke &quot;org.openqa.selenium.WebDriver.getCurrentUrl()&quot; because &quot;this.driver&quot; is null
	at stepDefinition.User_SD.user_admin_is_on_page_after_login(User_SD.java:34)
	at ✽.User Admin is on &quot;dashboard&quot; page after Login(file:///C:/Users/cnudr/git/LMSHackathon_Phase2/src/test/resources/Features/UserPage.feature:24)
</pre></div></td>
<td>0</td>
<td>runner.Runner@5386659f</td></tr>
<tr>
<td title='runner.Runner.runScenario()'><b>runScenario</b><br>Test class: runner.Runner<br>Test method: Runs Cucumber Scenarios<br>Parameters: "Validate "+ Assign staff"  button in User page", "User page validation"</td>
<td><div><pre>java.lang.NullPointerException: Cannot invoke &quot;org.openqa.selenium.WebDriver.getCurrentUrl()&quot; because &quot;this.driver&quot; is null
	at stepDefinition.User_SD.user_admin_is_on_page_after_login(User_SD.java:34)
	at ✽.User Admin is on &quot;dashboard&quot; page after Login(file:///C:/Users/cnudr/git/LMSHackathon_Phase2/src/test/resources/Features/UserPage.feature:48)
</pre></div><a href='#' onClick='toggleBox("stack-trace1343145833", this, "Click to show all stack frames", "Click to hide stack frames")'>Click to show all stack frames</a>
<div class='stack-trace' id='stack-trace1343145833'><pre>java.lang.NullPointerException: Cannot invoke &quot;org.openqa.selenium.WebDriver.getCurrentUrl()&quot; because &quot;this.driver&quot; is null
	at stepDefinition.User_SD.user_admin_is_on_page_after_login(User_SD.java:34)
	at ✽.User Admin is on &quot;dashboard&quot; page after Login(file:///C:/Users/cnudr/git/LMSHackathon_Phase2/src/test/resources/Features/UserPage.feature:48)
</pre></div></td>
<td>0</td>
<td>runner.Runner@5386659f</td></tr>
<tr>
<td title='runner.Runner.runScenario()'><b>runScenario</b><br>Test class: runner.Runner<br>Test method: Runs Cucumber Scenarios<br>Parameters: "Validate data table headers in the User Page", "User page validation"</td>
<td><div><pre>java.lang.NullPointerException: Cannot invoke &quot;org.openqa.selenium.WebDriver.getCurrentUrl()&quot; because &quot;this.driver&quot; is null
	at stepDefinition.User_SD.user_admin_is_on_page_after_login(User_SD.java:34)
	at ✽.User Admin is on &quot;dashboard&quot; page after Login(file:///C:/Users/cnudr/git/LMSHackathon_Phase2/src/test/resources/Features/UserPage.feature:24)
</pre></div><a href='#' onClick='toggleBox("stack-trace1849372115", this, "Click to show all stack frames", "Click to hide stack frames")'>Click to show all stack frames</a>
<div class='stack-trace' id='stack-trace1849372115'><pre>java.lang.NullPointerException: Cannot invoke &quot;org.openqa.selenium.WebDriver.getCurrentUrl()&quot; because &quot;this.driver&quot; is null
	at stepDefinition.User_SD.user_admin_is_on_page_after_login(User_SD.java:34)
	at ✽.User Admin is on &quot;dashboard&quot; page after Login(file:///C:/Users/cnudr/git/LMSHackathon_Phase2/src/test/resources/Features/UserPage.feature:24)
</pre></div></td>
<td>0</td>
<td>runner.Runner@5386659f</td></tr>
<tr>
<td title='runner.Runner.runScenario()'><b>runScenario</b><br>Test class: runner.Runner<br>Test method: Runs Cucumber Scenarios<br>Parameters: "Validate edit User", "User page validation"</td>
<td><div><pre>java.lang.NullPointerException: Cannot invoke &quot;org.openqa.selenium.WebDriver.getCurrentUrl()&quot; because &quot;this.driver&quot; is null
	at stepDefinition.User_SD.user_admin_is_on_page_after_login(User_SD.java:34)
	at ✽.User Admin is on &quot;dashboard&quot; page after Login(file:///C:/Users/cnudr/git/LMSHackathon_Phase2/src/test/resources/Features/UserPage.feature:112)
</pre></div><a href='#' onClick='toggleBox("stack-trace303888116", this, "Click to show all stack frames", "Click to hide stack frames")'>Click to show all stack frames</a>
<div class='stack-trace' id='stack-trace303888116'><pre>java.lang.NullPointerException: Cannot invoke &quot;org.openqa.selenium.WebDriver.getCurrentUrl()&quot; because &quot;this.driver&quot; is null
	at stepDefinition.User_SD.user_admin_is_on_page_after_login(User_SD.java:34)
	at ✽.User Admin is on &quot;dashboard&quot; page after Login(file:///C:/Users/cnudr/git/LMSHackathon_Phase2/src/test/resources/Features/UserPage.feature:112)
</pre></div></td>
<td>0</td>
<td>runner.Runner@5386659f</td></tr>
<tr>
<td title='runner.Runner.runScenario()'><b>runScenario</b><br>Test class: runner.Runner<br>Test method: Runs Cucumber Scenarios<br>Parameters: "Validate pagination in the User Page", "User page validation"</td>
<td><div><pre>java.lang.NullPointerException: Cannot invoke &quot;org.openqa.selenium.WebDriver.getCurrentUrl()&quot; because &quot;this.driver&quot; is null
	at stepDefinition.User_SD.user_admin_is_on_page_after_login(User_SD.java:34)
	at ✽.User Admin is on &quot;dashboard&quot; page after Login(file:///C:/Users/cnudr/git/LMSHackathon_Phase2/src/test/resources/Features/UserPage.feature:19)
</pre></div><a href='#' onClick='toggleBox("stack-trace439657758", this, "Click to show all stack frames", "Click to hide stack frames")'>Click to show all stack frames</a>
<div class='stack-trace' id='stack-trace439657758'><pre>java.lang.NullPointerException: Cannot invoke &quot;org.openqa.selenium.WebDriver.getCurrentUrl()&quot; because &quot;this.driver&quot; is null
	at stepDefinition.User_SD.user_admin_is_on_page_after_login(User_SD.java:34)
	at ✽.User Admin is on &quot;dashboard&quot; page after Login(file:///C:/Users/cnudr/git/LMSHackathon_Phase2/src/test/resources/Features/UserPage.feature:19)
</pre></div></td>
<td>0</td>
<td>runner.Runner@5386659f</td></tr>
<tr>
<td title='runner.Runner.runScenario()'><b>runScenario</b><br>Test class: runner.Runner<br>Test method: Runs Cucumber Scenarios<br>Parameters: "Validate search box in User page", "User page validation"</td>
<td><div><pre>java.lang.NullPointerException: Cannot invoke &quot;org.openqa.selenium.WebDriver.getCurrentUrl()&quot; because &quot;this.driver&quot; is null
	at stepDefinition.User_SD.user_admin_is_on_page_after_login(User_SD.java:34)
	at ✽.User Admin is on &quot;dashboard&quot; page after Login(file:///C:/Users/cnudr/git/LMSHackathon_Phase2/src/test/resources/Features/UserPage.feature:53)
</pre></div><a href='#' onClick='toggleBox("stack-trace2077138148", this, "Click to show all stack frames", "Click to hide stack frames")'>Click to show all stack frames</a>
<div class='stack-trace' id='stack-trace2077138148'><pre>java.lang.NullPointerException: Cannot invoke &quot;org.openqa.selenium.WebDriver.getCurrentUrl()&quot; because &quot;this.driver&quot; is null
	at stepDefinition.User_SD.user_admin_is_on_page_after_login(User_SD.java:34)
	at ✽.User Admin is on &quot;dashboard&quot; page after Login(file:///C:/Users/cnudr/git/LMSHackathon_Phase2/src/test/resources/Features/UserPage.feature:53)
</pre></div></td>
<td>0</td>
<td>runner.Runner@5386659f</td></tr>
<tr>
<td title='runner.Runner.runScenario()'><b>runScenario</b><br>Test class: runner.Runner<br>Test method: Runs Cucumber Scenarios<br>Parameters: "Validate edit User", "User page validation"</td>
<td><div><pre>java.lang.NullPointerException: Cannot invoke &quot;org.openqa.selenium.WebDriver.getCurrentUrl()&quot; because &quot;this.driver&quot; is null
	at stepDefinition.User_SD.user_admin_is_on_page_after_login(User_SD.java:34)
	at ✽.User Admin is on &quot;dashboard&quot; page after Login(file:///C:/Users/cnudr/git/LMSHackathon_Phase2/src/test/resources/Features/UserPage.feature:112)
</pre></div><a href='#' onClick='toggleBox("stack-trace1430240916", this, "Click to show all stack frames", "Click to hide stack frames")'>Click to show all stack frames</a>
<div class='stack-trace' id='stack-trace1430240916'><pre>java.lang.NullPointerException: Cannot invoke &quot;org.openqa.selenium.WebDriver.getCurrentUrl()&quot; because &quot;this.driver&quot; is null
	at stepDefinition.User_SD.user_admin_is_on_page_after_login(User_SD.java:34)
	at ✽.User Admin is on &quot;dashboard&quot; page after Login(file:///C:/Users/cnudr/git/LMSHackathon_Phase2/src/test/resources/Features/UserPage.feature:112)
</pre></div></td>
<td>0</td>
<td>runner.Runner@5386659f</td></tr>
<tr>
<td title='runner.Runner.runScenario()'><b>runScenario</b><br>Test class: runner.Runner<br>Test method: Runs Cucumber Scenarios<br>Parameters: "Check with all possible scenarios of add User", "User page validation"</td>
<td><div><pre>java.lang.NullPointerException: Cannot invoke &quot;org.openqa.selenium.WebDriver.getCurrentUrl()&quot; because &quot;this.driver&quot; is null
	at stepDefinition.User_SD.user_admin_is_on_page_after_login(User_SD.java:34)
	at ✽.User Admin is on &quot;dashboard&quot; page after Login(file:///C:/Users/cnudr/git/LMSHackathon_Phase2/src/test/resources/Features/UserPage.feature:84)
</pre></div><a href='#' onClick='toggleBox("stack-trace298045999", this, "Click to show all stack frames", "Click to hide stack frames")'>Click to show all stack frames</a>
<div class='stack-trace' id='stack-trace298045999'><pre>java.lang.NullPointerException: Cannot invoke &quot;org.openqa.selenium.WebDriver.getCurrentUrl()&quot; because &quot;this.driver&quot; is null
	at stepDefinition.User_SD.user_admin_is_on_page_after_login(User_SD.java:34)
	at ✽.User Admin is on &quot;dashboard&quot; page after Login(file:///C:/Users/cnudr/git/LMSHackathon_Phase2/src/test/resources/Features/UserPage.feature:84)
</pre></div></td>
<td>0</td>
<td>runner.Runner@5386659f</td></tr>
<tr>
<td title='runner.Runner.runScenario()'><b>runScenario</b><br>Test class: runner.Runner<br>Test method: Runs Cucumber Scenarios<br>Parameters: "Check for multi row delete", "User page validation"</td>
<td><div><pre>java.lang.NullPointerException: Cannot invoke &quot;org.openqa.selenium.WebDriver.getCurrentUrl()&quot; because &quot;this.driver&quot; is null
	at stepDefinition.User_SD.user_admin_is_on_page_after_login(User_SD.java:34)
	at ✽.User Admin is on &quot;dashboard&quot; page after Login(file:///C:/Users/cnudr/git/LMSHackathon_Phase2/src/test/resources/Features/UserPage.feature:165)
</pre></div><a href='#' onClick='toggleBox("stack-trace470696546", this, "Click to show all stack frames", "Click to hide stack frames")'>Click to show all stack frames</a>
<div class='stack-trace' id='stack-trace470696546'><pre>java.lang.NullPointerException: Cannot invoke &quot;org.openqa.selenium.WebDriver.getCurrentUrl()&quot; because &quot;this.driver&quot; is null
	at stepDefinition.User_SD.user_admin_is_on_page_after_login(User_SD.java:34)
	at ✽.User Admin is on &quot;dashboard&quot; page after Login(file:///C:/Users/cnudr/git/LMSHackathon_Phase2/src/test/resources/Features/UserPage.feature:165)
</pre></div></td>
<td>0</td>
<td>runner.Runner@5386659f</td></tr>
<tr>
<td title='runner.Runner.runScenario()'><b>runScenario</b><br>Test class: runner.Runner<br>Test method: Runs Cucumber Scenarios<br>Parameters: "Validate data table headers in the User Page", "User page validation"</td>
<td><div><pre>java.lang.NullPointerException: Cannot invoke &quot;org.openqa.selenium.WebDriver.getCurrentUrl()&quot; because &quot;this.driver&quot; is null
	at stepDefinition.User_SD.user_admin_is_on_page_after_login(User_SD.java:34)
	at ✽.User Admin is on &quot;dashboard&quot; page after Login(file:///C:/Users/cnudr/git/LMSHackathon_Phase2/src/test/resources/Features/UserPage.feature:24)
</pre></div><a href='#' onClick='toggleBox("stack-trace576588272", this, "Click to show all stack frames", "Click to hide stack frames")'>Click to show all stack frames</a>
<div class='stack-trace' id='stack-trace576588272'><pre>java.lang.NullPointerException: Cannot invoke &quot;org.openqa.selenium.WebDriver.getCurrentUrl()&quot; because &quot;this.driver&quot; is null
	at stepDefinition.User_SD.user_admin_is_on_page_after_login(User_SD.java:34)
	at ✽.User Admin is on &quot;dashboard&quot; page after Login(file:///C:/Users/cnudr/git/LMSHackathon_Phase2/src/test/resources/Features/UserPage.feature:24)
</pre></div></td>
<td>0</td>
<td>runner.Runner@5386659f</td></tr>
<tr>
<td title='runner.Runner.runScenario()'><b>runScenario</b><br>Test class: runner.Runner<br>Test method: Runs Cucumber Scenarios<br>Parameters: "Check with all possible scenarios of add User", "User page validation"</td>
<td><div><pre>java.lang.NullPointerException: Cannot invoke &quot;org.openqa.selenium.WebDriver.getCurrentUrl()&quot; because &quot;this.driver&quot; is null
	at stepDefinition.User_SD.user_admin_is_on_page_after_login(User_SD.java:34)
	at ✽.User Admin is on &quot;dashboard&quot; page after Login(file:///C:/Users/cnudr/git/LMSHackathon_Phase2/src/test/resources/Features/UserPage.feature:84)
</pre></div><a href='#' onClick='toggleBox("stack-trace30770683", this, "Click to show all stack frames", "Click to hide stack frames")'>Click to show all stack frames</a>
<div class='stack-trace' id='stack-trace30770683'><pre>java.lang.NullPointerException: Cannot invoke &quot;org.openqa.selenium.WebDriver.getCurrentUrl()&quot; because &quot;this.driver&quot; is null
	at stepDefinition.User_SD.user_admin_is_on_page_after_login(User_SD.java:34)
	at ✽.User Admin is on &quot;dashboard&quot; page after Login(file:///C:/Users/cnudr/git/LMSHackathon_Phase2/src/test/resources/Features/UserPage.feature:84)
</pre></div></td>
<td>0</td>
<td>runner.Runner@5386659f</td></tr>
<tr>
<td title='runner.Runner.runScenario()'><b>runScenario</b><br>Test class: runner.Runner<br>Test method: Runs Cucumber Scenarios<br>Parameters: "Validate edit User", "User page validation"</td>
<td><div><pre>java.lang.NullPointerException: Cannot invoke &quot;org.openqa.selenium.WebDriver.getCurrentUrl()&quot; because &quot;this.driver&quot; is null
	at stepDefinition.User_SD.user_admin_is_on_page_after_login(User_SD.java:34)
	at ✽.User Admin is on &quot;dashboard&quot; page after Login(file:///C:/Users/cnudr/git/LMSHackathon_Phase2/src/test/resources/Features/UserPage.feature:112)
</pre></div><a href='#' onClick='toggleBox("stack-trace526418510", this, "Click to show all stack frames", "Click to hide stack frames")'>Click to show all stack frames</a>
<div class='stack-trace' id='stack-trace526418510'><pre>java.lang.NullPointerException: Cannot invoke &quot;org.openqa.selenium.WebDriver.getCurrentUrl()&quot; because &quot;this.driver&quot; is null
	at stepDefinition.User_SD.user_admin_is_on_page_after_login(User_SD.java:34)
	at ✽.User Admin is on &quot;dashboard&quot; page after Login(file:///C:/Users/cnudr/git/LMSHackathon_Phase2/src/test/resources/Features/UserPage.feature:112)
</pre></div></td>
<td>0</td>
<td>runner.Runner@5386659f</td></tr>
<tr>
<td title='runner.Runner.runScenario()'><b>runScenario</b><br>Test class: runner.Runner<br>Test method: Runs Cucumber Scenarios<br>Parameters: "Validate accept alert", "User page validation"</td>
<td><div><pre>java.lang.NullPointerException: Cannot invoke &quot;org.openqa.selenium.WebDriver.getCurrentUrl()&quot; because &quot;this.driver&quot; is null
	at stepDefinition.User_SD.user_admin_is_on_page_after_login(User_SD.java:34)
	at ✽.User Admin is on &quot;dashboard&quot; page after Login(file:///C:/Users/cnudr/git/LMSHackathon_Phase2/src/test/resources/Features/UserPage.feature:140)
</pre></div><a href='#' onClick='toggleBox("stack-trace731498807", this, "Click to show all stack frames", "Click to hide stack frames")'>Click to show all stack frames</a>
<div class='stack-trace' id='stack-trace731498807'><pre>java.lang.NullPointerException: Cannot invoke &quot;org.openqa.selenium.WebDriver.getCurrentUrl()&quot; because &quot;this.driver&quot; is null
	at stepDefinition.User_SD.user_admin_is_on_page_after_login(User_SD.java:34)
	at ✽.User Admin is on &quot;dashboard&quot; page after Login(file:///C:/Users/cnudr/git/LMSHackathon_Phase2/src/test/resources/Features/UserPage.feature:140)
</pre></div></td>
<td>0</td>
<td>runner.Runner@5386659f</td></tr>
<tr>
<td title='runner.Runner.runScenario()'><b>runScenario</b><br>Test class: runner.Runner<br>Test method: Runs Cucumber Scenarios<br>Parameters: "Validate landing in User page", "User page validation"</td>
<td><div><pre>java.lang.NullPointerException: Cannot invoke &quot;org.openqa.selenium.WebDriver.getCurrentUrl()&quot; because &quot;this.driver&quot; is null
	at stepDefinition.User_SD.user_admin_is_on_page_after_login(User_SD.java:34)
	at ✽.User Admin is on &quot;dashboard&quot; page after Login(file:///C:/Users/cnudr/git/LMSHackathon_Phase2/src/test/resources/Features/UserPage.feature:9)
</pre></div><a href='#' onClick='toggleBox("stack-trace1482910544", this, "Click to show all stack frames", "Click to hide stack frames")'>Click to show all stack frames</a>
<div class='stack-trace' id='stack-trace1482910544'><pre>java.lang.NullPointerException: Cannot invoke &quot;org.openqa.selenium.WebDriver.getCurrentUrl()&quot; because &quot;this.driver&quot; is null
	at stepDefinition.User_SD.user_admin_is_on_page_after_login(User_SD.java:34)
	at ✽.User Admin is on &quot;dashboard&quot; page after Login(file:///C:/Users/cnudr/git/LMSHackathon_Phase2/src/test/resources/Features/UserPage.feature:9)
</pre></div></td>
<td>0</td>
<td>runner.Runner@5386659f</td></tr>
<tr>
<td title='runner.Runner.runScenario()'><b>runScenario</b><br>Test class: runner.Runner<br>Test method: Runs Cucumber Scenarios<br>Parameters: "Validate pop up for adding user", "User page validation"</td>
<td><div><pre>java.lang.NullPointerException: Cannot invoke &quot;org.openqa.selenium.WebDriver.getCurrentUrl()&quot; because &quot;this.driver&quot; is null
	at stepDefinition.User_SD.user_admin_is_on_page_after_login_and_user_admin_clicks_user_from_navigation_bar(User_SD.java:48)
	at ✽.User Admin is on &quot;dashboard&quot; page after Login And User Admin clicks User from navigation bar(file:///C:/Users/cnudr/git/LMSHackathon_Phase2/src/test/resources/Features/UserPage.feature:69)
</pre></div><a href='#' onClick='toggleBox("stack-trace1198045532", this, "Click to show all stack frames", "Click to hide stack frames")'>Click to show all stack frames</a>
<div class='stack-trace' id='stack-trace1198045532'><pre>java.lang.NullPointerException: Cannot invoke &quot;org.openqa.selenium.WebDriver.getCurrentUrl()&quot; because &quot;this.driver&quot; is null
	at stepDefinition.User_SD.user_admin_is_on_page_after_login_and_user_admin_clicks_user_from_navigation_bar(User_SD.java:48)
	at ✽.User Admin is on &quot;dashboard&quot; page after Login And User Admin clicks User from navigation bar(file:///C:/Users/cnudr/git/LMSHackathon_Phase2/src/test/resources/Features/UserPage.feature:69)
</pre></div></td>
<td>0</td>
<td>runner.Runner@5386659f</td></tr>
<tr>
<td title='runner.Runner.runScenario()'><b>runScenario</b><br>Test class: runner.Runner<br>Test method: Runs Cucumber Scenarios<br>Parameters: "Check if Middle name, linkedIn url, email, user comments.under graduate,post graduate,time zone are optional", "User page validation"</td>
<td><div><pre>java.lang.NullPointerException: Cannot invoke &quot;org.openqa.selenium.WebDriver.getCurrentUrl()&quot; because &quot;this.driver&quot; is null
	at stepDefinition.User_SD.user_admin_is_on_page_after_login(User_SD.java:34)
	at ✽.User Admin is on &quot;dashboard&quot; page after Login(file:///C:/Users/cnudr/git/LMSHackathon_Phase2/src/test/resources/Features/UserPage.feature:77)
</pre></div><a href='#' onClick='toggleBox("stack-trace1658745835", this, "Click to show all stack frames", "Click to hide stack frames")'>Click to show all stack frames</a>
<div class='stack-trace' id='stack-trace1658745835'><pre>java.lang.NullPointerException: Cannot invoke &quot;org.openqa.selenium.WebDriver.getCurrentUrl()&quot; because &quot;this.driver&quot; is null
	at stepDefinition.User_SD.user_admin_is_on_page_after_login(User_SD.java:34)
	at ✽.User Admin is on &quot;dashboard&quot; page after Login(file:///C:/Users/cnudr/git/LMSHackathon_Phase2/src/test/resources/Features/UserPage.feature:77)
</pre></div></td>
<td>0</td>
<td>runner.Runner@5386659f</td></tr>
<tr>
<td title='runner.Runner.runScenario()'><b>runScenario</b><br>Test class: runner.Runner<br>Test method: Runs Cucumber Scenarios<br>Parameters: "Validate row level edit icon", "User page validation"</td>
<td><div><pre>java.lang.NullPointerException: Cannot invoke &quot;org.openqa.selenium.WebDriver.getCurrentUrl()&quot; because &quot;this.driver&quot; is null
	at stepDefinition.User_SD.user_admin_is_on_page_after_login(User_SD.java:34)
	at ✽.User Admin is on &quot;dashboard&quot; page after Login(file:///C:/Users/cnudr/git/LMSHackathon_Phase2/src/test/resources/Features/UserPage.feature:104)
</pre></div><a href='#' onClick='toggleBox("stack-trace2089747578", this, "Click to show all stack frames", "Click to hide stack frames")'>Click to show all stack frames</a>
<div class='stack-trace' id='stack-trace2089747578'><pre>java.lang.NullPointerException: Cannot invoke &quot;org.openqa.selenium.WebDriver.getCurrentUrl()&quot; because &quot;this.driver&quot; is null
	at stepDefinition.User_SD.user_admin_is_on_page_after_login(User_SD.java:34)
	at ✽.User Admin is on &quot;dashboard&quot; page after Login(file:///C:/Users/cnudr/git/LMSHackathon_Phase2/src/test/resources/Features/UserPage.feature:104)
</pre></div></td>
<td>0</td>
<td>runner.Runner@5386659f</td></tr>
<tr>
<td title='runner.Runner.runScenario()'><b>runScenario</b><br>Test class: runner.Runner<br>Test method: Runs Cucumber Scenarios<br>Parameters: "Validate reject alert", "User page validation"</td>
<td><div><pre>java.lang.NullPointerException: Cannot invoke &quot;org.openqa.selenium.WebDriver.getCurrentUrl()&quot; because &quot;this.driver&quot; is null
	at stepDefinition.User_SD.user_admin_is_on_page_after_login(User_SD.java:34)
	at ✽.User Admin is on &quot;dashboard&quot; page after Login(file:///C:/Users/cnudr/git/LMSHackathon_Phase2/src/test/resources/Features/UserPage.feature:147)
</pre></div><a href='#' onClick='toggleBox("stack-trace501293975", this, "Click to show all stack frames", "Click to hide stack frames")'>Click to show all stack frames</a>
<div class='stack-trace' id='stack-trace501293975'><pre>java.lang.NullPointerException: Cannot invoke &quot;org.openqa.selenium.WebDriver.getCurrentUrl()&quot; because &quot;this.driver&quot; is null
	at stepDefinition.User_SD.user_admin_is_on_page_after_login(User_SD.java:34)
	at ✽.User Admin is on &quot;dashboard&quot; page after Login(file:///C:/Users/cnudr/git/LMSHackathon_Phase2/src/test/resources/Features/UserPage.feature:147)
</pre></div></td>
<td>0</td>
<td>runner.Runner@5386659f</td></tr>
<tr>
<td title='runner.Runner.runScenario()'><b>runScenario</b><br>Test class: runner.Runner<br>Test method: Runs Cucumber Scenarios<br>Parameters: "Validate data table headers in the User Page", "User page validation"</td>
<td><div><pre>java.lang.NullPointerException: Cannot invoke &quot;org.openqa.selenium.WebDriver.getCurrentUrl()&quot; because &quot;this.driver&quot; is null
	at stepDefinition.User_SD.user_admin_is_on_page_after_login(User_SD.java:34)
	at ✽.User Admin is on &quot;dashboard&quot; page after Login(file:///C:/Users/cnudr/git/LMSHackathon_Phase2/src/test/resources/Features/UserPage.feature:24)
</pre></div><a href='#' onClick='toggleBox("stack-trace1018125462", this, "Click to show all stack frames", "Click to hide stack frames")'>Click to show all stack frames</a>
<div class='stack-trace' id='stack-trace1018125462'><pre>java.lang.NullPointerException: Cannot invoke &quot;org.openqa.selenium.WebDriver.getCurrentUrl()&quot; because &quot;this.driver&quot; is null
	at stepDefinition.User_SD.user_admin_is_on_page_after_login(User_SD.java:34)
	at ✽.User Admin is on &quot;dashboard&quot; page after Login(file:///C:/Users/cnudr/git/LMSHackathon_Phase2/src/test/resources/Features/UserPage.feature:24)
</pre></div></td>
<td>0</td>
<td>runner.Runner@5386659f</td></tr>
<tr>
<td title='runner.Runner.runScenario()'><b>runScenario</b><br>Test class: runner.Runner<br>Test method: Runs Cucumber Scenarios<br>Parameters: "Check with all possible scenarios of add User", "User page validation"</td>
<td><div><pre>java.lang.NullPointerException: Cannot invoke &quot;org.openqa.selenium.WebDriver.getCurrentUrl()&quot; because &quot;this.driver&quot; is null
	at stepDefinition.User_SD.user_admin_is_on_page_after_login(User_SD.java:34)
	at ✽.User Admin is on &quot;dashboard&quot; page after Login(file:///C:/Users/cnudr/git/LMSHackathon_Phase2/src/test/resources/Features/UserPage.feature:84)
</pre></div><a href='#' onClick='toggleBox("stack-trace477643715", this, "Click to show all stack frames", "Click to hide stack frames")'>Click to show all stack frames</a>
<div class='stack-trace' id='stack-trace477643715'><pre>java.lang.NullPointerException: Cannot invoke &quot;org.openqa.selenium.WebDriver.getCurrentUrl()&quot; because &quot;this.driver&quot; is null
	at stepDefinition.User_SD.user_admin_is_on_page_after_login(User_SD.java:34)
	at ✽.User Admin is on &quot;dashboard&quot; page after Login(file:///C:/Users/cnudr/git/LMSHackathon_Phase2/src/test/resources/Features/UserPage.feature:84)
</pre></div></td>
<td>0</td>
<td>runner.Runner@5386659f</td></tr>
<tr>
<td title='runner.Runner.runScenario()'><b>runScenario</b><br>Test class: runner.Runner<br>Test method: Runs Cucumber Scenarios<br>Parameters: "Validate data table headers in the User Page", "User page validation"</td>
<td><div><pre>java.lang.NullPointerException: Cannot invoke &quot;org.openqa.selenium.WebDriver.getCurrentUrl()&quot; because &quot;this.driver&quot; is null
	at stepDefinition.User_SD.user_admin_is_on_page_after_login(User_SD.java:34)
	at ✽.User Admin is on &quot;dashboard&quot; page after Login(file:///C:/Users/cnudr/git/LMSHackathon_Phase2/src/test/resources/Features/UserPage.feature:24)
</pre></div><a href='#' onClick='toggleBox("stack-trace799150815", this, "Click to show all stack frames", "Click to hide stack frames")'>Click to show all stack frames</a>
<div class='stack-trace' id='stack-trace799150815'><pre>java.lang.NullPointerException: Cannot invoke &quot;org.openqa.selenium.WebDriver.getCurrentUrl()&quot; because &quot;this.driver&quot; is null
	at stepDefinition.User_SD.user_admin_is_on_page_after_login(User_SD.java:34)
	at ✽.User Admin is on &quot;dashboard&quot; page after Login(file:///C:/Users/cnudr/git/LMSHackathon_Phase2/src/test/resources/Features/UserPage.feature:24)
</pre></div></td>
<td>0</td>
<td>runner.Runner@5386659f</td></tr>
<tr>
<td title='runner.Runner.runScenario()'><b>runScenario</b><br>Test class: runner.Runner<br>Test method: Runs Cucumber Scenarios<br>Parameters: "Validate row level delete icon", "User page validation"</td>
<td><div><pre>java.lang.NullPointerException: Cannot invoke &quot;org.openqa.selenium.WebDriver.getCurrentUrl()&quot; because &quot;this.driver&quot; is null
	at stepDefinition.User_SD.user_admin_is_on_page_after_login(User_SD.java:34)
	at ✽.User Admin is on &quot;dashboard&quot; page after Login(file:///C:/Users/cnudr/git/LMSHackathon_Phase2/src/test/resources/Features/UserPage.feature:133)
</pre></div><a href='#' onClick='toggleBox("stack-trace700603324", this, "Click to show all stack frames", "Click to hide stack frames")'>Click to show all stack frames</a>
<div class='stack-trace' id='stack-trace700603324'><pre>java.lang.NullPointerException: Cannot invoke &quot;org.openqa.selenium.WebDriver.getCurrentUrl()&quot; because &quot;this.driver&quot; is null
	at stepDefinition.User_SD.user_admin_is_on_page_after_login(User_SD.java:34)
	at ✽.User Admin is on &quot;dashboard&quot; page after Login(file:///C:/Users/cnudr/git/LMSHackathon_Phase2/src/test/resources/Features/UserPage.feature:133)
</pre></div></td>
<td>0</td>
<td>runner.Runner@5386659f</td></tr>
<tr>
<td title='runner.Runner.runScenario()'><b>runScenario</b><br>Test class: runner.Runner<br>Test method: Runs Cucumber Scenarios<br>Parameters: "Validate data rows", "User page validation"</td>
<td><div><pre>java.lang.NullPointerException: Cannot invoke &quot;org.openqa.selenium.WebDriver.getCurrentUrl()&quot; because &quot;this.driver&quot; is null
	at stepDefinition.User_SD.user_admin_is_on_page_after_login(User_SD.java:34)
	at ✽.User Admin is on &quot;dashboard&quot; page after Login(file:///C:/Users/cnudr/git/LMSHackathon_Phase2/src/test/resources/Features/UserPage.feature:58)
</pre></div><a href='#' onClick='toggleBox("stack-trace16705665", this, "Click to show all stack frames", "Click to hide stack frames")'>Click to show all stack frames</a>
<div class='stack-trace' id='stack-trace16705665'><pre>java.lang.NullPointerException: Cannot invoke &quot;org.openqa.selenium.WebDriver.getCurrentUrl()&quot; because &quot;this.driver&quot; is null
	at stepDefinition.User_SD.user_admin_is_on_page_after_login(User_SD.java:34)
	at ✽.User Admin is on &quot;dashboard&quot; page after Login(file:///C:/Users/cnudr/git/LMSHackathon_Phase2/src/test/resources/Features/UserPage.feature:58)
</pre></div></td>
<td>0</td>
<td>runner.Runner@5386659f</td></tr>
<tr>
<td title='runner.Runner.runScenario()'><b>runScenario</b><br>Test class: runner.Runner<br>Test method: Runs Cucumber Scenarios<br>Parameters: "Check for single row delete", "User page validation"</td>
<td><div><pre>java.lang.NullPointerException: Cannot invoke &quot;org.openqa.selenium.WebElement.click()&quot; because &quot;this.firstCheckbox&quot; is null
	at pages.UserPage.selectFirstCheckbox(UserPage.java:609)
	at stepDefinition.User_SD.user_admin_one_of_the_checkbox_row_is_selected(User_SD.java:255)
	at ✽.Admin User One of the checkbox row is selected(file:///C:/Users/cnudr/git/LMSHackathon_Phase2/src/test/resources/Features/UserPage.feature:160)
</pre></div><a href='#' onClick='toggleBox("stack-trace1414923433", this, "Click to show all stack frames", "Click to hide stack frames")'>Click to show all stack frames</a>
<div class='stack-trace' id='stack-trace1414923433'><pre>java.lang.NullPointerException: Cannot invoke &quot;org.openqa.selenium.WebElement.click()&quot; because &quot;this.firstCheckbox&quot; is null
	at pages.UserPage.selectFirstCheckbox(UserPage.java:609)
	at stepDefinition.User_SD.user_admin_one_of_the_checkbox_row_is_selected(User_SD.java:255)
	at ✽.Admin User One of the checkbox row is selected(file:///C:/Users/cnudr/git/LMSHackathon_Phase2/src/test/resources/Features/UserPage.feature:160)
</pre></div></td>
<td>0</td>
<td>runner.Runner@5386659f</td></tr>
</table><p>
</body>
</html>