<!DOCTYPE html PUBLIC "-//W3C//DTD XHTML 1.1//EN" "https://www.w3.org/TR/xhtml11/DTD/xhtml11.dtd">
<html xmlns="https://www.w3.org/1999/xhtml">
<head>
<meta http-equiv="content-type" content="text/html; charset=UTF-8"/>
<title>TestNG Report</title>
<style type="text/css">table {margin-bottom:10px;border-collapse:collapse;empty-cells:show}th,td {border:1px solid #009;padding:.25em .5em}th {vertical-align:bottom}td {vertical-align:top}table a {font-weight:bold}.stripe td {background-color: #E6EBF9}.num {text-align:right}.passedodd td {background-color: #3F3}.passedeven td {background-color: #0A0}.skippedodd td {background-color: #DDD}.skippedeven td {background-color: #CCC}.failedodd td,.attn {background-color: #F33}.failedeven td,.stripe .attn {background-color: #D00}.stacktrace {white-space:pre;font-family:monospace}.totop {font-size:85%;text-align:center;border-bottom:2px solid #000}.invisible {display:none}</style>
</head>
<body>
<table>
<tr><th>Test</th><th># Passed</th><th># Skipped</th><th># Retried</th><th># Failed</th><th>Time (ms)</th><th>Included Groups</th><th>Excluded Groups</th></tr>
<tr><th colspan="8">Default suite</th></tr>
<tr><td><a href="#t0">Default test</a></td><td class="num">0</td><td class="num">0</td><td class="num">0</td><td class="num attn">163</td><td class="num">15,810</td><td></td><td></td></tr>
</table>
<table id='summary'><thead><tr><th>Class</th><th>Method</th><th>Start</th><th>Time (ms)</th></tr></thead><tbody><tr><th colspan="4">Default suite</th></tr></tbody><tbody id="t0"><tr><th colspan="4">Default test &#8212; failed</th></tr><tr class="failedeven"><td rowspan="163">runner.Runner$AllureReport</td><td><a href="#m0">runScenario</a></td><td rowspan="163">1694632903628</td><td rowspan="163">17</td></tr><tr class="failedeven"><td><a href="#m1">runScenario</a></td></tr><tr class="failedeven"><td><a href="#m2">runScenario</a></td></tr><tr class="failedeven"><td><a href="#m3">runScenario</a></td></tr><tr class="failedeven"><td><a href="#m4">runScenario</a></td></tr><tr class="failedeven"><td><a href="#m5">runScenario</a></td></tr><tr class="failedeven"><td><a href="#m6">runScenario</a></td></tr><tr class="failedeven"><td><a href="#m7">runScenario</a></td></tr><tr class="failedeven"><td><a href="#m8">runScenario</a></td></tr><tr class="failedeven"><td><a href="#m9">runScenario</a></td></tr><tr class="failedeven"><td><a href="#m10">runScenario</a></td></tr><tr class="failedeven"><td><a href="#m11">runScenario</a></td></tr><tr class="failedeven"><td><a href="#m12">runScenario</a></td></tr><tr class="failedeven"><td><a href="#m13">runScenario</a></td></tr><tr class="failedeven"><td><a href="#m14">runScenario</a></td></tr><tr class="failedeven"><td><a href="#m15">runScenario</a></td></tr><tr class="failedeven"><td><a href="#m16">runScenario</a></td></tr><tr class="failedeven"><td><a href="#m17">runScenario</a></td></tr><tr class="failedeven"><td><a href="#m18">runScenario</a></td></tr><tr class="failedeven"><td><a href="#m19">runScenario</a></td></tr><tr class="failedeven"><td><a href="#m20">runScenario</a></td></tr><tr class="failedeven"><td><a href="#m21">runScenario</a></td></tr><tr class="failedeven"><td><a href="#m22">runScenario</a></td></tr><tr class="failedeven"><td><a href="#m23">runScenario</a></td></tr><tr class="failedeven"><td><a href="#m24">runScenario</a></td></tr><tr class="failedeven"><td><a href="#m25">runScenario</a></td></tr><tr class="failedeven"><td><a href="#m26">runScenario</a></td></tr><tr class="failedeven"><td><a href="#m27">runScenario</a></td></tr><tr class="failedeven"><td><a href="#m28">runScenario</a></td></tr><tr class="failedeven"><td><a href="#m29">runScenario</a></td></tr><tr class="failedeven"><td><a href="#m30">runScenario</a></td></tr><tr class="failedeven"><td><a href="#m31">runScenario</a></td></tr><tr class="failedeven"><td><a href="#m32">runScenario</a></td></tr><tr class="failedeven"><td><a href="#m33">runScenario</a></td></tr><tr class="failedeven"><td><a href="#m34">runScenario</a></td></tr><tr class="failedeven"><td><a href="#m35">runScenario</a></td></tr><tr class="failedeven"><td><a href="#m36">runScenario</a></td></tr><tr class="failedeven"><td><a href="#m37">runScenario</a></td></tr><tr class="failedeven"><td><a href="#m38">runScenario</a></td></tr><tr class="failedeven"><td><a href="#m39">runScenario</a></td></tr><tr class="failedeven"><td><a href="#m40">runScenario</a></td></tr><tr class="failedeven"><td><a href="#m41">runScenario</a></td></tr><tr class="failedeven"><td><a href="#m42">runScenario</a></td></tr><tr class="failedeven"><td><a href="#m43">runScenario</a></td></tr><tr class="failedeven"><td><a href="#m44">runScenario</a></td></tr><tr class="failedeven"><td><a href="#m45">runScenario</a></td></tr><tr class="failedeven"><td><a href="#m46">runScenario</a></td></tr><tr class="failedeven"><td><a href="#m47">runScenario</a></td></tr><tr class="failedeven"><td><a href="#m48">runScenario</a></td></tr><tr class="failedeven"><td><a href="#m49">runScenario</a></td></tr><tr class="failedeven"><td><a href="#m50">runScenario</a></td></tr><tr class="failedeven"><td><a href="#m51">runScenario</a></td></tr><tr class="failedeven"><td><a href="#m52">runScenario</a></td></tr><tr class="failedeven"><td><a href="#m53">runScenario</a></td></tr><tr class="failedeven"><td><a href="#m54">runScenario</a></td></tr><tr class="failedeven"><td><a href="#m55">runScenario</a></td></tr><tr class="failedeven"><td><a href="#m56">runScenario</a></td></tr><tr class="failedeven"><td><a href="#m57">runScenario</a></td></tr><tr class="failedeven"><td><a href="#m58">runScenario</a></td></tr><tr class="failedeven"><td><a href="#m59">runScenario</a></td></tr><tr class="failedeven"><td><a href="#m60">runScenario</a></td></tr><tr class="failedeven"><td><a href="#m61">runScenario</a></td></tr><tr class="failedeven"><td><a href="#m62">runScenario</a></td></tr><tr class="failedeven"><td><a href="#m63">runScenario</a></td></tr><tr class="failedeven"><td><a href="#m64">runScenario</a></td></tr><tr class="failedeven"><td><a href="#m65">runScenario</a></td></tr><tr class="failedeven"><td><a href="#m66">runScenario</a></td></tr><tr class="failedeven"><td><a href="#m67">runScenario</a></td></tr><tr class="failedeven"><td><a href="#m68">runScenario</a></td></tr><tr class="failedeven"><td><a href="#m69">runScenario</a></td></tr><tr class="failedeven"><td><a href="#m70">runScenario</a></td></tr><tr class="failedeven"><td><a href="#m71">runScenario</a></td></tr><tr class="failedeven"><td><a href="#m72">runScenario</a></td></tr><tr class="failedeven"><td><a href="#m73">runScenario</a></td></tr><tr class="failedeven"><td><a href="#m74">runScenario</a></td></tr><tr class="failedeven"><td><a href="#m75">runScenario</a></td></tr><tr class="failedeven"><td><a href="#m76">runScenario</a></td></tr><tr class="failedeven"><td><a href="#m77">runScenario</a></td></tr><tr class="failedeven"><td><a href="#m78">runScenario</a></td></tr><tr class="failedeven"><td><a href="#m79">runScenario</a></td></tr><tr class="failedeven"><td><a href="#m80">runScenario</a></td></tr><tr class="failedeven"><td><a href="#m81">runScenario</a></td></tr><tr class="failedeven"><td><a href="#m82">runScenario</a></td></tr><tr class="failedeven"><td><a href="#m83">runScenario</a></td></tr><tr class="failedeven"><td><a href="#m84">runScenario</a></td></tr><tr class="failedeven"><td><a href="#m85">runScenario</a></td></tr><tr class="failedeven"><td><a href="#m86">runScenario</a></td></tr><tr class="failedeven"><td><a href="#m87">runScenario</a></td></tr><tr class="failedeven"><td><a href="#m88">runScenario</a></td></tr><tr class="failedeven"><td><a href="#m89">runScenario</a></td></tr><tr class="failedeven"><td><a href="#m90">runScenario</a></td></tr><tr class="failedeven"><td><a href="#m91">runScenario</a></td></tr><tr class="failedeven"><td><a href="#m92">runScenario</a></td></tr><tr class="failedeven"><td><a href="#m93">runScenario</a></td></tr><tr class="failedeven"><td><a href="#m94">runScenario</a></td></tr><tr class="failedeven"><td><a href="#m95">runScenario</a></td></tr><tr class="failedeven"><td><a href="#m96">runScenario</a></td></tr><tr class="failedeven"><td><a href="#m97">runScenario</a></td></tr><tr class="failedeven"><td><a href="#m98">runScenario</a></td></tr><tr class="failedeven"><td><a href="#m99">runScenario</a></td></tr><tr class="failedeven"><td><a href="#m100">runScenario</a></td></tr><tr class="failedeven"><td><a href="#m101">runScenario</a></td></tr><tr class="failedeven"><td><a href="#m102">runScenario</a></td></tr><tr class="failedeven"><td><a href="#m103">runScenario</a></td></tr><tr class="failedeven"><td><a href="#m104">runScenario</a></td></tr><tr class="failedeven"><td><a href="#m105">runScenario</a></td></tr><tr class="failedeven"><td><a href="#m106">runScenario</a></td></tr><tr class="failedeven"><td><a href="#m107">runScenario</a></td></tr><tr class="failedeven"><td><a href="#m108">runScenario</a></td></tr><tr class="failedeven"><td><a href="#m109">runScenario</a></td></tr><tr class="failedeven"><td><a href="#m110">runScenario</a></td></tr><tr class="failedeven"><td><a href="#m111">runScenario</a></td></tr><tr class="failedeven"><td><a href="#m112">runScenario</a></td></tr><tr class="failedeven"><td><a href="#m113">runScenario</a></td></tr><tr class="failedeven"><td><a href="#m114">runScenario</a></td></tr><tr class="failedeven"><td><a href="#m115">runScenario</a></td></tr><tr class="failedeven"><td><a href="#m116">runScenario</a></td></tr><tr class="failedeven"><td><a href="#m117">runScenario</a></td></tr><tr class="failedeven"><td><a href="#m118">runScenario</a></td></tr><tr class="failedeven"><td><a href="#m119">runScenario</a></td></tr><tr class="failedeven"><td><a href="#m120">runScenario</a></td></tr><tr class="failedeven"><td><a href="#m121">runScenario</a></td></tr><tr class="failedeven"><td><a href="#m122">runScenario</a></td></tr><tr class="failedeven"><td><a href="#m123">runScenario</a></td></tr><tr class="failedeven"><td><a href="#m124">runScenario</a></td></tr><tr class="failedeven"><td><a href="#m125">runScenario</a></td></tr><tr class="failedeven"><td><a href="#m126">runScenario</a></td></tr><tr class="failedeven"><td><a href="#m127">runScenario</a></td></tr><tr class="failedeven"><td><a href="#m128">runScenario</a></td></tr><tr class="failedeven"><td><a href="#m129">runScenario</a></td></tr><tr class="failedeven"><td><a href="#m130">runScenario</a></td></tr><tr class="failedeven"><td><a href="#m131">runScenario</a></td></tr><tr class="failedeven"><td><a href="#m132">runScenario</a></td></tr><tr class="failedeven"><td><a href="#m133">runScenario</a></td></tr><tr class="failedeven"><td><a href="#m134">runScenario</a></td></tr><tr class="failedeven"><td><a href="#m135">runScenario</a></td></tr><tr class="failedeven"><td><a href="#m136">runScenario</a></td></tr><tr class="failedeven"><td><a href="#m137">runScenario</a></td></tr><tr class="failedeven"><td><a href="#m138">runScenario</a></td></tr><tr class="failedeven"><td><a href="#m139">runScenario</a></td></tr><tr class="failedeven"><td><a href="#m140">runScenario</a></td></tr><tr class="failedeven"><td><a href="#m141">runScenario</a></td></tr><tr class="failedeven"><td><a href="#m142">runScenario</a></td></tr><tr class="failedeven"><td><a href="#m143">runScenario</a></td></tr><tr class="failedeven"><td><a href="#m144">runScenario</a></td></tr><tr class="failedeven"><td><a href="#m145">runScenario</a></td></tr><tr class="failedeven"><td><a href="#m146">runScenario</a></td></tr><tr class="failedeven"><td><a href="#m147">runScenario</a></td></tr><tr class="failedeven"><td><a href="#m148">runScenario</a></td></tr><tr class="failedeven"><td><a href="#m149">runScenario</a></td></tr><tr class="failedeven"><td><a href="#m150">runScenario</a></td></tr><tr class="failedeven"><td><a href="#m151">runScenario</a></td></tr><tr class="failedeven"><td><a href="#m152">runScenario</a></td></tr><tr class="failedeven"><td><a href="#m153">runScenario</a></td></tr><tr class="failedeven"><td><a href="#m154">runScenario</a></td></tr><tr class="failedeven"><td><a href="#m155">runScenario</a></td></tr><tr class="failedeven"><td><a href="#m156">runScenario</a></td></tr><tr class="failedeven"><td><a href="#m157">runScenario</a></td></tr><tr class="failedeven"><td><a href="#m158">runScenario</a></td></tr><tr class="failedeven"><td><a href="#m159">runScenario</a></td></tr><tr class="failedeven"><td><a href="#m160">runScenario</a></td></tr><tr class="failedeven"><td><a href="#m161">runScenario</a></td></tr><tr class="failedeven"><td><a href="#m162">runScenario</a></td></tr></tbody>
</table>
<h2>Default test</h2><h3 id="m0">runner.Runner$AllureReport#runScenario</h3><table class="result"><tr class="param"><th>Parameter #1</th><th>Parameter #2</th></tr><tr class="param stripe"><td>&quot;Verify Edit icon when no data in table&quot;</td><td>&quot;Manage Class Page Verification&quot;</td></tr><tr><th colspan="2">Exception</th></tr><tr><td colspan="2"><div class="stacktrace">java.lang.NullPointerException: Cannot invoke &quot;org.openqa.selenium.WebDriver.get(String)&quot; because &quot;this.driver&quot; is null
	at pages.ClassPage.homepage(ClassPage.java:98)
	at stepDefinition.ManageClassPage_SD.admin_is_on_dashboard_page_after_login_in_class(ManageClassPage_SD.java:22)
	at ✽.Admin is on dashboard page after login in class(file:///C:/Users/amitf/eclipse-workspace/LMSHackathon_Phase2/src/test/resources/Features/ManageClass.feature:3)
</div></td></tr></table><p class="totop"><a href="#summary">back to summary</a></p>
<h3 id="m1">runner.Runner$AllureReport#runScenario</h3><table class="result"><tr class="param"><th>Parameter #1</th><th>Parameter #2</th></tr><tr class="param stripe"><td>&quot;validate date picker should be correct format&quot;</td><td>&quot;Attendance details popup window verification&quot;</td></tr><tr><th colspan="2">Exception</th></tr><tr><td colspan="2"><div class="stacktrace">java.lang.NullPointerException: Cannot invoke &quot;org.openqa.selenium.WebDriver.get(String)&quot; because &quot;this.driver&quot; is null
	at pages.ClassPage.homepage(ClassPage.java:98)
	at stepDefinition.Attendancedetailspopup_SD.admin_is_in_attendance_details_popup_window_in_attendance(Attendancedetailspopup_SD.java:143)
	at ✽.Admin is in  attendance details popup window in attendance(file:///C:/Users/amitf/eclipse-workspace/LMSHackathon_Phase2/src/test/resources/Features/Attendancedetailspopup.feature:89)
</div></td></tr></table><p class="totop"><a href="#summary">back to summary</a></p>
<h3 id="m2">runner.Runner$AllureReport#runScenario</h3><table class="result"><tr class="param"><th>Parameter #1</th><th>Parameter #2</th></tr><tr class="param stripe"><td>&quot;Validate admin able to update class with valid data in mandatory fields in edit class&quot;</td><td>&quot;Edit Class Validation&quot;</td></tr><tr><th colspan="2">Exception</th></tr><tr><td colspan="2"><div class="stacktrace">java.lang.NullPointerException: Cannot invoke &quot;org.openqa.selenium.WebDriver.get(String)&quot; because &quot;this.driver&quot; is null
	at pages.ClassPage.homepage(ClassPage.java:98)
	at stepDefinition.EditClass_SD.admin_is_in_edit_class_detail_popup_window_in_edit_class(EditClass_SD.java:24)
	at ✽.Admin is in  Edit class detail popup window in edit class(file:///C:/Users/amitf/eclipse-workspace/LMSHackathon_Phase2/src/test/resources/Features/EditClass.feature:3)
</div></td></tr></table><p class="totop"><a href="#summary">back to summary</a></p>
<h3 id="m3">runner.Runner$AllureReport#runScenario</h3><table class="result"><tr class="param"><th>Parameter #1</th><th>Parameter #2</th></tr><tr class="param stripe"><td>&quot;Verify Admin landing in class page&quot;</td><td>&quot;Manage Class Page Verification&quot;</td></tr><tr><th colspan="2">Exception</th></tr><tr><td colspan="2"><div class="stacktrace">java.lang.NullPointerException: Cannot invoke &quot;org.openqa.selenium.WebDriver.get(String)&quot; because &quot;this.driver&quot; is null
	at pages.ClassPage.homepage(ClassPage.java:98)
	at stepDefinition.ManageClassPage_SD.admin_is_on_dashboard_page_after_login_in_class(ManageClassPage_SD.java:22)
	at ✽.Admin is on dashboard page after login in class(file:///C:/Users/amitf/eclipse-workspace/LMSHackathon_Phase2/src/test/resources/Features/ManageClass.feature:3)
</div></td></tr></table><p class="totop"><a href="#summary">back to summary</a></p>
<h3 id="m4">runner.Runner$AllureReport#runScenario</h3><table class="result"><tr class="param"><th>Parameter #1</th><th>Parameter #2</th></tr><tr class="param stripe"><td>&quot;Verify reject alert in delete multiple attendance by selecting multiple checkbox&quot;</td><td>&quot;Delete Attendance Validation&quot;</td></tr><tr><th colspan="2">Exception</th></tr><tr><td colspan="2"><div class="stacktrace">java.lang.NullPointerException: Cannot invoke &quot;org.openqa.selenium.SearchContext.findElement(org.openqa.selenium.By)&quot; because &quot;this.searchContext&quot; is null
	at org.openqa.selenium.support.pagefactory.DefaultElementLocator.findElement(DefaultElementLocator.java:68)
	at org.openqa.selenium.support.pagefactory.internal.LocatingElementHandler.invoke(LocatingElementHandler.java:38)
	at jdk.proxy2/jdk.proxy2.$Proxy23.click(Unknown Source)
	at pages.DeleteAttendancePage.clickmulticheckbox(DeleteAttendancePage.java:143)
	at stepDefinition.DeleteAttendance_SD.admin_is_in_delete_alert_after_clicks_delete_button_under_header_after_selecting_multiple_the_check_boxes_in_attendance(DeleteAttendance_SD.java:123)
	at ✽.Admin is in delete alert after clicks delete button under header after selecting multiple the check boxes in attendance(file:///C:/Users/amitf/eclipse-workspace/LMSHackathon_Phase2/src/test/resources/Features/DeleteAttendance.feature:58)
</div></td></tr></table><p class="totop"><a href="#summary">back to summary</a></p>
<h3 id="m5">runner.Runner$AllureReport#runScenario</h3><table class="result"><tr class="param"><th>Parameter #1</th><th>Parameter #2</th></tr><tr class="param stripe"><td>&quot;Verify admin is able to navigate from manage attendance to class page in attendance&quot;</td><td>&quot;Unknown&quot;</td></tr><tr><th colspan="2">Exception</th></tr><tr><td colspan="2"><div class="stacktrace">java.lang.IllegalArgumentException: Test name must not be null or empty
	at com.aventstack.extentreports.util.Assert.notEmpty(Assert.java:12)
	at com.aventstack.extentreports.ExtentTest.&lt;init&gt;(ExtentTest.java:96)
	at com.aventstack.extentreports.ExtentReports.createTest(ExtentReports.java:105)
	at com.aventstack.extentreports.cucumber.adapter.ExtentCucumberAdapter.createFeature(ExtentCucumberAdapter.java:329)
	at com.aventstack.extentreports.cucumber.adapter.ExtentCucumberAdapter.handleStartOfFeature(ExtentCucumberAdapter.java:307)
	at com.aventstack.extentreports.cucumber.adapter.ExtentCucumberAdapter.handleTestCaseStarted(ExtentCucumberAdapter.java:161)
	at com.aventstack.extentreports.cucumber.adapter.ExtentCucumberAdapter$3.receive(ExtentCucumberAdapter.java:107)
	at com.aventstack.extentreports.cucumber.adapter.ExtentCucumberAdapter$3.receive(ExtentCucumberAdapter.java:104)
	at io.cucumber.core.eventbus.AbstractEventPublisher.send(AbstractEventPublisher.java:51)
	at io.cucumber.core.eventbus.AbstractEventBus.send(AbstractEventBus.java:12)
	at io.cucumber.core.runtime.SynchronizedEventBus.send(SynchronizedEventBus.java:47)
	at io.cucumber.core.runtime.ThreadLocalRunnerSupplier$LocalEventBus.send(ThreadLocalRunnerSupplier.java:62)
	at io.cucumber.core.runner.TestCase.emitTestCaseStarted(TestCase.java:206)
	at io.cucumber.core.runner.TestCase.run(TestCase.java:72)
	at io.cucumber.core.runner.Runner.runPickle(Runner.java:75)
	at io.cucumber.testng.TestNGCucumberRunner.lambda$runScenario$1(TestNGCucumberRunner.java:132)
	at io.cucumber.core.runtime.CucumberExecutionContext.lambda$runTestCase$5(CucumberExecutionContext.java:137)
	at io.cucumber.core.runtime.RethrowingThrowableCollector.executeAndThrow(RethrowingThrowableCollector.java:23)
	at io.cucumber.core.runtime.CucumberExecutionContext.runTestCase(CucumberExecutionContext.java:137)
	at io.cucumber.testng.TestNGCucumberRunner.runScenario(TestNGCucumberRunner.java:129)
	at io.cucumber.testng.AbstractTestNGCucumberTests.runScenario(AbstractTestNGCucumberTests.java:35)
	at jdk.internal.reflect.GeneratedMethodAccessor21.invoke(Unknown Source)
	at java.base/jdk.internal.reflect.DelegatingMethodAccessorImpl.invoke(DelegatingMethodAccessorImpl.java:43)
	at java.base/java.lang.reflect.Method.invoke(Method.java:568)
	at org.testng.internal.MethodInvocationHelper.invokeMethod(MethodInvocationHelper.java:133)
	at org.testng.internal.TestInvoker.invokeMethod(TestInvoker.java:598)
	at org.testng.internal.TestInvoker.invokeTestMethod(TestInvoker.java:173)
	at org.testng.internal.MethodRunner.runInSequence(MethodRunner.java:46)
	at org.testng.internal.TestInvoker$MethodInvocationAgent.invoke(TestInvoker.java:824)
	at org.testng.internal.TestInvoker.invokeTestMethods(TestInvoker.java:146)
	at org.testng.internal.TestMethodWorker.invokeTestMethods(TestMethodWorker.java:146)
	at org.testng.internal.TestMethodWorker.run(TestMethodWorker.java:128)
	at java.base/java.util.ArrayList.forEach(ArrayList.java:1511)
	at org.testng.TestRunner.privateRun(TestRunner.java:794)
	at org.testng.TestRunner.run(TestRunner.java:596)
	at org.testng.SuiteRunner.runTest(SuiteRunner.java:377)
	at org.testng.SuiteRunner.runSequentially(SuiteRunner.java:371)
	at org.testng.SuiteRunner.privateRun(SuiteRunner.java:332)
	at org.testng.SuiteRunner.run(SuiteRunner.java:276)
	at org.testng.SuiteRunnerWorker.runSuite(SuiteRunnerWorker.java:53)
	at org.testng.SuiteRunnerWorker.run(SuiteRunnerWorker.java:96)
	at org.testng.TestNG.runSuitesSequentially(TestNG.java:1212)
	at org.testng.TestNG.runSuitesLocally(TestNG.java:1134)
	at org.testng.TestNG.runSuites(TestNG.java:1063)
	at org.testng.TestNG.run(TestNG.java:1031)
	at org.testng.remote.AbstractRemoteTestNG.run(AbstractRemoteTestNG.java:115)
	at org.testng.remote.RemoteTestNG.initAndRun(RemoteTestNG.java:251)
	at org.testng.remote.RemoteTestNG.main(RemoteTestNG.java:77)
</div></td></tr></table><p class="totop"><a href="#summary">back to summary</a></p>
<h3 id="m6">runner.Runner$AllureReport#runScenario</h3><table class="result"><tr class="param"><th>Parameter #1</th><th>Parameter #2</th></tr><tr class="param stripe"><td>&quot;Validate all batch id is reflecting in the dropdown&quot;</td><td>&quot;Add New Class&quot;</td></tr><tr><th colspan="2">Exception</th></tr><tr><td colspan="2"><div class="stacktrace">java.lang.NullPointerException: Cannot invoke &quot;org.openqa.selenium.WebDriver.get(String)&quot; because &quot;this.driver&quot; is null
	at pages.ClassPage.homepage(ClassPage.java:98)
	at stepDefinition.AddNewClass_SD.admin_is_in_class_detail_popup_window_in_class(AddNewClass_SD.java:27)
	at ✽.Admin is in class detail popup window in class(file:///C:/Users/amitf/eclipse-workspace/LMSHackathon_Phase2/src/test/resources/Features/AddNewClass.feature:3)
</div></td></tr></table><p class="totop"><a href="#summary">back to summary</a></p>
<h3 id="m7">runner.Runner$AllureReport#runScenario</h3><table class="result"><tr class="param"><th>Parameter #1</th><th>Parameter #2</th></tr><tr class="param stripe"><td>&quot;Validate  admin able to update class passing past date in edit class&quot;</td><td>&quot;Edit Class Validation&quot;</td></tr><tr><th colspan="2">Exception</th></tr><tr><td colspan="2"><div class="stacktrace">java.lang.NullPointerException: Cannot invoke &quot;org.openqa.selenium.WebDriver.get(String)&quot; because &quot;this.driver&quot; is null
	at pages.ClassPage.homepage(ClassPage.java:98)
	at stepDefinition.EditClass_SD.admin_is_in_edit_class_detail_popup_window_in_edit_class(EditClass_SD.java:24)
	at ✽.Admin is in  Edit class detail popup window in edit class(file:///C:/Users/amitf/eclipse-workspace/LMSHackathon_Phase2/src/test/resources/Features/EditClass.feature:3)
</div></td></tr></table><p class="totop"><a href="#summary">back to summary</a></p>
<h3 id="m8">runner.Runner$AllureReport#runScenario</h3><table class="result"><tr class="param"><th>Parameter #1</th><th>Parameter #2</th></tr><tr class="param stripe"><td>&quot;Validate Search box function by entering invalid class date&quot;</td><td>&quot;Class detail pop up window verification&quot;</td></tr><tr><th colspan="2">Exception</th></tr><tr><td colspan="2"><div class="stacktrace">java.lang.NullPointerException: Cannot invoke &quot;org.openqa.selenium.WebDriver.get(String)&quot; because &quot;this.driver&quot; is null
	at pages.ClassPage.homepage(ClassPage.java:98)
	at stepDefinition.Classdetailspopup_SD.admin_is_on_manage_class_page_after_clicking_class_button_in_class(Classdetailspopup_SD.java:24)
	at ✽.Admin is on ManageClass page after clicking class button in class(file:///C:/Users/amitf/eclipse-workspace/LMSHackathon_Phase2/src/test/resources/Features/Classdetailpopupwindow.feature:3)
</div></td></tr></table><p class="totop"><a href="#summary">back to summary</a></p>
<h3 id="m9">runner.Runner$AllureReport#runScenario</h3><table class="result"><tr class="param"><th>Parameter #1</th><th>Parameter #2</th></tr><tr class="param stripe"><td>&quot;Verify pagination controls enabled in attendance&quot;</td><td>&quot;Pagination in manage attendance&quot;</td></tr><tr><th colspan="2">Exception</th></tr><tr><td colspan="2"><div class="stacktrace">java.lang.NullPointerException: Cannot invoke &quot;org.openqa.selenium.WebDriver.get(String)&quot; because &quot;this.driver&quot; is null
	at pages.DeleteAttendancePage.homepage(DeleteAttendancePage.java:80)
	at stepDefinition.Paginationmanageattendance_SD.admin_is_logged_into_homepage_in_attendance(Paginationmanageattendance_SD.java:21)
	at ✽.Admin is logged into homepage in attendance(file:///C:/Users/amitf/eclipse-workspace/LMSHackathon_Phase2/src/test/resources/Features/Paginationinmanageattendance.feature:3)
</div></td></tr></table><p class="totop"><a href="#summary">back to summary</a></p>
<h3 id="m10">runner.Runner$AllureReport#runScenario</h3><table class="result"><tr class="param"><th>Parameter #1</th><th>Parameter #2</th></tr><tr class="param stripe"><td>&quot;Verify the text spelling in the Manage Class Page&quot;</td><td>&quot;Manage Class Page Verification&quot;</td></tr><tr><th colspan="2">Exception</th></tr><tr><td colspan="2"><div class="stacktrace">java.lang.NullPointerException: Cannot invoke &quot;org.openqa.selenium.WebDriver.get(String)&quot; because &quot;this.driver&quot; is null
	at pages.ClassPage.homepage(ClassPage.java:98)
	at stepDefinition.ManageClassPage_SD.admin_is_on_dashboard_page_after_login_in_class(ManageClassPage_SD.java:22)
	at ✽.Admin is on dashboard page after login in class(file:///C:/Users/amitf/eclipse-workspace/LMSHackathon_Phase2/src/test/resources/Features/ManageClass.feature:3)
</div></td></tr></table><p class="totop"><a href="#summary">back to summary</a></p>
<h3 id="m11">runner.Runner$AllureReport#runScenario</h3><table class="result"><tr class="param"><th>Parameter #1</th><th>Parameter #2</th></tr><tr class="param stripe"><td>&quot;Verify admin is able to navigate from manage attendance to assignment page in attendance&quot;</td><td>&quot;Unknown&quot;</td></tr><tr><th colspan="2">Exception</th></tr><tr><td colspan="2"><div class="stacktrace">java.lang.IllegalArgumentException: Test name must not be null or empty
	at com.aventstack.extentreports.util.Assert.notEmpty(Assert.java:12)
	at com.aventstack.extentreports.ExtentTest.&lt;init&gt;(ExtentTest.java:96)
	at com.aventstack.extentreports.ExtentReports.createTest(ExtentReports.java:105)
	at com.aventstack.extentreports.cucumber.adapter.ExtentCucumberAdapter.createFeature(ExtentCucumberAdapter.java:329)
	at com.aventstack.extentreports.cucumber.adapter.ExtentCucumberAdapter.handleStartOfFeature(ExtentCucumberAdapter.java:307)
	at com.aventstack.extentreports.cucumber.adapter.ExtentCucumberAdapter.handleTestCaseStarted(ExtentCucumberAdapter.java:161)
	at com.aventstack.extentreports.cucumber.adapter.ExtentCucumberAdapter$3.receive(ExtentCucumberAdapter.java:107)
	at com.aventstack.extentreports.cucumber.adapter.ExtentCucumberAdapter$3.receive(ExtentCucumberAdapter.java:104)
	at io.cucumber.core.eventbus.AbstractEventPublisher.send(AbstractEventPublisher.java:51)
	at io.cucumber.core.eventbus.AbstractEventBus.send(AbstractEventBus.java:12)
	at io.cucumber.core.runtime.SynchronizedEventBus.send(SynchronizedEventBus.java:47)
	at io.cucumber.core.runtime.ThreadLocalRunnerSupplier$LocalEventBus.send(ThreadLocalRunnerSupplier.java:62)
	at io.cucumber.core.runner.TestCase.emitTestCaseStarted(TestCase.java:206)
	at io.cucumber.core.runner.TestCase.run(TestCase.java:72)
	at io.cucumber.core.runner.Runner.runPickle(Runner.java:75)
	at io.cucumber.testng.TestNGCucumberRunner.lambda$runScenario$1(TestNGCucumberRunner.java:132)
	at io.cucumber.core.runtime.CucumberExecutionContext.lambda$runTestCase$5(CucumberExecutionContext.java:137)
	at io.cucumber.core.runtime.RethrowingThrowableCollector.executeAndThrow(RethrowingThrowableCollector.java:23)
	at io.cucumber.core.runtime.CucumberExecutionContext.runTestCase(CucumberExecutionContext.java:137)
	at io.cucumber.testng.TestNGCucumberRunner.runScenario(TestNGCucumberRunner.java:129)
	at io.cucumber.testng.AbstractTestNGCucumberTests.runScenario(AbstractTestNGCucumberTests.java:35)
	at jdk.internal.reflect.GeneratedMethodAccessor21.invoke(Unknown Source)
	at java.base/jdk.internal.reflect.DelegatingMethodAccessorImpl.invoke(DelegatingMethodAccessorImpl.java:43)
	at java.base/java.lang.reflect.Method.invoke(Method.java:568)
	at org.testng.internal.MethodInvocationHelper.invokeMethod(MethodInvocationHelper.java:133)
	at org.testng.internal.TestInvoker.invokeMethod(TestInvoker.java:598)
	at org.testng.internal.TestInvoker.invokeTestMethod(TestInvoker.java:173)
	at org.testng.internal.MethodRunner.runInSequence(MethodRunner.java:46)
	at org.testng.internal.TestInvoker$MethodInvocationAgent.invoke(TestInvoker.java:824)
	at org.testng.internal.TestInvoker.invokeTestMethods(TestInvoker.java:146)
	at org.testng.internal.TestMethodWorker.invokeTestMethods(TestMethodWorker.java:146)
	at org.testng.internal.TestMethodWorker.run(TestMethodWorker.java:128)
	at java.base/java.util.ArrayList.forEach(ArrayList.java:1511)
	at org.testng.TestRunner.privateRun(TestRunner.java:794)
	at org.testng.TestRunner.run(TestRunner.java:596)
	at org.testng.SuiteRunner.runTest(SuiteRunner.java:377)
	at org.testng.SuiteRunner.runSequentially(SuiteRunner.java:371)
	at org.testng.SuiteRunner.privateRun(SuiteRunner.java:332)
	at org.testng.SuiteRunner.run(SuiteRunner.java:276)
	at org.testng.SuiteRunnerWorker.runSuite(SuiteRunnerWorker.java:53)
	at org.testng.SuiteRunnerWorker.run(SuiteRunnerWorker.java:96)
	at org.testng.TestNG.runSuitesSequentially(TestNG.java:1212)
	at org.testng.TestNG.runSuitesLocally(TestNG.java:1134)
	at org.testng.TestNG.runSuites(TestNG.java:1063)
	at org.testng.TestNG.run(TestNG.java:1031)
	at org.testng.remote.AbstractRemoteTestNG.run(AbstractRemoteTestNG.java:115)
	at org.testng.remote.RemoteTestNG.initAndRun(RemoteTestNG.java:251)
	at org.testng.remote.RemoteTestNG.main(RemoteTestNG.java:77)
</div></td></tr></table><p class="totop"><a href="#summary">back to summary</a></p>
<h3 id="m12">runner.Runner$AllureReport#runScenario</h3><table class="result"><tr class="param"><th>Parameter #1</th><th>Parameter #2</th></tr><tr class="param stripe"><td>&quot;Validate admin able to update  class missing No of Class in edit class&quot;</td><td>&quot;Edit Class Validation&quot;</td></tr><tr><th colspan="2">Exception</th></tr><tr><td colspan="2"><div class="stacktrace">java.lang.NullPointerException: Cannot invoke &quot;org.openqa.selenium.WebDriver.get(String)&quot; because &quot;this.driver&quot; is null
	at pages.ClassPage.homepage(ClassPage.java:98)
	at stepDefinition.EditClass_SD.admin_is_in_edit_class_detail_popup_window_in_edit_class(EditClass_SD.java:24)
	at ✽.Admin is in  Edit class detail popup window in edit class(file:///C:/Users/amitf/eclipse-workspace/LMSHackathon_Phase2/src/test/resources/Features/EditClass.feature:3)
</div></td></tr></table><p class="totop"><a href="#summary">back to summary</a></p>
<h3 id="m13">runner.Runner$AllureReport#runScenario</h3><table class="result"><tr class="param"><th>Parameter #1</th><th>Parameter #2</th></tr><tr class="param stripe"><td>&quot;Verify the text spelling in the Manage Class Page&quot;</td><td>&quot;Manage Class Page Verification&quot;</td></tr><tr><th colspan="2">Exception</th></tr><tr><td colspan="2"><div class="stacktrace">java.lang.NullPointerException: Cannot invoke &quot;org.openqa.selenium.WebDriver.get(String)&quot; because &quot;this.driver&quot; is null
	at pages.ClassPage.homepage(ClassPage.java:98)
	at stepDefinition.ManageClassPage_SD.admin_is_on_dashboard_page_after_login_in_class(ManageClassPage_SD.java:22)
	at ✽.Admin is on dashboard page after login in class(file:///C:/Users/amitf/eclipse-workspace/LMSHackathon_Phase2/src/test/resources/Features/ManageClass.feature:3)
</div></td></tr></table><p class="totop"><a href="#summary">back to summary</a></p>
<h3 id="m14">runner.Runner$AllureReport#runScenario</h3><table class="result"><tr class="param"><th>Parameter #1</th><th>Parameter #2</th></tr><tr class="param stripe"><td>&quot;Validate admin able to  update class with invalid data in mandatory fields in edit class&quot;</td><td>&quot;Edit Class Validation&quot;</td></tr><tr><th colspan="2">Exception</th></tr><tr><td colspan="2"><div class="stacktrace">java.lang.NullPointerException: Cannot invoke &quot;org.openqa.selenium.WebDriver.get(String)&quot; because &quot;this.driver&quot; is null
	at pages.ClassPage.homepage(ClassPage.java:98)
	at stepDefinition.EditClass_SD.admin_is_in_edit_class_detail_popup_window_in_edit_class(EditClass_SD.java:24)
	at ✽.Admin is in  Edit class detail popup window in edit class(file:///C:/Users/amitf/eclipse-workspace/LMSHackathon_Phase2/src/test/resources/Features/EditClass.feature:3)
</div></td></tr></table><p class="totop"><a href="#summary">back to summary</a></p>
<h3 id="m15">runner.Runner$AllureReport#runScenario</h3><table class="result"><tr class="param"><th>Parameter #1</th><th>Parameter #2</th></tr><tr class="param stripe"><td>&quot;Validate Search box function by entering existing staff id&quot;</td><td>&quot;Class detail pop up window verification&quot;</td></tr><tr><th colspan="2">Exception</th></tr><tr><td colspan="2"><div class="stacktrace">java.lang.NullPointerException: Cannot invoke &quot;org.openqa.selenium.WebDriver.get(String)&quot; because &quot;this.driver&quot; is null
	at pages.ClassPage.homepage(ClassPage.java:98)
	at stepDefinition.Classdetailspopup_SD.admin_is_on_manage_class_page_after_clicking_class_button_in_class(Classdetailspopup_SD.java:24)
	at ✽.Admin is on ManageClass page after clicking class button in class(file:///C:/Users/amitf/eclipse-workspace/LMSHackathon_Phase2/src/test/resources/Features/Classdetailpopupwindow.feature:3)
</div></td></tr></table><p class="totop"><a href="#summary">back to summary</a></p>
<h3 id="m16">runner.Runner$AllureReport#runScenario</h3><table class="result"><tr class="param"><th>Parameter #1</th><th>Parameter #2</th></tr><tr class="param stripe"><td>&quot;Validate  admin able to update class passing past date in edit class&quot;</td><td>&quot;Edit Class Validation&quot;</td></tr><tr><th colspan="2">Exception</th></tr><tr><td colspan="2"><div class="stacktrace">java.lang.NullPointerException: Cannot invoke &quot;org.openqa.selenium.WebDriver.get(String)&quot; because &quot;this.driver&quot; is null
	at pages.ClassPage.homepage(ClassPage.java:98)
	at stepDefinition.EditClass_SD.admin_is_in_edit_class_detail_popup_window_in_edit_class(EditClass_SD.java:24)
	at ✽.Admin is in  Edit class detail popup window in edit class(file:///C:/Users/amitf/eclipse-workspace/LMSHackathon_Phase2/src/test/resources/Features/EditClass.feature:3)
</div></td></tr></table><p class="totop"><a href="#summary">back to summary</a></p>
<h3 id="m17">runner.Runner$AllureReport#runScenario</h3><table class="result"><tr class="param"><th>Parameter #1</th><th>Parameter #2</th></tr><tr class="param stripe"><td>&quot;Validate right arrow in data picker to navigate to next month&quot;</td><td>&quot;Attendance details popup window verification&quot;</td></tr><tr><th colspan="2">Exception</th></tr><tr><td colspan="2"><div class="stacktrace">java.lang.NullPointerException: Cannot invoke &quot;org.openqa.selenium.WebDriver.get(String)&quot; because &quot;this.driver&quot; is null
	at pages.ClassPage.homepage(ClassPage.java:98)
	at stepDefinition.Attendancedetailspopup_SD.admin_is_in_attendance_details_popup_window_in_attendance(Attendancedetailspopup_SD.java:143)
	at ✽.Admin is in  attendance details popup window in attendance(file:///C:/Users/amitf/eclipse-workspace/LMSHackathon_Phase2/src/test/resources/Features/Attendancedetailspopup.feature:94)
</div></td></tr></table><p class="totop"><a href="#summary">back to summary</a></p>
<h3 id="m18">runner.Runner$AllureReport#runScenario</h3><table class="result"><tr class="param"><th>Parameter #1</th><th>Parameter #2</th></tr><tr class="param stripe"><td>&quot;Validate admin able to  update  class with invalid data  in optional fields in edit class&quot;</td><td>&quot;Edit Class Validation&quot;</td></tr><tr><th colspan="2">Exception</th></tr><tr><td colspan="2"><div class="stacktrace">java.lang.NullPointerException: Cannot invoke &quot;org.openqa.selenium.WebDriver.get(String)&quot; because &quot;this.driver&quot; is null
	at pages.ClassPage.homepage(ClassPage.java:98)
	at stepDefinition.EditClass_SD.admin_is_in_edit_class_detail_popup_window_in_edit_class(EditClass_SD.java:24)
	at ✽.Admin is in  Edit class detail popup window in edit class(file:///C:/Users/amitf/eclipse-workspace/LMSHackathon_Phase2/src/test/resources/Features/EditClass.feature:3)
</div></td></tr></table><p class="totop"><a href="#summary">back to summary</a></p>
<h3 id="m19">runner.Runner$AllureReport#runScenario</h3><table class="result"><tr class="param"><th>Parameter #1</th><th>Parameter #2</th></tr><tr class="param stripe"><td>&quot;Verify the alignment of the close button&quot;</td><td>&quot;Attendance details popup window verification&quot;</td></tr><tr><th colspan="2">Exception</th></tr><tr><td colspan="2"><div class="stacktrace">java.lang.NullPointerException: Cannot invoke &quot;org.openqa.selenium.WebDriver.get(String)&quot; because &quot;this.driver&quot; is null
	at pages.ClassPage.homepage(ClassPage.java:98)
	at stepDefinition.Attendancedetailspopup_SD.admin_is_on_manage_attendance_page_in_attendance(Attendancedetailspopup_SD.java:30)
	at ✽.Admin is on manage attendance page in attendance(file:///C:/Users/amitf/eclipse-workspace/LMSHackathon_Phase2/src/test/resources/Features/Attendancedetailspopup.feature:19)
</div></td></tr></table><p class="totop"><a href="#summary">back to summary</a></p>
<h3 id="m20">runner.Runner$AllureReport#runScenario</h3><table class="result"><tr class="param"><th>Parameter #1</th><th>Parameter #2</th></tr><tr class="param stripe"><td>&quot;Validate admin able to update class with valid data in mandatory fields in edit class&quot;</td><td>&quot;Edit Class Validation&quot;</td></tr><tr><th colspan="2">Exception</th></tr><tr><td colspan="2"><div class="stacktrace">java.lang.NullPointerException: Cannot invoke &quot;org.openqa.selenium.WebDriver.get(String)&quot; because &quot;this.driver&quot; is null
	at pages.ClassPage.homepage(ClassPage.java:98)
	at stepDefinition.EditClass_SD.admin_is_in_edit_class_detail_popup_window_in_edit_class(EditClass_SD.java:24)
	at ✽.Admin is in  Edit class detail popup window in edit class(file:///C:/Users/amitf/eclipse-workspace/LMSHackathon_Phase2/src/test/resources/Features/EditClass.feature:3)
</div></td></tr></table><p class="totop"><a href="#summary">back to summary</a></p>
<h3 id="m21">runner.Runner$AllureReport#runScenario</h3><table class="result"><tr class="param"><th>Parameter #1</th><th>Parameter #2</th></tr><tr class="param stripe"><td>&quot;Validate admin able to  update  class with invalid data  in optional fields in edit class&quot;</td><td>&quot;Edit Class Validation&quot;</td></tr><tr><th colspan="2">Exception</th></tr><tr><td colspan="2"><div class="stacktrace">java.lang.NullPointerException: Cannot invoke &quot;org.openqa.selenium.WebDriver.get(String)&quot; because &quot;this.driver&quot; is null
	at pages.ClassPage.homepage(ClassPage.java:98)
	at stepDefinition.EditClass_SD.admin_is_in_edit_class_detail_popup_window_in_edit_class(EditClass_SD.java:24)
	at ✽.Admin is in  Edit class detail popup window in edit class(file:///C:/Users/amitf/eclipse-workspace/LMSHackathon_Phase2/src/test/resources/Features/EditClass.feature:3)
</div></td></tr></table><p class="totop"><a href="#summary">back to summary</a></p>
<h3 id="m22">runner.Runner$AllureReport#runScenario</h3><table class="result"><tr class="param"><th>Parameter #1</th><th>Parameter #2</th></tr><tr class="param stripe"><td>&quot;Verify pagination controls disabled in attendance&quot;</td><td>&quot;Pagination in manage attendance&quot;</td></tr><tr><th colspan="2">Exception</th></tr><tr><td colspan="2"><div class="stacktrace">java.lang.NullPointerException: Cannot invoke &quot;org.openqa.selenium.WebDriver.get(String)&quot; because &quot;this.driver&quot; is null
	at pages.DeleteAttendancePage.homepage(DeleteAttendancePage.java:80)
	at stepDefinition.Paginationmanageattendance_SD.admin_is_logged_into_homepage_in_attendance(Paginationmanageattendance_SD.java:21)
	at ✽.Admin is logged into homepage in attendance(file:///C:/Users/amitf/eclipse-workspace/LMSHackathon_Phase2/src/test/resources/Features/Paginationinmanageattendance.feature:3)
</div></td></tr></table><p class="totop"><a href="#summary">back to summary</a></p>
<h3 id="m23">runner.Runner$AllureReport#runScenario</h3><table class="result"><tr class="param"><th>Parameter #1</th><th>Parameter #2</th></tr><tr class="param stripe"><td>&quot;Verify Delete icon in data table&quot;</td><td>&quot;Manage Class Page Verification&quot;</td></tr><tr><th colspan="2">Exception</th></tr><tr><td colspan="2"><div class="stacktrace">java.lang.NullPointerException: Cannot invoke &quot;org.openqa.selenium.WebDriver.get(String)&quot; because &quot;this.driver&quot; is null
	at pages.ClassPage.homepage(ClassPage.java:98)
	at stepDefinition.ManageClassPage_SD.admin_is_on_dashboard_page_after_login_in_class(ManageClassPage_SD.java:22)
	at ✽.Admin is on dashboard page after login in class(file:///C:/Users/amitf/eclipse-workspace/LMSHackathon_Phase2/src/test/resources/Features/ManageClass.feature:3)
</div></td></tr></table><p class="totop"><a href="#summary">back to summary</a></p>
<h3 id="m24">runner.Runner$AllureReport#runScenario</h3><table class="result"><tr class="param"><th>Parameter #1</th><th>Parameter #2</th></tr><tr class="param stripe"><td>&quot;Verify left arrow is disable when sheet one is displayed in data table in attendance&quot;</td><td>&quot;Pagination in manage attendance&quot;</td></tr><tr><th colspan="2">Exception</th></tr><tr><td colspan="2"><div class="stacktrace">java.lang.NullPointerException: Cannot invoke &quot;org.openqa.selenium.WebDriver.get(String)&quot; because &quot;this.driver&quot; is null
	at pages.DeleteAttendancePage.homepage(DeleteAttendancePage.java:80)
	at stepDefinition.Paginationmanageattendance_SD.admin_is_logged_into_homepage_in_attendance(Paginationmanageattendance_SD.java:21)
	at ✽.Admin is logged into homepage in attendance(file:///C:/Users/amitf/eclipse-workspace/LMSHackathon_Phase2/src/test/resources/Features/Paginationinmanageattendance.feature:3)
</div></td></tr></table><p class="totop"><a href="#summary">back to summary</a></p>
<h3 id="m25">runner.Runner$AllureReport#runScenario</h3><table class="result"><tr class="param"><th>Parameter #1</th><th>Parameter #2</th></tr><tr class="param stripe"><td>&quot;Verify Sort icon in data table&quot;</td><td>&quot;Manage Class Page Verification&quot;</td></tr><tr><th colspan="2">Exception</th></tr><tr><td colspan="2"><div class="stacktrace">java.lang.NullPointerException: Cannot invoke &quot;org.openqa.selenium.WebDriver.get(String)&quot; because &quot;this.driver&quot; is null
	at pages.ClassPage.homepage(ClassPage.java:98)
	at stepDefinition.ManageClassPage_SD.admin_is_on_dashboard_page_after_login_in_class(ManageClassPage_SD.java:22)
	at ✽.Admin is on dashboard page after login in class(file:///C:/Users/amitf/eclipse-workspace/LMSHackathon_Phase2/src/test/resources/Features/ManageClass.feature:3)
</div></td></tr></table><p class="totop"><a href="#summary">back to summary</a></p>
<h3 id="m26">runner.Runner$AllureReport#runScenario</h3><table class="result"><tr class="param"><th>Parameter #1</th><th>Parameter #2</th></tr><tr class="param stripe"><td>&quot;Validate admin able to add new class with valid data in mandatory fields&quot;</td><td>&quot;Add New Class&quot;</td></tr><tr><th colspan="2">Exception</th></tr><tr><td colspan="2"><div class="stacktrace">java.lang.NullPointerException: Cannot invoke &quot;org.openqa.selenium.WebDriver.get(String)&quot; because &quot;this.driver&quot; is null
	at pages.ClassPage.homepage(ClassPage.java:98)
	at stepDefinition.AddNewClass_SD.admin_is_in_class_detail_popup_window_in_class(AddNewClass_SD.java:27)
	at ✽.Admin is in class detail popup window in class(file:///C:/Users/amitf/eclipse-workspace/LMSHackathon_Phase2/src/test/resources/Features/AddNewClass.feature:3)
</div></td></tr></table><p class="totop"><a href="#summary">back to summary</a></p>
<h3 id="m27">runner.Runner$AllureReport#runScenario</h3><table class="result"><tr class="param"><th>Parameter #1</th><th>Parameter #2</th></tr><tr class="param stripe"><td>&quot;Validate left arrow in data picker to navigate to previous month&quot;</td><td>&quot;Attendance details popup window verification&quot;</td></tr><tr><th colspan="2">Exception</th></tr><tr><td colspan="2"><div class="stacktrace">java.lang.NullPointerException: Cannot invoke &quot;org.openqa.selenium.WebDriver.get(String)&quot; because &quot;this.driver&quot; is null
	at pages.ClassPage.homepage(ClassPage.java:98)
	at stepDefinition.Attendancedetailspopup_SD.admin_is_in_attendance_details_popup_window_in_attendance(Attendancedetailspopup_SD.java:143)
	at ✽.Admin is in  attendance details popup window in attendance(file:///C:/Users/amitf/eclipse-workspace/LMSHackathon_Phase2/src/test/resources/Features/Attendancedetailspopup.feature:99)
</div></td></tr></table><p class="totop"><a href="#summary">back to summary</a></p>
<h3 id="m28">runner.Runner$AllureReport#runScenario</h3><table class="result"><tr class="param"><th>Parameter #1</th><th>Parameter #2</th></tr><tr class="param stripe"><td>&quot;Verify the text on third dropdown select students&quot;</td><td>&quot;Attendance details popup window verification&quot;</td></tr><tr><th colspan="2">Exception</th></tr><tr><td colspan="2"><div class="stacktrace">java.lang.NullPointerException: Cannot invoke &quot;org.openqa.selenium.WebDriver.get(String)&quot; because &quot;this.driver&quot; is null
	at pages.ClassPage.homepage(ClassPage.java:98)
	at stepDefinition.Attendancedetailspopup_SD.admin_is_on_manage_attendance_page_in_attendance(Attendancedetailspopup_SD.java:30)
	at ✽.Admin is on manage attendance page in attendance(file:///C:/Users/amitf/eclipse-workspace/LMSHackathon_Phase2/src/test/resources/Features/Attendancedetailspopup.feature:34)
</div></td></tr></table><p class="totop"><a href="#summary">back to summary</a></p>
<h3 id="m29">runner.Runner$AllureReport#runScenario</h3><table class="result"><tr class="param"><th>Parameter #1</th><th>Parameter #2</th></tr><tr class="param stripe"><td>&quot;Validate admin able to update class missing Batch Id in edit class&quot;</td><td>&quot;Edit Class Validation&quot;</td></tr><tr><th colspan="2">Exception</th></tr><tr><td colspan="2"><div class="stacktrace">java.lang.NullPointerException: Cannot invoke &quot;org.openqa.selenium.WebDriver.get(String)&quot; because &quot;this.driver&quot; is null
	at pages.ClassPage.homepage(ClassPage.java:98)
	at stepDefinition.EditClass_SD.admin_is_in_edit_class_detail_popup_window_in_edit_class(EditClass_SD.java:24)
	at ✽.Admin is in  Edit class detail popup window in edit class(file:///C:/Users/amitf/eclipse-workspace/LMSHackathon_Phase2/src/test/resources/Features/EditClass.feature:3)
</div></td></tr></table><p class="totop"><a href="#summary">back to summary</a></p>
<h3 id="m30">runner.Runner$AllureReport#runScenario</h3><table class="result"><tr class="param"><th>Parameter #1</th><th>Parameter #2</th></tr><tr class="param stripe"><td>&quot;Verify delete icon below the header&quot;</td><td>&quot;Manage Class Page Verification&quot;</td></tr><tr><th colspan="2">Exception</th></tr><tr><td colspan="2"><div class="stacktrace">java.lang.NullPointerException: Cannot invoke &quot;org.openqa.selenium.WebDriver.get(String)&quot; because &quot;this.driver&quot; is null
	at pages.ClassPage.homepage(ClassPage.java:98)
	at stepDefinition.ManageClassPage_SD.admin_is_on_dashboard_page_after_login_in_class(ManageClassPage_SD.java:22)
	at ✽.Admin is on dashboard page after login in class(file:///C:/Users/amitf/eclipse-workspace/LMSHackathon_Phase2/src/test/resources/Features/ManageClass.feature:3)
</div></td></tr></table><p class="totop"><a href="#summary">back to summary</a></p>
<h3 id="m31">runner.Runner$AllureReport#runScenario</h3><table class="result"><tr class="param"><th>Parameter #1</th><th>Parameter #2</th></tr><tr class="param stripe"><td>&quot;Verify Delete class alert in class&quot;</td><td>&quot;Delete Class Validation&quot;</td></tr><tr><th colspan="2">Exception</th></tr><tr><td colspan="2"><div class="stacktrace">java.lang.NullPointerException: Cannot invoke &quot;org.openqa.selenium.WebDriver.get(String)&quot; because &quot;this.driver&quot; is null
	at pages.ClassPage.homepage(ClassPage.java:98)
	at stepDefinition.DeleteClass_SD.admin_is_in_manage_class_page_in_class(DeleteClass_SD.java:26)
	at ✽.Admin is in Manage class page in class(file:///C:/Users/amitf/eclipse-workspace/LMSHackathon_Phase2/src/test/resources/Features/DeleteClass.feature:4)
</div></td></tr></table><p class="totop"><a href="#summary">back to summary</a></p>
<h3 id="m32">runner.Runner$AllureReport#runScenario</h3><table class="result"><tr class="param"><th>Parameter #1</th><th>Parameter #2</th></tr><tr class="param stripe"><td>&quot;Validate selected date is highlighted in the date picker&quot;</td><td>&quot;Attendance details popup window verification&quot;</td></tr><tr><th colspan="2">Exception</th></tr><tr><td colspan="2"><div class="stacktrace">java.lang.NullPointerException: Cannot invoke &quot;org.openqa.selenium.WebDriver.get(String)&quot; because &quot;this.driver&quot; is null
	at pages.ClassPage.homepage(ClassPage.java:98)
	at stepDefinition.Attendancedetailspopup_SD.admin_is_in_attendance_details_popup_window_in_attendance(Attendancedetailspopup_SD.java:143)
	at ✽.Admin is in  attendance details popup window in attendance(file:///C:/Users/amitf/eclipse-workspace/LMSHackathon_Phase2/src/test/resources/Features/Attendancedetailspopup.feature:108)
</div></td></tr></table><p class="totop"><a href="#summary">back to summary</a></p>
<h3 id="m33">runner.Runner$AllureReport#runScenario</h3><table class="result"><tr class="param"><th>Parameter #1</th><th>Parameter #2</th></tr><tr class="param stripe"><td>&quot;Validate admin able to update class missing staff id in edit class&quot;</td><td>&quot;Edit Class Validation&quot;</td></tr><tr><th colspan="2">Exception</th></tr><tr><td colspan="2"><div class="stacktrace">java.lang.NullPointerException: Cannot invoke &quot;org.openqa.selenium.WebDriver.get(String)&quot; because &quot;this.driver&quot; is null
	at pages.ClassPage.homepage(ClassPage.java:98)
	at stepDefinition.EditClass_SD.admin_is_in_edit_class_detail_popup_window_in_edit_class(EditClass_SD.java:24)
	at ✽.Admin is in  Edit class detail popup window in edit class(file:///C:/Users/amitf/eclipse-workspace/LMSHackathon_Phase2/src/test/resources/Features/EditClass.feature:3)
</div></td></tr></table><p class="totop"><a href="#summary">back to summary</a></p>
<h3 id="m34">runner.Runner$AllureReport#runScenario</h3><table class="result"><tr class="param"><th>Parameter #1</th><th>Parameter #2</th></tr><tr class="param stripe"><td>&quot;Validate admin able to  update class with invalid data in mandatory fields in edit class&quot;</td><td>&quot;Edit Class Validation&quot;</td></tr><tr><th colspan="2">Exception</th></tr><tr><td colspan="2"><div class="stacktrace">java.lang.NullPointerException: Cannot invoke &quot;org.openqa.selenium.WebDriver.get(String)&quot; because &quot;this.driver&quot; is null
	at pages.ClassPage.homepage(ClassPage.java:98)
	at stepDefinition.EditClass_SD.admin_is_in_edit_class_detail_popup_window_in_edit_class(EditClass_SD.java:24)
	at ✽.Admin is in  Edit class detail popup window in edit class(file:///C:/Users/amitf/eclipse-workspace/LMSHackathon_Phase2/src/test/resources/Features/EditClass.feature:3)
</div></td></tr></table><p class="totop"><a href="#summary">back to summary</a></p>
<h3 id="m35">runner.Runner$AllureReport#runScenario</h3><table class="result"><tr class="param"><th>Parameter #1</th><th>Parameter #2</th></tr><tr class="param stripe"><td>&quot;Verify  accept enabled in alert&quot;</td><td>&quot;Delete Attendance Validation&quot;</td></tr><tr><th colspan="2">Exception</th></tr><tr><td colspan="2"><div class="stacktrace">java.lang.NullPointerException: Cannot invoke &quot;org.openqa.selenium.WebDriver.get(String)&quot; because &quot;this.driver&quot; is null
	at pages.DeleteAttendancePage.homepage(DeleteAttendancePage.java:80)
	at stepDefinition.DeleteAttendance_SD.admin_is_on_the_manage_attendance_page_in_attendance(DeleteAttendance_SD.java:20)
	at ✽.Admin is on the manage attendance page in attendance(file:///C:/Users/amitf/eclipse-workspace/LMSHackathon_Phase2/src/test/resources/Features/DeleteAttendance.feature:9)
</div></td></tr></table><p class="totop"><a href="#summary">back to summary</a></p>
<h3 id="m36">runner.Runner$AllureReport#runScenario</h3><table class="result"><tr class="param"><th>Parameter #1</th><th>Parameter #2</th></tr><tr class="param stripe"><td>&quot;Verify input fields in class details pop up window&quot;</td><td>&quot;Class detail pop up window verification&quot;</td></tr><tr><th colspan="2">Exception</th></tr><tr><td colspan="2"><div class="stacktrace">java.lang.NullPointerException: Cannot invoke &quot;org.openqa.selenium.WebDriver.get(String)&quot; because &quot;this.driver&quot; is null
	at pages.ClassPage.homepage(ClassPage.java:98)
	at stepDefinition.Classdetailspopup_SD.admin_is_on_manage_class_page_after_clicking_class_button_in_class(Classdetailspopup_SD.java:24)
	at ✽.Admin is on ManageClass page after clicking class button in class(file:///C:/Users/amitf/eclipse-workspace/LMSHackathon_Phase2/src/test/resources/Features/Classdetailpopupwindow.feature:3)
</div></td></tr></table><p class="totop"><a href="#summary">back to summary</a></p>
<h3 id="m37">runner.Runner$AllureReport#runScenario</h3><table class="result"><tr class="param"><th>Parameter #1</th><th>Parameter #2</th></tr><tr class="param stripe"><td>&quot;Validate admin able to add new class missing staff id&quot;</td><td>&quot;Add New Class&quot;</td></tr><tr><th colspan="2">Exception</th></tr><tr><td colspan="2"><div class="stacktrace">java.lang.NullPointerException: Cannot invoke &quot;org.openqa.selenium.WebDriver.get(String)&quot; because &quot;this.driver&quot; is null
	at pages.ClassPage.homepage(ClassPage.java:98)
	at stepDefinition.AddNewClass_SD.admin_is_in_class_detail_popup_window_in_class(AddNewClass_SD.java:27)
	at ✽.Admin is in class detail popup window in class(file:///C:/Users/amitf/eclipse-workspace/LMSHackathon_Phase2/src/test/resources/Features/AddNewClass.feature:3)
</div></td></tr></table><p class="totop"><a href="#summary">back to summary</a></p>
<h3 id="m38">runner.Runner$AllureReport#runScenario</h3><table class="result"><tr class="param"><th>Parameter #1</th><th>Parameter #2</th></tr><tr class="param stripe"><td>&quot;Validate admin able to  update class with valid data  in all fields in edit class&quot;</td><td>&quot;Edit Class Validation&quot;</td></tr><tr><th colspan="2">Exception</th></tr><tr><td colspan="2"><div class="stacktrace">java.lang.NullPointerException: Cannot invoke &quot;org.openqa.selenium.WebDriver.get(String)&quot; because &quot;this.driver&quot; is null
	at pages.ClassPage.homepage(ClassPage.java:98)
	at stepDefinition.EditClass_SD.admin_is_in_edit_class_detail_popup_window_in_edit_class(EditClass_SD.java:24)
	at ✽.Admin is in  Edit class detail popup window in edit class(file:///C:/Users/amitf/eclipse-workspace/LMSHackathon_Phase2/src/test/resources/Features/EditClass.feature:3)
</div></td></tr></table><p class="totop"><a href="#summary">back to summary</a></p>
<h3 id="m39">runner.Runner$AllureReport#runScenario</h3><table class="result"><tr class="param"><th>Parameter #1</th><th>Parameter #2</th></tr><tr class="param stripe"><td>&quot;Validate admin able to update class missing staff id in edit class&quot;</td><td>&quot;Edit Class Validation&quot;</td></tr><tr><th colspan="2">Exception</th></tr><tr><td colspan="2"><div class="stacktrace">java.lang.NullPointerException: Cannot invoke &quot;org.openqa.selenium.WebDriver.get(String)&quot; because &quot;this.driver&quot; is null
	at pages.ClassPage.homepage(ClassPage.java:98)
	at stepDefinition.EditClass_SD.admin_is_in_edit_class_detail_popup_window_in_edit_class(EditClass_SD.java:24)
	at ✽.Admin is in  Edit class detail popup window in edit class(file:///C:/Users/amitf/eclipse-workspace/LMSHackathon_Phase2/src/test/resources/Features/EditClass.feature:3)
</div></td></tr></table><p class="totop"><a href="#summary">back to summary</a></p>
<h3 id="m40">runner.Runner$AllureReport#runScenario</h3><table class="result"><tr class="param"><th>Parameter #1</th><th>Parameter #2</th></tr><tr class="param stripe"><td>&quot;Validate  admin able to update class passing past date in edit class&quot;</td><td>&quot;Edit Class Validation&quot;</td></tr><tr><th colspan="2">Exception</th></tr><tr><td colspan="2"><div class="stacktrace">java.lang.NullPointerException: Cannot invoke &quot;org.openqa.selenium.WebDriver.get(String)&quot; because &quot;this.driver&quot; is null
	at pages.ClassPage.homepage(ClassPage.java:98)
	at stepDefinition.EditClass_SD.admin_is_in_edit_class_detail_popup_window_in_edit_class(EditClass_SD.java:24)
	at ✽.Admin is in  Edit class detail popup window in edit class(file:///C:/Users/amitf/eclipse-workspace/LMSHackathon_Phase2/src/test/resources/Features/EditClass.feature:3)
</div></td></tr></table><p class="totop"><a href="#summary">back to summary</a></p>
<h3 id="m41">runner.Runner$AllureReport#runScenario</h3><table class="result"><tr class="param"><th>Parameter #1</th><th>Parameter #2</th></tr><tr class="param stripe"><td>&quot;Validate cancel button function in class details popup window with values in field&quot;</td><td>&quot;Add New Class&quot;</td></tr><tr><th colspan="2">Exception</th></tr><tr><td colspan="2"><div class="stacktrace">java.lang.NullPointerException: Cannot invoke &quot;org.openqa.selenium.WebDriver.get(String)&quot; because &quot;this.driver&quot; is null
	at pages.ClassPage.homepage(ClassPage.java:98)
	at stepDefinition.AddNewClass_SD.admin_is_in_class_detail_popup_window_in_class(AddNewClass_SD.java:27)
	at ✽.Admin is in class detail popup window in class(file:///C:/Users/amitf/eclipse-workspace/LMSHackathon_Phase2/src/test/resources/Features/AddNewClass.feature:3)
</div></td></tr></table><p class="totop"><a href="#summary">back to summary</a></p>
<h3 id="m42">runner.Runner$AllureReport#runScenario</h3><table class="result"><tr class="param"><th>Parameter #1</th><th>Parameter #2</th></tr><tr class="param stripe"><td>&quot;Validate Search box function by entering existing class date&quot;</td><td>&quot;Class detail pop up window verification&quot;</td></tr><tr><th colspan="2">Exception</th></tr><tr><td colspan="2"><div class="stacktrace">java.lang.NullPointerException: Cannot invoke &quot;org.openqa.selenium.WebDriver.get(String)&quot; because &quot;this.driver&quot; is null
	at pages.ClassPage.homepage(ClassPage.java:98)
	at stepDefinition.Classdetailspopup_SD.admin_is_on_manage_class_page_after_clicking_class_button_in_class(Classdetailspopup_SD.java:24)
	at ✽.Admin is on ManageClass page after clicking class button in class(file:///C:/Users/amitf/eclipse-workspace/LMSHackathon_Phase2/src/test/resources/Features/Classdetailpopupwindow.feature:3)
</div></td></tr></table><p class="totop"><a href="#summary">back to summary</a></p>
<h3 id="m43">runner.Runner$AllureReport#runScenario</h3><table class="result"><tr class="param"><th>Parameter #1</th><th>Parameter #2</th></tr><tr class="param stripe"><td>&quot;Verify the text spelling in the Manage Class Page&quot;</td><td>&quot;Manage Class Page Verification&quot;</td></tr><tr><th colspan="2">Exception</th></tr><tr><td colspan="2"><div class="stacktrace">java.lang.NullPointerException: Cannot invoke &quot;org.openqa.selenium.WebDriver.get(String)&quot; because &quot;this.driver&quot; is null
	at pages.ClassPage.homepage(ClassPage.java:98)
	at stepDefinition.ManageClassPage_SD.admin_is_on_dashboard_page_after_login_in_class(ManageClassPage_SD.java:22)
	at ✽.Admin is on dashboard page after login in class(file:///C:/Users/amitf/eclipse-workspace/LMSHackathon_Phase2/src/test/resources/Features/ManageClass.feature:3)
</div></td></tr></table><p class="totop"><a href="#summary">back to summary</a></p>
<h3 id="m44">runner.Runner$AllureReport#runScenario</h3><table class="result"><tr class="param"><th>Parameter #1</th><th>Parameter #2</th></tr><tr class="param stripe"><td>&quot;Validate admin able to  update class with valid data  in all fields in edit class&quot;</td><td>&quot;Edit Class Validation&quot;</td></tr><tr><th colspan="2">Exception</th></tr><tr><td colspan="2"><div class="stacktrace">java.lang.NullPointerException: Cannot invoke &quot;org.openqa.selenium.WebDriver.get(String)&quot; because &quot;this.driver&quot; is null
	at pages.ClassPage.homepage(ClassPage.java:98)
	at stepDefinition.EditClass_SD.admin_is_in_edit_class_detail_popup_window_in_edit_class(EditClass_SD.java:24)
	at ✽.Admin is in  Edit class detail popup window in edit class(file:///C:/Users/amitf/eclipse-workspace/LMSHackathon_Phase2/src/test/resources/Features/EditClass.feature:3)
</div></td></tr></table><p class="totop"><a href="#summary">back to summary</a></p>
<h3 id="m45">runner.Runner$AllureReport#runScenario</h3><table class="result"><tr class="param"><th>Parameter #1</th><th>Parameter #2</th></tr><tr class="param stripe"><td>&quot;Verify the text spelling in the Manage Class Page&quot;</td><td>&quot;Manage Class Page Verification&quot;</td></tr><tr><th colspan="2">Exception</th></tr><tr><td colspan="2"><div class="stacktrace">java.lang.NullPointerException: Cannot invoke &quot;org.openqa.selenium.WebDriver.get(String)&quot; because &quot;this.driver&quot; is null
	at pages.ClassPage.homepage(ClassPage.java:98)
	at stepDefinition.ManageClassPage_SD.admin_is_on_dashboard_page_after_login_in_class(ManageClassPage_SD.java:22)
	at ✽.Admin is on dashboard page after login in class(file:///C:/Users/amitf/eclipse-workspace/LMSHackathon_Phase2/src/test/resources/Features/ManageClass.feature:3)
</div></td></tr></table><p class="totop"><a href="#summary">back to summary</a></p>
<h3 id="m46">runner.Runner$AllureReport#runScenario</h3><table class="result"><tr class="param"><th>Parameter #1</th><th>Parameter #2</th></tr><tr class="param stripe"><td>&quot;Validate admin able to update class with valid data in mandatory fields in edit class&quot;</td><td>&quot;Edit Class Validation&quot;</td></tr><tr><th colspan="2">Exception</th></tr><tr><td colspan="2"><div class="stacktrace">java.lang.NullPointerException: Cannot invoke &quot;org.openqa.selenium.WebDriver.get(String)&quot; because &quot;this.driver&quot; is null
	at pages.ClassPage.homepage(ClassPage.java:98)
	at stepDefinition.EditClass_SD.admin_is_in_edit_class_detail_popup_window_in_edit_class(EditClass_SD.java:24)
	at ✽.Admin is in  Edit class detail popup window in edit class(file:///C:/Users/amitf/eclipse-workspace/LMSHackathon_Phase2/src/test/resources/Features/EditClass.feature:3)
</div></td></tr></table><p class="totop"><a href="#summary">back to summary</a></p>
<h3 id="m47">runner.Runner$AllureReport#runScenario</h3><table class="result"><tr class="param"><th>Parameter #1</th><th>Parameter #2</th></tr><tr class="param stripe"><td>&quot;Validate admin able to  update  class with invalid data  in optional fields in edit class&quot;</td><td>&quot;Edit Class Validation&quot;</td></tr><tr><th colspan="2">Exception</th></tr><tr><td colspan="2"><div class="stacktrace">java.lang.NullPointerException: Cannot invoke &quot;org.openqa.selenium.WebDriver.get(String)&quot; because &quot;this.driver&quot; is null
	at pages.ClassPage.homepage(ClassPage.java:98)
	at stepDefinition.EditClass_SD.admin_is_in_edit_class_detail_popup_window_in_edit_class(EditClass_SD.java:24)
	at ✽.Admin is in  Edit class detail popup window in edit class(file:///C:/Users/amitf/eclipse-workspace/LMSHackathon_Phase2/src/test/resources/Features/EditClass.feature:3)
</div></td></tr></table><p class="totop"><a href="#summary">back to summary</a></p>
<h3 id="m48">runner.Runner$AllureReport#runScenario</h3><table class="result"><tr class="param"><th>Parameter #1</th><th>Parameter #2</th></tr><tr class="param stripe"><td>&quot;Verify right arrow is enable when sheet one is displayed in data table in attendance&quot;</td><td>&quot;Pagination in manage attendance&quot;</td></tr><tr><th colspan="2">Exception</th></tr><tr><td colspan="2"><div class="stacktrace">java.lang.NullPointerException: Cannot invoke &quot;org.openqa.selenium.WebDriver.get(String)&quot; because &quot;this.driver&quot; is null
	at pages.DeleteAttendancePage.homepage(DeleteAttendancePage.java:80)
	at stepDefinition.Paginationmanageattendance_SD.admin_is_logged_into_homepage_in_attendance(Paginationmanageattendance_SD.java:21)
	at ✽.Admin is logged into homepage in attendance(file:///C:/Users/amitf/eclipse-workspace/LMSHackathon_Phase2/src/test/resources/Features/Paginationinmanageattendance.feature:3)
</div></td></tr></table><p class="totop"><a href="#summary">back to summary</a></p>
<h3 id="m49">runner.Runner$AllureReport#runScenario</h3><table class="result"><tr class="param"><th>Parameter #1</th><th>Parameter #2</th></tr><tr class="param stripe"><td>&quot;Validate selected date is highlighted in the date picker&quot;</td><td>&quot;Add New Class&quot;</td></tr><tr><th colspan="2">Exception</th></tr><tr><td colspan="2"><div class="stacktrace">java.lang.NullPointerException: Cannot invoke &quot;org.openqa.selenium.WebDriver.get(String)&quot; because &quot;this.driver&quot; is null
	at pages.ClassPage.homepage(ClassPage.java:98)
	at stepDefinition.AddNewClass_SD.admin_is_in_class_detail_popup_window_in_class(AddNewClass_SD.java:27)
	at ✽.Admin is in class detail popup window in class(file:///C:/Users/amitf/eclipse-workspace/LMSHackathon_Phase2/src/test/resources/Features/AddNewClass.feature:3)
</div></td></tr></table><p class="totop"><a href="#summary">back to summary</a></p>
<h3 id="m50">runner.Runner$AllureReport#runScenario</h3><table class="result"><tr class="param"><th>Parameter #1</th><th>Parameter #2</th></tr><tr class="param stripe"><td>&quot;Validate admin able to update class missing Class Date in edit class&quot;</td><td>&quot;Edit Class Validation&quot;</td></tr><tr><th colspan="2">Exception</th></tr><tr><td colspan="2"><div class="stacktrace">java.lang.NullPointerException: Cannot invoke &quot;org.openqa.selenium.WebDriver.get(String)&quot; because &quot;this.driver&quot; is null
	at pages.ClassPage.homepage(ClassPage.java:98)
	at stepDefinition.EditClass_SD.admin_is_in_edit_class_detail_popup_window_in_edit_class(EditClass_SD.java:24)
	at ✽.Admin is in  Edit class detail popup window in edit class(file:///C:/Users/amitf/eclipse-workspace/LMSHackathon_Phase2/src/test/resources/Features/EditClass.feature:3)
</div></td></tr></table><p class="totop"><a href="#summary">back to summary</a></p>
<h3 id="m51">runner.Runner$AllureReport#runScenario</h3><table class="result"><tr class="param"><th>Parameter #1</th><th>Parameter #2</th></tr><tr class="param stripe"><td>&quot;Validate pagination control below data table&quot;</td><td>&quot;Manage Class Page Verification&quot;</td></tr><tr><th colspan="2">Exception</th></tr><tr><td colspan="2"><div class="stacktrace">java.lang.NullPointerException: Cannot invoke &quot;org.openqa.selenium.WebDriver.get(String)&quot; because &quot;this.driver&quot; is null
	at pages.ClassPage.homepage(ClassPage.java:98)
	at stepDefinition.ManageClassPage_SD.admin_is_on_dashboard_page_after_login_in_class(ManageClassPage_SD.java:22)
	at ✽.Admin is on dashboard page after login in class(file:///C:/Users/amitf/eclipse-workspace/LMSHackathon_Phase2/src/test/resources/Features/ManageClass.feature:3)
</div></td></tr></table><p class="totop"><a href="#summary">back to summary</a></p>
<h3 id="m52">runner.Runner$AllureReport#runScenario</h3><table class="result"><tr class="param"><th>Parameter #1</th><th>Parameter #2</th></tr><tr class="param stripe"><td>&quot;Verify delete multiple class  button is enabled&quot;</td><td>&quot;Delete Attendance Validation&quot;</td></tr><tr><th colspan="2">Exception</th></tr><tr><td colspan="2"><div class="stacktrace">java.lang.NullPointerException: Cannot invoke &quot;org.openqa.selenium.WebDriver.get(String)&quot; because &quot;this.driver&quot; is null
	at pages.DeleteAttendancePage.homepage(DeleteAttendancePage.java:80)
	at stepDefinition.DeleteAttendance_SD.admin_is_on_the_manage_attendance_page_in_attendance(DeleteAttendance_SD.java:20)
	at ✽.Admin is on the manage attendance page in attendance(file:///C:/Users/amitf/eclipse-workspace/LMSHackathon_Phase2/src/test/resources/Features/DeleteAttendance.feature:28)
</div></td></tr></table><p class="totop"><a href="#summary">back to summary</a></p>
<h3 id="m53">runner.Runner$AllureReport#runScenario</h3><table class="result"><tr class="param"><th>Parameter #1</th><th>Parameter #2</th></tr><tr class="param stripe"><td>&quot;Verify admin is able to navigate from manage attendance to program page in attendance&quot;</td><td>&quot;Unknown&quot;</td></tr><tr><th colspan="2">Exception</th></tr><tr><td colspan="2"><div class="stacktrace">java.lang.IllegalArgumentException: Test name must not be null or empty
	at com.aventstack.extentreports.util.Assert.notEmpty(Assert.java:12)
	at com.aventstack.extentreports.ExtentTest.&lt;init&gt;(ExtentTest.java:96)
	at com.aventstack.extentreports.ExtentReports.createTest(ExtentReports.java:105)
	at com.aventstack.extentreports.cucumber.adapter.ExtentCucumberAdapter.createFeature(ExtentCucumberAdapter.java:329)
	at com.aventstack.extentreports.cucumber.adapter.ExtentCucumberAdapter.handleStartOfFeature(ExtentCucumberAdapter.java:307)
	at com.aventstack.extentreports.cucumber.adapter.ExtentCucumberAdapter.handleTestCaseStarted(ExtentCucumberAdapter.java:161)
	at com.aventstack.extentreports.cucumber.adapter.ExtentCucumberAdapter$3.receive(ExtentCucumberAdapter.java:107)
	at com.aventstack.extentreports.cucumber.adapter.ExtentCucumberAdapter$3.receive(ExtentCucumberAdapter.java:104)
	at io.cucumber.core.eventbus.AbstractEventPublisher.send(AbstractEventPublisher.java:51)
	at io.cucumber.core.eventbus.AbstractEventBus.send(AbstractEventBus.java:12)
	at io.cucumber.core.runtime.SynchronizedEventBus.send(SynchronizedEventBus.java:47)
	at io.cucumber.core.runtime.ThreadLocalRunnerSupplier$LocalEventBus.send(ThreadLocalRunnerSupplier.java:62)
	at io.cucumber.core.runner.TestCase.emitTestCaseStarted(TestCase.java:206)
	at io.cucumber.core.runner.TestCase.run(TestCase.java:72)
	at io.cucumber.core.runner.Runner.runPickle(Runner.java:75)
	at io.cucumber.testng.TestNGCucumberRunner.lambda$runScenario$1(TestNGCucumberRunner.java:132)
	at io.cucumber.core.runtime.CucumberExecutionContext.lambda$runTestCase$5(CucumberExecutionContext.java:137)
	at io.cucumber.core.runtime.RethrowingThrowableCollector.executeAndThrow(RethrowingThrowableCollector.java:23)
	at io.cucumber.core.runtime.CucumberExecutionContext.runTestCase(CucumberExecutionContext.java:137)
	at io.cucumber.testng.TestNGCucumberRunner.runScenario(TestNGCucumberRunner.java:129)
	at io.cucumber.testng.AbstractTestNGCucumberTests.runScenario(AbstractTestNGCucumberTests.java:35)
	at jdk.internal.reflect.GeneratedMethodAccessor21.invoke(Unknown Source)
	at java.base/jdk.internal.reflect.DelegatingMethodAccessorImpl.invoke(DelegatingMethodAccessorImpl.java:43)
	at java.base/java.lang.reflect.Method.invoke(Method.java:568)
	at org.testng.internal.MethodInvocationHelper.invokeMethod(MethodInvocationHelper.java:133)
	at org.testng.internal.TestInvoker.invokeMethod(TestInvoker.java:598)
	at org.testng.internal.TestInvoker.invokeTestMethod(TestInvoker.java:173)
	at org.testng.internal.MethodRunner.runInSequence(MethodRunner.java:46)
	at org.testng.internal.TestInvoker$MethodInvocationAgent.invoke(TestInvoker.java:824)
	at org.testng.internal.TestInvoker.invokeTestMethods(TestInvoker.java:146)
	at org.testng.internal.TestMethodWorker.invokeTestMethods(TestMethodWorker.java:146)
	at org.testng.internal.TestMethodWorker.run(TestMethodWorker.java:128)
	at java.base/java.util.ArrayList.forEach(ArrayList.java:1511)
	at org.testng.TestRunner.privateRun(TestRunner.java:794)
	at org.testng.TestRunner.run(TestRunner.java:596)
	at org.testng.SuiteRunner.runTest(SuiteRunner.java:377)
	at org.testng.SuiteRunner.runSequentially(SuiteRunner.java:371)
	at org.testng.SuiteRunner.privateRun(SuiteRunner.java:332)
	at org.testng.SuiteRunner.run(SuiteRunner.java:276)
	at org.testng.SuiteRunnerWorker.runSuite(SuiteRunnerWorker.java:53)
	at org.testng.SuiteRunnerWorker.run(SuiteRunnerWorker.java:96)
	at org.testng.TestNG.runSuitesSequentially(TestNG.java:1212)
	at org.testng.TestNG.runSuitesLocally(TestNG.java:1134)
	at org.testng.TestNG.runSuites(TestNG.java:1063)
	at org.testng.TestNG.run(TestNG.java:1031)
	at org.testng.remote.AbstractRemoteTestNG.run(AbstractRemoteTestNG.java:115)
	at org.testng.remote.RemoteTestNG.initAndRun(RemoteTestNG.java:251)
	at org.testng.remote.RemoteTestNG.main(RemoteTestNG.java:77)
</div></td></tr></table><p class="totop"><a href="#summary">back to summary</a></p>
<h3 id="m54">runner.Runner$AllureReport#runScenario</h3><table class="result"><tr class="param"><th>Parameter #1</th><th>Parameter #2</th></tr><tr class="param stripe"><td>&quot;Verify admin is able to navigate from manage attendance to batch page in attendance&quot;</td><td>&quot;Unknown&quot;</td></tr><tr><th colspan="2">Exception</th></tr><tr><td colspan="2"><div class="stacktrace">java.lang.IllegalArgumentException: Test name must not be null or empty
	at com.aventstack.extentreports.util.Assert.notEmpty(Assert.java:12)
	at com.aventstack.extentreports.ExtentTest.&lt;init&gt;(ExtentTest.java:96)
	at com.aventstack.extentreports.ExtentReports.createTest(ExtentReports.java:105)
	at com.aventstack.extentreports.cucumber.adapter.ExtentCucumberAdapter.createFeature(ExtentCucumberAdapter.java:329)
	at com.aventstack.extentreports.cucumber.adapter.ExtentCucumberAdapter.handleStartOfFeature(ExtentCucumberAdapter.java:307)
	at com.aventstack.extentreports.cucumber.adapter.ExtentCucumberAdapter.handleTestCaseStarted(ExtentCucumberAdapter.java:161)
	at com.aventstack.extentreports.cucumber.adapter.ExtentCucumberAdapter$3.receive(ExtentCucumberAdapter.java:107)
	at com.aventstack.extentreports.cucumber.adapter.ExtentCucumberAdapter$3.receive(ExtentCucumberAdapter.java:104)
	at io.cucumber.core.eventbus.AbstractEventPublisher.send(AbstractEventPublisher.java:51)
	at io.cucumber.core.eventbus.AbstractEventBus.send(AbstractEventBus.java:12)
	at io.cucumber.core.runtime.SynchronizedEventBus.send(SynchronizedEventBus.java:47)
	at io.cucumber.core.runtime.ThreadLocalRunnerSupplier$LocalEventBus.send(ThreadLocalRunnerSupplier.java:62)
	at io.cucumber.core.runner.TestCase.emitTestCaseStarted(TestCase.java:206)
	at io.cucumber.core.runner.TestCase.run(TestCase.java:72)
	at io.cucumber.core.runner.Runner.runPickle(Runner.java:75)
	at io.cucumber.testng.TestNGCucumberRunner.lambda$runScenario$1(TestNGCucumberRunner.java:132)
	at io.cucumber.core.runtime.CucumberExecutionContext.lambda$runTestCase$5(CucumberExecutionContext.java:137)
	at io.cucumber.core.runtime.RethrowingThrowableCollector.executeAndThrow(RethrowingThrowableCollector.java:23)
	at io.cucumber.core.runtime.CucumberExecutionContext.runTestCase(CucumberExecutionContext.java:137)
	at io.cucumber.testng.TestNGCucumberRunner.runScenario(TestNGCucumberRunner.java:129)
	at io.cucumber.testng.AbstractTestNGCucumberTests.runScenario(AbstractTestNGCucumberTests.java:35)
	at jdk.internal.reflect.GeneratedMethodAccessor21.invoke(Unknown Source)
	at java.base/jdk.internal.reflect.DelegatingMethodAccessorImpl.invoke(DelegatingMethodAccessorImpl.java:43)
	at java.base/java.lang.reflect.Method.invoke(Method.java:568)
	at org.testng.internal.MethodInvocationHelper.invokeMethod(MethodInvocationHelper.java:133)
	at org.testng.internal.TestInvoker.invokeMethod(TestInvoker.java:598)
	at org.testng.internal.TestInvoker.invokeTestMethod(TestInvoker.java:173)
	at org.testng.internal.MethodRunner.runInSequence(MethodRunner.java:46)
	at org.testng.internal.TestInvoker$MethodInvocationAgent.invoke(TestInvoker.java:824)
	at org.testng.internal.TestInvoker.invokeTestMethods(TestInvoker.java:146)
	at org.testng.internal.TestMethodWorker.invokeTestMethods(TestMethodWorker.java:146)
	at org.testng.internal.TestMethodWorker.run(TestMethodWorker.java:128)
	at java.base/java.util.ArrayList.forEach(ArrayList.java:1511)
	at org.testng.TestRunner.privateRun(TestRunner.java:794)
	at org.testng.TestRunner.run(TestRunner.java:596)
	at org.testng.SuiteRunner.runTest(SuiteRunner.java:377)
	at org.testng.SuiteRunner.runSequentially(SuiteRunner.java:371)
	at org.testng.SuiteRunner.privateRun(SuiteRunner.java:332)
	at org.testng.SuiteRunner.run(SuiteRunner.java:276)
	at org.testng.SuiteRunnerWorker.runSuite(SuiteRunnerWorker.java:53)
	at org.testng.SuiteRunnerWorker.run(SuiteRunnerWorker.java:96)
	at org.testng.TestNG.runSuitesSequentially(TestNG.java:1212)
	at org.testng.TestNG.runSuitesLocally(TestNG.java:1134)
	at org.testng.TestNG.runSuites(TestNG.java:1063)
	at org.testng.TestNG.run(TestNG.java:1031)
	at org.testng.remote.AbstractRemoteTestNG.run(AbstractRemoteTestNG.java:115)
	at org.testng.remote.RemoteTestNG.initAndRun(RemoteTestNG.java:251)
	at org.testng.remote.RemoteTestNG.main(RemoteTestNG.java:77)
</div></td></tr></table><p class="totop"><a href="#summary">back to summary</a></p>
<h3 id="m55">runner.Runner$AllureReport#runScenario</h3><table class="result"><tr class="param"><th>Parameter #1</th><th>Parameter #2</th></tr><tr class="param stripe"><td>&quot;Validate footer text&quot;</td><td>&quot;Manage Class Page Verification&quot;</td></tr><tr><th colspan="2">Exception</th></tr><tr><td colspan="2"><div class="stacktrace">java.lang.NullPointerException: Cannot invoke &quot;org.openqa.selenium.WebDriver.get(String)&quot; because &quot;this.driver&quot; is null
	at pages.ClassPage.homepage(ClassPage.java:98)
	at stepDefinition.ManageClassPage_SD.admin_is_on_dashboard_page_after_login_in_class(ManageClassPage_SD.java:22)
	at ✽.Admin is on dashboard page after login in class(file:///C:/Users/amitf/eclipse-workspace/LMSHackathon_Phase2/src/test/resources/Features/ManageClass.feature:3)
</div></td></tr></table><p class="totop"><a href="#summary">back to summary</a></p>
<h3 id="m56">runner.Runner$AllureReport#runScenario</h3><table class="result"><tr class="param"><th>Parameter #1</th><th>Parameter #2</th></tr><tr class="param stripe"><td>&quot;Verify close button   in class details popup window&quot;</td><td>&quot;Class detail pop up window verification&quot;</td></tr><tr><th colspan="2">Exception</th></tr><tr><td colspan="2"><div class="stacktrace">java.lang.NullPointerException: Cannot invoke &quot;org.openqa.selenium.WebDriver.get(String)&quot; because &quot;this.driver&quot; is null
	at pages.ClassPage.homepage(ClassPage.java:98)
	at stepDefinition.Classdetailspopup_SD.admin_is_on_manage_class_page_after_clicking_class_button_in_class(Classdetailspopup_SD.java:24)
	at ✽.Admin is on ManageClass page after clicking class button in class(file:///C:/Users/amitf/eclipse-workspace/LMSHackathon_Phase2/src/test/resources/Features/Classdetailpopupwindow.feature:3)
</div></td></tr></table><p class="totop"><a href="#summary">back to summary</a></p>
<h3 id="m57">runner.Runner$AllureReport#runScenario</h3><table class="result"><tr class="param"><th>Parameter #1</th><th>Parameter #2</th></tr><tr class="param stripe"><td>&quot;Validate admin able to update class missing Batch Id in edit class&quot;</td><td>&quot;Edit Class Validation&quot;</td></tr><tr><th colspan="2">Exception</th></tr><tr><td colspan="2"><div class="stacktrace">java.lang.NullPointerException: Cannot invoke &quot;org.openqa.selenium.WebDriver.get(String)&quot; because &quot;this.driver&quot; is null
	at pages.ClassPage.homepage(ClassPage.java:98)
	at stepDefinition.EditClass_SD.admin_is_in_edit_class_detail_popup_window_in_edit_class(EditClass_SD.java:24)
	at ✽.Admin is in  Edit class detail popup window in edit class(file:///C:/Users/amitf/eclipse-workspace/LMSHackathon_Phase2/src/test/resources/Features/EditClass.feature:3)
</div></td></tr></table><p class="totop"><a href="#summary">back to summary</a></p>
<h3 id="m58">runner.Runner$AllureReport#runScenario</h3><table class="result"><tr class="param"><th>Parameter #1</th><th>Parameter #2</th></tr><tr class="param stripe"><td>&quot;Verify close button in attendance details popup window&quot;</td><td>&quot;Attendance details popup window verification&quot;</td></tr><tr><th colspan="2">Exception</th></tr><tr><td colspan="2"><div class="stacktrace">java.lang.NullPointerException: Cannot invoke &quot;org.openqa.selenium.WebDriver.get(String)&quot; because &quot;this.driver&quot; is null
	at pages.ClassPage.homepage(ClassPage.java:98)
	at stepDefinition.Attendancedetailspopup_SD.admin_is_on_manage_attendance_page_in_attendance(Attendancedetailspopup_SD.java:30)
	at ✽.Admin is on manage attendance page in attendance(file:///C:/Users/amitf/eclipse-workspace/LMSHackathon_Phase2/src/test/resources/Features/Attendancedetailspopup.feature:14)
</div></td></tr></table><p class="totop"><a href="#summary">back to summary</a></p>
<h3 id="m59">runner.Runner$AllureReport#runScenario</h3><table class="result"><tr class="param"><th>Parameter #1</th><th>Parameter #2</th></tr><tr class="param stripe"><td>&quot;Verify search bar on class page&quot;</td><td>&quot;Manage Class Page Verification&quot;</td></tr><tr><th colspan="2">Exception</th></tr><tr><td colspan="2"><div class="stacktrace">java.lang.NullPointerException: Cannot invoke &quot;org.openqa.selenium.WebDriver.get(String)&quot; because &quot;this.driver&quot; is null
	at pages.ClassPage.homepage(ClassPage.java:98)
	at stepDefinition.ManageClassPage_SD.admin_is_on_dashboard_page_after_login_in_class(ManageClassPage_SD.java:22)
	at ✽.Admin is on dashboard page after login in class(file:///C:/Users/amitf/eclipse-workspace/LMSHackathon_Phase2/src/test/resources/Features/ManageClass.feature:3)
</div></td></tr></table><p class="totop"><a href="#summary">back to summary</a></p>
<h3 id="m60">runner.Runner$AllureReport#runScenario</h3><table class="result"><tr class="param"><th>Parameter #1</th><th>Parameter #2</th></tr><tr class="param stripe"><td>&quot;Validate admin able to  update class with valid data  in all fields in edit class&quot;</td><td>&quot;Edit Class Validation&quot;</td></tr><tr><th colspan="2">Exception</th></tr><tr><td colspan="2"><div class="stacktrace">java.lang.NullPointerException: Cannot invoke &quot;org.openqa.selenium.WebDriver.get(String)&quot; because &quot;this.driver&quot; is null
	at pages.ClassPage.homepage(ClassPage.java:98)
	at stepDefinition.EditClass_SD.admin_is_in_edit_class_detail_popup_window_in_edit_class(EditClass_SD.java:24)
	at ✽.Admin is in  Edit class detail popup window in edit class(file:///C:/Users/amitf/eclipse-workspace/LMSHackathon_Phase2/src/test/resources/Features/EditClass.feature:3)
</div></td></tr></table><p class="totop"><a href="#summary">back to summary</a></p>
<h3 id="m61">runner.Runner$AllureReport#runScenario</h3><table class="result"><tr class="param"><th>Parameter #1</th><th>Parameter #2</th></tr><tr class="param stripe"><td>&quot;Verify order of the label in attendance details page&quot;</td><td>&quot;Attendance details popup window verification&quot;</td></tr><tr><th colspan="2">Exception</th></tr><tr><td colspan="2"><div class="stacktrace">java.lang.NullPointerException: Cannot invoke &quot;org.openqa.selenium.WebDriver.get(String)&quot; because &quot;this.driver&quot; is null
	at pages.ClassPage.homepage(ClassPage.java:98)
	at stepDefinition.Attendancedetailspopup_SD.admin_is_on_manage_attendance_page_in_attendance(Attendancedetailspopup_SD.java:30)
	at ✽.Admin is on manage attendance page in attendance(file:///C:/Users/amitf/eclipse-workspace/LMSHackathon_Phase2/src/test/resources/Features/Attendancedetailspopup.feature:59)
</div></td></tr></table><p class="totop"><a href="#summary">back to summary</a></p>
<h3 id="m62">runner.Runner$AllureReport#runScenario</h3><table class="result"><tr class="param"><th>Parameter #1</th><th>Parameter #2</th></tr><tr class="param stripe"><td>&quot;Verify the text spelling in the Manage Class Page&quot;</td><td>&quot;Manage Class Page Verification&quot;</td></tr><tr><th colspan="2">Exception</th></tr><tr><td colspan="2"><div class="stacktrace">java.lang.NullPointerException: Cannot invoke &quot;org.openqa.selenium.WebDriver.get(String)&quot; because &quot;this.driver&quot; is null
	at pages.ClassPage.homepage(ClassPage.java:98)
	at stepDefinition.ManageClassPage_SD.admin_is_on_dashboard_page_after_login_in_class(ManageClassPage_SD.java:22)
	at ✽.Admin is on dashboard page after login in class(file:///C:/Users/amitf/eclipse-workspace/LMSHackathon_Phase2/src/test/resources/Features/ManageClass.feature:3)
</div></td></tr></table><p class="totop"><a href="#summary">back to summary</a></p>
<h3 id="m63">runner.Runner$AllureReport#runScenario</h3><table class="result"><tr class="param"><th>Parameter #1</th><th>Parameter #2</th></tr><tr class="param stripe"><td>&quot;Verify cancel button is present&quot;</td><td>&quot;Attendance details popup window verification&quot;</td></tr><tr><th colspan="2">Exception</th></tr><tr><td colspan="2"><div class="stacktrace">java.lang.NullPointerException: Cannot invoke &quot;org.openqa.selenium.WebDriver.get(String)&quot; because &quot;this.driver&quot; is null
	at pages.ClassPage.homepage(ClassPage.java:98)
	at stepDefinition.Attendancedetailspopup_SD.admin_is_on_manage_attendance_page_in_attendance(Attendancedetailspopup_SD.java:30)
	at ✽.Admin is on manage attendance page in attendance(file:///C:/Users/amitf/eclipse-workspace/LMSHackathon_Phase2/src/test/resources/Features/Attendancedetailspopup.feature:54)
</div></td></tr></table><p class="totop"><a href="#summary">back to summary</a></p>
<h3 id="m64">runner.Runner$AllureReport#runScenario</h3><table class="result"><tr class="param"><th>Parameter #1</th><th>Parameter #2</th></tr><tr class="param stripe"><td>&quot;Validate Search box function with non-existing batch id&quot;</td><td>&quot;Class detail pop up window verification&quot;</td></tr><tr><th colspan="2">Exception</th></tr><tr><td colspan="2"><div class="stacktrace">java.lang.NullPointerException: Cannot invoke &quot;org.openqa.selenium.WebDriver.get(String)&quot; because &quot;this.driver&quot; is null
	at pages.ClassPage.homepage(ClassPage.java:98)
	at stepDefinition.Classdetailspopup_SD.admin_is_on_manage_class_page_after_clicking_class_button_in_class(Classdetailspopup_SD.java:24)
	at ✽.Admin is on ManageClass page after clicking class button in class(file:///C:/Users/amitf/eclipse-workspace/LMSHackathon_Phase2/src/test/resources/Features/Classdetailpopupwindow.feature:3)
</div></td></tr></table><p class="totop"><a href="#summary">back to summary</a></p>
<h3 id="m65">runner.Runner$AllureReport#runScenario</h3><table class="result"><tr class="param"><th>Parameter #1</th><th>Parameter #2</th></tr><tr class="param stripe"><td>&quot;Validate admin able to  update class with valid data  in all fields in edit class&quot;</td><td>&quot;Edit Class Validation&quot;</td></tr><tr><th colspan="2">Exception</th></tr><tr><td colspan="2"><div class="stacktrace">java.lang.NullPointerException: Cannot invoke &quot;org.openqa.selenium.WebDriver.get(String)&quot; because &quot;this.driver&quot; is null
	at pages.ClassPage.homepage(ClassPage.java:98)
	at stepDefinition.EditClass_SD.admin_is_in_edit_class_detail_popup_window_in_edit_class(EditClass_SD.java:24)
	at ✽.Admin is in  Edit class detail popup window in edit class(file:///C:/Users/amitf/eclipse-workspace/LMSHackathon_Phase2/src/test/resources/Features/EditClass.feature:3)
</div></td></tr></table><p class="totop"><a href="#summary">back to summary</a></p>
<h3 id="m66">runner.Runner$AllureReport#runScenario</h3><table class="result"><tr class="param"><th>Parameter #1</th><th>Parameter #2</th></tr><tr class="param stripe"><td>&quot;Verify Delete icon when no data in table&quot;</td><td>&quot;Manage Class Page Verification&quot;</td></tr><tr><th colspan="2">Exception</th></tr><tr><td colspan="2"><div class="stacktrace">java.lang.NullPointerException: Cannot invoke &quot;org.openqa.selenium.WebDriver.get(String)&quot; because &quot;this.driver&quot; is null
	at pages.ClassPage.homepage(ClassPage.java:98)
	at stepDefinition.ManageClassPage_SD.admin_is_on_dashboard_page_after_login_in_class(ManageClassPage_SD.java:22)
	at ✽.Admin is on dashboard page after login in class(file:///C:/Users/amitf/eclipse-workspace/LMSHackathon_Phase2/src/test/resources/Features/ManageClass.feature:3)
</div></td></tr></table><p class="totop"><a href="#summary">back to summary</a></p>
<h3 id="m67">runner.Runner$AllureReport#runScenario</h3><table class="result"><tr class="param"><th>Parameter #1</th><th>Parameter #2</th></tr><tr class="param stripe"><td>&quot;Validate admin able to  update class with valid data  in all fields in edit class&quot;</td><td>&quot;Edit Class Validation&quot;</td></tr><tr><th colspan="2">Exception</th></tr><tr><td colspan="2"><div class="stacktrace">java.lang.NullPointerException: Cannot invoke &quot;org.openqa.selenium.WebDriver.get(String)&quot; because &quot;this.driver&quot; is null
	at pages.ClassPage.homepage(ClassPage.java:98)
	at stepDefinition.EditClass_SD.admin_is_in_edit_class_detail_popup_window_in_edit_class(EditClass_SD.java:24)
	at ✽.Admin is in  Edit class detail popup window in edit class(file:///C:/Users/amitf/eclipse-workspace/LMSHackathon_Phase2/src/test/resources/Features/EditClass.feature:3)
</div></td></tr></table><p class="totop"><a href="#summary">back to summary</a></p>
<h3 id="m68">runner.Runner$AllureReport#runScenario</h3><table class="result"><tr class="param"><th>Parameter #1</th><th>Parameter #2</th></tr><tr class="param stripe"><td>&quot;Verify dropdown box is present&quot;</td><td>&quot;Attendance details popup window verification&quot;</td></tr><tr><th colspan="2">Exception</th></tr><tr><td colspan="2"><div class="stacktrace">java.lang.NullPointerException: Cannot invoke &quot;org.openqa.selenium.WebDriver.get(String)&quot; because &quot;this.driver&quot; is null
	at pages.ClassPage.homepage(ClassPage.java:98)
	at stepDefinition.Attendancedetailspopup_SD.admin_is_on_manage_attendance_page_in_attendance(Attendancedetailspopup_SD.java:30)
	at ✽.Admin is on manage attendance page in attendance(file:///C:/Users/amitf/eclipse-workspace/LMSHackathon_Phase2/src/test/resources/Features/Attendancedetailspopup.feature:9)
</div></td></tr></table><p class="totop"><a href="#summary">back to summary</a></p>
<h3 id="m69">runner.Runner$AllureReport#runScenario</h3><table class="result"><tr class="param"><th>Parameter #1</th><th>Parameter #2</th></tr><tr class="param stripe"><td>&quot;Verify admin is able to navigate from manage attendance to user page in attendance&quot;</td><td>&quot;Unknown&quot;</td></tr><tr><th colspan="2">Exception</th></tr><tr><td colspan="2"><div class="stacktrace">java.lang.IllegalArgumentException: Test name must not be null or empty
	at com.aventstack.extentreports.util.Assert.notEmpty(Assert.java:12)
	at com.aventstack.extentreports.ExtentTest.&lt;init&gt;(ExtentTest.java:96)
	at com.aventstack.extentreports.ExtentReports.createTest(ExtentReports.java:105)
	at com.aventstack.extentreports.cucumber.adapter.ExtentCucumberAdapter.createFeature(ExtentCucumberAdapter.java:329)
	at com.aventstack.extentreports.cucumber.adapter.ExtentCucumberAdapter.handleStartOfFeature(ExtentCucumberAdapter.java:307)
	at com.aventstack.extentreports.cucumber.adapter.ExtentCucumberAdapter.handleTestCaseStarted(ExtentCucumberAdapter.java:161)
	at com.aventstack.extentreports.cucumber.adapter.ExtentCucumberAdapter$3.receive(ExtentCucumberAdapter.java:107)
	at com.aventstack.extentreports.cucumber.adapter.ExtentCucumberAdapter$3.receive(ExtentCucumberAdapter.java:104)
	at io.cucumber.core.eventbus.AbstractEventPublisher.send(AbstractEventPublisher.java:51)
	at io.cucumber.core.eventbus.AbstractEventBus.send(AbstractEventBus.java:12)
	at io.cucumber.core.runtime.SynchronizedEventBus.send(SynchronizedEventBus.java:47)
	at io.cucumber.core.runtime.ThreadLocalRunnerSupplier$LocalEventBus.send(ThreadLocalRunnerSupplier.java:62)
	at io.cucumber.core.runner.TestCase.emitTestCaseStarted(TestCase.java:206)
	at io.cucumber.core.runner.TestCase.run(TestCase.java:72)
	at io.cucumber.core.runner.Runner.runPickle(Runner.java:75)
	at io.cucumber.testng.TestNGCucumberRunner.lambda$runScenario$1(TestNGCucumberRunner.java:132)
	at io.cucumber.core.runtime.CucumberExecutionContext.lambda$runTestCase$5(CucumberExecutionContext.java:137)
	at io.cucumber.core.runtime.RethrowingThrowableCollector.executeAndThrow(RethrowingThrowableCollector.java:23)
	at io.cucumber.core.runtime.CucumberExecutionContext.runTestCase(CucumberExecutionContext.java:137)
	at io.cucumber.testng.TestNGCucumberRunner.runScenario(TestNGCucumberRunner.java:129)
	at io.cucumber.testng.AbstractTestNGCucumberTests.runScenario(AbstractTestNGCucumberTests.java:35)
	at jdk.internal.reflect.GeneratedMethodAccessor21.invoke(Unknown Source)
	at java.base/jdk.internal.reflect.DelegatingMethodAccessorImpl.invoke(DelegatingMethodAccessorImpl.java:43)
	at java.base/java.lang.reflect.Method.invoke(Method.java:568)
	at org.testng.internal.MethodInvocationHelper.invokeMethod(MethodInvocationHelper.java:133)
	at org.testng.internal.TestInvoker.invokeMethod(TestInvoker.java:598)
	at org.testng.internal.TestInvoker.invokeTestMethod(TestInvoker.java:173)
	at org.testng.internal.MethodRunner.runInSequence(MethodRunner.java:46)
	at org.testng.internal.TestInvoker$MethodInvocationAgent.invoke(TestInvoker.java:824)
	at org.testng.internal.TestInvoker.invokeTestMethods(TestInvoker.java:146)
	at org.testng.internal.TestMethodWorker.invokeTestMethods(TestMethodWorker.java:146)
	at org.testng.internal.TestMethodWorker.run(TestMethodWorker.java:128)
	at java.base/java.util.ArrayList.forEach(ArrayList.java:1511)
	at org.testng.TestRunner.privateRun(TestRunner.java:794)
	at org.testng.TestRunner.run(TestRunner.java:596)
	at org.testng.SuiteRunner.runTest(SuiteRunner.java:377)
	at org.testng.SuiteRunner.runSequentially(SuiteRunner.java:371)
	at org.testng.SuiteRunner.privateRun(SuiteRunner.java:332)
	at org.testng.SuiteRunner.run(SuiteRunner.java:276)
	at org.testng.SuiteRunnerWorker.runSuite(SuiteRunnerWorker.java:53)
	at org.testng.SuiteRunnerWorker.run(SuiteRunnerWorker.java:96)
	at org.testng.TestNG.runSuitesSequentially(TestNG.java:1212)
	at org.testng.TestNG.runSuitesLocally(TestNG.java:1134)
	at org.testng.TestNG.runSuites(TestNG.java:1063)
	at org.testng.TestNG.run(TestNG.java:1031)
	at org.testng.remote.AbstractRemoteTestNG.run(AbstractRemoteTestNG.java:115)
	at org.testng.remote.RemoteTestNG.initAndRun(RemoteTestNG.java:251)
	at org.testng.remote.RemoteTestNG.main(RemoteTestNG.java:77)
</div></td></tr></table><p class="totop"><a href="#summary">back to summary</a></p>
<h3 id="m70">runner.Runner$AllureReport#runScenario</h3><table class="result"><tr class="param"><th>Parameter #1</th><th>Parameter #2</th></tr><tr class="param stripe"><td>&quot;validate date picker should be correct format&quot;</td><td>&quot;Add New Class&quot;</td></tr><tr><th colspan="2">Exception</th></tr><tr><td colspan="2"><div class="stacktrace">java.lang.NullPointerException: Cannot invoke &quot;org.openqa.selenium.WebDriver.get(String)&quot; because &quot;this.driver&quot; is null
	at pages.ClassPage.homepage(ClassPage.java:98)
	at stepDefinition.AddNewClass_SD.admin_is_in_class_detail_popup_window_in_class(AddNewClass_SD.java:27)
	at ✽.Admin is in class detail popup window in class(file:///C:/Users/amitf/eclipse-workspace/LMSHackathon_Phase2/src/test/resources/Features/AddNewClass.feature:3)
</div></td></tr></table><p class="totop"><a href="#summary">back to summary</a></p>
<h3 id="m71">runner.Runner$AllureReport#runScenario</h3><table class="result"><tr class="param"><th>Parameter #1</th><th>Parameter #2</th></tr><tr class="param stripe"><td>&quot;Validate cancel button function in class details popup window&quot;</td><td>&quot;Add New Class&quot;</td></tr><tr><th colspan="2">Exception</th></tr><tr><td colspan="2"><div class="stacktrace">java.lang.NullPointerException: Cannot invoke &quot;org.openqa.selenium.WebDriver.get(String)&quot; because &quot;this.driver&quot; is null
	at pages.ClassPage.homepage(ClassPage.java:98)
	at stepDefinition.AddNewClass_SD.admin_is_in_class_detail_popup_window_in_class(AddNewClass_SD.java:27)
	at ✽.Admin is in class detail popup window in class(file:///C:/Users/amitf/eclipse-workspace/LMSHackathon_Phase2/src/test/resources/Features/AddNewClass.feature:3)
</div></td></tr></table><p class="totop"><a href="#summary">back to summary</a></p>
<h3 id="m72">runner.Runner$AllureReport#runScenario</h3><table class="result"><tr class="param"><th>Parameter #1</th><th>Parameter #2</th></tr><tr class="param stripe"><td>&quot;Verify adminshould able to do logout function from manage attendance in attendance&quot;</td><td>&quot;Unknown&quot;</td></tr><tr><th colspan="2">Exception</th></tr><tr><td colspan="2"><div class="stacktrace">java.lang.IllegalArgumentException: Test name must not be null or empty
	at com.aventstack.extentreports.util.Assert.notEmpty(Assert.java:12)
	at com.aventstack.extentreports.ExtentTest.&lt;init&gt;(ExtentTest.java:96)
	at com.aventstack.extentreports.ExtentReports.createTest(ExtentReports.java:105)
	at com.aventstack.extentreports.cucumber.adapter.ExtentCucumberAdapter.createFeature(ExtentCucumberAdapter.java:329)
	at com.aventstack.extentreports.cucumber.adapter.ExtentCucumberAdapter.handleStartOfFeature(ExtentCucumberAdapter.java:307)
	at com.aventstack.extentreports.cucumber.adapter.ExtentCucumberAdapter.handleTestCaseStarted(ExtentCucumberAdapter.java:161)
	at com.aventstack.extentreports.cucumber.adapter.ExtentCucumberAdapter$3.receive(ExtentCucumberAdapter.java:107)
	at com.aventstack.extentreports.cucumber.adapter.ExtentCucumberAdapter$3.receive(ExtentCucumberAdapter.java:104)
	at io.cucumber.core.eventbus.AbstractEventPublisher.send(AbstractEventPublisher.java:51)
	at io.cucumber.core.eventbus.AbstractEventBus.send(AbstractEventBus.java:12)
	at io.cucumber.core.runtime.SynchronizedEventBus.send(SynchronizedEventBus.java:47)
	at io.cucumber.core.runtime.ThreadLocalRunnerSupplier$LocalEventBus.send(ThreadLocalRunnerSupplier.java:62)
	at io.cucumber.core.runner.TestCase.emitTestCaseStarted(TestCase.java:206)
	at io.cucumber.core.runner.TestCase.run(TestCase.java:72)
	at io.cucumber.core.runner.Runner.runPickle(Runner.java:75)
	at io.cucumber.testng.TestNGCucumberRunner.lambda$runScenario$1(TestNGCucumberRunner.java:132)
	at io.cucumber.core.runtime.CucumberExecutionContext.lambda$runTestCase$5(CucumberExecutionContext.java:137)
	at io.cucumber.core.runtime.RethrowingThrowableCollector.executeAndThrow(RethrowingThrowableCollector.java:23)
	at io.cucumber.core.runtime.CucumberExecutionContext.runTestCase(CucumberExecutionContext.java:137)
	at io.cucumber.testng.TestNGCucumberRunner.runScenario(TestNGCucumberRunner.java:129)
	at io.cucumber.testng.AbstractTestNGCucumberTests.runScenario(AbstractTestNGCucumberTests.java:35)
	at jdk.internal.reflect.GeneratedMethodAccessor21.invoke(Unknown Source)
	at java.base/jdk.internal.reflect.DelegatingMethodAccessorImpl.invoke(DelegatingMethodAccessorImpl.java:43)
	at java.base/java.lang.reflect.Method.invoke(Method.java:568)
	at org.testng.internal.MethodInvocationHelper.invokeMethod(MethodInvocationHelper.java:133)
	at org.testng.internal.TestInvoker.invokeMethod(TestInvoker.java:598)
	at org.testng.internal.TestInvoker.invokeTestMethod(TestInvoker.java:173)
	at org.testng.internal.MethodRunner.runInSequence(MethodRunner.java:46)
	at org.testng.internal.TestInvoker$MethodInvocationAgent.invoke(TestInvoker.java:824)
	at org.testng.internal.TestInvoker.invokeTestMethods(TestInvoker.java:146)
	at org.testng.internal.TestMethodWorker.invokeTestMethods(TestMethodWorker.java:146)
	at org.testng.internal.TestMethodWorker.run(TestMethodWorker.java:128)
	at java.base/java.util.ArrayList.forEach(ArrayList.java:1511)
	at org.testng.TestRunner.privateRun(TestRunner.java:794)
	at org.testng.TestRunner.run(TestRunner.java:596)
	at org.testng.SuiteRunner.runTest(SuiteRunner.java:377)
	at org.testng.SuiteRunner.runSequentially(SuiteRunner.java:371)
	at org.testng.SuiteRunner.privateRun(SuiteRunner.java:332)
	at org.testng.SuiteRunner.run(SuiteRunner.java:276)
	at org.testng.SuiteRunnerWorker.runSuite(SuiteRunnerWorker.java:53)
	at org.testng.SuiteRunnerWorker.run(SuiteRunnerWorker.java:96)
	at org.testng.TestNG.runSuitesSequentially(TestNG.java:1212)
	at org.testng.TestNG.runSuitesLocally(TestNG.java:1134)
	at org.testng.TestNG.runSuites(TestNG.java:1063)
	at org.testng.TestNG.run(TestNG.java:1031)
	at org.testng.remote.AbstractRemoteTestNG.run(AbstractRemoteTestNG.java:115)
	at org.testng.remote.RemoteTestNG.initAndRun(RemoteTestNG.java:251)
	at org.testng.remote.RemoteTestNG.main(RemoteTestNG.java:77)
</div></td></tr></table><p class="totop"><a href="#summary">back to summary</a></p>
<h3 id="m73">runner.Runner$AllureReport#runScenario</h3><table class="result"><tr class="param"><th>Parameter #1</th><th>Parameter #2</th></tr><tr class="param stripe"><td>&quot;Validate cancel button function in Edit class details popup window with values in field in edit class&quot;</td><td>&quot;Edit Class Validation&quot;</td></tr><tr><th colspan="2">Exception</th></tr><tr><td colspan="2"><div class="stacktrace">java.lang.NullPointerException: Cannot invoke &quot;org.openqa.selenium.WebDriver.get(String)&quot; because &quot;this.driver&quot; is null
	at pages.ClassPage.homepage(ClassPage.java:98)
	at stepDefinition.EditClass_SD.admin_is_in_edit_class_detail_popup_window_in_edit_class(EditClass_SD.java:24)
	at ✽.Admin is in  Edit class detail popup window in edit class(file:///C:/Users/amitf/eclipse-workspace/LMSHackathon_Phase2/src/test/resources/Features/EditClass.feature:3)
</div></td></tr></table><p class="totop"><a href="#summary">back to summary</a></p>
<h3 id="m74">runner.Runner$AllureReport#runScenario</h3><table class="result"><tr class="param"><th>Parameter #1</th><th>Parameter #2</th></tr><tr class="param stripe"><td>&quot;Validate number of entries displayed&quot;</td><td>&quot;Manage Class Page Verification&quot;</td></tr><tr><th colspan="2">Exception</th></tr><tr><td colspan="2"><div class="stacktrace">java.lang.NullPointerException: Cannot invoke &quot;org.openqa.selenium.WebDriver.get(String)&quot; because &quot;this.driver&quot; is null
	at pages.ClassPage.homepage(ClassPage.java:98)
	at stepDefinition.ManageClassPage_SD.admin_is_on_dashboard_page_after_login_in_class(ManageClassPage_SD.java:22)
	at ✽.Admin is on dashboard page after login in class(file:///C:/Users/amitf/eclipse-workspace/LMSHackathon_Phase2/src/test/resources/Features/ManageClass.feature:3)
</div></td></tr></table><p class="totop"><a href="#summary">back to summary</a></p>
<h3 id="m75">runner.Runner$AllureReport#runScenario</h3><table class="result"><tr class="param"><th>Parameter #1</th><th>Parameter #2</th></tr><tr class="param stripe"><td>&quot;Verify reject enabled in alert in class&quot;</td><td>&quot;Delete Class Validation&quot;</td></tr><tr><th colspan="2">Exception</th></tr><tr><td colspan="2"><div class="stacktrace">java.lang.NullPointerException: Cannot invoke &quot;org.openqa.selenium.WebDriver.get(String)&quot; because &quot;this.driver&quot; is null
	at pages.ClassPage.homepage(ClassPage.java:98)
	at stepDefinition.DeleteClass_SD.admin_is_in_manage_class_page_in_class(DeleteClass_SD.java:26)
	at ✽.Admin is in Manage class page in class(file:///C:/Users/amitf/eclipse-workspace/LMSHackathon_Phase2/src/test/resources/Features/DeleteClass.feature:15)
</div></td></tr></table><p class="totop"><a href="#summary">back to summary</a></p>
<h3 id="m76">runner.Runner$AllureReport#runScenario</h3><table class="result"><tr class="param"><th>Parameter #1</th><th>Parameter #2</th></tr><tr class="param stripe"><td>&quot;Verify drop down list for Staff Id  in class details popup window&quot;</td><td>&quot;Class detail pop up window verification&quot;</td></tr><tr><th colspan="2">Exception</th></tr><tr><td colspan="2"><div class="stacktrace">java.lang.NullPointerException: Cannot invoke &quot;org.openqa.selenium.WebDriver.get(String)&quot; because &quot;this.driver&quot; is null
	at pages.ClassPage.homepage(ClassPage.java:98)
	at stepDefinition.Classdetailspopup_SD.admin_is_on_manage_class_page_after_clicking_class_button_in_class(Classdetailspopup_SD.java:24)
	at ✽.Admin is on ManageClass page after clicking class button in class(file:///C:/Users/amitf/eclipse-workspace/LMSHackathon_Phase2/src/test/resources/Features/Classdetailpopupwindow.feature:3)
</div></td></tr></table><p class="totop"><a href="#summary">back to summary</a></p>
<h3 id="m77">runner.Runner$AllureReport#runScenario</h3><table class="result"><tr class="param"><th>Parameter #1</th><th>Parameter #2</th></tr><tr class="param stripe"><td>&quot;Validate left arrow in data picker to navigate to previous month&quot;</td><td>&quot;Add New Class&quot;</td></tr><tr><th colspan="2">Exception</th></tr><tr><td colspan="2"><div class="stacktrace">java.lang.NullPointerException: Cannot invoke &quot;org.openqa.selenium.WebDriver.get(String)&quot; because &quot;this.driver&quot; is null
	at pages.ClassPage.homepage(ClassPage.java:98)
	at stepDefinition.AddNewClass_SD.admin_is_in_class_detail_popup_window_in_class(AddNewClass_SD.java:27)
	at ✽.Admin is in class detail popup window in class(file:///C:/Users/amitf/eclipse-workspace/LMSHackathon_Phase2/src/test/resources/Features/AddNewClass.feature:3)
</div></td></tr></table><p class="totop"><a href="#summary">back to summary</a></p>
<h3 id="m78">runner.Runner$AllureReport#runScenario</h3><table class="result"><tr class="param"><th>Parameter #1</th><th>Parameter #2</th></tr><tr class="param stripe"><td>&quot;Validate Search box function by entering non-existing staff id&quot;</td><td>&quot;Class detail pop up window verification&quot;</td></tr><tr><th colspan="2">Exception</th></tr><tr><td colspan="2"><div class="stacktrace">java.lang.NullPointerException: Cannot invoke &quot;org.openqa.selenium.WebDriver.get(String)&quot; because &quot;this.driver&quot; is null
	at pages.ClassPage.homepage(ClassPage.java:98)
	at stepDefinition.Classdetailspopup_SD.admin_is_on_manage_class_page_after_clicking_class_button_in_class(Classdetailspopup_SD.java:24)
	at ✽.Admin is on ManageClass page after clicking class button in class(file:///C:/Users/amitf/eclipse-workspace/LMSHackathon_Phase2/src/test/resources/Features/Classdetailpopupwindow.feature:3)
</div></td></tr></table><p class="totop"><a href="#summary">back to summary</a></p>
<h3 id="m79">runner.Runner$AllureReport#runScenario</h3><table class="result"><tr class="param"><th>Parameter #1</th><th>Parameter #2</th></tr><tr class="param stripe"><td>&quot;Verify reject alert in delete multiple attendance by selecting single checkbox&quot;</td><td>&quot;Delete Attendance Validation&quot;</td></tr><tr><th colspan="2">Exception</th></tr><tr><td colspan="2"><div class="stacktrace">java.lang.NullPointerException: Cannot invoke &quot;org.openqa.selenium.SearchContext.findElements(org.openqa.selenium.By)&quot; because &quot;this.searchContext&quot; is null
	at org.openqa.selenium.support.pagefactory.DefaultElementLocator.findElements(DefaultElementLocator.java:83)
	at org.openqa.selenium.support.pagefactory.internal.LocatingElementListHandler.invoke(LocatingElementListHandler.java:36)
	at jdk.proxy2/jdk.proxy2.$Proxy24.iterator(Unknown Source)
	at pages.DeleteAttendancePage.clickcheckbox(DeleteAttendancePage.java:151)
	at stepDefinition.DeleteAttendance_SD.admin_is_in_delete_alert_after_clicks_delete_button_under_header_after_selecting_the_check_box_in_attendance(DeleteAttendance_SD.java:116)
	at ✽.Admin is in delete alert after clicks delete button under header after selecting the check box in attendance(file:///C:/Users/amitf/eclipse-workspace/LMSHackathon_Phase2/src/test/resources/Features/DeleteAttendance.feature:48)
</div></td></tr></table><p class="totop"><a href="#summary">back to summary</a></p>
<h3 id="m80">runner.Runner$AllureReport#runScenario</h3><table class="result"><tr class="param"><th>Parameter #1</th><th>Parameter #2</th></tr><tr class="param stripe"><td>&quot;Validate admin able to  update  class with invalid data  in optional fields in edit class&quot;</td><td>&quot;Edit Class Validation&quot;</td></tr><tr><th colspan="2">Exception</th></tr><tr><td colspan="2"><div class="stacktrace">java.lang.NullPointerException: Cannot invoke &quot;org.openqa.selenium.WebDriver.get(String)&quot; because &quot;this.driver&quot; is null
	at pages.ClassPage.homepage(ClassPage.java:98)
	at stepDefinition.EditClass_SD.admin_is_in_edit_class_detail_popup_window_in_edit_class(EditClass_SD.java:24)
	at ✽.Admin is in  Edit class detail popup window in edit class(file:///C:/Users/amitf/eclipse-workspace/LMSHackathon_Phase2/src/test/resources/Features/EditClass.feature:3)
</div></td></tr></table><p class="totop"><a href="#summary">back to summary</a></p>
<h3 id="m81">runner.Runner$AllureReport#runScenario</h3><table class="result"><tr class="param"><th>Parameter #1</th><th>Parameter #2</th></tr><tr class="param stripe"><td>&quot;Validate admin able to update class missing staff id in edit class&quot;</td><td>&quot;Edit Class Validation&quot;</td></tr><tr><th colspan="2">Exception</th></tr><tr><td colspan="2"><div class="stacktrace">java.lang.NullPointerException: Cannot invoke &quot;org.openqa.selenium.WebDriver.get(String)&quot; because &quot;this.driver&quot; is null
	at pages.ClassPage.homepage(ClassPage.java:98)
	at stepDefinition.EditClass_SD.admin_is_in_edit_class_detail_popup_window_in_edit_class(EditClass_SD.java:24)
	at ✽.Admin is in  Edit class detail popup window in edit class(file:///C:/Users/amitf/eclipse-workspace/LMSHackathon_Phase2/src/test/resources/Features/EditClass.feature:3)
</div></td></tr></table><p class="totop"><a href="#summary">back to summary</a></p>
<h3 id="m82">runner.Runner$AllureReport#runScenario</h3><table class="result"><tr class="param"><th>Parameter #1</th><th>Parameter #2</th></tr><tr class="param stripe"><td>&quot;Validate Search box function with existing batch id&quot;</td><td>&quot;Class detail pop up window verification&quot;</td></tr><tr><th colspan="2">Exception</th></tr><tr><td colspan="2"><div class="stacktrace">java.lang.NullPointerException: Cannot invoke &quot;org.openqa.selenium.WebDriver.get(String)&quot; because &quot;this.driver&quot; is null
	at pages.ClassPage.homepage(ClassPage.java:98)
	at stepDefinition.Classdetailspopup_SD.admin_is_on_manage_class_page_after_clicking_class_button_in_class(Classdetailspopup_SD.java:24)
	at ✽.Admin is on ManageClass page after clicking class button in class(file:///C:/Users/amitf/eclipse-workspace/LMSHackathon_Phase2/src/test/resources/Features/Classdetailpopupwindow.feature:3)
</div></td></tr></table><p class="totop"><a href="#summary">back to summary</a></p>
<h3 id="m83">runner.Runner$AllureReport#runScenario</h3><table class="result"><tr class="param"><th>Parameter #1</th><th>Parameter #2</th></tr><tr class="param stripe"><td>&quot;Validate admin able to update  class missing No of Class in edit class&quot;</td><td>&quot;Edit Class Validation&quot;</td></tr><tr><th colspan="2">Exception</th></tr><tr><td colspan="2"><div class="stacktrace">java.lang.NullPointerException: Cannot invoke &quot;org.openqa.selenium.WebDriver.get(String)&quot; because &quot;this.driver&quot; is null
	at pages.ClassPage.homepage(ClassPage.java:98)
	at stepDefinition.EditClass_SD.admin_is_in_edit_class_detail_popup_window_in_edit_class(EditClass_SD.java:24)
	at ✽.Admin is in  Edit class detail popup window in edit class(file:///C:/Users/amitf/eclipse-workspace/LMSHackathon_Phase2/src/test/resources/Features/EditClass.feature:3)
</div></td></tr></table><p class="totop"><a href="#summary">back to summary</a></p>
<h3 id="m84">runner.Runner$AllureReport#runScenario</h3><table class="result"><tr class="param"><th>Parameter #1</th><th>Parameter #2</th></tr><tr class="param stripe"><td>&quot;Verify the text spelling in the Manage Class Page&quot;</td><td>&quot;Manage Class Page Verification&quot;</td></tr><tr><th colspan="2">Exception</th></tr><tr><td colspan="2"><div class="stacktrace">java.lang.NullPointerException: Cannot invoke &quot;org.openqa.selenium.WebDriver.get(String)&quot; because &quot;this.driver&quot; is null
	at pages.ClassPage.homepage(ClassPage.java:98)
	at stepDefinition.ManageClassPage_SD.admin_is_on_dashboard_page_after_login_in_class(ManageClassPage_SD.java:22)
	at ✽.Admin is on dashboard page after login in class(file:///C:/Users/amitf/eclipse-workspace/LMSHackathon_Phase2/src/test/resources/Features/ManageClass.feature:3)
</div></td></tr></table><p class="totop"><a href="#summary">back to summary</a></p>
<h3 id="m85">runner.Runner$AllureReport#runScenario</h3><table class="result"><tr class="param"><th>Parameter #1</th><th>Parameter #2</th></tr><tr class="param stripe"><td>&quot;Verify the text spelling in the Manage Class Page&quot;</td><td>&quot;Manage Class Page Verification&quot;</td></tr><tr><th colspan="2">Exception</th></tr><tr><td colspan="2"><div class="stacktrace">java.lang.NullPointerException: Cannot invoke &quot;org.openqa.selenium.WebDriver.get(String)&quot; because &quot;this.driver&quot; is null
	at pages.ClassPage.homepage(ClassPage.java:98)
	at stepDefinition.ManageClassPage_SD.admin_is_on_dashboard_page_after_login_in_class(ManageClassPage_SD.java:22)
	at ✽.Admin is on dashboard page after login in class(file:///C:/Users/amitf/eclipse-workspace/LMSHackathon_Phase2/src/test/resources/Features/ManageClass.feature:3)
</div></td></tr></table><p class="totop"><a href="#summary">back to summary</a></p>
<h3 id="m86">runner.Runner$AllureReport#runScenario</h3><table class="result"><tr class="param"><th>Parameter #1</th><th>Parameter #2</th></tr><tr class="param stripe"><td>&quot;Verify right arrow is enable when sheet two is displayed in data table when entries are more than 10 in attendance&quot;</td><td>&quot;Pagination in manage attendance&quot;</td></tr><tr><th colspan="2">Exception</th></tr><tr><td colspan="2"><div class="stacktrace">java.lang.NullPointerException: Cannot invoke &quot;org.openqa.selenium.WebDriver.get(String)&quot; because &quot;this.driver&quot; is null
	at pages.DeleteAttendancePage.homepage(DeleteAttendancePage.java:80)
	at stepDefinition.Paginationmanageattendance_SD.admin_is_logged_into_homepage_in_attendance(Paginationmanageattendance_SD.java:21)
	at ✽.Admin is logged into homepage in attendance(file:///C:/Users/amitf/eclipse-workspace/LMSHackathon_Phase2/src/test/resources/Features/Paginationinmanageattendance.feature:3)
</div></td></tr></table><p class="totop"><a href="#summary">back to summary</a></p>
<h3 id="m87">runner.Runner$AllureReport#runScenario</h3><table class="result"><tr class="param"><th>Parameter #1</th><th>Parameter #2</th></tr><tr class="param stripe"><td>&quot;Verify the text on second dropdown select class  name&quot;</td><td>&quot;Attendance details popup window verification&quot;</td></tr><tr><th colspan="2">Exception</th></tr><tr><td colspan="2"><div class="stacktrace">java.lang.NullPointerException: Cannot invoke &quot;org.openqa.selenium.WebDriver.get(String)&quot; because &quot;this.driver&quot; is null
	at pages.ClassPage.homepage(ClassPage.java:98)
	at stepDefinition.Attendancedetailspopup_SD.admin_is_on_manage_attendance_page_in_attendance(Attendancedetailspopup_SD.java:30)
	at ✽.Admin is on manage attendance page in attendance(file:///C:/Users/amitf/eclipse-workspace/LMSHackathon_Phase2/src/test/resources/Features/Attendancedetailspopup.feature:29)
</div></td></tr></table><p class="totop"><a href="#summary">back to summary</a></p>
<h3 id="m88">runner.Runner$AllureReport#runScenario</h3><table class="result"><tr class="param"><th>Parameter #1</th><th>Parameter #2</th></tr><tr class="param stripe"><td>&quot;Validate current date is highlighted in the date picker&quot;</td><td>&quot;Add New Class&quot;</td></tr><tr><th colspan="2">Exception</th></tr><tr><td colspan="2"><div class="stacktrace">java.lang.NullPointerException: Cannot invoke &quot;org.openqa.selenium.WebDriver.get(String)&quot; because &quot;this.driver&quot; is null
	at pages.ClassPage.homepage(ClassPage.java:98)
	at stepDefinition.AddNewClass_SD.admin_is_in_class_detail_popup_window_in_class(AddNewClass_SD.java:27)
	at ✽.Admin is in class detail popup window in class(file:///C:/Users/amitf/eclipse-workspace/LMSHackathon_Phase2/src/test/resources/Features/AddNewClass.feature:3)
</div></td></tr></table><p class="totop"><a href="#summary">back to summary</a></p>
<h3 id="m89">runner.Runner$AllureReport#runScenario</h3><table class="result"><tr class="param"><th>Parameter #1</th><th>Parameter #2</th></tr><tr class="param stripe"><td>&quot;Verify  accept enabled in alert in class&quot;</td><td>&quot;Delete Class Validation&quot;</td></tr><tr><th colspan="2">Exception</th></tr><tr><td colspan="2"><div class="stacktrace">java.lang.NullPointerException: Cannot invoke &quot;org.openqa.selenium.WebDriver.get(String)&quot; because &quot;this.driver&quot; is null
	at pages.ClassPage.homepage(ClassPage.java:98)
	at stepDefinition.DeleteClass_SD.admin_is_in_manage_class_page_in_class(DeleteClass_SD.java:26)
	at ✽.Admin is in Manage class page in class(file:///C:/Users/amitf/eclipse-workspace/LMSHackathon_Phase2/src/test/resources/Features/DeleteClass.feature:10)
</div></td></tr></table><p class="totop"><a href="#summary">back to summary</a></p>
<h3 id="m90">runner.Runner$AllureReport#runScenario</h3><table class="result"><tr class="param"><th>Parameter #1</th><th>Parameter #2</th></tr><tr class="param stripe"><td>&quot;Validate Search box function by entering non-existing class no&quot;</td><td>&quot;Class detail pop up window verification&quot;</td></tr><tr><th colspan="2">Exception</th></tr><tr><td colspan="2"><div class="stacktrace">java.lang.NullPointerException: Cannot invoke &quot;org.openqa.selenium.WebDriver.get(String)&quot; because &quot;this.driver&quot; is null
	at pages.ClassPage.homepage(ClassPage.java:98)
	at stepDefinition.Classdetailspopup_SD.admin_is_on_manage_class_page_after_clicking_class_button_in_class(Classdetailspopup_SD.java:24)
	at ✽.Admin is on ManageClass page after clicking class button in class(file:///C:/Users/amitf/eclipse-workspace/LMSHackathon_Phase2/src/test/resources/Features/Classdetailpopupwindow.feature:3)
</div></td></tr></table><p class="totop"><a href="#summary">back to summary</a></p>
<h3 id="m91">runner.Runner$AllureReport#runScenario</h3><table class="result"><tr class="param"><th>Parameter #1</th><th>Parameter #2</th></tr><tr class="param stripe"><td>&quot;Validate admin able to update  class missing No of Class in edit class&quot;</td><td>&quot;Edit Class Validation&quot;</td></tr><tr><th colspan="2">Exception</th></tr><tr><td colspan="2"><div class="stacktrace">java.lang.NullPointerException: Cannot invoke &quot;org.openqa.selenium.WebDriver.get(String)&quot; because &quot;this.driver&quot; is null
	at pages.ClassPage.homepage(ClassPage.java:98)
	at stepDefinition.EditClass_SD.admin_is_in_edit_class_detail_popup_window_in_edit_class(EditClass_SD.java:24)
	at ✽.Admin is in  Edit class detail popup window in edit class(file:///C:/Users/amitf/eclipse-workspace/LMSHackathon_Phase2/src/test/resources/Features/EditClass.feature:3)
</div></td></tr></table><p class="totop"><a href="#summary">back to summary</a></p>
<h3 id="m92">runner.Runner$AllureReport#runScenario</h3><table class="result"><tr class="param"><th>Parameter #1</th><th>Parameter #2</th></tr><tr class="param stripe"><td>&quot;Validate admin able to  update  class with invalid data  in optional fields in edit class&quot;</td><td>&quot;Edit Class Validation&quot;</td></tr><tr><th colspan="2">Exception</th></tr><tr><td colspan="2"><div class="stacktrace">java.lang.NullPointerException: Cannot invoke &quot;org.openqa.selenium.WebDriver.get(String)&quot; because &quot;this.driver&quot; is null
	at pages.ClassPage.homepage(ClassPage.java:98)
	at stepDefinition.EditClass_SD.admin_is_in_edit_class_detail_popup_window_in_edit_class(EditClass_SD.java:24)
	at ✽.Admin is in  Edit class detail popup window in edit class(file:///C:/Users/amitf/eclipse-workspace/LMSHackathon_Phase2/src/test/resources/Features/EditClass.feature:3)
</div></td></tr></table><p class="totop"><a href="#summary">back to summary</a></p>
<h3 id="m93">runner.Runner$AllureReport#runScenario</h3><table class="result"><tr class="param"><th>Parameter #1</th><th>Parameter #2</th></tr><tr class="param stripe"><td>&quot;Validate accept in alert&quot;</td><td>&quot;Delete Attendance Validation&quot;</td></tr><tr><th colspan="2">Exception</th></tr><tr><td colspan="2"><div class="stacktrace">java.lang.NullPointerException: Cannot invoke &quot;org.openqa.selenium.WebDriver.get(String)&quot; because &quot;this.driver&quot; is null
	at pages.DeleteAttendancePage.homepage(DeleteAttendancePage.java:80)
	at stepDefinition.DeleteAttendance_SD.admin_is_in_delete_alert_after_clicking_on_delete_button_in_attendance(DeleteAttendance_SD.java:49)
	at ✽.Admin is in delete alert after clicking on delete button in attendance(file:///C:/Users/amitf/eclipse-workspace/LMSHackathon_Phase2/src/test/resources/Features/DeleteAttendance.feature:19)
</div></td></tr></table><p class="totop"><a href="#summary">back to summary</a></p>
<h3 id="m94">runner.Runner$AllureReport#runScenario</h3><table class="result"><tr class="param"><th>Parameter #1</th><th>Parameter #2</th></tr><tr class="param stripe"><td>&quot;Verify all the text inside the dropdown box is gray color&quot;</td><td>&quot;Attendance details popup window verification&quot;</td></tr><tr><th colspan="2">Exception</th></tr><tr><td colspan="2"><div class="stacktrace">java.lang.NullPointerException: Cannot invoke &quot;org.openqa.selenium.WebDriver.get(String)&quot; because &quot;this.driver&quot; is null
	at pages.ClassPage.homepage(ClassPage.java:98)
	at stepDefinition.Attendancedetailspopup_SD.admin_is_on_manage_attendance_page_in_attendance(Attendancedetailspopup_SD.java:30)
	at ✽.Admin is on manage attendance page in attendance(file:///C:/Users/amitf/eclipse-workspace/LMSHackathon_Phase2/src/test/resources/Features/Attendancedetailspopup.feature:44)
</div></td></tr></table><p class="totop"><a href="#summary">back to summary</a></p>
<h3 id="m95">runner.Runner$AllureReport#runScenario</h3><table class="result"><tr class="param"><th>Parameter #1</th><th>Parameter #2</th></tr><tr class="param stripe"><td>&quot;Verify accept alert in delete multiple attendance by selecting single checkbox&quot;</td><td>&quot;Delete Attendance Validation&quot;</td></tr><tr><th colspan="2">Exception</th></tr><tr><td colspan="2"><div class="stacktrace">java.lang.NullPointerException: Cannot invoke &quot;org.openqa.selenium.SearchContext.findElements(org.openqa.selenium.By)&quot; because &quot;this.searchContext&quot; is null
	at org.openqa.selenium.support.pagefactory.DefaultElementLocator.findElements(DefaultElementLocator.java:83)
	at org.openqa.selenium.support.pagefactory.internal.LocatingElementListHandler.invoke(LocatingElementListHandler.java:36)
	at jdk.proxy2/jdk.proxy2.$Proxy24.iterator(Unknown Source)
	at pages.DeleteAttendancePage.clickcheckbox(DeleteAttendancePage.java:151)
	at stepDefinition.DeleteAttendance_SD.admin_is_in_delete_alert_after_clicks_delete_button_under_header_after_selecting_the_check_box_in_attendance(DeleteAttendance_SD.java:116)
	at ✽.Admin is in delete alert after clicks delete button under header after selecting the check box in attendance(file:///C:/Users/amitf/eclipse-workspace/LMSHackathon_Phase2/src/test/resources/Features/DeleteAttendance.feature:43)
</div></td></tr></table><p class="totop"><a href="#summary">back to summary</a></p>
<h3 id="m96">runner.Runner$AllureReport#runScenario</h3><table class="result"><tr class="param"><th>Parameter #1</th><th>Parameter #2</th></tr><tr class="param stripe"><td>&quot;Validate admin able to update class missing Class Date in edit class&quot;</td><td>&quot;Edit Class Validation&quot;</td></tr><tr><th colspan="2">Exception</th></tr><tr><td colspan="2"><div class="stacktrace">java.lang.NullPointerException: Cannot invoke &quot;org.openqa.selenium.WebDriver.get(String)&quot; because &quot;this.driver&quot; is null
	at pages.ClassPage.homepage(ClassPage.java:98)
	at stepDefinition.EditClass_SD.admin_is_in_edit_class_detail_popup_window_in_edit_class(EditClass_SD.java:24)
	at ✽.Admin is in  Edit class detail popup window in edit class(file:///C:/Users/amitf/eclipse-workspace/LMSHackathon_Phase2/src/test/resources/Features/EditClass.feature:3)
</div></td></tr></table><p class="totop"><a href="#summary">back to summary</a></p>
<h3 id="m97">runner.Runner$AllureReport#runScenario</h3><table class="result"><tr class="param"><th>Parameter #1</th><th>Parameter #2</th></tr><tr class="param stripe"><td>&quot;Validate reject in alert in class&quot;</td><td>&quot;Delete Class Validation&quot;</td></tr><tr><th colspan="2">Exception</th></tr><tr><td colspan="2"><div class="stacktrace">java.lang.NullPointerException: Cannot invoke &quot;org.openqa.selenium.WebDriver.get(String)&quot; because &quot;this.driver&quot; is null
	at pages.ClassPage.homepage(ClassPage.java:98)
	at stepDefinition.DeleteClass_SD.admin_is_in_delete_alert_in_class(DeleteClass_SD.java:55)
	at ✽.Admin is in delete alert in class(file:///C:/Users/amitf/eclipse-workspace/LMSHackathon_Phase2/src/test/resources/Features/DeleteClass.feature:26)
</div></td></tr></table><p class="totop"><a href="#summary">back to summary</a></p>
<h3 id="m98">runner.Runner$AllureReport#runScenario</h3><table class="result"><tr class="param"><th>Parameter #1</th><th>Parameter #2</th></tr><tr class="param stripe"><td>&quot;Verify add new class button on class page&quot;</td><td>&quot;Manage Class Page Verification&quot;</td></tr><tr><th colspan="2">Exception</th></tr><tr><td colspan="2"><div class="stacktrace">java.lang.NullPointerException: Cannot invoke &quot;org.openqa.selenium.WebDriver.get(String)&quot; because &quot;this.driver&quot; is null
	at pages.ClassPage.homepage(ClassPage.java:98)
	at stepDefinition.ManageClassPage_SD.admin_is_on_dashboard_page_after_login_in_class(ManageClassPage_SD.java:22)
	at ✽.Admin is on dashboard page after login in class(file:///C:/Users/amitf/eclipse-workspace/LMSHackathon_Phase2/src/test/resources/Features/ManageClass.feature:3)
</div></td></tr></table><p class="totop"><a href="#summary">back to summary</a></p>
<h3 id="m99">runner.Runner$AllureReport#runScenario</h3><table class="result"><tr class="param"><th>Parameter #1</th><th>Parameter #2</th></tr><tr class="param stripe"><td>&quot;Verify for broken link&quot;</td><td>&quot;Manage Class Page Verification&quot;</td></tr><tr><th colspan="2">Exception</th></tr><tr><td colspan="2"><div class="stacktrace">java.lang.NullPointerException: Cannot invoke &quot;org.openqa.selenium.WebDriver.get(String)&quot; because &quot;this.driver&quot; is null
	at pages.ClassPage.homepage(ClassPage.java:98)
	at stepDefinition.ManageClassPage_SD.admin_is_on_dashboard_page_after_login_in_class(ManageClassPage_SD.java:22)
	at ✽.Admin is on dashboard page after login in class(file:///C:/Users/amitf/eclipse-workspace/LMSHackathon_Phase2/src/test/resources/Features/ManageClass.feature:3)
</div></td></tr></table><p class="totop"><a href="#summary">back to summary</a></p>
<h3 id="m100">runner.Runner$AllureReport#runScenario</h3><table class="result"><tr class="param"><th>Parameter #1</th><th>Parameter #2</th></tr><tr class="param stripe"><td>&quot;Validate attendance field dropdown all mandatory keywords&quot;</td><td>&quot;Attendance details popup window verification&quot;</td></tr><tr><th colspan="2">Exception</th></tr><tr><td colspan="2"><div class="stacktrace">java.lang.NullPointerException: Cannot invoke &quot;org.openqa.selenium.WebDriver.get(String)&quot; because &quot;this.driver&quot; is null
	at pages.ClassPage.homepage(ClassPage.java:98)
	at stepDefinition.Attendancedetailspopup_SD.admin_is_in_attendance_details_popup_window_in_attendance(Attendancedetailspopup_SD.java:143)
	at ✽.Admin is in  attendance details popup window in attendance(file:///C:/Users/amitf/eclipse-workspace/LMSHackathon_Phase2/src/test/resources/Features/Attendancedetailspopup.feature:74)
</div></td></tr></table><p class="totop"><a href="#summary">back to summary</a></p>
<h3 id="m101">runner.Runner$AllureReport#runScenario</h3><table class="result"><tr class="param"><th>Parameter #1</th><th>Parameter #2</th></tr><tr class="param stripe"><td>&quot;Verify the text spelling in the Manage Class Page&quot;</td><td>&quot;Manage Class Page Verification&quot;</td></tr><tr><th colspan="2">Exception</th></tr><tr><td colspan="2"><div class="stacktrace">java.lang.NullPointerException: Cannot invoke &quot;org.openqa.selenium.WebDriver.get(String)&quot; because &quot;this.driver&quot; is null
	at pages.ClassPage.homepage(ClassPage.java:98)
	at stepDefinition.ManageClassPage_SD.admin_is_on_dashboard_page_after_login_in_class(ManageClassPage_SD.java:22)
	at ✽.Admin is on dashboard page after login in class(file:///C:/Users/amitf/eclipse-workspace/LMSHackathon_Phase2/src/test/resources/Features/ManageClass.feature:3)
</div></td></tr></table><p class="totop"><a href="#summary">back to summary</a></p>
<h3 id="m102">runner.Runner$AllureReport#runScenario</h3><table class="result"><tr class="param"><th>Parameter #1</th><th>Parameter #2</th></tr><tr class="param stripe"><td>&quot;Validate all class name  is reflecting in the dropdown&quot;</td><td>&quot;Attendance details popup window verification&quot;</td></tr><tr><th colspan="2">Exception</th></tr><tr><td colspan="2"><div class="stacktrace">java.lang.NullPointerException: Cannot invoke &quot;org.openqa.selenium.WebDriver.get(String)&quot; because &quot;this.driver&quot; is null
	at pages.ClassPage.homepage(ClassPage.java:98)
	at stepDefinition.Attendancedetailspopup_SD.admin_is_in_attendance_details_popup_window_in_attendance(Attendancedetailspopup_SD.java:143)
	at ✽.Admin is in  attendance details popup window in attendance(file:///C:/Users/amitf/eclipse-workspace/LMSHackathon_Phase2/src/test/resources/Features/Attendancedetailspopup.feature:69)
</div></td></tr></table><p class="totop"><a href="#summary">back to summary</a></p>
<h3 id="m103">runner.Runner$AllureReport#runScenario</h3><table class="result"><tr class="param"><th>Parameter #1</th><th>Parameter #2</th></tr><tr class="param stripe"><td>&quot;Validate  admin able to update class passing past date in edit class&quot;</td><td>&quot;Edit Class Validation&quot;</td></tr><tr><th colspan="2">Exception</th></tr><tr><td colspan="2"><div class="stacktrace">java.lang.NullPointerException: Cannot invoke &quot;org.openqa.selenium.WebDriver.get(String)&quot; because &quot;this.driver&quot; is null
	at pages.ClassPage.homepage(ClassPage.java:98)
	at stepDefinition.EditClass_SD.admin_is_in_edit_class_detail_popup_window_in_edit_class(EditClass_SD.java:24)
	at ✽.Admin is in  Edit class detail popup window in edit class(file:///C:/Users/amitf/eclipse-workspace/LMSHackathon_Phase2/src/test/resources/Features/EditClass.feature:3)
</div></td></tr></table><p class="totop"><a href="#summary">back to summary</a></p>
<h3 id="m104">runner.Runner$AllureReport#runScenario</h3><table class="result"><tr class="param"><th>Parameter #1</th><th>Parameter #2</th></tr><tr class="param stripe"><td>&quot;verify tick mark is visible after clicking on check box for single data&quot;</td><td>&quot;Delete Attendance Validation&quot;</td></tr><tr><th colspan="2">Exception</th></tr><tr><td colspan="2"><div class="stacktrace">java.lang.NullPointerException: Cannot invoke &quot;org.openqa.selenium.WebDriver.get(String)&quot; because &quot;this.driver&quot; is null
	at pages.DeleteAttendancePage.homepage(DeleteAttendancePage.java:80)
	at stepDefinition.DeleteAttendance_SD.admin_is_on_the_manage_attendance_page_in_attendance(DeleteAttendance_SD.java:20)
	at ✽.Admin is on the manage attendance page in attendance(file:///C:/Users/amitf/eclipse-workspace/LMSHackathon_Phase2/src/test/resources/Features/DeleteAttendance.feature:33)
</div></td></tr></table><p class="totop"><a href="#summary">back to summary</a></p>
<h3 id="m105">runner.Runner$AllureReport#runScenario</h3><table class="result"><tr class="param"><th>Parameter #1</th><th>Parameter #2</th></tr><tr class="param stripe"><td>&quot;Verify the text spelling in the Manage Class Page&quot;</td><td>&quot;Manage Class Page Verification&quot;</td></tr><tr><th colspan="2">Exception</th></tr><tr><td colspan="2"><div class="stacktrace">java.lang.NullPointerException: Cannot invoke &quot;org.openqa.selenium.WebDriver.get(String)&quot; because &quot;this.driver&quot; is null
	at pages.ClassPage.homepage(ClassPage.java:98)
	at stepDefinition.ManageClassPage_SD.admin_is_on_dashboard_page_after_login_in_class(ManageClassPage_SD.java:22)
	at ✽.Admin is on dashboard page after login in class(file:///C:/Users/amitf/eclipse-workspace/LMSHackathon_Phase2/src/test/resources/Features/ManageClass.feature:3)
</div></td></tr></table><p class="totop"><a href="#summary">back to summary</a></p>
<h3 id="m106">runner.Runner$AllureReport#runScenario</h3><table class="result"><tr class="param"><th>Parameter #1</th><th>Parameter #2</th></tr><tr class="param stripe"><td>&quot;Validate admin able to  update class with valid data  in all fields in edit class&quot;</td><td>&quot;Edit Class Validation&quot;</td></tr><tr><th colspan="2">Exception</th></tr><tr><td colspan="2"><div class="stacktrace">java.lang.NullPointerException: Cannot invoke &quot;org.openqa.selenium.WebDriver.get(String)&quot; because &quot;this.driver&quot; is null
	at pages.ClassPage.homepage(ClassPage.java:98)
	at stepDefinition.EditClass_SD.admin_is_in_edit_class_detail_popup_window_in_edit_class(EditClass_SD.java:24)
	at ✽.Admin is in  Edit class detail popup window in edit class(file:///C:/Users/amitf/eclipse-workspace/LMSHackathon_Phase2/src/test/resources/Features/EditClass.feature:3)
</div></td></tr></table><p class="totop"><a href="#summary">back to summary</a></p>
<h3 id="m107">runner.Runner$AllureReport#runScenario</h3><table class="result"><tr class="param"><th>Parameter #1</th><th>Parameter #2</th></tr><tr class="param stripe"><td>&quot;Validate admin able to add new class missing No of Class&quot;</td><td>&quot;Add New Class&quot;</td></tr><tr><th colspan="2">Exception</th></tr><tr><td colspan="2"><div class="stacktrace">java.lang.NullPointerException: Cannot invoke &quot;org.openqa.selenium.WebDriver.get(String)&quot; because &quot;this.driver&quot; is null
	at pages.ClassPage.homepage(ClassPage.java:98)
	at stepDefinition.AddNewClass_SD.admin_is_in_class_detail_popup_window_in_class(AddNewClass_SD.java:27)
	at ✽.Admin is in class detail popup window in class(file:///C:/Users/amitf/eclipse-workspace/LMSHackathon_Phase2/src/test/resources/Features/AddNewClass.feature:3)
</div></td></tr></table><p class="totop"><a href="#summary">back to summary</a></p>
<h3 id="m108">runner.Runner$AllureReport#runScenario</h3><table class="result"><tr class="param"><th>Parameter #1</th><th>Parameter #2</th></tr><tr class="param stripe"><td>&quot;Validate admin able to  update class with invalid data in mandatory fields in edit class&quot;</td><td>&quot;Edit Class Validation&quot;</td></tr><tr><th colspan="2">Exception</th></tr><tr><td colspan="2"><div class="stacktrace">java.lang.NullPointerException: Cannot invoke &quot;org.openqa.selenium.WebDriver.get(String)&quot; because &quot;this.driver&quot; is null
	at pages.ClassPage.homepage(ClassPage.java:98)
	at stepDefinition.EditClass_SD.admin_is_in_edit_class_detail_popup_window_in_edit_class(EditClass_SD.java:24)
	at ✽.Admin is in  Edit class detail popup window in edit class(file:///C:/Users/amitf/eclipse-workspace/LMSHackathon_Phase2/src/test/resources/Features/EditClass.feature:3)
</div></td></tr></table><p class="totop"><a href="#summary">back to summary</a></p>
<h3 id="m109">runner.Runner$AllureReport#runScenario</h3><table class="result"><tr class="param"><th>Parameter #1</th><th>Parameter #2</th></tr><tr class="param stripe"><td>&quot;Validate admin able to  update  class with invalid data  in optional fields in edit class&quot;</td><td>&quot;Edit Class Validation&quot;</td></tr><tr><th colspan="2">Exception</th></tr><tr><td colspan="2"><div class="stacktrace">java.lang.NullPointerException: Cannot invoke &quot;org.openqa.selenium.WebDriver.get(String)&quot; because &quot;this.driver&quot; is null
	at pages.ClassPage.homepage(ClassPage.java:98)
	at stepDefinition.EditClass_SD.admin_is_in_edit_class_detail_popup_window_in_edit_class(EditClass_SD.java:24)
	at ✽.Admin is in  Edit class detail popup window in edit class(file:///C:/Users/amitf/eclipse-workspace/LMSHackathon_Phase2/src/test/resources/Features/EditClass.feature:3)
</div></td></tr></table><p class="totop"><a href="#summary">back to summary</a></p>
<h3 id="m110">runner.Runner$AllureReport#runScenario</h3><table class="result"><tr class="param"><th>Parameter #1</th><th>Parameter #2</th></tr><tr class="param stripe"><td>&quot;Verify Edit icon in data table&quot;</td><td>&quot;Manage Class Page Verification&quot;</td></tr><tr><th colspan="2">Exception</th></tr><tr><td colspan="2"><div class="stacktrace">java.lang.NullPointerException: Cannot invoke &quot;org.openqa.selenium.WebDriver.get(String)&quot; because &quot;this.driver&quot; is null
	at pages.ClassPage.homepage(ClassPage.java:98)
	at stepDefinition.ManageClassPage_SD.admin_is_on_dashboard_page_after_login_in_class(ManageClassPage_SD.java:22)
	at ✽.Admin is on dashboard page after login in class(file:///C:/Users/amitf/eclipse-workspace/LMSHackathon_Phase2/src/test/resources/Features/ManageClass.feature:3)
</div></td></tr></table><p class="totop"><a href="#summary">back to summary</a></p>
<h3 id="m111">runner.Runner$AllureReport#runScenario</h3><table class="result"><tr class="param"><th>Parameter #1</th><th>Parameter #2</th></tr><tr class="param stripe"><td>&quot;Verify calendar icon in class date  in class details popup window&quot;</td><td>&quot;Class detail pop up window verification&quot;</td></tr><tr><th colspan="2">Exception</th></tr><tr><td colspan="2"><div class="stacktrace">java.lang.NullPointerException: Cannot invoke &quot;org.openqa.selenium.WebDriver.get(String)&quot; because &quot;this.driver&quot; is null
	at pages.ClassPage.homepage(ClassPage.java:98)
	at stepDefinition.Classdetailspopup_SD.admin_is_on_manage_class_page_after_clicking_class_button_in_class(Classdetailspopup_SD.java:24)
	at ✽.Admin is on ManageClass page after clicking class button in class(file:///C:/Users/amitf/eclipse-workspace/LMSHackathon_Phase2/src/test/resources/Features/Classdetailpopupwindow.feature:3)
</div></td></tr></table><p class="totop"><a href="#summary">back to summary</a></p>
<h3 id="m112">runner.Runner$AllureReport#runScenario</h3><table class="result"><tr class="param"><th>Parameter #1</th><th>Parameter #2</th></tr><tr class="param stripe"><td>&quot;Validate admin able to  update class with invalid data in mandatory fields in edit class&quot;</td><td>&quot;Edit Class Validation&quot;</td></tr><tr><th colspan="2">Exception</th></tr><tr><td colspan="2"><div class="stacktrace">java.lang.NullPointerException: Cannot invoke &quot;org.openqa.selenium.WebDriver.get(String)&quot; because &quot;this.driver&quot; is null
	at pages.ClassPage.homepage(ClassPage.java:98)
	at stepDefinition.EditClass_SD.admin_is_in_edit_class_detail_popup_window_in_edit_class(EditClass_SD.java:24)
	at ✽.Admin is in  Edit class detail popup window in edit class(file:///C:/Users/amitf/eclipse-workspace/LMSHackathon_Phase2/src/test/resources/Features/EditClass.feature:3)
</div></td></tr></table><p class="totop"><a href="#summary">back to summary</a></p>
<h3 id="m113">runner.Runner$AllureReport#runScenario</h3><table class="result"><tr class="param"><th>Parameter #1</th><th>Parameter #2</th></tr><tr class="param stripe"><td>&quot;Validate admin able to add new class missing Batch Id&quot;</td><td>&quot;Add New Class&quot;</td></tr><tr><th colspan="2">Exception</th></tr><tr><td colspan="2"><div class="stacktrace">java.lang.NullPointerException: Cannot invoke &quot;org.openqa.selenium.WebDriver.get(String)&quot; because &quot;this.driver&quot; is null
	at pages.ClassPage.homepage(ClassPage.java:98)
	at stepDefinition.AddNewClass_SD.admin_is_in_class_detail_popup_window_in_class(AddNewClass_SD.java:27)
	at ✽.Admin is in class detail popup window in class(file:///C:/Users/amitf/eclipse-workspace/LMSHackathon_Phase2/src/test/resources/Features/AddNewClass.feature:3)
</div></td></tr></table><p class="totop"><a href="#summary">back to summary</a></p>
<h3 id="m114">runner.Runner$AllureReport#runScenario</h3><table class="result"><tr class="param"><th>Parameter #1</th><th>Parameter #2</th></tr><tr class="param stripe"><td>&quot;Verify save button is present&quot;</td><td>&quot;Attendance details popup window verification&quot;</td></tr><tr><th colspan="2">Exception</th></tr><tr><td colspan="2"><div class="stacktrace">java.lang.NullPointerException: Cannot invoke &quot;org.openqa.selenium.WebDriver.get(String)&quot; because &quot;this.driver&quot; is null
	at pages.ClassPage.homepage(ClassPage.java:98)
	at stepDefinition.Attendancedetailspopup_SD.admin_is_on_manage_attendance_page_in_attendance(Attendancedetailspopup_SD.java:30)
	at ✽.Admin is on manage attendance page in attendance(file:///C:/Users/amitf/eclipse-workspace/LMSHackathon_Phase2/src/test/resources/Features/Attendancedetailspopup.feature:49)
</div></td></tr></table><p class="totop"><a href="#summary">back to summary</a></p>
<h3 id="m115">runner.Runner$AllureReport#runScenario</h3><table class="result"><tr class="param"><th>Parameter #1</th><th>Parameter #2</th></tr><tr class="param stripe"><td>&quot;Validate admin able to  update class with valid data  in all fields in edit class&quot;</td><td>&quot;Edit Class Validation&quot;</td></tr><tr><th colspan="2">Exception</th></tr><tr><td colspan="2"><div class="stacktrace">java.lang.NullPointerException: Cannot invoke &quot;org.openqa.selenium.WebDriver.get(String)&quot; because &quot;this.driver&quot; is null
	at pages.ClassPage.homepage(ClassPage.java:98)
	at stepDefinition.EditClass_SD.admin_is_in_edit_class_detail_popup_window_in_edit_class(EditClass_SD.java:24)
	at ✽.Admin is in  Edit class detail popup window in edit class(file:///C:/Users/amitf/eclipse-workspace/LMSHackathon_Phase2/src/test/resources/Features/EditClass.feature:3)
</div></td></tr></table><p class="totop"><a href="#summary">back to summary</a></p>
<h3 id="m116">runner.Runner$AllureReport#runScenario</h3><table class="result"><tr class="param"><th>Parameter #1</th><th>Parameter #2</th></tr><tr class="param stripe"><td>&quot;Validate date picker&quot;</td><td>&quot;Attendance details popup window verification&quot;</td></tr><tr><th colspan="2">Exception</th></tr><tr><td colspan="2"><div class="stacktrace">java.lang.NullPointerException: Cannot invoke &quot;org.openqa.selenium.WebDriver.get(String)&quot; because &quot;this.driver&quot; is null
	at pages.ClassPage.homepage(ClassPage.java:98)
	at stepDefinition.Attendancedetailspopup_SD.admin_is_in_attendance_details_popup_window_in_attendance(Attendancedetailspopup_SD.java:143)
	at ✽.Admin is in  attendance details popup window in attendance(file:///C:/Users/amitf/eclipse-workspace/LMSHackathon_Phase2/src/test/resources/Features/Attendancedetailspopup.feature:84)
</div></td></tr></table><p class="totop"><a href="#summary">back to summary</a></p>
<h3 id="m117">runner.Runner$AllureReport#runScenario</h3><table class="result"><tr class="param"><th>Parameter #1</th><th>Parameter #2</th></tr><tr class="param stripe"><td>&quot;Verify Admin capture response time to navigate to manage class page&quot;</td><td>&quot;Manage Class Page Verification&quot;</td></tr><tr><th colspan="2">Exception</th></tr><tr><td colspan="2"><div class="stacktrace">java.lang.NullPointerException: Cannot invoke &quot;org.openqa.selenium.WebDriver.get(String)&quot; because &quot;this.driver&quot; is null
	at pages.ClassPage.homepage(ClassPage.java:98)
	at stepDefinition.ManageClassPage_SD.admin_is_on_dashboard_page_after_login_in_class(ManageClassPage_SD.java:22)
	at ✽.Admin is on dashboard page after login in class(file:///C:/Users/amitf/eclipse-workspace/LMSHackathon_Phase2/src/test/resources/Features/ManageClass.feature:3)
</div></td></tr></table><p class="totop"><a href="#summary">back to summary</a></p>
<h3 id="m118">runner.Runner$AllureReport#runScenario</h3><table class="result"><tr class="param"><th>Parameter #1</th><th>Parameter #2</th></tr><tr class="param stripe"><td>&quot;Verify left arrow is enable when sheet two is displayed in data table in attendance&quot;</td><td>&quot;Pagination in manage attendance&quot;</td></tr><tr><th colspan="2">Exception</th></tr><tr><td colspan="2"><div class="stacktrace">java.lang.NullPointerException: Cannot invoke &quot;org.openqa.selenium.WebDriver.get(String)&quot; because &quot;this.driver&quot; is null
	at pages.DeleteAttendancePage.homepage(DeleteAttendancePage.java:80)
	at stepDefinition.Paginationmanageattendance_SD.admin_is_logged_into_homepage_in_attendance(Paginationmanageattendance_SD.java:21)
	at ✽.Admin is logged into homepage in attendance(file:///C:/Users/amitf/eclipse-workspace/LMSHackathon_Phase2/src/test/resources/Features/Paginationinmanageattendance.feature:3)
</div></td></tr></table><p class="totop"><a href="#summary">back to summary</a></p>
<h3 id="m119">runner.Runner$AllureReport#runScenario</h3><table class="result"><tr class="param"><th>Parameter #1</th><th>Parameter #2</th></tr><tr class="param stripe"><td>&quot;Validate current date is highlighted in the date picker&quot;</td><td>&quot;Attendance details popup window verification&quot;</td></tr><tr><th colspan="2">Exception</th></tr><tr><td colspan="2"><div class="stacktrace">java.lang.NullPointerException: Cannot invoke &quot;org.openqa.selenium.WebDriver.get(String)&quot; because &quot;this.driver&quot; is null
	at pages.ClassPage.homepage(ClassPage.java:98)
	at stepDefinition.Attendancedetailspopup_SD.admin_is_in_attendance_details_popup_window_in_attendance(Attendancedetailspopup_SD.java:143)
	at ✽.Admin is in  attendance details popup window in attendance(file:///C:/Users/amitf/eclipse-workspace/LMSHackathon_Phase2/src/test/resources/Features/Attendancedetailspopup.feature:104)
</div></td></tr></table><p class="totop"><a href="#summary">back to summary</a></p>
<h3 id="m120">runner.Runner$AllureReport#runScenario</h3><table class="result"><tr class="param"><th>Parameter #1</th><th>Parameter #2</th></tr><tr class="param stripe"><td>&quot;Validate cancel button function in Edit class details popup window in edit class&quot;</td><td>&quot;Edit Class Validation&quot;</td></tr><tr><th colspan="2">Exception</th></tr><tr><td colspan="2"><div class="stacktrace">java.lang.NullPointerException: Cannot invoke &quot;org.openqa.selenium.WebDriver.get(String)&quot; because &quot;this.driver&quot; is null
	at pages.ClassPage.homepage(ClassPage.java:98)
	at stepDefinition.EditClass_SD.admin_is_in_edit_class_detail_popup_window_in_edit_class(EditClass_SD.java:24)
	at ✽.Admin is in  Edit class detail popup window in edit class(file:///C:/Users/amitf/eclipse-workspace/LMSHackathon_Phase2/src/test/resources/Features/EditClass.feature:3)
</div></td></tr></table><p class="totop"><a href="#summary">back to summary</a></p>
<h3 id="m121">runner.Runner$AllureReport#runScenario</h3><table class="result"><tr class="param"><th>Parameter #1</th><th>Parameter #2</th></tr><tr class="param stripe"><td>&quot;Verify admin is able to navigate from manage attendance to student page in attendance&quot;</td><td>&quot;Unknown&quot;</td></tr><tr><th colspan="2">Exception</th></tr><tr><td colspan="2"><div class="stacktrace">java.lang.IllegalArgumentException: Test name must not be null or empty
	at com.aventstack.extentreports.util.Assert.notEmpty(Assert.java:12)
	at com.aventstack.extentreports.ExtentTest.&lt;init&gt;(ExtentTest.java:96)
	at com.aventstack.extentreports.ExtentReports.createTest(ExtentReports.java:105)
	at com.aventstack.extentreports.cucumber.adapter.ExtentCucumberAdapter.createFeature(ExtentCucumberAdapter.java:329)
	at com.aventstack.extentreports.cucumber.adapter.ExtentCucumberAdapter.handleStartOfFeature(ExtentCucumberAdapter.java:307)
	at com.aventstack.extentreports.cucumber.adapter.ExtentCucumberAdapter.handleTestCaseStarted(ExtentCucumberAdapter.java:161)
	at com.aventstack.extentreports.cucumber.adapter.ExtentCucumberAdapter$3.receive(ExtentCucumberAdapter.java:107)
	at com.aventstack.extentreports.cucumber.adapter.ExtentCucumberAdapter$3.receive(ExtentCucumberAdapter.java:104)
	at io.cucumber.core.eventbus.AbstractEventPublisher.send(AbstractEventPublisher.java:51)
	at io.cucumber.core.eventbus.AbstractEventBus.send(AbstractEventBus.java:12)
	at io.cucumber.core.runtime.SynchronizedEventBus.send(SynchronizedEventBus.java:47)
	at io.cucumber.core.runtime.ThreadLocalRunnerSupplier$LocalEventBus.send(ThreadLocalRunnerSupplier.java:62)
	at io.cucumber.core.runner.TestCase.emitTestCaseStarted(TestCase.java:206)
	at io.cucumber.core.runner.TestCase.run(TestCase.java:72)
	at io.cucumber.core.runner.Runner.runPickle(Runner.java:75)
	at io.cucumber.testng.TestNGCucumberRunner.lambda$runScenario$1(TestNGCucumberRunner.java:132)
	at io.cucumber.core.runtime.CucumberExecutionContext.lambda$runTestCase$5(CucumberExecutionContext.java:137)
	at io.cucumber.core.runtime.RethrowingThrowableCollector.executeAndThrow(RethrowingThrowableCollector.java:23)
	at io.cucumber.core.runtime.CucumberExecutionContext.runTestCase(CucumberExecutionContext.java:137)
	at io.cucumber.testng.TestNGCucumberRunner.runScenario(TestNGCucumberRunner.java:129)
	at io.cucumber.testng.AbstractTestNGCucumberTests.runScenario(AbstractTestNGCucumberTests.java:35)
	at jdk.internal.reflect.GeneratedMethodAccessor21.invoke(Unknown Source)
	at java.base/jdk.internal.reflect.DelegatingMethodAccessorImpl.invoke(DelegatingMethodAccessorImpl.java:43)
	at java.base/java.lang.reflect.Method.invoke(Method.java:568)
	at org.testng.internal.MethodInvocationHelper.invokeMethod(MethodInvocationHelper.java:133)
	at org.testng.internal.TestInvoker.invokeMethod(TestInvoker.java:598)
	at org.testng.internal.TestInvoker.invokeTestMethod(TestInvoker.java:173)
	at org.testng.internal.MethodRunner.runInSequence(MethodRunner.java:46)
	at org.testng.internal.TestInvoker$MethodInvocationAgent.invoke(TestInvoker.java:824)
	at org.testng.internal.TestInvoker.invokeTestMethods(TestInvoker.java:146)
	at org.testng.internal.TestMethodWorker.invokeTestMethods(TestMethodWorker.java:146)
	at org.testng.internal.TestMethodWorker.run(TestMethodWorker.java:128)
	at java.base/java.util.ArrayList.forEach(ArrayList.java:1511)
	at org.testng.TestRunner.privateRun(TestRunner.java:794)
	at org.testng.TestRunner.run(TestRunner.java:596)
	at org.testng.SuiteRunner.runTest(SuiteRunner.java:377)
	at org.testng.SuiteRunner.runSequentially(SuiteRunner.java:371)
	at org.testng.SuiteRunner.privateRun(SuiteRunner.java:332)
	at org.testng.SuiteRunner.run(SuiteRunner.java:276)
	at org.testng.SuiteRunnerWorker.runSuite(SuiteRunnerWorker.java:53)
	at org.testng.SuiteRunnerWorker.run(SuiteRunnerWorker.java:96)
	at org.testng.TestNG.runSuitesSequentially(TestNG.java:1212)
	at org.testng.TestNG.runSuitesLocally(TestNG.java:1134)
	at org.testng.TestNG.runSuites(TestNG.java:1063)
	at org.testng.TestNG.run(TestNG.java:1031)
	at org.testng.remote.AbstractRemoteTestNG.run(AbstractRemoteTestNG.java:115)
	at org.testng.remote.RemoteTestNG.initAndRun(RemoteTestNG.java:251)
	at org.testng.remote.RemoteTestNG.main(RemoteTestNG.java:77)
</div></td></tr></table><p class="totop"><a href="#summary">back to summary</a></p>
<h3 id="m122">runner.Runner$AllureReport#runScenario</h3><table class="result"><tr class="param"><th>Parameter #1</th><th>Parameter #2</th></tr><tr class="param stripe"><td>&quot;verify admin able to click multiple check box&quot;</td><td>&quot;Delete Attendance Validation&quot;</td></tr><tr><th colspan="2">Exception</th></tr><tr><td colspan="2"><div class="stacktrace">java.lang.NullPointerException: Cannot invoke &quot;org.openqa.selenium.WebDriver.get(String)&quot; because &quot;this.driver&quot; is null
	at pages.DeleteAttendancePage.homepage(DeleteAttendancePage.java:80)
	at stepDefinition.DeleteAttendance_SD.admin_is_on_the_manage_attendance_page_in_attendance(DeleteAttendance_SD.java:20)
	at ✽.Admin is on the manage attendance page in attendance(file:///C:/Users/amitf/eclipse-workspace/LMSHackathon_Phase2/src/test/resources/Features/DeleteAttendance.feature:38)
</div></td></tr></table><p class="totop"><a href="#summary">back to summary</a></p>
<h3 id="m123">runner.Runner$AllureReport#runScenario</h3><table class="result"><tr class="param"><th>Parameter #1</th><th>Parameter #2</th></tr><tr class="param stripe"><td>&quot;Verify Manage Class page header&quot;</td><td>&quot;Manage Class Page Verification&quot;</td></tr><tr><th colspan="2">Exception</th></tr><tr><td colspan="2"><div class="stacktrace">java.lang.NullPointerException: Cannot invoke &quot;org.openqa.selenium.WebDriver.get(String)&quot; because &quot;this.driver&quot; is null
	at pages.ClassPage.homepage(ClassPage.java:98)
	at stepDefinition.ManageClassPage_SD.admin_is_on_dashboard_page_after_login_in_class(ManageClassPage_SD.java:22)
	at ✽.Admin is on dashboard page after login in class(file:///C:/Users/amitf/eclipse-workspace/LMSHackathon_Phase2/src/test/resources/Features/ManageClass.feature:3)
</div></td></tr></table><p class="totop"><a href="#summary">back to summary</a></p>
<h3 id="m124">runner.Runner$AllureReport#runScenario</h3><table class="result"><tr class="param"><th>Parameter #1</th><th>Parameter #2</th></tr><tr class="param stripe"><td>&quot;Validate admin able to update class with valid data in mandatory fields in edit class&quot;</td><td>&quot;Edit Class Validation&quot;</td></tr><tr><th colspan="2">Exception</th></tr><tr><td colspan="2"><div class="stacktrace">java.lang.NullPointerException: Cannot invoke &quot;org.openqa.selenium.WebDriver.get(String)&quot; because &quot;this.driver&quot; is null
	at pages.ClassPage.homepage(ClassPage.java:98)
	at stepDefinition.EditClass_SD.admin_is_in_edit_class_detail_popup_window_in_edit_class(EditClass_SD.java:24)
	at ✽.Admin is in  Edit class detail popup window in edit class(file:///C:/Users/amitf/eclipse-workspace/LMSHackathon_Phase2/src/test/resources/Features/EditClass.feature:3)
</div></td></tr></table><p class="totop"><a href="#summary">back to summary</a></p>
<h3 id="m125">runner.Runner$AllureReport#runScenario</h3><table class="result"><tr class="param"><th>Parameter #1</th><th>Parameter #2</th></tr><tr class="param stripe"><td>&quot;Validate date picker&quot;</td><td>&quot;Add New Class&quot;</td></tr><tr><th colspan="2">Exception</th></tr><tr><td colspan="2"><div class="stacktrace">java.lang.NullPointerException: Cannot invoke &quot;org.openqa.selenium.WebDriver.get(String)&quot; because &quot;this.driver&quot; is null
	at pages.ClassPage.homepage(ClassPage.java:98)
	at stepDefinition.AddNewClass_SD.admin_is_in_class_detail_popup_window_in_class(AddNewClass_SD.java:27)
	at ✽.Admin is in class detail popup window in class(file:///C:/Users/amitf/eclipse-workspace/LMSHackathon_Phase2/src/test/resources/Features/AddNewClass.feature:3)
</div></td></tr></table><p class="totop"><a href="#summary">back to summary</a></p>
<h3 id="m126">runner.Runner$AllureReport#runScenario</h3><table class="result"><tr class="param"><th>Parameter #1</th><th>Parameter #2</th></tr><tr class="param stripe"><td>&quot;Verify right arrow is disable when sheet two is displayed in data table when entries are less than 10 in attendance&quot;</td><td>&quot;Pagination in manage attendance&quot;</td></tr><tr><th colspan="2">Exception</th></tr><tr><td colspan="2"><div class="stacktrace">java.lang.NullPointerException: Cannot invoke &quot;org.openqa.selenium.WebDriver.get(String)&quot; because &quot;this.driver&quot; is null
	at pages.DeleteAttendancePage.homepage(DeleteAttendancePage.java:80)
	at stepDefinition.Paginationmanageattendance_SD.admin_is_logged_into_homepage_in_attendance(Paginationmanageattendance_SD.java:21)
	at ✽.Admin is logged into homepage in attendance(file:///C:/Users/amitf/eclipse-workspace/LMSHackathon_Phase2/src/test/resources/Features/Paginationinmanageattendance.feature:3)
</div></td></tr></table><p class="totop"><a href="#summary">back to summary</a></p>
<h3 id="m127">runner.Runner$AllureReport#runScenario</h3><table class="result"><tr class="param"><th>Parameter #1</th><th>Parameter #2</th></tr><tr class="param stripe"><td>&quot;Validate admin able to  update  class with invalid data  in optional fields in edit class&quot;</td><td>&quot;Edit Class Validation&quot;</td></tr><tr><th colspan="2">Exception</th></tr><tr><td colspan="2"><div class="stacktrace">java.lang.NullPointerException: Cannot invoke &quot;org.openqa.selenium.WebDriver.get(String)&quot; because &quot;this.driver&quot; is null
	at pages.ClassPage.homepage(ClassPage.java:98)
	at stepDefinition.EditClass_SD.admin_is_in_edit_class_detail_popup_window_in_edit_class(EditClass_SD.java:24)
	at ✽.Admin is in  Edit class detail popup window in edit class(file:///C:/Users/amitf/eclipse-workspace/LMSHackathon_Phase2/src/test/resources/Features/EditClass.feature:3)
</div></td></tr></table><p class="totop"><a href="#summary">back to summary</a></p>
<h3 id="m128">runner.Runner$AllureReport#runScenario</h3><table class="result"><tr class="param"><th>Parameter #1</th><th>Parameter #2</th></tr><tr class="param stripe"><td>&quot;Validate admin able to update class missing Class Date in edit class&quot;</td><td>&quot;Edit Class Validation&quot;</td></tr><tr><th colspan="2">Exception</th></tr><tr><td colspan="2"><div class="stacktrace">java.lang.NullPointerException: Cannot invoke &quot;org.openqa.selenium.WebDriver.get(String)&quot; because &quot;this.driver&quot; is null
	at pages.ClassPage.homepage(ClassPage.java:98)
	at stepDefinition.EditClass_SD.admin_is_in_edit_class_detail_popup_window_in_edit_class(EditClass_SD.java:24)
	at ✽.Admin is in  Edit class detail popup window in edit class(file:///C:/Users/amitf/eclipse-workspace/LMSHackathon_Phase2/src/test/resources/Features/EditClass.feature:3)
</div></td></tr></table><p class="totop"><a href="#summary">back to summary</a></p>
<h3 id="m129">runner.Runner$AllureReport#runScenario</h3><table class="result"><tr class="param"><th>Parameter #1</th><th>Parameter #2</th></tr><tr class="param stripe"><td>&quot;Validate all program name is reflecting in the dropdown&quot;</td><td>&quot;Attendance details popup window verification&quot;</td></tr><tr><th colspan="2">Exception</th></tr><tr><td colspan="2"><div class="stacktrace">java.lang.NullPointerException: Cannot invoke &quot;org.openqa.selenium.WebDriver.get(String)&quot; because &quot;this.driver&quot; is null
	at pages.ClassPage.homepage(ClassPage.java:98)
	at stepDefinition.Attendancedetailspopup_SD.admin_is_in_attendance_details_popup_window_in_attendance(Attendancedetailspopup_SD.java:143)
	at ✽.Admin is in  attendance details popup window in attendance(file:///C:/Users/amitf/eclipse-workspace/LMSHackathon_Phase2/src/test/resources/Features/Attendancedetailspopup.feature:64)
</div></td></tr></table><p class="totop"><a href="#summary">back to summary</a></p>
<h3 id="m130">runner.Runner$AllureReport#runScenario</h3><table class="result"><tr class="param"><th>Parameter #1</th><th>Parameter #2</th></tr><tr class="param stripe"><td>&quot;Validate  admin able to add new class passing past date&quot;</td><td>&quot;Add New Class&quot;</td></tr><tr><th colspan="2">Exception</th></tr><tr><td colspan="2"><div class="stacktrace">java.lang.NullPointerException: Cannot invoke &quot;org.openqa.selenium.WebDriver.get(String)&quot; because &quot;this.driver&quot; is null
	at pages.ClassPage.homepage(ClassPage.java:98)
	at stepDefinition.AddNewClass_SD.admin_is_in_class_detail_popup_window_in_class(AddNewClass_SD.java:27)
	at ✽.Admin is in class detail popup window in class(file:///C:/Users/amitf/eclipse-workspace/LMSHackathon_Phase2/src/test/resources/Features/AddNewClass.feature:3)
</div></td></tr></table><p class="totop"><a href="#summary">back to summary</a></p>
<h3 id="m131">runner.Runner$AllureReport#runScenario</h3><table class="result"><tr class="param"><th>Parameter #1</th><th>Parameter #2</th></tr><tr class="param stripe"><td>&quot;Verify the text spelling in the Manage Class Page&quot;</td><td>&quot;Manage Class Page Verification&quot;</td></tr><tr><th colspan="2">Exception</th></tr><tr><td colspan="2"><div class="stacktrace">java.lang.NullPointerException: Cannot invoke &quot;org.openqa.selenium.WebDriver.get(String)&quot; because &quot;this.driver&quot; is null
	at pages.ClassPage.homepage(ClassPage.java:98)
	at stepDefinition.ManageClassPage_SD.admin_is_on_dashboard_page_after_login_in_class(ManageClassPage_SD.java:22)
	at ✽.Admin is on dashboard page after login in class(file:///C:/Users/amitf/eclipse-workspace/LMSHackathon_Phase2/src/test/resources/Features/ManageClass.feature:3)
</div></td></tr></table><p class="totop"><a href="#summary">back to summary</a></p>
<h3 id="m132">runner.Runner$AllureReport#runScenario</h3><table class="result"><tr class="param"><th>Parameter #1</th><th>Parameter #2</th></tr><tr class="param stripe"><td>&quot;Validate Search box function by entering existing class no&quot;</td><td>&quot;Class detail pop up window verification&quot;</td></tr><tr><th colspan="2">Exception</th></tr><tr><td colspan="2"><div class="stacktrace">java.lang.NullPointerException: Cannot invoke &quot;org.openqa.selenium.WebDriver.get(String)&quot; because &quot;this.driver&quot; is null
	at pages.ClassPage.homepage(ClassPage.java:98)
	at stepDefinition.Classdetailspopup_SD.admin_is_on_manage_class_page_after_clicking_class_button_in_class(Classdetailspopup_SD.java:24)
	at ✽.Admin is on ManageClass page after clicking class button in class(file:///C:/Users/amitf/eclipse-workspace/LMSHackathon_Phase2/src/test/resources/Features/Classdetailpopupwindow.feature:3)
</div></td></tr></table><p class="totop"><a href="#summary">back to summary</a></p>
<h3 id="m133">runner.Runner$AllureReport#runScenario</h3><table class="result"><tr class="param"><th>Parameter #1</th><th>Parameter #2</th></tr><tr class="param stripe"><td>&quot;Validate Search box function by entering invalid class date&quot;</td><td>&quot;Class detail pop up window verification&quot;</td></tr><tr><th colspan="2">Exception</th></tr><tr><td colspan="2"><div class="stacktrace">java.lang.NullPointerException: Cannot invoke &quot;org.openqa.selenium.WebDriver.get(String)&quot; because &quot;this.driver&quot; is null
	at pages.ClassPage.homepage(ClassPage.java:98)
	at stepDefinition.Classdetailspopup_SD.admin_is_on_manage_class_page_after_clicking_class_button_in_class(Classdetailspopup_SD.java:24)
	at ✽.Admin is on ManageClass page after clicking class button in class(file:///C:/Users/amitf/eclipse-workspace/LMSHackathon_Phase2/src/test/resources/Features/Classdetailpopupwindow.feature:3)
</div></td></tr></table><p class="totop"><a href="#summary">back to summary</a></p>
<h3 id="m134">runner.Runner$AllureReport#runScenario</h3><table class="result"><tr class="param"><th>Parameter #1</th><th>Parameter #2</th></tr><tr class="param stripe"><td>&quot;Validate reject in alert&quot;</td><td>&quot;Delete Attendance Validation&quot;</td></tr><tr><th colspan="2">Exception</th></tr><tr><td colspan="2"><div class="stacktrace">java.lang.NullPointerException: Cannot invoke &quot;org.openqa.selenium.WebDriver.get(String)&quot; because &quot;this.driver&quot; is null
	at pages.DeleteAttendancePage.homepage(DeleteAttendancePage.java:80)
	at stepDefinition.DeleteAttendance_SD.admin_is_in_delete_alert_after_clicking_on_delete_button_in_attendance(DeleteAttendance_SD.java:49)
	at ✽.Admin is in delete alert after clicking on delete button in attendance(file:///C:/Users/amitf/eclipse-workspace/LMSHackathon_Phase2/src/test/resources/Features/DeleteAttendance.feature:24)
</div></td></tr></table><p class="totop"><a href="#summary">back to summary</a></p>
<h3 id="m135">runner.Runner$AllureReport#runScenario</h3><table class="result"><tr class="param"><th>Parameter #1</th><th>Parameter #2</th></tr><tr class="param stripe"><td>&quot;Verify sheet one is displayed on default in data table in attendance&quot;</td><td>&quot;Pagination in manage attendance&quot;</td></tr><tr><th colspan="2">Exception</th></tr><tr><td colspan="2"><div class="stacktrace">java.lang.NullPointerException: Cannot invoke &quot;org.openqa.selenium.WebDriver.get(String)&quot; because &quot;this.driver&quot; is null
	at pages.DeleteAttendancePage.homepage(DeleteAttendancePage.java:80)
	at stepDefinition.Paginationmanageattendance_SD.admin_is_logged_into_homepage_in_attendance(Paginationmanageattendance_SD.java:21)
	at ✽.Admin is logged into homepage in attendance(file:///C:/Users/amitf/eclipse-workspace/LMSHackathon_Phase2/src/test/resources/Features/Paginationinmanageattendance.feature:3)
</div></td></tr></table><p class="totop"><a href="#summary">back to summary</a></p>
<h3 id="m136">runner.Runner$AllureReport#runScenario</h3><table class="result"><tr class="param"><th>Parameter #1</th><th>Parameter #2</th></tr><tr class="param stripe"><td>&quot;Verify Delete attendance alert&quot;</td><td>&quot;Delete Attendance Validation&quot;</td></tr><tr><th colspan="2">Exception</th></tr><tr><td colspan="2"><div class="stacktrace">java.lang.NullPointerException: Cannot invoke &quot;org.openqa.selenium.WebDriver.get(String)&quot; because &quot;this.driver&quot; is null
	at pages.DeleteAttendancePage.homepage(DeleteAttendancePage.java:80)
	at stepDefinition.DeleteAttendance_SD.admin_is_on_the_manage_attendance_page_in_attendance(DeleteAttendance_SD.java:20)
	at ✽.Admin is on the manage attendance page in attendance(file:///C:/Users/amitf/eclipse-workspace/LMSHackathon_Phase2/src/test/resources/Features/DeleteAttendance.feature:4)
</div></td></tr></table><p class="totop"><a href="#summary">back to summary</a></p>
<h3 id="m137">runner.Runner$AllureReport#runScenario</h3><table class="result"><tr class="param"><th>Parameter #1</th><th>Parameter #2</th></tr><tr class="param stripe"><td>&quot;Verify spellings in the attendance field drop down&quot;</td><td>&quot;Attendance details popup window verification&quot;</td></tr><tr><th colspan="2">Exception</th></tr><tr><td colspan="2"><div class="stacktrace">java.lang.NullPointerException: Cannot invoke &quot;org.openqa.selenium.WebDriver.get(String)&quot; because &quot;this.driver&quot; is null
	at pages.ClassPage.homepage(ClassPage.java:98)
	at stepDefinition.Attendancedetailspopup_SD.admin_is_in_attendance_details_popup_window_in_attendance(Attendancedetailspopup_SD.java:143)
	at ✽.Admin is in  attendance details popup window in attendance(file:///C:/Users/amitf/eclipse-workspace/LMSHackathon_Phase2/src/test/resources/Features/Attendancedetailspopup.feature:79)
</div></td></tr></table><p class="totop"><a href="#summary">back to summary</a></p>
<h3 id="m138">runner.Runner$AllureReport#runScenario</h3><table class="result"><tr class="param"><th>Parameter #1</th><th>Parameter #2</th></tr><tr class="param stripe"><td>&quot;Verify the text spelling in the Manage Class Page&quot;</td><td>&quot;Manage Class Page Verification&quot;</td></tr><tr><th colspan="2">Exception</th></tr><tr><td colspan="2"><div class="stacktrace">java.lang.NullPointerException: Cannot invoke &quot;org.openqa.selenium.WebDriver.get(String)&quot; because &quot;this.driver&quot; is null
	at pages.ClassPage.homepage(ClassPage.java:98)
	at stepDefinition.ManageClassPage_SD.admin_is_on_dashboard_page_after_login_in_class(ManageClassPage_SD.java:22)
	at ✽.Admin is on dashboard page after login in class(file:///C:/Users/amitf/eclipse-workspace/LMSHackathon_Phase2/src/test/resources/Features/ManageClass.feature:3)
</div></td></tr></table><p class="totop"><a href="#summary">back to summary</a></p>
<h3 id="m139">runner.Runner$AllureReport#runScenario</h3><table class="result"><tr class="param"><th>Parameter #1</th><th>Parameter #2</th></tr><tr class="param stripe"><td>&quot;Verify all label text&quot;</td><td>&quot;Attendance details popup window verification&quot;</td></tr><tr><th colspan="2">Exception</th></tr><tr><td colspan="2"><div class="stacktrace">java.lang.NullPointerException: Cannot invoke &quot;org.openqa.selenium.WebDriver.get(String)&quot; because &quot;this.driver&quot; is null
	at pages.ClassPage.homepage(ClassPage.java:98)
	at stepDefinition.Attendancedetailspopup_SD.admin_is_on_manage_attendance_page_in_attendance(Attendancedetailspopup_SD.java:30)
	at ✽.Admin is on manage attendance page in attendance(file:///C:/Users/amitf/eclipse-workspace/LMSHackathon_Phase2/src/test/resources/Features/Attendancedetailspopup.feature:4)
</div></td></tr></table><p class="totop"><a href="#summary">back to summary</a></p>
<h3 id="m140">runner.Runner$AllureReport#runScenario</h3><table class="result"><tr class="param"><th>Parameter #1</th><th>Parameter #2</th></tr><tr class="param stripe"><td>&quot;Verify the text on first dropdown select a program name&quot;</td><td>&quot;Attendance details popup window verification&quot;</td></tr><tr><th colspan="2">Exception</th></tr><tr><td colspan="2"><div class="stacktrace">java.lang.NullPointerException: Cannot invoke &quot;org.openqa.selenium.WebDriver.get(String)&quot; because &quot;this.driver&quot; is null
	at pages.ClassPage.homepage(ClassPage.java:98)
	at stepDefinition.Attendancedetailspopup_SD.admin_is_on_manage_attendance_page_in_attendance(Attendancedetailspopup_SD.java:30)
	at ✽.Admin is on manage attendance page in attendance(file:///C:/Users/amitf/eclipse-workspace/LMSHackathon_Phase2/src/test/resources/Features/Attendancedetailspopup.feature:24)
</div></td></tr></table><p class="totop"><a href="#summary">back to summary</a></p>
<h3 id="m141">runner.Runner$AllureReport#runScenario</h3><table class="result"><tr class="param"><th>Parameter #1</th><th>Parameter #2</th></tr><tr class="param stripe"><td>&quot;Validate admin able to update class missing Batch Id in edit class&quot;</td><td>&quot;Edit Class Validation&quot;</td></tr><tr><th colspan="2">Exception</th></tr><tr><td colspan="2"><div class="stacktrace">java.lang.NullPointerException: Cannot invoke &quot;org.openqa.selenium.WebDriver.get(String)&quot; because &quot;this.driver&quot; is null
	at pages.ClassPage.homepage(ClassPage.java:98)
	at stepDefinition.EditClass_SD.admin_is_in_edit_class_detail_popup_window_in_edit_class(EditClass_SD.java:24)
	at ✽.Admin is in  Edit class detail popup window in edit class(file:///C:/Users/amitf/eclipse-workspace/LMSHackathon_Phase2/src/test/resources/Features/EditClass.feature:3)
</div></td></tr></table><p class="totop"><a href="#summary">back to summary</a></p>
<h3 id="m142">runner.Runner$AllureReport#runScenario</h3><table class="result"><tr class="param"><th>Parameter #1</th><th>Parameter #2</th></tr><tr class="param stripe"><td>&quot;Validate right arrow in data picker to navigate to next month&quot;</td><td>&quot;Add New Class&quot;</td></tr><tr><th colspan="2">Exception</th></tr><tr><td colspan="2"><div class="stacktrace">java.lang.NullPointerException: Cannot invoke &quot;org.openqa.selenium.WebDriver.get(String)&quot; because &quot;this.driver&quot; is null
	at pages.ClassPage.homepage(ClassPage.java:98)
	at stepDefinition.AddNewClass_SD.admin_is_in_class_detail_popup_window_in_class(AddNewClass_SD.java:27)
	at ✽.Admin is in class detail popup window in class(file:///C:/Users/amitf/eclipse-workspace/LMSHackathon_Phase2/src/test/resources/Features/AddNewClass.feature:3)
</div></td></tr></table><p class="totop"><a href="#summary">back to summary</a></p>
<h3 id="m143">runner.Runner$AllureReport#runScenario</h3><table class="result"><tr class="param"><th>Parameter #1</th><th>Parameter #2</th></tr><tr class="param stripe"><td>&quot;Validate admin able to  update class with valid data  in all fields in edit class&quot;</td><td>&quot;Edit Class Validation&quot;</td></tr><tr><th colspan="2">Exception</th></tr><tr><td colspan="2"><div class="stacktrace">java.lang.NullPointerException: Cannot invoke &quot;org.openqa.selenium.WebDriver.get(String)&quot; because &quot;this.driver&quot; is null
	at pages.ClassPage.homepage(ClassPage.java:98)
	at stepDefinition.EditClass_SD.admin_is_in_edit_class_detail_popup_window_in_edit_class(EditClass_SD.java:24)
	at ✽.Admin is in  Edit class detail popup window in edit class(file:///C:/Users/amitf/eclipse-workspace/LMSHackathon_Phase2/src/test/resources/Features/EditClass.feature:3)
</div></td></tr></table><p class="totop"><a href="#summary">back to summary</a></p>
<h3 id="m144">runner.Runner$AllureReport#runScenario</h3><table class="result"><tr class="param"><th>Parameter #1</th><th>Parameter #2</th></tr><tr class="param stripe"><td>&quot;Validate admin able to add new class missing Class Date&quot;</td><td>&quot;Add New Class&quot;</td></tr><tr><th colspan="2">Exception</th></tr><tr><td colspan="2"><div class="stacktrace">java.lang.NullPointerException: Cannot invoke &quot;org.openqa.selenium.WebDriver.get(String)&quot; because &quot;this.driver&quot; is null
	at pages.ClassPage.homepage(ClassPage.java:98)
	at stepDefinition.AddNewClass_SD.admin_is_in_class_detail_popup_window_in_class(AddNewClass_SD.java:27)
	at ✽.Admin is in class detail popup window in class(file:///C:/Users/amitf/eclipse-workspace/LMSHackathon_Phase2/src/test/resources/Features/AddNewClass.feature:3)
</div></td></tr></table><p class="totop"><a href="#summary">back to summary</a></p>
<h3 id="m145">runner.Runner$AllureReport#runScenario</h3><table class="result"><tr class="param"><th>Parameter #1</th><th>Parameter #2</th></tr><tr class="param stripe"><td>&quot;Verify cancel button is present&quot;</td><td>&quot;Class detail pop up window verification&quot;</td></tr><tr><th colspan="2">Exception</th></tr><tr><td colspan="2"><div class="stacktrace">java.lang.NullPointerException: Cannot invoke &quot;org.openqa.selenium.WebDriver.get(String)&quot; because &quot;this.driver&quot; is null
	at pages.ClassPage.homepage(ClassPage.java:98)
	at stepDefinition.Classdetailspopup_SD.admin_is_on_manage_class_page_after_clicking_class_button_in_class(Classdetailspopup_SD.java:24)
	at ✽.Admin is on ManageClass page after clicking class button in class(file:///C:/Users/amitf/eclipse-workspace/LMSHackathon_Phase2/src/test/resources/Features/Classdetailpopupwindow.feature:3)
</div></td></tr></table><p class="totop"><a href="#summary">back to summary</a></p>
<h3 id="m146">runner.Runner$AllureReport#runScenario</h3><table class="result"><tr class="param"><th>Parameter #1</th><th>Parameter #2</th></tr><tr class="param stripe"><td>&quot;Verify reject enabled in alert&quot;</td><td>&quot;Delete Attendance Validation&quot;</td></tr><tr><th colspan="2">Exception</th></tr><tr><td colspan="2"><div class="stacktrace">java.lang.NullPointerException: Cannot invoke &quot;org.openqa.selenium.WebDriver.get(String)&quot; because &quot;this.driver&quot; is null
	at pages.DeleteAttendancePage.homepage(DeleteAttendancePage.java:80)
	at stepDefinition.DeleteAttendance_SD.admin_is_on_the_manage_attendance_page_in_attendance(DeleteAttendance_SD.java:20)
	at ✽.Admin is on the manage attendance page in attendance(file:///C:/Users/amitf/eclipse-workspace/LMSHackathon_Phase2/src/test/resources/Features/DeleteAttendance.feature:14)
</div></td></tr></table><p class="totop"><a href="#summary">back to summary</a></p>
<h3 id="m147">runner.Runner$AllureReport#runScenario</h3><table class="result"><tr class="param"><th>Parameter #1</th><th>Parameter #2</th></tr><tr class="param stripe"><td>&quot;Validate accept in alert in class&quot;</td><td>&quot;Delete Class Validation&quot;</td></tr><tr><th colspan="2">Exception</th></tr><tr><td colspan="2"><div class="stacktrace">java.lang.NullPointerException: Cannot invoke &quot;org.openqa.selenium.WebDriver.get(String)&quot; because &quot;this.driver&quot; is null
	at pages.ClassPage.homepage(ClassPage.java:98)
	at stepDefinition.DeleteClass_SD.admin_is_in_delete_alert_in_class(DeleteClass_SD.java:55)
	at ✽.Admin is in delete alert in class(file:///C:/Users/amitf/eclipse-workspace/LMSHackathon_Phase2/src/test/resources/Features/DeleteClass.feature:20)
</div></td></tr></table><p class="totop"><a href="#summary">back to summary</a></p>
<h3 id="m148">runner.Runner$AllureReport#runScenario</h3><table class="result"><tr class="param"><th>Parameter #1</th><th>Parameter #2</th></tr><tr class="param stripe"><td>&quot;Validate Search box function by entering existing class topic&quot;</td><td>&quot;Class detail pop up window verification&quot;</td></tr><tr><th colspan="2">Exception</th></tr><tr><td colspan="2"><div class="stacktrace">java.lang.NullPointerException: Cannot invoke &quot;org.openqa.selenium.WebDriver.get(String)&quot; because &quot;this.driver&quot; is null
	at pages.ClassPage.homepage(ClassPage.java:98)
	at stepDefinition.Classdetailspopup_SD.admin_is_on_manage_class_page_after_clicking_class_button_in_class(Classdetailspopup_SD.java:24)
	at ✽.Admin is on ManageClass page after clicking class button in class(file:///C:/Users/amitf/eclipse-workspace/LMSHackathon_Phase2/src/test/resources/Features/Classdetailpopupwindow.feature:3)
</div></td></tr></table><p class="totop"><a href="#summary">back to summary</a></p>
<h3 id="m149">runner.Runner$AllureReport#runScenario</h3><table class="result"><tr class="param"><th>Parameter #1</th><th>Parameter #2</th></tr><tr class="param stripe"><td>&quot;Validate Search box function with existing batch id&quot;</td><td>&quot;Class detail pop up window verification&quot;</td></tr><tr><th colspan="2">Exception</th></tr><tr><td colspan="2"><div class="stacktrace">java.lang.NullPointerException: Cannot invoke &quot;org.openqa.selenium.WebDriver.get(String)&quot; because &quot;this.driver&quot; is null
	at pages.ClassPage.homepage(ClassPage.java:98)
	at stepDefinition.Classdetailspopup_SD.admin_is_on_manage_class_page_after_clicking_class_button_in_class(Classdetailspopup_SD.java:24)
	at ✽.Admin is on ManageClass page after clicking class button in class(file:///C:/Users/amitf/eclipse-workspace/LMSHackathon_Phase2/src/test/resources/Features/Classdetailpopupwindow.feature:3)
</div></td></tr></table><p class="totop"><a href="#summary">back to summary</a></p>
<h3 id="m150">runner.Runner$AllureReport#runScenario</h3><table class="result"><tr class="param"><th>Parameter #1</th><th>Parameter #2</th></tr><tr class="param stripe"><td>&quot;Verify the text on fourth dropdown select attendance&quot;</td><td>&quot;Attendance details popup window verification&quot;</td></tr><tr><th colspan="2">Exception</th></tr><tr><td colspan="2"><div class="stacktrace">java.lang.NullPointerException: Cannot invoke &quot;org.openqa.selenium.WebDriver.get(String)&quot; because &quot;this.driver&quot; is null
	at pages.ClassPage.homepage(ClassPage.java:98)
	at stepDefinition.Attendancedetailspopup_SD.admin_is_on_manage_attendance_page_in_attendance(Attendancedetailspopup_SD.java:30)
	at ✽.Admin is on manage attendance page in attendance(file:///C:/Users/amitf/eclipse-workspace/LMSHackathon_Phase2/src/test/resources/Features/Attendancedetailspopup.feature:39)
</div></td></tr></table><p class="totop"><a href="#summary">back to summary</a></p>
<h3 id="m151">runner.Runner$AllureReport#runScenario</h3><table class="result"><tr class="param"><th>Parameter #1</th><th>Parameter #2</th></tr><tr class="param stripe"><td>&quot;Validate admin able to add new class with invalid data in optional fields&quot;</td><td>&quot;Add New Class&quot;</td></tr><tr><th colspan="2">Exception</th></tr><tr><td colspan="2"><div class="stacktrace">java.lang.NullPointerException: Cannot invoke &quot;org.openqa.selenium.WebDriver.get(String)&quot; because &quot;this.driver&quot; is null
	at pages.ClassPage.homepage(ClassPage.java:98)
	at stepDefinition.AddNewClass_SD.admin_is_in_class_detail_popup_window_in_class(AddNewClass_SD.java:27)
	at ✽.Admin is in class detail popup window in class(file:///C:/Users/amitf/eclipse-workspace/LMSHackathon_Phase2/src/test/resources/Features/AddNewClass.feature:3)
</div></td></tr></table><p class="totop"><a href="#summary">back to summary</a></p>
<h3 id="m152">runner.Runner$AllureReport#runScenario</h3><table class="result"><tr class="param"><th>Parameter #1</th><th>Parameter #2</th></tr><tr class="param stripe"><td>&quot;Verify save button is present&quot;</td><td>&quot;Class detail pop up window verification&quot;</td></tr><tr><th colspan="2">Exception</th></tr><tr><td colspan="2"><div class="stacktrace">java.lang.NullPointerException: Cannot invoke &quot;org.openqa.selenium.WebDriver.get(String)&quot; because &quot;this.driver&quot; is null
	at pages.ClassPage.homepage(ClassPage.java:98)
	at stepDefinition.Classdetailspopup_SD.admin_is_on_manage_class_page_after_clicking_class_button_in_class(Classdetailspopup_SD.java:24)
	at ✽.Admin is on ManageClass page after clicking class button in class(file:///C:/Users/amitf/eclipse-workspace/LMSHackathon_Phase2/src/test/resources/Features/Classdetailpopupwindow.feature:3)
</div></td></tr></table><p class="totop"><a href="#summary">back to summary</a></p>
<h3 id="m153">runner.Runner$AllureReport#runScenario</h3><table class="result"><tr class="param"><th>Parameter #1</th><th>Parameter #2</th></tr><tr class="param stripe"><td>&quot;Validate admin able to add new class with valid data in all fields&quot;</td><td>&quot;Add New Class&quot;</td></tr><tr><th colspan="2">Exception</th></tr><tr><td colspan="2"><div class="stacktrace">java.lang.NullPointerException: Cannot invoke &quot;org.openqa.selenium.WebDriver.get(String)&quot; because &quot;this.driver&quot; is null
	at pages.ClassPage.homepage(ClassPage.java:98)
	at stepDefinition.AddNewClass_SD.admin_is_in_class_detail_popup_window_in_class(AddNewClass_SD.java:27)
	at ✽.Admin is in class detail popup window in class(file:///C:/Users/amitf/eclipse-workspace/LMSHackathon_Phase2/src/test/resources/Features/AddNewClass.feature:3)
</div></td></tr></table><p class="totop"><a href="#summary">back to summary</a></p>
<h3 id="m154">runner.Runner$AllureReport#runScenario</h3><table class="result"><tr class="param"><th>Parameter #1</th><th>Parameter #2</th></tr><tr class="param stripe"><td>&quot;Validate admin able to  update class with valid data  in all fields in edit class&quot;</td><td>&quot;Edit Class Validation&quot;</td></tr><tr><th colspan="2">Exception</th></tr><tr><td colspan="2"><div class="stacktrace">java.lang.NullPointerException: Cannot invoke &quot;org.openqa.selenium.WebDriver.get(String)&quot; because &quot;this.driver&quot; is null
	at pages.ClassPage.homepage(ClassPage.java:98)
	at stepDefinition.EditClass_SD.admin_is_in_edit_class_detail_popup_window_in_edit_class(EditClass_SD.java:24)
	at ✽.Admin is in  Edit class detail popup window in edit class(file:///C:/Users/amitf/eclipse-workspace/LMSHackathon_Phase2/src/test/resources/Features/EditClass.feature:3)
</div></td></tr></table><p class="totop"><a href="#summary">back to summary</a></p>
<h3 id="m155">runner.Runner$AllureReport#runScenario</h3><table class="result"><tr class="param"><th>Parameter #1</th><th>Parameter #2</th></tr><tr class="param stripe"><td>&quot;Verify check box in data table&quot;</td><td>&quot;Manage Class Page Verification&quot;</td></tr><tr><th colspan="2">Exception</th></tr><tr><td colspan="2"><div class="stacktrace">java.lang.NullPointerException: Cannot invoke &quot;org.openqa.selenium.WebDriver.get(String)&quot; because &quot;this.driver&quot; is null
	at pages.ClassPage.homepage(ClassPage.java:98)
	at stepDefinition.ManageClassPage_SD.admin_is_on_dashboard_page_after_login_in_class(ManageClassPage_SD.java:22)
	at ✽.Admin is on dashboard page after login in class(file:///C:/Users/amitf/eclipse-workspace/LMSHackathon_Phase2/src/test/resources/Features/ManageClass.feature:3)
</div></td></tr></table><p class="totop"><a href="#summary">back to summary</a></p>
<h3 id="m156">runner.Runner$AllureReport#runScenario</h3><table class="result"><tr class="param"><th>Parameter #1</th><th>Parameter #2</th></tr><tr class="param stripe"><td>&quot;Validate Search box function by entering non-existing class topic&quot;</td><td>&quot;Class detail pop up window verification&quot;</td></tr><tr><th colspan="2">Exception</th></tr><tr><td colspan="2"><div class="stacktrace">java.lang.NullPointerException: Cannot invoke &quot;org.openqa.selenium.WebDriver.get(String)&quot; because &quot;this.driver&quot; is null
	at pages.ClassPage.homepage(ClassPage.java:98)
	at stepDefinition.Classdetailspopup_SD.admin_is_on_manage_class_page_after_clicking_class_button_in_class(Classdetailspopup_SD.java:24)
	at ✽.Admin is on ManageClass page after clicking class button in class(file:///C:/Users/amitf/eclipse-workspace/LMSHackathon_Phase2/src/test/resources/Features/Classdetailpopupwindow.feature:3)
</div></td></tr></table><p class="totop"><a href="#summary">back to summary</a></p>
<h3 id="m157">runner.Runner$AllureReport#runScenario</h3><table class="result"><tr class="param"><th>Parameter #1</th><th>Parameter #2</th></tr><tr class="param stripe"><td>&quot;Verify Edit class popup window&quot;</td><td>&quot;Class detail pop up window verification&quot;</td></tr><tr><th colspan="2">Exception</th></tr><tr><td colspan="2"><div class="stacktrace">java.lang.NullPointerException: Cannot invoke &quot;org.openqa.selenium.WebDriver.get(String)&quot; because &quot;this.driver&quot; is null
	at pages.ClassPage.homepage(ClassPage.java:98)
	at stepDefinition.Classdetailspopup_SD.admin_is_on_manage_class_page_after_clicking_class_button_in_class(Classdetailspopup_SD.java:24)
	at ✽.Admin is on ManageClass page after clicking class button in class(file:///C:/Users/amitf/eclipse-workspace/LMSHackathon_Phase2/src/test/resources/Features/Classdetailpopupwindow.feature:3)
</div></td></tr></table><p class="totop"><a href="#summary">back to summary</a></p>
<h3 id="m158">runner.Runner$AllureReport#runScenario</h3><table class="result"><tr class="param"><th>Parameter #1</th><th>Parameter #2</th></tr><tr class="param stripe"><td>&quot;Verify drop down list for Batch Id  in class details popup window&quot;</td><td>&quot;Class detail pop up window verification&quot;</td></tr><tr><th colspan="2">Exception</th></tr><tr><td colspan="2"><div class="stacktrace">java.lang.NullPointerException: Cannot invoke &quot;org.openqa.selenium.WebDriver.get(String)&quot; because &quot;this.driver&quot; is null
	at pages.ClassPage.homepage(ClassPage.java:98)
	at stepDefinition.Classdetailspopup_SD.admin_is_on_manage_class_page_after_clicking_class_button_in_class(Classdetailspopup_SD.java:24)
	at ✽.Admin is on ManageClass page after clicking class button in class(file:///C:/Users/amitf/eclipse-workspace/LMSHackathon_Phase2/src/test/resources/Features/Classdetailpopupwindow.feature:3)
</div></td></tr></table><p class="totop"><a href="#summary">back to summary</a></p>
<h3 id="m159">runner.Runner$AllureReport#runScenario</h3><table class="result"><tr class="param"><th>Parameter #1</th><th>Parameter #2</th></tr><tr class="param stripe"><td>&quot;Validate admin able to  update  class with invalid data  in optional fields in edit class&quot;</td><td>&quot;Edit Class Validation&quot;</td></tr><tr><th colspan="2">Exception</th></tr><tr><td colspan="2"><div class="stacktrace">java.lang.NullPointerException: Cannot invoke &quot;org.openqa.selenium.WebDriver.get(String)&quot; because &quot;this.driver&quot; is null
	at pages.ClassPage.homepage(ClassPage.java:98)
	at stepDefinition.EditClass_SD.admin_is_in_edit_class_detail_popup_window_in_edit_class(EditClass_SD.java:24)
	at ✽.Admin is in  Edit class detail popup window in edit class(file:///C:/Users/amitf/eclipse-workspace/LMSHackathon_Phase2/src/test/resources/Features/EditClass.feature:3)
</div></td></tr></table><p class="totop"><a href="#summary">back to summary</a></p>
<h3 id="m160">runner.Runner$AllureReport#runScenario</h3><table class="result"><tr class="param"><th>Parameter #1</th><th>Parameter #2</th></tr><tr class="param stripe"><td>&quot;Verify accept alert in delete multiple attendance by selecting multiple checkbox&quot;</td><td>&quot;Delete Attendance Validation&quot;</td></tr><tr><th colspan="2">Exception</th></tr><tr><td colspan="2"><div class="stacktrace">java.lang.NullPointerException: Cannot invoke &quot;org.openqa.selenium.SearchContext.findElement(org.openqa.selenium.By)&quot; because &quot;this.searchContext&quot; is null
	at org.openqa.selenium.support.pagefactory.DefaultElementLocator.findElement(DefaultElementLocator.java:68)
	at org.openqa.selenium.support.pagefactory.internal.LocatingElementHandler.invoke(LocatingElementHandler.java:38)
	at jdk.proxy2/jdk.proxy2.$Proxy23.click(Unknown Source)
	at pages.DeleteAttendancePage.clickmulticheckbox(DeleteAttendancePage.java:143)
	at stepDefinition.DeleteAttendance_SD.admin_is_in_delete_alert_after_clicks_delete_button_under_header_after_selecting_multiple_the_check_boxes_in_attendance(DeleteAttendance_SD.java:123)
	at ✽.Admin is in delete alert after clicks delete button under header after selecting multiple the check boxes in attendance(file:///C:/Users/amitf/eclipse-workspace/LMSHackathon_Phase2/src/test/resources/Features/DeleteAttendance.feature:53)
</div></td></tr></table><p class="totop"><a href="#summary">back to summary</a></p>
<h3 id="m161">runner.Runner$AllureReport#runScenario</h3><table class="result"><tr class="param"><th>Parameter #1</th><th>Parameter #2</th></tr><tr class="param stripe"><td>&quot;Validate admin able to add new class with invalid data in mandatory fields&quot;</td><td>&quot;Add New Class&quot;</td></tr><tr><th colspan="2">Exception</th></tr><tr><td colspan="2"><div class="stacktrace">java.lang.NullPointerException: Cannot invoke &quot;org.openqa.selenium.WebDriver.get(String)&quot; because &quot;this.driver&quot; is null
	at pages.ClassPage.homepage(ClassPage.java:98)
	at stepDefinition.AddNewClass_SD.admin_is_in_class_detail_popup_window_in_class(AddNewClass_SD.java:27)
	at ✽.Admin is in class detail popup window in class(file:///C:/Users/amitf/eclipse-workspace/LMSHackathon_Phase2/src/test/resources/Features/AddNewClass.feature:3)
</div></td></tr></table><p class="totop"><a href="#summary">back to summary</a></p>
<h3 id="m162">runner.Runner$AllureReport#runScenario</h3><table class="result"><tr class="param"><th>Parameter #1</th><th>Parameter #2</th></tr><tr class="param stripe"><td>&quot;Validate admin able to  update  class with invalid data  in optional fields in edit class&quot;</td><td>&quot;Edit Class Validation&quot;</td></tr><tr><th colspan="2">Exception</th></tr><tr><td colspan="2"><div class="stacktrace">java.lang.NullPointerException: Cannot invoke &quot;org.openqa.selenium.WebDriver.get(String)&quot; because &quot;this.driver&quot; is null
	at pages.ClassPage.homepage(ClassPage.java:98)
	at stepDefinition.EditClass_SD.admin_is_in_edit_class_detail_popup_window_in_edit_class(EditClass_SD.java:24)
	at ✽.Admin is in  Edit class detail popup window in edit class(file:///C:/Users/amitf/eclipse-workspace/LMSHackathon_Phase2/src/test/resources/Features/EditClass.feature:3)
</div></td></tr></table><p class="totop"><a href="#summary">back to summary</a></p>
</body>
</html>
