<?xml version="1.0" encoding="UTF-8"?>
<!-- Generated by org.testng.reporters.JUnitReportReporter -->
<testsuite hostname="DESKTOP-JSLH211" failures="0" tests="163" name="runner.Runner$AllureReport" time="6.408" errors="163" timestamp="2023-09-13T14:21:52 CDT" skipped="0">
  <testcase classname="runner.Runner$AllureReport" name="runScenario" time="0.017">
    <error message="Cannot invoke &quot;org.openqa.selenium.WebDriver.get(String)&quot; because &quot;this.driver&quot; is null" type="java.lang.NullPointerException">
      <![CDATA[java.lang.NullPointerException: Cannot invoke "org.openqa.selenium.WebDriver.get(String)" because "this.driver" is null
at pages.ClassPage.homepage(ClassPage.java:98)
at stepDefinition.ManageClassPage_SD.admin_is_on_dashboard_page_after_login_in_class(ManageClassPage_SD.java:22)
at ?.Admin is on dashboard page after login in class(file:///C:/Users/amitf/eclipse-workspace/LMSHackathon_Phase2/src/test/resources/Features/ManageClass.feature:3)
]]>
    </error>
  </testcase> <!-- runScenario -->
  <system-out/>
  <testcase classname="runner.Runner$AllureReport" name="runScenario" time="0.028">
    <error message="Cannot invoke &quot;org.openqa.selenium.WebDriver.get(String)&quot; because &quot;this.driver&quot; is null" type="java.lang.NullPointerException">
      <![CDATA[java.lang.NullPointerException: Cannot invoke "org.openqa.selenium.WebDriver.get(String)" because "this.driver" is null
at pages.ClassPage.homepage(ClassPage.java:98)
at stepDefinition.Attendancedetailspopup_SD.admin_is_in_attendance_details_popup_window_in_attendance(Attendancedetailspopup_SD.java:143)
at ?.Admin is in  attendance details popup window in attendance(file:///C:/Users/amitf/eclipse-workspace/LMSHackathon_Phase2/src/test/resources/Features/Attendancedetailspopup.feature:89)
]]>
    </error>
  </testcase> <!-- runScenario -->
  <system-out/>
  <testcase classname="runner.Runner$AllureReport" name="runScenario" time="0.016">
    <error message="Cannot invoke &quot;org.openqa.selenium.WebDriver.get(String)&quot; because &quot;this.driver&quot; is null" type="java.lang.NullPointerException">
      <![CDATA[java.lang.NullPointerException: Cannot invoke "org.openqa.selenium.WebDriver.get(String)" because "this.driver" is null
at pages.ClassPage.homepage(ClassPage.java:98)
at stepDefinition.EditClass_SD.admin_is_in_edit_class_detail_popup_window_in_edit_class(EditClass_SD.java:24)
at ?.Admin is in  Edit class detail popup window in edit class(file:///C:/Users/amitf/eclipse-workspace/LMSHackathon_Phase2/src/test/resources/Features/EditClass.feature:3)
]]>
    </error>
  </testcase> <!-- runScenario -->
  <system-out/>
  <testcase classname="runner.Runner$AllureReport" name="runScenario" time="0.030">
    <error message="Cannot invoke &quot;org.openqa.selenium.WebDriver.get(String)&quot; because &quot;this.driver&quot; is null" type="java.lang.NullPointerException">
      <![CDATA[java.lang.NullPointerException: Cannot invoke "org.openqa.selenium.WebDriver.get(String)" because "this.driver" is null
at pages.ClassPage.homepage(ClassPage.java:98)
at stepDefinition.ManageClassPage_SD.admin_is_on_dashboard_page_after_login_in_class(ManageClassPage_SD.java:22)
at ?.Admin is on dashboard page after login in class(file:///C:/Users/amitf/eclipse-workspace/LMSHackathon_Phase2/src/test/resources/Features/ManageClass.feature:3)
]]>
    </error>
  </testcase> <!-- runScenario -->
  <system-out/>
  <testcase classname="runner.Runner$AllureReport" name="runScenario" time="0.016">
    <error message="Cannot invoke &quot;org.openqa.selenium.SearchContext.findElement(org.openqa.selenium.By)&quot; because &quot;this.searchContext&quot; is null" type="java.lang.NullPointerException">
      <![CDATA[java.lang.NullPointerException: Cannot invoke "org.openqa.selenium.SearchContext.findElement(org.openqa.selenium.By)" because "this.searchContext" is null
at org.openqa.selenium.support.pagefactory.DefaultElementLocator.findElement(DefaultElementLocator.java:68)
at org.openqa.selenium.support.pagefactory.internal.LocatingElementHandler.invoke(LocatingElementHandler.java:38)
at jdk.proxy2/jdk.proxy2.$Proxy23.click(Unknown Source)
at pages.DeleteAttendancePage.clickmulticheckbox(DeleteAttendancePage.java:143)
at stepDefinition.DeleteAttendance_SD.admin_is_in_delete_alert_after_clicks_delete_button_under_header_after_selecting_multiple_the_check_boxes_in_attendance(DeleteAttendance_SD.java:123)
at ?.Admin is in delete alert after clicks delete button under header after selecting multiple the check boxes in attendance(file:///C:/Users/amitf/eclipse-workspace/LMSHackathon_Phase2/src/test/resources/Features/DeleteAttendance.feature:58)
]]>
    </error>
  </testcase> <!-- runScenario -->
  <system-out/>
  <testcase classname="runner.Runner$AllureReport" name="runScenario" time="0.039">
    <error message="Test name must not be null or empty" type="java.lang.IllegalArgumentException">
      <![CDATA[java.lang.IllegalArgumentException: Test name must not be null or empty
at com.aventstack.extentreports.util.Assert.notEmpty(Assert.java:12)
at com.aventstack.extentreports.ExtentTest.<init>(ExtentTest.java:96)
at com.aventstack.extentreports.ExtentReports.createTest(ExtentReports.java:105)
at com.aventstack.extentreports.cucumber.adapter.ExtentCucumberAdapter.createFeature(ExtentCucumberAdapter.java:329)
at com.aventstack.extentreports.cucumber.adapter.ExtentCucumberAdapter.handleStartOfFeature(ExtentCucumberAdapter.java:307)
at com.aventstack.extentreports.cucumber.adapter.ExtentCucumberAdapter.handleTestCaseStarted(ExtentCucumberAdapter.java:161)
at com.aventstack.extentreports.cucumber.adapter.ExtentCucumberAdapter$3.receive(ExtentCucumberAdapter.java:107)
at com.aventstack.extentreports.cucumber.adapter.ExtentCucumberAdapter$3.receive(ExtentCucumberAdapter.java:104)
at io.cucumber.core.eventbus.AbstractEventPublisher.send(AbstractEventPublisher.java:51)
at io.cucumber.core.eventbus.AbstractEventBus.send(AbstractEventBus.java:12)
at io.cucumber.core.runtime.SynchronizedEventBus.send(SynchronizedEventBus.java:47)
at io.cucumber.core.runtime.ThreadLocalRunnerSupplier$LocalEventBus.send(ThreadLocalRunnerSupplier.java:62)
at io.cucumber.core.runner.TestCase.emitTestCaseStarted(TestCase.java:206)
at io.cucumber.core.runner.TestCase.run(TestCase.java:72)
at io.cucumber.core.runner.Runner.runPickle(Runner.java:75)
at io.cucumber.testng.TestNGCucumberRunner.lambda$runScenario$1(TestNGCucumberRunner.java:132)
at io.cucumber.core.runtime.CucumberExecutionContext.lambda$runTestCase$5(CucumberExecutionContext.java:137)
at io.cucumber.core.runtime.RethrowingThrowableCollector.executeAndThrow(RethrowingThrowableCollector.java:23)
at io.cucumber.core.runtime.CucumberExecutionContext.runTestCase(CucumberExecutionContext.java:137)
at io.cucumber.testng.TestNGCucumberRunner.runScenario(TestNGCucumberRunner.java:129)
at io.cucumber.testng.AbstractTestNGCucumberTests.runScenario(AbstractTestNGCucumberTests.java:35)
at jdk.internal.reflect.GeneratedMethodAccessor21.invoke(Unknown Source)
at java.base/jdk.internal.reflect.DelegatingMethodAccessorImpl.invoke(DelegatingMethodAccessorImpl.java:43)
at java.base/java.lang.reflect.Method.invoke(Method.java:568)
at org.testng.internal.MethodInvocationHelper.invokeMethod(MethodInvocationHelper.java:133)
at org.testng.internal.TestInvoker.invokeMethod(TestInvoker.java:598)
at org.testng.internal.TestInvoker.invokeTestMethod(TestInvoker.java:173)
at org.testng.internal.MethodRunner.runInSequence(MethodRunner.java:46)
at org.testng.internal.TestInvoker$MethodInvocationAgent.invoke(TestInvoker.java:824)
at org.testng.internal.TestInvoker.invokeTestMethods(TestInvoker.java:146)
at org.testng.internal.TestMethodWorker.invokeTestMethods(TestMethodWorker.java:146)
at org.testng.internal.TestMethodWorker.run(TestMethodWorker.java:128)
at java.base/java.util.ArrayList.forEach(ArrayList.java:1511)
at org.testng.TestRunner.privateRun(TestRunner.java:794)
at org.testng.TestRunner.run(TestRunner.java:596)
at org.testng.SuiteRunner.runTest(SuiteRunner.java:377)
at org.testng.SuiteRunner.runSequentially(SuiteRunner.java:371)
at org.testng.SuiteRunner.privateRun(SuiteRunner.java:332)
at org.testng.SuiteRunner.run(SuiteRunner.java:276)
at org.testng.SuiteRunnerWorker.runSuite(SuiteRunnerWorker.java:53)
at org.testng.SuiteRunnerWorker.run(SuiteRunnerWorker.java:96)
at org.testng.TestNG.runSuitesSequentially(TestNG.java:1212)
at org.testng.TestNG.runSuitesLocally(TestNG.java:1134)
at org.testng.TestNG.runSuites(TestNG.java:1063)
at org.testng.TestNG.run(TestNG.java:1031)
at org.testng.remote.AbstractRemoteTestNG.run(AbstractRemoteTestNG.java:115)
at org.testng.remote.RemoteTestNG.initAndRun(RemoteTestNG.java:251)
at org.testng.remote.RemoteTestNG.main(RemoteTestNG.java:77)
]]>
    </error>
  </testcase> <!-- runScenario -->
  <system-out/>
  <testcase classname="runner.Runner$AllureReport" name="runScenario" time="1.751">
    <error message="Cannot invoke &quot;org.openqa.selenium.WebDriver.get(String)&quot; because &quot;this.driver&quot; is null" type="java.lang.NullPointerException">
      <![CDATA[java.lang.NullPointerException: Cannot invoke "org.openqa.selenium.WebDriver.get(String)" because "this.driver" is null
at pages.ClassPage.homepage(ClassPage.java:98)
at stepDefinition.AddNewClass_SD.admin_is_in_class_detail_popup_window_in_class(AddNewClass_SD.java:27)
at ?.Admin is in class detail popup window in class(file:///C:/Users/amitf/eclipse-workspace/LMSHackathon_Phase2/src/test/resources/Features/AddNewClass.feature:3)
]]>
    </error>
  </testcase> <!-- runScenario -->
  <system-out/>
  <testcase classname="runner.Runner$AllureReport" name="runScenario" time="0.012">
    <error message="Cannot invoke &quot;org.openqa.selenium.WebDriver.get(String)&quot; because &quot;this.driver&quot; is null" type="java.lang.NullPointerException">
      <![CDATA[java.lang.NullPointerException: Cannot invoke "org.openqa.selenium.WebDriver.get(String)" because "this.driver" is null
at pages.ClassPage.homepage(ClassPage.java:98)
at stepDefinition.EditClass_SD.admin_is_in_edit_class_detail_popup_window_in_edit_class(EditClass_SD.java:24)
at ?.Admin is in  Edit class detail popup window in edit class(file:///C:/Users/amitf/eclipse-workspace/LMSHackathon_Phase2/src/test/resources/Features/EditClass.feature:3)
]]>
    </error>
  </testcase> <!-- runScenario -->
  <system-out/>
  <testcase classname="runner.Runner$AllureReport" name="runScenario" time="0.031">
    <error message="Cannot invoke &quot;org.openqa.selenium.WebDriver.get(String)&quot; because &quot;this.driver&quot; is null" type="java.lang.NullPointerException">
      <![CDATA[java.lang.NullPointerException: Cannot invoke "org.openqa.selenium.WebDriver.get(String)" because "this.driver" is null
at pages.ClassPage.homepage(ClassPage.java:98)
at stepDefinition.Classdetailspopup_SD.admin_is_on_manage_class_page_after_clicking_class_button_in_class(Classdetailspopup_SD.java:24)
at ?.Admin is on ManageClass page after clicking class button in class(file:///C:/Users/amitf/eclipse-workspace/LMSHackathon_Phase2/src/test/resources/Features/Classdetailpopupwindow.feature:3)
]]>
    </error>
  </testcase> <!-- runScenario -->
  <system-out/>
  <testcase classname="runner.Runner$AllureReport" name="runScenario" time="0.019">
    <error message="Cannot invoke &quot;org.openqa.selenium.WebDriver.get(String)&quot; because &quot;this.driver&quot; is null" type="java.lang.NullPointerException">
      <![CDATA[java.lang.NullPointerException: Cannot invoke "org.openqa.selenium.WebDriver.get(String)" because "this.driver" is null
at pages.DeleteAttendancePage.homepage(DeleteAttendancePage.java:80)
at stepDefinition.Paginationmanageattendance_SD.admin_is_logged_into_homepage_in_attendance(Paginationmanageattendance_SD.java:21)
at ?.Admin is logged into homepage in attendance(file:///C:/Users/amitf/eclipse-workspace/LMSHackathon_Phase2/src/test/resources/Features/Paginationinmanageattendance.feature:3)
]]>
    </error>
  </testcase> <!-- runScenario -->
  <system-out/>
  <testcase classname="runner.Runner$AllureReport" name="runScenario" time="0.014">
    <error message="Cannot invoke &quot;org.openqa.selenium.WebDriver.get(String)&quot; because &quot;this.driver&quot; is null" type="java.lang.NullPointerException">
      <![CDATA[java.lang.NullPointerException: Cannot invoke "org.openqa.selenium.WebDriver.get(String)" because "this.driver" is null
at pages.ClassPage.homepage(ClassPage.java:98)
at stepDefinition.ManageClassPage_SD.admin_is_on_dashboard_page_after_login_in_class(ManageClassPage_SD.java:22)
at ?.Admin is on dashboard page after login in class(file:///C:/Users/amitf/eclipse-workspace/LMSHackathon_Phase2/src/test/resources/Features/ManageClass.feature:3)
]]>
    </error>
  </testcase> <!-- runScenario -->
  <system-out/>
  <testcase classname="runner.Runner$AllureReport" name="runScenario" time="0.019">
    <error message="Test name must not be null or empty" type="java.lang.IllegalArgumentException">
      <![CDATA[java.lang.IllegalArgumentException: Test name must not be null or empty
at com.aventstack.extentreports.util.Assert.notEmpty(Assert.java:12)
at com.aventstack.extentreports.ExtentTest.<init>(ExtentTest.java:96)
at com.aventstack.extentreports.ExtentReports.createTest(ExtentReports.java:105)
at com.aventstack.extentreports.cucumber.adapter.ExtentCucumberAdapter.createFeature(ExtentCucumberAdapter.java:329)
at com.aventstack.extentreports.cucumber.adapter.ExtentCucumberAdapter.handleStartOfFeature(ExtentCucumberAdapter.java:307)
at com.aventstack.extentreports.cucumber.adapter.ExtentCucumberAdapter.handleTestCaseStarted(ExtentCucumberAdapter.java:161)
at com.aventstack.extentreports.cucumber.adapter.ExtentCucumberAdapter$3.receive(ExtentCucumberAdapter.java:107)
at com.aventstack.extentreports.cucumber.adapter.ExtentCucumberAdapter$3.receive(ExtentCucumberAdapter.java:104)
at io.cucumber.core.eventbus.AbstractEventPublisher.send(AbstractEventPublisher.java:51)
at io.cucumber.core.eventbus.AbstractEventBus.send(AbstractEventBus.java:12)
at io.cucumber.core.runtime.SynchronizedEventBus.send(SynchronizedEventBus.java:47)
at io.cucumber.core.runtime.ThreadLocalRunnerSupplier$LocalEventBus.send(ThreadLocalRunnerSupplier.java:62)
at io.cucumber.core.runner.TestCase.emitTestCaseStarted(TestCase.java:206)
at io.cucumber.core.runner.TestCase.run(TestCase.java:72)
at io.cucumber.core.runner.Runner.runPickle(Runner.java:75)
at io.cucumber.testng.TestNGCucumberRunner.lambda$runScenario$1(TestNGCucumberRunner.java:132)
at io.cucumber.core.runtime.CucumberExecutionContext.lambda$runTestCase$5(CucumberExecutionContext.java:137)
at io.cucumber.core.runtime.RethrowingThrowableCollector.executeAndThrow(RethrowingThrowableCollector.java:23)
at io.cucumber.core.runtime.CucumberExecutionContext.runTestCase(CucumberExecutionContext.java:137)
at io.cucumber.testng.TestNGCucumberRunner.runScenario(TestNGCucumberRunner.java:129)
at io.cucumber.testng.AbstractTestNGCucumberTests.runScenario(AbstractTestNGCucumberTests.java:35)
at jdk.internal.reflect.GeneratedMethodAccessor21.invoke(Unknown Source)
at java.base/jdk.internal.reflect.DelegatingMethodAccessorImpl.invoke(DelegatingMethodAccessorImpl.java:43)
at java.base/java.lang.reflect.Method.invoke(Method.java:568)
at org.testng.internal.MethodInvocationHelper.invokeMethod(MethodInvocationHelper.java:133)
at org.testng.internal.TestInvoker.invokeMethod(TestInvoker.java:598)
at org.testng.internal.TestInvoker.invokeTestMethod(TestInvoker.java:173)
at org.testng.internal.MethodRunner.runInSequence(MethodRunner.java:46)
at org.testng.internal.TestInvoker$MethodInvocationAgent.invoke(TestInvoker.java:824)
at org.testng.internal.TestInvoker.invokeTestMethods(TestInvoker.java:146)
at org.testng.internal.TestMethodWorker.invokeTestMethods(TestMethodWorker.java:146)
at org.testng.internal.TestMethodWorker.run(TestMethodWorker.java:128)
at java.base/java.util.ArrayList.forEach(ArrayList.java:1511)
at org.testng.TestRunner.privateRun(TestRunner.java:794)
at org.testng.TestRunner.run(TestRunner.java:596)
at org.testng.SuiteRunner.runTest(SuiteRunner.java:377)
at org.testng.SuiteRunner.runSequentially(SuiteRunner.java:371)
at org.testng.SuiteRunner.privateRun(SuiteRunner.java:332)
at org.testng.SuiteRunner.run(SuiteRunner.java:276)
at org.testng.SuiteRunnerWorker.runSuite(SuiteRunnerWorker.java:53)
at org.testng.SuiteRunnerWorker.run(SuiteRunnerWorker.java:96)
at org.testng.TestNG.runSuitesSequentially(TestNG.java:1212)
at org.testng.TestNG.runSuitesLocally(TestNG.java:1134)
at org.testng.TestNG.runSuites(TestNG.java:1063)
at org.testng.TestNG.run(TestNG.java:1031)
at org.testng.remote.AbstractRemoteTestNG.run(AbstractRemoteTestNG.java:115)
at org.testng.remote.RemoteTestNG.initAndRun(RemoteTestNG.java:251)
at org.testng.remote.RemoteTestNG.main(RemoteTestNG.java:77)
]]>
    </error>
  </testcase> <!-- runScenario -->
  <system-out/>
  <testcase classname="runner.Runner$AllureReport" name="runScenario" time="0.012">
    <error message="Cannot invoke &quot;org.openqa.selenium.WebDriver.get(String)&quot; because &quot;this.driver&quot; is null" type="java.lang.NullPointerException">
      <![CDATA[java.lang.NullPointerException: Cannot invoke "org.openqa.selenium.WebDriver.get(String)" because "this.driver" is null
at pages.ClassPage.homepage(ClassPage.java:98)
at stepDefinition.EditClass_SD.admin_is_in_edit_class_detail_popup_window_in_edit_class(EditClass_SD.java:24)
at ?.Admin is in  Edit class detail popup window in edit class(file:///C:/Users/amitf/eclipse-workspace/LMSHackathon_Phase2/src/test/resources/Features/EditClass.feature:3)
]]>
    </error>
  </testcase> <!-- runScenario -->
  <system-out/>
  <testcase classname="runner.Runner$AllureReport" name="runScenario" time="0.015">
    <error message="Cannot invoke &quot;org.openqa.selenium.WebDriver.get(String)&quot; because &quot;this.driver&quot; is null" type="java.lang.NullPointerException">
      <![CDATA[java.lang.NullPointerException: Cannot invoke "org.openqa.selenium.WebDriver.get(String)" because "this.driver" is null
at pages.ClassPage.homepage(ClassPage.java:98)
at stepDefinition.ManageClassPage_SD.admin_is_on_dashboard_page_after_login_in_class(ManageClassPage_SD.java:22)
at ?.Admin is on dashboard page after login in class(file:///C:/Users/amitf/eclipse-workspace/LMSHackathon_Phase2/src/test/resources/Features/ManageClass.feature:3)
]]>
    </error>
  </testcase> <!-- runScenario -->
  <system-out/>
  <testcase classname="runner.Runner$AllureReport" name="runScenario" time="0.011">
    <error message="Cannot invoke &quot;org.openqa.selenium.WebDriver.get(String)&quot; because &quot;this.driver&quot; is null" type="java.lang.NullPointerException">
      <![CDATA[java.lang.NullPointerException: Cannot invoke "org.openqa.selenium.WebDriver.get(String)" because "this.driver" is null
at pages.ClassPage.homepage(ClassPage.java:98)
at stepDefinition.EditClass_SD.admin_is_in_edit_class_detail_popup_window_in_edit_class(EditClass_SD.java:24)
at ?.Admin is in  Edit class detail popup window in edit class(file:///C:/Users/amitf/eclipse-workspace/LMSHackathon_Phase2/src/test/resources/Features/EditClass.feature:3)
]]>
    </error>
  </testcase> <!-- runScenario -->
  <system-out/>
  <testcase classname="runner.Runner$AllureReport" name="runScenario" time="0.033">
    <error message="Cannot invoke &quot;org.openqa.selenium.WebDriver.get(String)&quot; because &quot;this.driver&quot; is null" type="java.lang.NullPointerException">
      <![CDATA[java.lang.NullPointerException: Cannot invoke "org.openqa.selenium.WebDriver.get(String)" because "this.driver" is null
at pages.ClassPage.homepage(ClassPage.java:98)
at stepDefinition.Classdetailspopup_SD.admin_is_on_manage_class_page_after_clicking_class_button_in_class(Classdetailspopup_SD.java:24)
at ?.Admin is on ManageClass page after clicking class button in class(file:///C:/Users/amitf/eclipse-workspace/LMSHackathon_Phase2/src/test/resources/Features/Classdetailpopupwindow.feature:3)
]]>
    </error>
  </testcase> <!-- runScenario -->
  <system-out/>
  <testcase classname="runner.Runner$AllureReport" name="runScenario" time="0.024">
    <error message="Cannot invoke &quot;org.openqa.selenium.WebDriver.get(String)&quot; because &quot;this.driver&quot; is null" type="java.lang.NullPointerException">
      <![CDATA[java.lang.NullPointerException: Cannot invoke "org.openqa.selenium.WebDriver.get(String)" because "this.driver" is null
at pages.ClassPage.homepage(ClassPage.java:98)
at stepDefinition.EditClass_SD.admin_is_in_edit_class_detail_popup_window_in_edit_class(EditClass_SD.java:24)
at ?.Admin is in  Edit class detail popup window in edit class(file:///C:/Users/amitf/eclipse-workspace/LMSHackathon_Phase2/src/test/resources/Features/EditClass.feature:3)
]]>
    </error>
  </testcase> <!-- runScenario -->
  <system-out/>
  <testcase classname="runner.Runner$AllureReport" name="runScenario" time="0.036">
    <error message="Cannot invoke &quot;org.openqa.selenium.WebDriver.get(String)&quot; because &quot;this.driver&quot; is null" type="java.lang.NullPointerException">
      <![CDATA[java.lang.NullPointerException: Cannot invoke "org.openqa.selenium.WebDriver.get(String)" because "this.driver" is null
at pages.ClassPage.homepage(ClassPage.java:98)
at stepDefinition.Attendancedetailspopup_SD.admin_is_in_attendance_details_popup_window_in_attendance(Attendancedetailspopup_SD.java:143)
at ?.Admin is in  attendance details popup window in attendance(file:///C:/Users/amitf/eclipse-workspace/LMSHackathon_Phase2/src/test/resources/Features/Attendancedetailspopup.feature:94)
]]>
    </error>
  </testcase> <!-- runScenario -->
  <system-out/>
  <testcase classname="runner.Runner$AllureReport" name="runScenario" time="0.024">
    <error message="Cannot invoke &quot;org.openqa.selenium.WebDriver.get(String)&quot; because &quot;this.driver&quot; is null" type="java.lang.NullPointerException">
      <![CDATA[java.lang.NullPointerException: Cannot invoke "org.openqa.selenium.WebDriver.get(String)" because "this.driver" is null
at pages.ClassPage.homepage(ClassPage.java:98)
at stepDefinition.EditClass_SD.admin_is_in_edit_class_detail_popup_window_in_edit_class(EditClass_SD.java:24)
at ?.Admin is in  Edit class detail popup window in edit class(file:///C:/Users/amitf/eclipse-workspace/LMSHackathon_Phase2/src/test/resources/Features/EditClass.feature:3)
]]>
    </error>
  </testcase> <!-- runScenario -->
  <system-out/>
  <testcase classname="runner.Runner$AllureReport" name="runScenario" time="0.077">
    <error message="Cannot invoke &quot;org.openqa.selenium.WebDriver.get(String)&quot; because &quot;this.driver&quot; is null" type="java.lang.NullPointerException">
      <![CDATA[java.lang.NullPointerException: Cannot invoke "org.openqa.selenium.WebDriver.get(String)" because "this.driver" is null
at pages.ClassPage.homepage(ClassPage.java:98)
at stepDefinition.Attendancedetailspopup_SD.admin_is_on_manage_attendance_page_in_attendance(Attendancedetailspopup_SD.java:30)
at ?.Admin is on manage attendance page in attendance(file:///C:/Users/amitf/eclipse-workspace/LMSHackathon_Phase2/src/test/resources/Features/Attendancedetailspopup.feature:19)
]]>
    </error>
  </testcase> <!-- runScenario -->
  <system-out/>
  <testcase classname="runner.Runner$AllureReport" name="runScenario" time="0.016">
    <error message="Cannot invoke &quot;org.openqa.selenium.WebDriver.get(String)&quot; because &quot;this.driver&quot; is null" type="java.lang.NullPointerException">
      <![CDATA[java.lang.NullPointerException: Cannot invoke "org.openqa.selenium.WebDriver.get(String)" because "this.driver" is null
at pages.ClassPage.homepage(ClassPage.java:98)
at stepDefinition.EditClass_SD.admin_is_in_edit_class_detail_popup_window_in_edit_class(EditClass_SD.java:24)
at ?.Admin is in  Edit class detail popup window in edit class(file:///C:/Users/amitf/eclipse-workspace/LMSHackathon_Phase2/src/test/resources/Features/EditClass.feature:3)
]]>
    </error>
  </testcase> <!-- runScenario -->
  <system-out/>
  <testcase classname="runner.Runner$AllureReport" name="runScenario" time="0.016">
    <error message="Cannot invoke &quot;org.openqa.selenium.WebDriver.get(String)&quot; because &quot;this.driver&quot; is null" type="java.lang.NullPointerException">
      <![CDATA[java.lang.NullPointerException: Cannot invoke "org.openqa.selenium.WebDriver.get(String)" because "this.driver" is null
at pages.ClassPage.homepage(ClassPage.java:98)
at stepDefinition.EditClass_SD.admin_is_in_edit_class_detail_popup_window_in_edit_class(EditClass_SD.java:24)
at ?.Admin is in  Edit class detail popup window in edit class(file:///C:/Users/amitf/eclipse-workspace/LMSHackathon_Phase2/src/test/resources/Features/EditClass.feature:3)
]]>
    </error>
  </testcase> <!-- runScenario -->
  <system-out/>
  <testcase classname="runner.Runner$AllureReport" name="runScenario" time="0.015">
    <error message="Cannot invoke &quot;org.openqa.selenium.WebDriver.get(String)&quot; because &quot;this.driver&quot; is null" type="java.lang.NullPointerException">
      <![CDATA[java.lang.NullPointerException: Cannot invoke "org.openqa.selenium.WebDriver.get(String)" because "this.driver" is null
at pages.DeleteAttendancePage.homepage(DeleteAttendancePage.java:80)
at stepDefinition.Paginationmanageattendance_SD.admin_is_logged_into_homepage_in_attendance(Paginationmanageattendance_SD.java:21)
at ?.Admin is logged into homepage in attendance(file:///C:/Users/amitf/eclipse-workspace/LMSHackathon_Phase2/src/test/resources/Features/Paginationinmanageattendance.feature:3)
]]>
    </error>
  </testcase> <!-- runScenario -->
  <system-out/>
  <testcase classname="runner.Runner$AllureReport" name="runScenario" time="0.018">
    <error message="Cannot invoke &quot;org.openqa.selenium.WebDriver.get(String)&quot; because &quot;this.driver&quot; is null" type="java.lang.NullPointerException">
      <![CDATA[java.lang.NullPointerException: Cannot invoke "org.openqa.selenium.WebDriver.get(String)" because "this.driver" is null
at pages.ClassPage.homepage(ClassPage.java:98)
at stepDefinition.ManageClassPage_SD.admin_is_on_dashboard_page_after_login_in_class(ManageClassPage_SD.java:22)
at ?.Admin is on dashboard page after login in class(file:///C:/Users/amitf/eclipse-workspace/LMSHackathon_Phase2/src/test/resources/Features/ManageClass.feature:3)
]]>
    </error>
  </testcase> <!-- runScenario -->
  <system-out/>
  <testcase classname="runner.Runner$AllureReport" name="runScenario" time="0.060">
    <error message="Cannot invoke &quot;org.openqa.selenium.WebDriver.get(String)&quot; because &quot;this.driver&quot; is null" type="java.lang.NullPointerException">
      <![CDATA[java.lang.NullPointerException: Cannot invoke "org.openqa.selenium.WebDriver.get(String)" because "this.driver" is null
at pages.DeleteAttendancePage.homepage(DeleteAttendancePage.java:80)
at stepDefinition.Paginationmanageattendance_SD.admin_is_logged_into_homepage_in_attendance(Paginationmanageattendance_SD.java:21)
at ?.Admin is logged into homepage in attendance(file:///C:/Users/amitf/eclipse-workspace/LMSHackathon_Phase2/src/test/resources/Features/Paginationinmanageattendance.feature:3)
]]>
    </error>
  </testcase> <!-- runScenario -->
  <system-out/>
  <testcase classname="runner.Runner$AllureReport" name="runScenario" time="0.019">
    <error message="Cannot invoke &quot;org.openqa.selenium.WebDriver.get(String)&quot; because &quot;this.driver&quot; is null" type="java.lang.NullPointerException">
      <![CDATA[java.lang.NullPointerException: Cannot invoke "org.openqa.selenium.WebDriver.get(String)" because "this.driver" is null
at pages.ClassPage.homepage(ClassPage.java:98)
at stepDefinition.ManageClassPage_SD.admin_is_on_dashboard_page_after_login_in_class(ManageClassPage_SD.java:22)
at ?.Admin is on dashboard page after login in class(file:///C:/Users/amitf/eclipse-workspace/LMSHackathon_Phase2/src/test/resources/Features/ManageClass.feature:3)
]]>
    </error>
  </testcase> <!-- runScenario -->
  <system-out/>
  <testcase classname="runner.Runner$AllureReport" name="runScenario" time="0.077">
    <error message="Cannot invoke &quot;org.openqa.selenium.WebDriver.get(String)&quot; because &quot;this.driver&quot; is null" type="java.lang.NullPointerException">
      <![CDATA[java.lang.NullPointerException: Cannot invoke "org.openqa.selenium.WebDriver.get(String)" because "this.driver" is null
at pages.ClassPage.homepage(ClassPage.java:98)
at stepDefinition.AddNewClass_SD.admin_is_in_class_detail_popup_window_in_class(AddNewClass_SD.java:27)
at ?.Admin is in class detail popup window in class(file:///C:/Users/amitf/eclipse-workspace/LMSHackathon_Phase2/src/test/resources/Features/AddNewClass.feature:3)
]]>
    </error>
  </testcase> <!-- runScenario -->
  <system-out/>
  <testcase classname="runner.Runner$AllureReport" name="runScenario" time="0.046">
    <error message="Cannot invoke &quot;org.openqa.selenium.WebDriver.get(String)&quot; because &quot;this.driver&quot; is null" type="java.lang.NullPointerException">
      <![CDATA[java.lang.NullPointerException: Cannot invoke "org.openqa.selenium.WebDriver.get(String)" because "this.driver" is null
at pages.ClassPage.homepage(ClassPage.java:98)
at stepDefinition.Attendancedetailspopup_SD.admin_is_in_attendance_details_popup_window_in_attendance(Attendancedetailspopup_SD.java:143)
at ?.Admin is in  attendance details popup window in attendance(file:///C:/Users/amitf/eclipse-workspace/LMSHackathon_Phase2/src/test/resources/Features/Attendancedetailspopup.feature:99)
]]>
    </error>
  </testcase> <!-- runScenario -->
  <system-out/>
  <testcase classname="runner.Runner$AllureReport" name="runScenario" time="0.066">
    <error message="Cannot invoke &quot;org.openqa.selenium.WebDriver.get(String)&quot; because &quot;this.driver&quot; is null" type="java.lang.NullPointerException">
      <![CDATA[java.lang.NullPointerException: Cannot invoke "org.openqa.selenium.WebDriver.get(String)" because "this.driver" is null
at pages.ClassPage.homepage(ClassPage.java:98)
at stepDefinition.Attendancedetailspopup_SD.admin_is_on_manage_attendance_page_in_attendance(Attendancedetailspopup_SD.java:30)
at ?.Admin is on manage attendance page in attendance(file:///C:/Users/amitf/eclipse-workspace/LMSHackathon_Phase2/src/test/resources/Features/Attendancedetailspopup.feature:34)
]]>
    </error>
  </testcase> <!-- runScenario -->
  <system-out/>
  <testcase classname="runner.Runner$AllureReport" name="runScenario" time="0.013">
    <error message="Cannot invoke &quot;org.openqa.selenium.WebDriver.get(String)&quot; because &quot;this.driver&quot; is null" type="java.lang.NullPointerException">
      <![CDATA[java.lang.NullPointerException: Cannot invoke "org.openqa.selenium.WebDriver.get(String)" because "this.driver" is null
at pages.ClassPage.homepage(ClassPage.java:98)
at stepDefinition.EditClass_SD.admin_is_in_edit_class_detail_popup_window_in_edit_class(EditClass_SD.java:24)
at ?.Admin is in  Edit class detail popup window in edit class(file:///C:/Users/amitf/eclipse-workspace/LMSHackathon_Phase2/src/test/resources/Features/EditClass.feature:3)
]]>
    </error>
  </testcase> <!-- runScenario -->
  <system-out/>
  <testcase classname="runner.Runner$AllureReport" name="runScenario" time="0.018">
    <error message="Cannot invoke &quot;org.openqa.selenium.WebDriver.get(String)&quot; because &quot;this.driver&quot; is null" type="java.lang.NullPointerException">
      <![CDATA[java.lang.NullPointerException: Cannot invoke "org.openqa.selenium.WebDriver.get(String)" because "this.driver" is null
at pages.ClassPage.homepage(ClassPage.java:98)
at stepDefinition.ManageClassPage_SD.admin_is_on_dashboard_page_after_login_in_class(ManageClassPage_SD.java:22)
at ?.Admin is on dashboard page after login in class(file:///C:/Users/amitf/eclipse-workspace/LMSHackathon_Phase2/src/test/resources/Features/ManageClass.feature:3)
]]>
    </error>
  </testcase> <!-- runScenario -->
  <system-out/>
  <testcase classname="runner.Runner$AllureReport" name="runScenario" time="0.028">
    <error message="Cannot invoke &quot;org.openqa.selenium.WebDriver.get(String)&quot; because &quot;this.driver&quot; is null" type="java.lang.NullPointerException">
      <![CDATA[java.lang.NullPointerException: Cannot invoke "org.openqa.selenium.WebDriver.get(String)" because "this.driver" is null
at pages.ClassPage.homepage(ClassPage.java:98)
at stepDefinition.DeleteClass_SD.admin_is_in_manage_class_page_in_class(DeleteClass_SD.java:26)
at ?.Admin is in Manage class page in class(file:///C:/Users/amitf/eclipse-workspace/LMSHackathon_Phase2/src/test/resources/Features/DeleteClass.feature:4)
]]>
    </error>
  </testcase> <!-- runScenario -->
  <system-out/>
  <testcase classname="runner.Runner$AllureReport" name="runScenario" time="0.034">
    <error message="Cannot invoke &quot;org.openqa.selenium.WebDriver.get(String)&quot; because &quot;this.driver&quot; is null" type="java.lang.NullPointerException">
      <![CDATA[java.lang.NullPointerException: Cannot invoke "org.openqa.selenium.WebDriver.get(String)" because "this.driver" is null
at pages.ClassPage.homepage(ClassPage.java:98)
at stepDefinition.Attendancedetailspopup_SD.admin_is_in_attendance_details_popup_window_in_attendance(Attendancedetailspopup_SD.java:143)
at ?.Admin is in  attendance details popup window in attendance(file:///C:/Users/amitf/eclipse-workspace/LMSHackathon_Phase2/src/test/resources/Features/Attendancedetailspopup.feature:108)
]]>
    </error>
  </testcase> <!-- runScenario -->
  <system-out/>
  <testcase classname="runner.Runner$AllureReport" name="runScenario" time="0.025">
    <error message="Cannot invoke &quot;org.openqa.selenium.WebDriver.get(String)&quot; because &quot;this.driver&quot; is null" type="java.lang.NullPointerException">
      <![CDATA[java.lang.NullPointerException: Cannot invoke "org.openqa.selenium.WebDriver.get(String)" because "this.driver" is null
at pages.ClassPage.homepage(ClassPage.java:98)
at stepDefinition.EditClass_SD.admin_is_in_edit_class_detail_popup_window_in_edit_class(EditClass_SD.java:24)
at ?.Admin is in  Edit class detail popup window in edit class(file:///C:/Users/amitf/eclipse-workspace/LMSHackathon_Phase2/src/test/resources/Features/EditClass.feature:3)
]]>
    </error>
  </testcase> <!-- runScenario -->
  <system-out/>
  <testcase classname="runner.Runner$AllureReport" name="runScenario" time="0.014">
    <error message="Cannot invoke &quot;org.openqa.selenium.WebDriver.get(String)&quot; because &quot;this.driver&quot; is null" type="java.lang.NullPointerException">
      <![CDATA[java.lang.NullPointerException: Cannot invoke "org.openqa.selenium.WebDriver.get(String)" because "this.driver" is null
at pages.ClassPage.homepage(ClassPage.java:98)
at stepDefinition.EditClass_SD.admin_is_in_edit_class_detail_popup_window_in_edit_class(EditClass_SD.java:24)
at ?.Admin is in  Edit class detail popup window in edit class(file:///C:/Users/amitf/eclipse-workspace/LMSHackathon_Phase2/src/test/resources/Features/EditClass.feature:3)
]]>
    </error>
  </testcase> <!-- runScenario -->
  <system-out/>
  <testcase classname="runner.Runner$AllureReport" name="runScenario" time="0.022">
    <error message="Cannot invoke &quot;org.openqa.selenium.WebDriver.get(String)&quot; because &quot;this.driver&quot; is null" type="java.lang.NullPointerException">
      <![CDATA[java.lang.NullPointerException: Cannot invoke "org.openqa.selenium.WebDriver.get(String)" because "this.driver" is null
at pages.DeleteAttendancePage.homepage(DeleteAttendancePage.java:80)
at stepDefinition.DeleteAttendance_SD.admin_is_on_the_manage_attendance_page_in_attendance(DeleteAttendance_SD.java:20)
at ?.Admin is on the manage attendance page in attendance(file:///C:/Users/amitf/eclipse-workspace/LMSHackathon_Phase2/src/test/resources/Features/DeleteAttendance.feature:9)
]]>
    </error>
  </testcase> <!-- runScenario -->
  <system-out/>
  <testcase classname="runner.Runner$AllureReport" name="runScenario" time="0.054">
    <error message="Cannot invoke &quot;org.openqa.selenium.WebDriver.get(String)&quot; because &quot;this.driver&quot; is null" type="java.lang.NullPointerException">
      <![CDATA[java.lang.NullPointerException: Cannot invoke "org.openqa.selenium.WebDriver.get(String)" because "this.driver" is null
at pages.ClassPage.homepage(ClassPage.java:98)
at stepDefinition.Classdetailspopup_SD.admin_is_on_manage_class_page_after_clicking_class_button_in_class(Classdetailspopup_SD.java:24)
at ?.Admin is on ManageClass page after clicking class button in class(file:///C:/Users/amitf/eclipse-workspace/LMSHackathon_Phase2/src/test/resources/Features/Classdetailpopupwindow.feature:3)
]]>
    </error>
  </testcase> <!-- runScenario -->
  <system-out/>
  <testcase classname="runner.Runner$AllureReport" name="runScenario" time="0.047">
    <error message="Cannot invoke &quot;org.openqa.selenium.WebDriver.get(String)&quot; because &quot;this.driver&quot; is null" type="java.lang.NullPointerException">
      <![CDATA[java.lang.NullPointerException: Cannot invoke "org.openqa.selenium.WebDriver.get(String)" because "this.driver" is null
at pages.ClassPage.homepage(ClassPage.java:98)
at stepDefinition.AddNewClass_SD.admin_is_in_class_detail_popup_window_in_class(AddNewClass_SD.java:27)
at ?.Admin is in class detail popup window in class(file:///C:/Users/amitf/eclipse-workspace/LMSHackathon_Phase2/src/test/resources/Features/AddNewClass.feature:3)
]]>
    </error>
  </testcase> <!-- runScenario -->
  <system-out/>
  <testcase classname="runner.Runner$AllureReport" name="runScenario" time="0.016">
    <error message="Cannot invoke &quot;org.openqa.selenium.WebDriver.get(String)&quot; because &quot;this.driver&quot; is null" type="java.lang.NullPointerException">
      <![CDATA[java.lang.NullPointerException: Cannot invoke "org.openqa.selenium.WebDriver.get(String)" because "this.driver" is null
at pages.ClassPage.homepage(ClassPage.java:98)
at stepDefinition.EditClass_SD.admin_is_in_edit_class_detail_popup_window_in_edit_class(EditClass_SD.java:24)
at ?.Admin is in  Edit class detail popup window in edit class(file:///C:/Users/amitf/eclipse-workspace/LMSHackathon_Phase2/src/test/resources/Features/EditClass.feature:3)
]]>
    </error>
  </testcase> <!-- runScenario -->
  <system-out/>
  <testcase classname="runner.Runner$AllureReport" name="runScenario" time="0.016">
    <error message="Cannot invoke &quot;org.openqa.selenium.WebDriver.get(String)&quot; because &quot;this.driver&quot; is null" type="java.lang.NullPointerException">
      <![CDATA[java.lang.NullPointerException: Cannot invoke "org.openqa.selenium.WebDriver.get(String)" because "this.driver" is null
at pages.ClassPage.homepage(ClassPage.java:98)
at stepDefinition.EditClass_SD.admin_is_in_edit_class_detail_popup_window_in_edit_class(EditClass_SD.java:24)
at ?.Admin is in  Edit class detail popup window in edit class(file:///C:/Users/amitf/eclipse-workspace/LMSHackathon_Phase2/src/test/resources/Features/EditClass.feature:3)
]]>
    </error>
  </testcase> <!-- runScenario -->
  <system-out/>
  <testcase classname="runner.Runner$AllureReport" name="runScenario" time="0.014">
    <error message="Cannot invoke &quot;org.openqa.selenium.WebDriver.get(String)&quot; because &quot;this.driver&quot; is null" type="java.lang.NullPointerException">
      <![CDATA[java.lang.NullPointerException: Cannot invoke "org.openqa.selenium.WebDriver.get(String)" because "this.driver" is null
at pages.ClassPage.homepage(ClassPage.java:98)
at stepDefinition.EditClass_SD.admin_is_in_edit_class_detail_popup_window_in_edit_class(EditClass_SD.java:24)
at ?.Admin is in  Edit class detail popup window in edit class(file:///C:/Users/amitf/eclipse-workspace/LMSHackathon_Phase2/src/test/resources/Features/EditClass.feature:3)
]]>
    </error>
  </testcase> <!-- runScenario -->
  <system-out/>
  <testcase classname="runner.Runner$AllureReport" name="runScenario" time="0.033">
    <error message="Cannot invoke &quot;org.openqa.selenium.WebDriver.get(String)&quot; because &quot;this.driver&quot; is null" type="java.lang.NullPointerException">
      <![CDATA[java.lang.NullPointerException: Cannot invoke "org.openqa.selenium.WebDriver.get(String)" because "this.driver" is null
at pages.ClassPage.homepage(ClassPage.java:98)
at stepDefinition.AddNewClass_SD.admin_is_in_class_detail_popup_window_in_class(AddNewClass_SD.java:27)
at ?.Admin is in class detail popup window in class(file:///C:/Users/amitf/eclipse-workspace/LMSHackathon_Phase2/src/test/resources/Features/AddNewClass.feature:3)
]]>
    </error>
  </testcase> <!-- runScenario -->
  <system-out/>
  <testcase classname="runner.Runner$AllureReport" name="runScenario" time="0.029">
    <error message="Cannot invoke &quot;org.openqa.selenium.WebDriver.get(String)&quot; because &quot;this.driver&quot; is null" type="java.lang.NullPointerException">
      <![CDATA[java.lang.NullPointerException: Cannot invoke "org.openqa.selenium.WebDriver.get(String)" because "this.driver" is null
at pages.ClassPage.homepage(ClassPage.java:98)
at stepDefinition.Classdetailspopup_SD.admin_is_on_manage_class_page_after_clicking_class_button_in_class(Classdetailspopup_SD.java:24)
at ?.Admin is on ManageClass page after clicking class button in class(file:///C:/Users/amitf/eclipse-workspace/LMSHackathon_Phase2/src/test/resources/Features/Classdetailpopupwindow.feature:3)
]]>
    </error>
  </testcase> <!-- runScenario -->
  <system-out/>
  <testcase classname="runner.Runner$AllureReport" name="runScenario" time="0.017">
    <error message="Cannot invoke &quot;org.openqa.selenium.WebDriver.get(String)&quot; because &quot;this.driver&quot; is null" type="java.lang.NullPointerException">
      <![CDATA[java.lang.NullPointerException: Cannot invoke "org.openqa.selenium.WebDriver.get(String)" because "this.driver" is null
at pages.ClassPage.homepage(ClassPage.java:98)
at stepDefinition.ManageClassPage_SD.admin_is_on_dashboard_page_after_login_in_class(ManageClassPage_SD.java:22)
at ?.Admin is on dashboard page after login in class(file:///C:/Users/amitf/eclipse-workspace/LMSHackathon_Phase2/src/test/resources/Features/ManageClass.feature:3)
]]>
    </error>
  </testcase> <!-- runScenario -->
  <system-out/>
  <testcase classname="runner.Runner$AllureReport" name="runScenario" time="0.014">
    <error message="Cannot invoke &quot;org.openqa.selenium.WebDriver.get(String)&quot; because &quot;this.driver&quot; is null" type="java.lang.NullPointerException">
      <![CDATA[java.lang.NullPointerException: Cannot invoke "org.openqa.selenium.WebDriver.get(String)" because "this.driver" is null
at pages.ClassPage.homepage(ClassPage.java:98)
at stepDefinition.EditClass_SD.admin_is_in_edit_class_detail_popup_window_in_edit_class(EditClass_SD.java:24)
at ?.Admin is in  Edit class detail popup window in edit class(file:///C:/Users/amitf/eclipse-workspace/LMSHackathon_Phase2/src/test/resources/Features/EditClass.feature:3)
]]>
    </error>
  </testcase> <!-- runScenario -->
  <system-out/>
  <testcase classname="runner.Runner$AllureReport" name="runScenario" time="0.015">
    <error message="Cannot invoke &quot;org.openqa.selenium.WebDriver.get(String)&quot; because &quot;this.driver&quot; is null" type="java.lang.NullPointerException">
      <![CDATA[java.lang.NullPointerException: Cannot invoke "org.openqa.selenium.WebDriver.get(String)" because "this.driver" is null
at pages.ClassPage.homepage(ClassPage.java:98)
at stepDefinition.ManageClassPage_SD.admin_is_on_dashboard_page_after_login_in_class(ManageClassPage_SD.java:22)
at ?.Admin is on dashboard page after login in class(file:///C:/Users/amitf/eclipse-workspace/LMSHackathon_Phase2/src/test/resources/Features/ManageClass.feature:3)
]]>
    </error>
  </testcase> <!-- runScenario -->
  <system-out/>
  <testcase classname="runner.Runner$AllureReport" name="runScenario" time="0.048">
    <error message="Cannot invoke &quot;org.openqa.selenium.WebDriver.get(String)&quot; because &quot;this.driver&quot; is null" type="java.lang.NullPointerException">
      <![CDATA[java.lang.NullPointerException: Cannot invoke "org.openqa.selenium.WebDriver.get(String)" because "this.driver" is null
at pages.ClassPage.homepage(ClassPage.java:98)
at stepDefinition.EditClass_SD.admin_is_in_edit_class_detail_popup_window_in_edit_class(EditClass_SD.java:24)
at ?.Admin is in  Edit class detail popup window in edit class(file:///C:/Users/amitf/eclipse-workspace/LMSHackathon_Phase2/src/test/resources/Features/EditClass.feature:3)
]]>
    </error>
  </testcase> <!-- runScenario -->
  <system-out/>
  <testcase classname="runner.Runner$AllureReport" name="runScenario" time="0.014">
    <error message="Cannot invoke &quot;org.openqa.selenium.WebDriver.get(String)&quot; because &quot;this.driver&quot; is null" type="java.lang.NullPointerException">
      <![CDATA[java.lang.NullPointerException: Cannot invoke "org.openqa.selenium.WebDriver.get(String)" because "this.driver" is null
at pages.ClassPage.homepage(ClassPage.java:98)
at stepDefinition.EditClass_SD.admin_is_in_edit_class_detail_popup_window_in_edit_class(EditClass_SD.java:24)
at ?.Admin is in  Edit class detail popup window in edit class(file:///C:/Users/amitf/eclipse-workspace/LMSHackathon_Phase2/src/test/resources/Features/EditClass.feature:3)
]]>
    </error>
  </testcase> <!-- runScenario -->
  <system-out/>
  <testcase classname="runner.Runner$AllureReport" name="runScenario" time="0.020">
    <error message="Cannot invoke &quot;org.openqa.selenium.WebDriver.get(String)&quot; because &quot;this.driver&quot; is null" type="java.lang.NullPointerException">
      <![CDATA[java.lang.NullPointerException: Cannot invoke "org.openqa.selenium.WebDriver.get(String)" because "this.driver" is null
at pages.DeleteAttendancePage.homepage(DeleteAttendancePage.java:80)
at stepDefinition.Paginationmanageattendance_SD.admin_is_logged_into_homepage_in_attendance(Paginationmanageattendance_SD.java:21)
at ?.Admin is logged into homepage in attendance(file:///C:/Users/amitf/eclipse-workspace/LMSHackathon_Phase2/src/test/resources/Features/Paginationinmanageattendance.feature:3)
]]>
    </error>
  </testcase> <!-- runScenario -->
  <system-out/>
  <testcase classname="runner.Runner$AllureReport" name="runScenario" time="0.045">
    <error message="Cannot invoke &quot;org.openqa.selenium.WebDriver.get(String)&quot; because &quot;this.driver&quot; is null" type="java.lang.NullPointerException">
      <![CDATA[java.lang.NullPointerException: Cannot invoke "org.openqa.selenium.WebDriver.get(String)" because "this.driver" is null
at pages.ClassPage.homepage(ClassPage.java:98)
at stepDefinition.AddNewClass_SD.admin_is_in_class_detail_popup_window_in_class(AddNewClass_SD.java:27)
at ?.Admin is in class detail popup window in class(file:///C:/Users/amitf/eclipse-workspace/LMSHackathon_Phase2/src/test/resources/Features/AddNewClass.feature:3)
]]>
    </error>
  </testcase> <!-- runScenario -->
  <system-out/>
  <testcase classname="runner.Runner$AllureReport" name="runScenario" time="0.013">
    <error message="Cannot invoke &quot;org.openqa.selenium.WebDriver.get(String)&quot; because &quot;this.driver&quot; is null" type="java.lang.NullPointerException">
      <![CDATA[java.lang.NullPointerException: Cannot invoke "org.openqa.selenium.WebDriver.get(String)" because "this.driver" is null
at pages.ClassPage.homepage(ClassPage.java:98)
at stepDefinition.EditClass_SD.admin_is_in_edit_class_detail_popup_window_in_edit_class(EditClass_SD.java:24)
at ?.Admin is in  Edit class detail popup window in edit class(file:///C:/Users/amitf/eclipse-workspace/LMSHackathon_Phase2/src/test/resources/Features/EditClass.feature:3)
]]>
    </error>
  </testcase> <!-- runScenario -->
  <system-out/>
  <testcase classname="runner.Runner$AllureReport" name="runScenario" time="0.050">
    <error message="Cannot invoke &quot;org.openqa.selenium.WebDriver.get(String)&quot; because &quot;this.driver&quot; is null" type="java.lang.NullPointerException">
      <![CDATA[java.lang.NullPointerException: Cannot invoke "org.openqa.selenium.WebDriver.get(String)" because "this.driver" is null
at pages.ClassPage.homepage(ClassPage.java:98)
at stepDefinition.ManageClassPage_SD.admin_is_on_dashboard_page_after_login_in_class(ManageClassPage_SD.java:22)
at ?.Admin is on dashboard page after login in class(file:///C:/Users/amitf/eclipse-workspace/LMSHackathon_Phase2/src/test/resources/Features/ManageClass.feature:3)
]]>
    </error>
  </testcase> <!-- runScenario -->
  <system-out/>
  <testcase classname="runner.Runner$AllureReport" name="runScenario" time="0.036">
    <error message="Cannot invoke &quot;org.openqa.selenium.WebDriver.get(String)&quot; because &quot;this.driver&quot; is null" type="java.lang.NullPointerException">
      <![CDATA[java.lang.NullPointerException: Cannot invoke "org.openqa.selenium.WebDriver.get(String)" because "this.driver" is null
at pages.DeleteAttendancePage.homepage(DeleteAttendancePage.java:80)
at stepDefinition.DeleteAttendance_SD.admin_is_on_the_manage_attendance_page_in_attendance(DeleteAttendance_SD.java:20)
at ?.Admin is on the manage attendance page in attendance(file:///C:/Users/amitf/eclipse-workspace/LMSHackathon_Phase2/src/test/resources/Features/DeleteAttendance.feature:28)
]]>
    </error>
  </testcase> <!-- runScenario -->
  <system-out/>
  <testcase classname="runner.Runner$AllureReport" name="runScenario" time="0.009">
    <error message="Test name must not be null or empty" type="java.lang.IllegalArgumentException">
      <![CDATA[java.lang.IllegalArgumentException: Test name must not be null or empty
at com.aventstack.extentreports.util.Assert.notEmpty(Assert.java:12)
at com.aventstack.extentreports.ExtentTest.<init>(ExtentTest.java:96)
at com.aventstack.extentreports.ExtentReports.createTest(ExtentReports.java:105)
at com.aventstack.extentreports.cucumber.adapter.ExtentCucumberAdapter.createFeature(ExtentCucumberAdapter.java:329)
at com.aventstack.extentreports.cucumber.adapter.ExtentCucumberAdapter.handleStartOfFeature(ExtentCucumberAdapter.java:307)
at com.aventstack.extentreports.cucumber.adapter.ExtentCucumberAdapter.handleTestCaseStarted(ExtentCucumberAdapter.java:161)
at com.aventstack.extentreports.cucumber.adapter.ExtentCucumberAdapter$3.receive(ExtentCucumberAdapter.java:107)
at com.aventstack.extentreports.cucumber.adapter.ExtentCucumberAdapter$3.receive(ExtentCucumberAdapter.java:104)
at io.cucumber.core.eventbus.AbstractEventPublisher.send(AbstractEventPublisher.java:51)
at io.cucumber.core.eventbus.AbstractEventBus.send(AbstractEventBus.java:12)
at io.cucumber.core.runtime.SynchronizedEventBus.send(SynchronizedEventBus.java:47)
at io.cucumber.core.runtime.ThreadLocalRunnerSupplier$LocalEventBus.send(ThreadLocalRunnerSupplier.java:62)
at io.cucumber.core.runner.TestCase.emitTestCaseStarted(TestCase.java:206)
at io.cucumber.core.runner.TestCase.run(TestCase.java:72)
at io.cucumber.core.runner.Runner.runPickle(Runner.java:75)
at io.cucumber.testng.TestNGCucumberRunner.lambda$runScenario$1(TestNGCucumberRunner.java:132)
at io.cucumber.core.runtime.CucumberExecutionContext.lambda$runTestCase$5(CucumberExecutionContext.java:137)
at io.cucumber.core.runtime.RethrowingThrowableCollector.executeAndThrow(RethrowingThrowableCollector.java:23)
at io.cucumber.core.runtime.CucumberExecutionContext.runTestCase(CucumberExecutionContext.java:137)
at io.cucumber.testng.TestNGCucumberRunner.runScenario(TestNGCucumberRunner.java:129)
at io.cucumber.testng.AbstractTestNGCucumberTests.runScenario(AbstractTestNGCucumberTests.java:35)
at jdk.internal.reflect.GeneratedMethodAccessor21.invoke(Unknown Source)
at java.base/jdk.internal.reflect.DelegatingMethodAccessorImpl.invoke(DelegatingMethodAccessorImpl.java:43)
at java.base/java.lang.reflect.Method.invoke(Method.java:568)
at org.testng.internal.MethodInvocationHelper.invokeMethod(MethodInvocationHelper.java:133)
at org.testng.internal.TestInvoker.invokeMethod(TestInvoker.java:598)
at org.testng.internal.TestInvoker.invokeTestMethod(TestInvoker.java:173)
at org.testng.internal.MethodRunner.runInSequence(MethodRunner.java:46)
at org.testng.internal.TestInvoker$MethodInvocationAgent.invoke(TestInvoker.java:824)
at org.testng.internal.TestInvoker.invokeTestMethods(TestInvoker.java:146)
at org.testng.internal.TestMethodWorker.invokeTestMethods(TestMethodWorker.java:146)
at org.testng.internal.TestMethodWorker.run(TestMethodWorker.java:128)
at java.base/java.util.ArrayList.forEach(ArrayList.java:1511)
at org.testng.TestRunner.privateRun(TestRunner.java:794)
at org.testng.TestRunner.run(TestRunner.java:596)
at org.testng.SuiteRunner.runTest(SuiteRunner.java:377)
at org.testng.SuiteRunner.runSequentially(SuiteRunner.java:371)
at org.testng.SuiteRunner.privateRun(SuiteRunner.java:332)
at org.testng.SuiteRunner.run(SuiteRunner.java:276)
at org.testng.SuiteRunnerWorker.runSuite(SuiteRunnerWorker.java:53)
at org.testng.SuiteRunnerWorker.run(SuiteRunnerWorker.java:96)
at org.testng.TestNG.runSuitesSequentially(TestNG.java:1212)
at org.testng.TestNG.runSuitesLocally(TestNG.java:1134)
at org.testng.TestNG.runSuites(TestNG.java:1063)
at org.testng.TestNG.run(TestNG.java:1031)
at org.testng.remote.AbstractRemoteTestNG.run(AbstractRemoteTestNG.java:115)
at org.testng.remote.RemoteTestNG.initAndRun(RemoteTestNG.java:251)
at org.testng.remote.RemoteTestNG.main(RemoteTestNG.java:77)
]]>
    </error>
  </testcase> <!-- runScenario -->
  <system-out/>
  <testcase classname="runner.Runner$AllureReport" name="runScenario" time="0.012">
    <error message="Test name must not be null or empty" type="java.lang.IllegalArgumentException">
      <![CDATA[java.lang.IllegalArgumentException: Test name must not be null or empty
at com.aventstack.extentreports.util.Assert.notEmpty(Assert.java:12)
at com.aventstack.extentreports.ExtentTest.<init>(ExtentTest.java:96)
at com.aventstack.extentreports.ExtentReports.createTest(ExtentReports.java:105)
at com.aventstack.extentreports.cucumber.adapter.ExtentCucumberAdapter.createFeature(ExtentCucumberAdapter.java:329)
at com.aventstack.extentreports.cucumber.adapter.ExtentCucumberAdapter.handleStartOfFeature(ExtentCucumberAdapter.java:307)
at com.aventstack.extentreports.cucumber.adapter.ExtentCucumberAdapter.handleTestCaseStarted(ExtentCucumberAdapter.java:161)
at com.aventstack.extentreports.cucumber.adapter.ExtentCucumberAdapter$3.receive(ExtentCucumberAdapter.java:107)
at com.aventstack.extentreports.cucumber.adapter.ExtentCucumberAdapter$3.receive(ExtentCucumberAdapter.java:104)
at io.cucumber.core.eventbus.AbstractEventPublisher.send(AbstractEventPublisher.java:51)
at io.cucumber.core.eventbus.AbstractEventBus.send(AbstractEventBus.java:12)
at io.cucumber.core.runtime.SynchronizedEventBus.send(SynchronizedEventBus.java:47)
at io.cucumber.core.runtime.ThreadLocalRunnerSupplier$LocalEventBus.send(ThreadLocalRunnerSupplier.java:62)
at io.cucumber.core.runner.TestCase.emitTestCaseStarted(TestCase.java:206)
at io.cucumber.core.runner.TestCase.run(TestCase.java:72)
at io.cucumber.core.runner.Runner.runPickle(Runner.java:75)
at io.cucumber.testng.TestNGCucumberRunner.lambda$runScenario$1(TestNGCucumberRunner.java:132)
at io.cucumber.core.runtime.CucumberExecutionContext.lambda$runTestCase$5(CucumberExecutionContext.java:137)
at io.cucumber.core.runtime.RethrowingThrowableCollector.executeAndThrow(RethrowingThrowableCollector.java:23)
at io.cucumber.core.runtime.CucumberExecutionContext.runTestCase(CucumberExecutionContext.java:137)
at io.cucumber.testng.TestNGCucumberRunner.runScenario(TestNGCucumberRunner.java:129)
at io.cucumber.testng.AbstractTestNGCucumberTests.runScenario(AbstractTestNGCucumberTests.java:35)
at jdk.internal.reflect.GeneratedMethodAccessor21.invoke(Unknown Source)
at java.base/jdk.internal.reflect.DelegatingMethodAccessorImpl.invoke(DelegatingMethodAccessorImpl.java:43)
at java.base/java.lang.reflect.Method.invoke(Method.java:568)
at org.testng.internal.MethodInvocationHelper.invokeMethod(MethodInvocationHelper.java:133)
at org.testng.internal.TestInvoker.invokeMethod(TestInvoker.java:598)
at org.testng.internal.TestInvoker.invokeTestMethod(TestInvoker.java:173)
at org.testng.internal.MethodRunner.runInSequence(MethodRunner.java:46)
at org.testng.internal.TestInvoker$MethodInvocationAgent.invoke(TestInvoker.java:824)
at org.testng.internal.TestInvoker.invokeTestMethods(TestInvoker.java:146)
at org.testng.internal.TestMethodWorker.invokeTestMethods(TestMethodWorker.java:146)
at org.testng.internal.TestMethodWorker.run(TestMethodWorker.java:128)
at java.base/java.util.ArrayList.forEach(ArrayList.java:1511)
at org.testng.TestRunner.privateRun(TestRunner.java:794)
at org.testng.TestRunner.run(TestRunner.java:596)
at org.testng.SuiteRunner.runTest(SuiteRunner.java:377)
at org.testng.SuiteRunner.runSequentially(SuiteRunner.java:371)
at org.testng.SuiteRunner.privateRun(SuiteRunner.java:332)
at org.testng.SuiteRunner.run(SuiteRunner.java:276)
at org.testng.SuiteRunnerWorker.runSuite(SuiteRunnerWorker.java:53)
at org.testng.SuiteRunnerWorker.run(SuiteRunnerWorker.java:96)
at org.testng.TestNG.runSuitesSequentially(TestNG.java:1212)
at org.testng.TestNG.runSuitesLocally(TestNG.java:1134)
at org.testng.TestNG.runSuites(TestNG.java:1063)
at org.testng.TestNG.run(TestNG.java:1031)
at org.testng.remote.AbstractRemoteTestNG.run(AbstractRemoteTestNG.java:115)
at org.testng.remote.RemoteTestNG.initAndRun(RemoteTestNG.java:251)
at org.testng.remote.RemoteTestNG.main(RemoteTestNG.java:77)
]]>
    </error>
  </testcase> <!-- runScenario -->
  <system-out/>
  <testcase classname="runner.Runner$AllureReport" name="runScenario" time="0.024">
    <error message="Cannot invoke &quot;org.openqa.selenium.WebDriver.get(String)&quot; because &quot;this.driver&quot; is null" type="java.lang.NullPointerException">
      <![CDATA[java.lang.NullPointerException: Cannot invoke "org.openqa.selenium.WebDriver.get(String)" because "this.driver" is null
at pages.ClassPage.homepage(ClassPage.java:98)
at stepDefinition.ManageClassPage_SD.admin_is_on_dashboard_page_after_login_in_class(ManageClassPage_SD.java:22)
at ?.Admin is on dashboard page after login in class(file:///C:/Users/amitf/eclipse-workspace/LMSHackathon_Phase2/src/test/resources/Features/ManageClass.feature:3)
]]>
    </error>
  </testcase> <!-- runScenario -->
  <system-out/>
  <testcase classname="runner.Runner$AllureReport" name="runScenario" time="0.025">
    <error message="Cannot invoke &quot;org.openqa.selenium.WebDriver.get(String)&quot; because &quot;this.driver&quot; is null" type="java.lang.NullPointerException">
      <![CDATA[java.lang.NullPointerException: Cannot invoke "org.openqa.selenium.WebDriver.get(String)" because "this.driver" is null
at pages.ClassPage.homepage(ClassPage.java:98)
at stepDefinition.Classdetailspopup_SD.admin_is_on_manage_class_page_after_clicking_class_button_in_class(Classdetailspopup_SD.java:24)
at ?.Admin is on ManageClass page after clicking class button in class(file:///C:/Users/amitf/eclipse-workspace/LMSHackathon_Phase2/src/test/resources/Features/Classdetailpopupwindow.feature:3)
]]>
    </error>
  </testcase> <!-- runScenario -->
  <system-out/>
  <testcase classname="runner.Runner$AllureReport" name="runScenario" time="0.017">
    <error message="Cannot invoke &quot;org.openqa.selenium.WebDriver.get(String)&quot; because &quot;this.driver&quot; is null" type="java.lang.NullPointerException">
      <![CDATA[java.lang.NullPointerException: Cannot invoke "org.openqa.selenium.WebDriver.get(String)" because "this.driver" is null
at pages.ClassPage.homepage(ClassPage.java:98)
at stepDefinition.EditClass_SD.admin_is_in_edit_class_detail_popup_window_in_edit_class(EditClass_SD.java:24)
at ?.Admin is in  Edit class detail popup window in edit class(file:///C:/Users/amitf/eclipse-workspace/LMSHackathon_Phase2/src/test/resources/Features/EditClass.feature:3)
]]>
    </error>
  </testcase> <!-- runScenario -->
  <system-out/>
  <testcase classname="runner.Runner$AllureReport" name="runScenario" time="0.021">
    <error message="Cannot invoke &quot;org.openqa.selenium.WebDriver.get(String)&quot; because &quot;this.driver&quot; is null" type="java.lang.NullPointerException">
      <![CDATA[java.lang.NullPointerException: Cannot invoke "org.openqa.selenium.WebDriver.get(String)" because "this.driver" is null
at pages.ClassPage.homepage(ClassPage.java:98)
at stepDefinition.Attendancedetailspopup_SD.admin_is_on_manage_attendance_page_in_attendance(Attendancedetailspopup_SD.java:30)
at ?.Admin is on manage attendance page in attendance(file:///C:/Users/amitf/eclipse-workspace/LMSHackathon_Phase2/src/test/resources/Features/Attendancedetailspopup.feature:14)
]]>
    </error>
  </testcase> <!-- runScenario -->
  <system-out/>
  <testcase classname="runner.Runner$AllureReport" name="runScenario" time="0.017">
    <error message="Cannot invoke &quot;org.openqa.selenium.WebDriver.get(String)&quot; because &quot;this.driver&quot; is null" type="java.lang.NullPointerException">
      <![CDATA[java.lang.NullPointerException: Cannot invoke "org.openqa.selenium.WebDriver.get(String)" because "this.driver" is null
at pages.ClassPage.homepage(ClassPage.java:98)
at stepDefinition.ManageClassPage_SD.admin_is_on_dashboard_page_after_login_in_class(ManageClassPage_SD.java:22)
at ?.Admin is on dashboard page after login in class(file:///C:/Users/amitf/eclipse-workspace/LMSHackathon_Phase2/src/test/resources/Features/ManageClass.feature:3)
]]>
    </error>
  </testcase> <!-- runScenario -->
  <system-out/>
  <testcase classname="runner.Runner$AllureReport" name="runScenario" time="0.017">
    <error message="Cannot invoke &quot;org.openqa.selenium.WebDriver.get(String)&quot; because &quot;this.driver&quot; is null" type="java.lang.NullPointerException">
      <![CDATA[java.lang.NullPointerException: Cannot invoke "org.openqa.selenium.WebDriver.get(String)" because "this.driver" is null
at pages.ClassPage.homepage(ClassPage.java:98)
at stepDefinition.EditClass_SD.admin_is_in_edit_class_detail_popup_window_in_edit_class(EditClass_SD.java:24)
at ?.Admin is in  Edit class detail popup window in edit class(file:///C:/Users/amitf/eclipse-workspace/LMSHackathon_Phase2/src/test/resources/Features/EditClass.feature:3)
]]>
    </error>
  </testcase> <!-- runScenario -->
  <system-out/>
  <testcase classname="runner.Runner$AllureReport" name="runScenario" time="0.020">
    <error message="Cannot invoke &quot;org.openqa.selenium.WebDriver.get(String)&quot; because &quot;this.driver&quot; is null" type="java.lang.NullPointerException">
      <![CDATA[java.lang.NullPointerException: Cannot invoke "org.openqa.selenium.WebDriver.get(String)" because "this.driver" is null
at pages.ClassPage.homepage(ClassPage.java:98)
at stepDefinition.Attendancedetailspopup_SD.admin_is_on_manage_attendance_page_in_attendance(Attendancedetailspopup_SD.java:30)
at ?.Admin is on manage attendance page in attendance(file:///C:/Users/amitf/eclipse-workspace/LMSHackathon_Phase2/src/test/resources/Features/Attendancedetailspopup.feature:59)
]]>
    </error>
  </testcase> <!-- runScenario -->
  <system-out/>
  <testcase classname="runner.Runner$AllureReport" name="runScenario" time="0.014">
    <error message="Cannot invoke &quot;org.openqa.selenium.WebDriver.get(String)&quot; because &quot;this.driver&quot; is null" type="java.lang.NullPointerException">
      <![CDATA[java.lang.NullPointerException: Cannot invoke "org.openqa.selenium.WebDriver.get(String)" because "this.driver" is null
at pages.ClassPage.homepage(ClassPage.java:98)
at stepDefinition.ManageClassPage_SD.admin_is_on_dashboard_page_after_login_in_class(ManageClassPage_SD.java:22)
at ?.Admin is on dashboard page after login in class(file:///C:/Users/amitf/eclipse-workspace/LMSHackathon_Phase2/src/test/resources/Features/ManageClass.feature:3)
]]>
    </error>
  </testcase> <!-- runScenario -->
  <system-out/>
  <testcase classname="runner.Runner$AllureReport" name="runScenario" time="0.072">
    <error message="Cannot invoke &quot;org.openqa.selenium.WebDriver.get(String)&quot; because &quot;this.driver&quot; is null" type="java.lang.NullPointerException">
      <![CDATA[java.lang.NullPointerException: Cannot invoke "org.openqa.selenium.WebDriver.get(String)" because "this.driver" is null
at pages.ClassPage.homepage(ClassPage.java:98)
at stepDefinition.Attendancedetailspopup_SD.admin_is_on_manage_attendance_page_in_attendance(Attendancedetailspopup_SD.java:30)
at ?.Admin is on manage attendance page in attendance(file:///C:/Users/amitf/eclipse-workspace/LMSHackathon_Phase2/src/test/resources/Features/Attendancedetailspopup.feature:54)
]]>
    </error>
  </testcase> <!-- runScenario -->
  <system-out/>
  <testcase classname="runner.Runner$AllureReport" name="runScenario" time="0.030">
    <error message="Cannot invoke &quot;org.openqa.selenium.WebDriver.get(String)&quot; because &quot;this.driver&quot; is null" type="java.lang.NullPointerException">
      <![CDATA[java.lang.NullPointerException: Cannot invoke "org.openqa.selenium.WebDriver.get(String)" because "this.driver" is null
at pages.ClassPage.homepage(ClassPage.java:98)
at stepDefinition.Classdetailspopup_SD.admin_is_on_manage_class_page_after_clicking_class_button_in_class(Classdetailspopup_SD.java:24)
at ?.Admin is on ManageClass page after clicking class button in class(file:///C:/Users/amitf/eclipse-workspace/LMSHackathon_Phase2/src/test/resources/Features/Classdetailpopupwindow.feature:3)
]]>
    </error>
  </testcase> <!-- runScenario -->
  <system-out/>
  <testcase classname="runner.Runner$AllureReport" name="runScenario" time="0.012">
    <error message="Cannot invoke &quot;org.openqa.selenium.WebDriver.get(String)&quot; because &quot;this.driver&quot; is null" type="java.lang.NullPointerException">
      <![CDATA[java.lang.NullPointerException: Cannot invoke "org.openqa.selenium.WebDriver.get(String)" because "this.driver" is null
at pages.ClassPage.homepage(ClassPage.java:98)
at stepDefinition.EditClass_SD.admin_is_in_edit_class_detail_popup_window_in_edit_class(EditClass_SD.java:24)
at ?.Admin is in  Edit class detail popup window in edit class(file:///C:/Users/amitf/eclipse-workspace/LMSHackathon_Phase2/src/test/resources/Features/EditClass.feature:3)
]]>
    </error>
  </testcase> <!-- runScenario -->
  <system-out/>
  <testcase classname="runner.Runner$AllureReport" name="runScenario" time="0.016">
    <error message="Cannot invoke &quot;org.openqa.selenium.WebDriver.get(String)&quot; because &quot;this.driver&quot; is null" type="java.lang.NullPointerException">
      <![CDATA[java.lang.NullPointerException: Cannot invoke "org.openqa.selenium.WebDriver.get(String)" because "this.driver" is null
at pages.ClassPage.homepage(ClassPage.java:98)
at stepDefinition.ManageClassPage_SD.admin_is_on_dashboard_page_after_login_in_class(ManageClassPage_SD.java:22)
at ?.Admin is on dashboard page after login in class(file:///C:/Users/amitf/eclipse-workspace/LMSHackathon_Phase2/src/test/resources/Features/ManageClass.feature:3)
]]>
    </error>
  </testcase> <!-- runScenario -->
  <system-out/>
  <testcase classname="runner.Runner$AllureReport" name="runScenario" time="0.014">
    <error message="Cannot invoke &quot;org.openqa.selenium.WebDriver.get(String)&quot; because &quot;this.driver&quot; is null" type="java.lang.NullPointerException">
      <![CDATA[java.lang.NullPointerException: Cannot invoke "org.openqa.selenium.WebDriver.get(String)" because "this.driver" is null
at pages.ClassPage.homepage(ClassPage.java:98)
at stepDefinition.EditClass_SD.admin_is_in_edit_class_detail_popup_window_in_edit_class(EditClass_SD.java:24)
at ?.Admin is in  Edit class detail popup window in edit class(file:///C:/Users/amitf/eclipse-workspace/LMSHackathon_Phase2/src/test/resources/Features/EditClass.feature:3)
]]>
    </error>
  </testcase> <!-- runScenario -->
  <system-out/>
  <testcase classname="runner.Runner$AllureReport" name="runScenario" time="0.032">
    <error message="Cannot invoke &quot;org.openqa.selenium.WebDriver.get(String)&quot; because &quot;this.driver&quot; is null" type="java.lang.NullPointerException">
      <![CDATA[java.lang.NullPointerException: Cannot invoke "org.openqa.selenium.WebDriver.get(String)" because "this.driver" is null
at pages.ClassPage.homepage(ClassPage.java:98)
at stepDefinition.Attendancedetailspopup_SD.admin_is_on_manage_attendance_page_in_attendance(Attendancedetailspopup_SD.java:30)
at ?.Admin is on manage attendance page in attendance(file:///C:/Users/amitf/eclipse-workspace/LMSHackathon_Phase2/src/test/resources/Features/Attendancedetailspopup.feature:9)
]]>
    </error>
  </testcase> <!-- runScenario -->
  <system-out/>
  <testcase classname="runner.Runner$AllureReport" name="runScenario" time="0.062">
    <error message="Test name must not be null or empty" type="java.lang.IllegalArgumentException">
      <![CDATA[java.lang.IllegalArgumentException: Test name must not be null or empty
at com.aventstack.extentreports.util.Assert.notEmpty(Assert.java:12)
at com.aventstack.extentreports.ExtentTest.<init>(ExtentTest.java:96)
at com.aventstack.extentreports.ExtentReports.createTest(ExtentReports.java:105)
at com.aventstack.extentreports.cucumber.adapter.ExtentCucumberAdapter.createFeature(ExtentCucumberAdapter.java:329)
at com.aventstack.extentreports.cucumber.adapter.ExtentCucumberAdapter.handleStartOfFeature(ExtentCucumberAdapter.java:307)
at com.aventstack.extentreports.cucumber.adapter.ExtentCucumberAdapter.handleTestCaseStarted(ExtentCucumberAdapter.java:161)
at com.aventstack.extentreports.cucumber.adapter.ExtentCucumberAdapter$3.receive(ExtentCucumberAdapter.java:107)
at com.aventstack.extentreports.cucumber.adapter.ExtentCucumberAdapter$3.receive(ExtentCucumberAdapter.java:104)
at io.cucumber.core.eventbus.AbstractEventPublisher.send(AbstractEventPublisher.java:51)
at io.cucumber.core.eventbus.AbstractEventBus.send(AbstractEventBus.java:12)
at io.cucumber.core.runtime.SynchronizedEventBus.send(SynchronizedEventBus.java:47)
at io.cucumber.core.runtime.ThreadLocalRunnerSupplier$LocalEventBus.send(ThreadLocalRunnerSupplier.java:62)
at io.cucumber.core.runner.TestCase.emitTestCaseStarted(TestCase.java:206)
at io.cucumber.core.runner.TestCase.run(TestCase.java:72)
at io.cucumber.core.runner.Runner.runPickle(Runner.java:75)
at io.cucumber.testng.TestNGCucumberRunner.lambda$runScenario$1(TestNGCucumberRunner.java:132)
at io.cucumber.core.runtime.CucumberExecutionContext.lambda$runTestCase$5(CucumberExecutionContext.java:137)
at io.cucumber.core.runtime.RethrowingThrowableCollector.executeAndThrow(RethrowingThrowableCollector.java:23)
at io.cucumber.core.runtime.CucumberExecutionContext.runTestCase(CucumberExecutionContext.java:137)
at io.cucumber.testng.TestNGCucumberRunner.runScenario(TestNGCucumberRunner.java:129)
at io.cucumber.testng.AbstractTestNGCucumberTests.runScenario(AbstractTestNGCucumberTests.java:35)
at jdk.internal.reflect.GeneratedMethodAccessor21.invoke(Unknown Source)
at java.base/jdk.internal.reflect.DelegatingMethodAccessorImpl.invoke(DelegatingMethodAccessorImpl.java:43)
at java.base/java.lang.reflect.Method.invoke(Method.java:568)
at org.testng.internal.MethodInvocationHelper.invokeMethod(MethodInvocationHelper.java:133)
at org.testng.internal.TestInvoker.invokeMethod(TestInvoker.java:598)
at org.testng.internal.TestInvoker.invokeTestMethod(TestInvoker.java:173)
at org.testng.internal.MethodRunner.runInSequence(MethodRunner.java:46)
at org.testng.internal.TestInvoker$MethodInvocationAgent.invoke(TestInvoker.java:824)
at org.testng.internal.TestInvoker.invokeTestMethods(TestInvoker.java:146)
at org.testng.internal.TestMethodWorker.invokeTestMethods(TestMethodWorker.java:146)
at org.testng.internal.TestMethodWorker.run(TestMethodWorker.java:128)
at java.base/java.util.ArrayList.forEach(ArrayList.java:1511)
at org.testng.TestRunner.privateRun(TestRunner.java:794)
at org.testng.TestRunner.run(TestRunner.java:596)
at org.testng.SuiteRunner.runTest(SuiteRunner.java:377)
at org.testng.SuiteRunner.runSequentially(SuiteRunner.java:371)
at org.testng.SuiteRunner.privateRun(SuiteRunner.java:332)
at org.testng.SuiteRunner.run(SuiteRunner.java:276)
at org.testng.SuiteRunnerWorker.runSuite(SuiteRunnerWorker.java:53)
at org.testng.SuiteRunnerWorker.run(SuiteRunnerWorker.java:96)
at org.testng.TestNG.runSuitesSequentially(TestNG.java:1212)
at org.testng.TestNG.runSuitesLocally(TestNG.java:1134)
at org.testng.TestNG.runSuites(TestNG.java:1063)
at org.testng.TestNG.run(TestNG.java:1031)
at org.testng.remote.AbstractRemoteTestNG.run(AbstractRemoteTestNG.java:115)
at org.testng.remote.RemoteTestNG.initAndRun(RemoteTestNG.java:251)
at org.testng.remote.RemoteTestNG.main(RemoteTestNG.java:77)
]]>
    </error>
  </testcase> <!-- runScenario -->
  <system-out/>
  <testcase classname="runner.Runner$AllureReport" name="runScenario" time="0.035">
    <error message="Cannot invoke &quot;org.openqa.selenium.WebDriver.get(String)&quot; because &quot;this.driver&quot; is null" type="java.lang.NullPointerException">
      <![CDATA[java.lang.NullPointerException: Cannot invoke "org.openqa.selenium.WebDriver.get(String)" because "this.driver" is null
at pages.ClassPage.homepage(ClassPage.java:98)
at stepDefinition.AddNewClass_SD.admin_is_in_class_detail_popup_window_in_class(AddNewClass_SD.java:27)
at ?.Admin is in class detail popup window in class(file:///C:/Users/amitf/eclipse-workspace/LMSHackathon_Phase2/src/test/resources/Features/AddNewClass.feature:3)
]]>
    </error>
  </testcase> <!-- runScenario -->
  <system-out/>
  <testcase classname="runner.Runner$AllureReport" name="runScenario" time="0.033">
    <error message="Cannot invoke &quot;org.openqa.selenium.WebDriver.get(String)&quot; because &quot;this.driver&quot; is null" type="java.lang.NullPointerException">
      <![CDATA[java.lang.NullPointerException: Cannot invoke "org.openqa.selenium.WebDriver.get(String)" because "this.driver" is null
at pages.ClassPage.homepage(ClassPage.java:98)
at stepDefinition.AddNewClass_SD.admin_is_in_class_detail_popup_window_in_class(AddNewClass_SD.java:27)
at ?.Admin is in class detail popup window in class(file:///C:/Users/amitf/eclipse-workspace/LMSHackathon_Phase2/src/test/resources/Features/AddNewClass.feature:3)
]]>
    </error>
  </testcase> <!-- runScenario -->
  <system-out/>
  <testcase classname="runner.Runner$AllureReport" name="runScenario" time="0.021">
    <error message="Test name must not be null or empty" type="java.lang.IllegalArgumentException">
      <![CDATA[java.lang.IllegalArgumentException: Test name must not be null or empty
at com.aventstack.extentreports.util.Assert.notEmpty(Assert.java:12)
at com.aventstack.extentreports.ExtentTest.<init>(ExtentTest.java:96)
at com.aventstack.extentreports.ExtentReports.createTest(ExtentReports.java:105)
at com.aventstack.extentreports.cucumber.adapter.ExtentCucumberAdapter.createFeature(ExtentCucumberAdapter.java:329)
at com.aventstack.extentreports.cucumber.adapter.ExtentCucumberAdapter.handleStartOfFeature(ExtentCucumberAdapter.java:307)
at com.aventstack.extentreports.cucumber.adapter.ExtentCucumberAdapter.handleTestCaseStarted(ExtentCucumberAdapter.java:161)
at com.aventstack.extentreports.cucumber.adapter.ExtentCucumberAdapter$3.receive(ExtentCucumberAdapter.java:107)
at com.aventstack.extentreports.cucumber.adapter.ExtentCucumberAdapter$3.receive(ExtentCucumberAdapter.java:104)
at io.cucumber.core.eventbus.AbstractEventPublisher.send(AbstractEventPublisher.java:51)
at io.cucumber.core.eventbus.AbstractEventBus.send(AbstractEventBus.java:12)
at io.cucumber.core.runtime.SynchronizedEventBus.send(SynchronizedEventBus.java:47)
at io.cucumber.core.runtime.ThreadLocalRunnerSupplier$LocalEventBus.send(ThreadLocalRunnerSupplier.java:62)
at io.cucumber.core.runner.TestCase.emitTestCaseStarted(TestCase.java:206)
at io.cucumber.core.runner.TestCase.run(TestCase.java:72)
at io.cucumber.core.runner.Runner.runPickle(Runner.java:75)
at io.cucumber.testng.TestNGCucumberRunner.lambda$runScenario$1(TestNGCucumberRunner.java:132)
at io.cucumber.core.runtime.CucumberExecutionContext.lambda$runTestCase$5(CucumberExecutionContext.java:137)
at io.cucumber.core.runtime.RethrowingThrowableCollector.executeAndThrow(RethrowingThrowableCollector.java:23)
at io.cucumber.core.runtime.CucumberExecutionContext.runTestCase(CucumberExecutionContext.java:137)
at io.cucumber.testng.TestNGCucumberRunner.runScenario(TestNGCucumberRunner.java:129)
at io.cucumber.testng.AbstractTestNGCucumberTests.runScenario(AbstractTestNGCucumberTests.java:35)
at jdk.internal.reflect.GeneratedMethodAccessor21.invoke(Unknown Source)
at java.base/jdk.internal.reflect.DelegatingMethodAccessorImpl.invoke(DelegatingMethodAccessorImpl.java:43)
at java.base/java.lang.reflect.Method.invoke(Method.java:568)
at org.testng.internal.MethodInvocationHelper.invokeMethod(MethodInvocationHelper.java:133)
at org.testng.internal.TestInvoker.invokeMethod(TestInvoker.java:598)
at org.testng.internal.TestInvoker.invokeTestMethod(TestInvoker.java:173)
at org.testng.internal.MethodRunner.runInSequence(MethodRunner.java:46)
at org.testng.internal.TestInvoker$MethodInvocationAgent.invoke(TestInvoker.java:824)
at org.testng.internal.TestInvoker.invokeTestMethods(TestInvoker.java:146)
at org.testng.internal.TestMethodWorker.invokeTestMethods(TestMethodWorker.java:146)
at org.testng.internal.TestMethodWorker.run(TestMethodWorker.java:128)
at java.base/java.util.ArrayList.forEach(ArrayList.java:1511)
at org.testng.TestRunner.privateRun(TestRunner.java:794)
at org.testng.TestRunner.run(TestRunner.java:596)
at org.testng.SuiteRunner.runTest(SuiteRunner.java:377)
at org.testng.SuiteRunner.runSequentially(SuiteRunner.java:371)
at org.testng.SuiteRunner.privateRun(SuiteRunner.java:332)
at org.testng.SuiteRunner.run(SuiteRunner.java:276)
at org.testng.SuiteRunnerWorker.runSuite(SuiteRunnerWorker.java:53)
at org.testng.SuiteRunnerWorker.run(SuiteRunnerWorker.java:96)
at org.testng.TestNG.runSuitesSequentially(TestNG.java:1212)
at org.testng.TestNG.runSuitesLocally(TestNG.java:1134)
at org.testng.TestNG.runSuites(TestNG.java:1063)
at org.testng.TestNG.run(TestNG.java:1031)
at org.testng.remote.AbstractRemoteTestNG.run(AbstractRemoteTestNG.java:115)
at org.testng.remote.RemoteTestNG.initAndRun(RemoteTestNG.java:251)
at org.testng.remote.RemoteTestNG.main(RemoteTestNG.java:77)
]]>
    </error>
  </testcase> <!-- runScenario -->
  <system-out/>
  <testcase classname="runner.Runner$AllureReport" name="runScenario" time="0.014">
    <error message="Cannot invoke &quot;org.openqa.selenium.WebDriver.get(String)&quot; because &quot;this.driver&quot; is null" type="java.lang.NullPointerException">
      <![CDATA[java.lang.NullPointerException: Cannot invoke "org.openqa.selenium.WebDriver.get(String)" because "this.driver" is null
at pages.ClassPage.homepage(ClassPage.java:98)
at stepDefinition.EditClass_SD.admin_is_in_edit_class_detail_popup_window_in_edit_class(EditClass_SD.java:24)
at ?.Admin is in  Edit class detail popup window in edit class(file:///C:/Users/amitf/eclipse-workspace/LMSHackathon_Phase2/src/test/resources/Features/EditClass.feature:3)
]]>
    </error>
  </testcase> <!-- runScenario -->
  <system-out/>
  <testcase classname="runner.Runner$AllureReport" name="runScenario" time="0.017">
    <error message="Cannot invoke &quot;org.openqa.selenium.WebDriver.get(String)&quot; because &quot;this.driver&quot; is null" type="java.lang.NullPointerException">
      <![CDATA[java.lang.NullPointerException: Cannot invoke "org.openqa.selenium.WebDriver.get(String)" because "this.driver" is null
at pages.ClassPage.homepage(ClassPage.java:98)
at stepDefinition.ManageClassPage_SD.admin_is_on_dashboard_page_after_login_in_class(ManageClassPage_SD.java:22)
at ?.Admin is on dashboard page after login in class(file:///C:/Users/amitf/eclipse-workspace/LMSHackathon_Phase2/src/test/resources/Features/ManageClass.feature:3)
]]>
    </error>
  </testcase> <!-- runScenario -->
  <system-out/>
  <testcase classname="runner.Runner$AllureReport" name="runScenario" time="0.024">
    <error message="Cannot invoke &quot;org.openqa.selenium.WebDriver.get(String)&quot; because &quot;this.driver&quot; is null" type="java.lang.NullPointerException">
      <![CDATA[java.lang.NullPointerException: Cannot invoke "org.openqa.selenium.WebDriver.get(String)" because "this.driver" is null
at pages.ClassPage.homepage(ClassPage.java:98)
at stepDefinition.DeleteClass_SD.admin_is_in_manage_class_page_in_class(DeleteClass_SD.java:26)
at ?.Admin is in Manage class page in class(file:///C:/Users/amitf/eclipse-workspace/LMSHackathon_Phase2/src/test/resources/Features/DeleteClass.feature:15)
]]>
    </error>
  </testcase> <!-- runScenario -->
  <system-out/>
  <testcase classname="runner.Runner$AllureReport" name="runScenario" time="0.027">
    <error message="Cannot invoke &quot;org.openqa.selenium.WebDriver.get(String)&quot; because &quot;this.driver&quot; is null" type="java.lang.NullPointerException">
      <![CDATA[java.lang.NullPointerException: Cannot invoke "org.openqa.selenium.WebDriver.get(String)" because "this.driver" is null
at pages.ClassPage.homepage(ClassPage.java:98)
at stepDefinition.Classdetailspopup_SD.admin_is_on_manage_class_page_after_clicking_class_button_in_class(Classdetailspopup_SD.java:24)
at ?.Admin is on ManageClass page after clicking class button in class(file:///C:/Users/amitf/eclipse-workspace/LMSHackathon_Phase2/src/test/resources/Features/Classdetailpopupwindow.feature:3)
]]>
    </error>
  </testcase> <!-- runScenario -->
  <system-out/>
  <testcase classname="runner.Runner$AllureReport" name="runScenario" time="0.040">
    <error message="Cannot invoke &quot;org.openqa.selenium.WebDriver.get(String)&quot; because &quot;this.driver&quot; is null" type="java.lang.NullPointerException">
      <![CDATA[java.lang.NullPointerException: Cannot invoke "org.openqa.selenium.WebDriver.get(String)" because "this.driver" is null
at pages.ClassPage.homepage(ClassPage.java:98)
at stepDefinition.AddNewClass_SD.admin_is_in_class_detail_popup_window_in_class(AddNewClass_SD.java:27)
at ?.Admin is in class detail popup window in class(file:///C:/Users/amitf/eclipse-workspace/LMSHackathon_Phase2/src/test/resources/Features/AddNewClass.feature:3)
]]>
    </error>
  </testcase> <!-- runScenario -->
  <system-out/>
  <testcase classname="runner.Runner$AllureReport" name="runScenario" time="0.022">
    <error message="Cannot invoke &quot;org.openqa.selenium.WebDriver.get(String)&quot; because &quot;this.driver&quot; is null" type="java.lang.NullPointerException">
      <![CDATA[java.lang.NullPointerException: Cannot invoke "org.openqa.selenium.WebDriver.get(String)" because "this.driver" is null
at pages.ClassPage.homepage(ClassPage.java:98)
at stepDefinition.Classdetailspopup_SD.admin_is_on_manage_class_page_after_clicking_class_button_in_class(Classdetailspopup_SD.java:24)
at ?.Admin is on ManageClass page after clicking class button in class(file:///C:/Users/amitf/eclipse-workspace/LMSHackathon_Phase2/src/test/resources/Features/Classdetailpopupwindow.feature:3)
]]>
    </error>
  </testcase> <!-- runScenario -->
  <system-out/>
  <testcase classname="runner.Runner$AllureReport" name="runScenario" time="0.030">
    <error message="Cannot invoke &quot;org.openqa.selenium.SearchContext.findElements(org.openqa.selenium.By)&quot; because &quot;this.searchContext&quot; is null" type="java.lang.NullPointerException">
      <![CDATA[java.lang.NullPointerException: Cannot invoke "org.openqa.selenium.SearchContext.findElements(org.openqa.selenium.By)" because "this.searchContext" is null
at org.openqa.selenium.support.pagefactory.DefaultElementLocator.findElements(DefaultElementLocator.java:83)
at org.openqa.selenium.support.pagefactory.internal.LocatingElementListHandler.invoke(LocatingElementListHandler.java:36)
at jdk.proxy2/jdk.proxy2.$Proxy24.iterator(Unknown Source)
at pages.DeleteAttendancePage.clickcheckbox(DeleteAttendancePage.java:151)
at stepDefinition.DeleteAttendance_SD.admin_is_in_delete_alert_after_clicks_delete_button_under_header_after_selecting_the_check_box_in_attendance(DeleteAttendance_SD.java:116)
at ?.Admin is in delete alert after clicks delete button under header after selecting the check box in attendance(file:///C:/Users/amitf/eclipse-workspace/LMSHackathon_Phase2/src/test/resources/Features/DeleteAttendance.feature:48)
]]>
    </error>
  </testcase> <!-- runScenario -->
  <system-out/>
  <testcase classname="runner.Runner$AllureReport" name="runScenario" time="0.015">
    <error message="Cannot invoke &quot;org.openqa.selenium.WebDriver.get(String)&quot; because &quot;this.driver&quot; is null" type="java.lang.NullPointerException">
      <![CDATA[java.lang.NullPointerException: Cannot invoke "org.openqa.selenium.WebDriver.get(String)" because "this.driver" is null
at pages.ClassPage.homepage(ClassPage.java:98)
at stepDefinition.EditClass_SD.admin_is_in_edit_class_detail_popup_window_in_edit_class(EditClass_SD.java:24)
at ?.Admin is in  Edit class detail popup window in edit class(file:///C:/Users/amitf/eclipse-workspace/LMSHackathon_Phase2/src/test/resources/Features/EditClass.feature:3)
]]>
    </error>
  </testcase> <!-- runScenario -->
  <system-out/>
  <testcase classname="runner.Runner$AllureReport" name="runScenario" time="0.030">
    <error message="Cannot invoke &quot;org.openqa.selenium.WebDriver.get(String)&quot; because &quot;this.driver&quot; is null" type="java.lang.NullPointerException">
      <![CDATA[java.lang.NullPointerException: Cannot invoke "org.openqa.selenium.WebDriver.get(String)" because "this.driver" is null
at pages.ClassPage.homepage(ClassPage.java:98)
at stepDefinition.EditClass_SD.admin_is_in_edit_class_detail_popup_window_in_edit_class(EditClass_SD.java:24)
at ?.Admin is in  Edit class detail popup window in edit class(file:///C:/Users/amitf/eclipse-workspace/LMSHackathon_Phase2/src/test/resources/Features/EditClass.feature:3)
]]>
    </error>
  </testcase> <!-- runScenario -->
  <system-out/>
  <testcase classname="runner.Runner$AllureReport" name="runScenario" time="0.037">
    <error message="Cannot invoke &quot;org.openqa.selenium.WebDriver.get(String)&quot; because &quot;this.driver&quot; is null" type="java.lang.NullPointerException">
      <![CDATA[java.lang.NullPointerException: Cannot invoke "org.openqa.selenium.WebDriver.get(String)" because "this.driver" is null
at pages.ClassPage.homepage(ClassPage.java:98)
at stepDefinition.Classdetailspopup_SD.admin_is_on_manage_class_page_after_clicking_class_button_in_class(Classdetailspopup_SD.java:24)
at ?.Admin is on ManageClass page after clicking class button in class(file:///C:/Users/amitf/eclipse-workspace/LMSHackathon_Phase2/src/test/resources/Features/Classdetailpopupwindow.feature:3)
]]>
    </error>
  </testcase> <!-- runScenario -->
  <system-out/>
  <testcase classname="runner.Runner$AllureReport" name="runScenario" time="0.016">
    <error message="Cannot invoke &quot;org.openqa.selenium.WebDriver.get(String)&quot; because &quot;this.driver&quot; is null" type="java.lang.NullPointerException">
      <![CDATA[java.lang.NullPointerException: Cannot invoke "org.openqa.selenium.WebDriver.get(String)" because "this.driver" is null
at pages.ClassPage.homepage(ClassPage.java:98)
at stepDefinition.EditClass_SD.admin_is_in_edit_class_detail_popup_window_in_edit_class(EditClass_SD.java:24)
at ?.Admin is in  Edit class detail popup window in edit class(file:///C:/Users/amitf/eclipse-workspace/LMSHackathon_Phase2/src/test/resources/Features/EditClass.feature:3)
]]>
    </error>
  </testcase> <!-- runScenario -->
  <system-out/>
  <testcase classname="runner.Runner$AllureReport" name="runScenario" time="0.013">
    <error message="Cannot invoke &quot;org.openqa.selenium.WebDriver.get(String)&quot; because &quot;this.driver&quot; is null" type="java.lang.NullPointerException">
      <![CDATA[java.lang.NullPointerException: Cannot invoke "org.openqa.selenium.WebDriver.get(String)" because "this.driver" is null
at pages.ClassPage.homepage(ClassPage.java:98)
at stepDefinition.ManageClassPage_SD.admin_is_on_dashboard_page_after_login_in_class(ManageClassPage_SD.java:22)
at ?.Admin is on dashboard page after login in class(file:///C:/Users/amitf/eclipse-workspace/LMSHackathon_Phase2/src/test/resources/Features/ManageClass.feature:3)
]]>
    </error>
  </testcase> <!-- runScenario -->
  <system-out/>
  <testcase classname="runner.Runner$AllureReport" name="runScenario" time="0.015">
    <error message="Cannot invoke &quot;org.openqa.selenium.WebDriver.get(String)&quot; because &quot;this.driver&quot; is null" type="java.lang.NullPointerException">
      <![CDATA[java.lang.NullPointerException: Cannot invoke "org.openqa.selenium.WebDriver.get(String)" because "this.driver" is null
at pages.ClassPage.homepage(ClassPage.java:98)
at stepDefinition.ManageClassPage_SD.admin_is_on_dashboard_page_after_login_in_class(ManageClassPage_SD.java:22)
at ?.Admin is on dashboard page after login in class(file:///C:/Users/amitf/eclipse-workspace/LMSHackathon_Phase2/src/test/resources/Features/ManageClass.feature:3)
]]>
    </error>
  </testcase> <!-- runScenario -->
  <system-out/>
  <testcase classname="runner.Runner$AllureReport" name="runScenario" time="0.018">
    <error message="Cannot invoke &quot;org.openqa.selenium.WebDriver.get(String)&quot; because &quot;this.driver&quot; is null" type="java.lang.NullPointerException">
      <![CDATA[java.lang.NullPointerException: Cannot invoke "org.openqa.selenium.WebDriver.get(String)" because "this.driver" is null
at pages.DeleteAttendancePage.homepage(DeleteAttendancePage.java:80)
at stepDefinition.Paginationmanageattendance_SD.admin_is_logged_into_homepage_in_attendance(Paginationmanageattendance_SD.java:21)
at ?.Admin is logged into homepage in attendance(file:///C:/Users/amitf/eclipse-workspace/LMSHackathon_Phase2/src/test/resources/Features/Paginationinmanageattendance.feature:3)
]]>
    </error>
  </testcase> <!-- runScenario -->
  <system-out/>
  <testcase classname="runner.Runner$AllureReport" name="runScenario" time="0.035">
    <error message="Cannot invoke &quot;org.openqa.selenium.WebDriver.get(String)&quot; because &quot;this.driver&quot; is null" type="java.lang.NullPointerException">
      <![CDATA[java.lang.NullPointerException: Cannot invoke "org.openqa.selenium.WebDriver.get(String)" because "this.driver" is null
at pages.ClassPage.homepage(ClassPage.java:98)
at stepDefinition.Attendancedetailspopup_SD.admin_is_on_manage_attendance_page_in_attendance(Attendancedetailspopup_SD.java:30)
at ?.Admin is on manage attendance page in attendance(file:///C:/Users/amitf/eclipse-workspace/LMSHackathon_Phase2/src/test/resources/Features/Attendancedetailspopup.feature:29)
]]>
    </error>
  </testcase> <!-- runScenario -->
  <system-out/>
  <testcase classname="runner.Runner$AllureReport" name="runScenario" time="0.049">
    <error message="Cannot invoke &quot;org.openqa.selenium.WebDriver.get(String)&quot; because &quot;this.driver&quot; is null" type="java.lang.NullPointerException">
      <![CDATA[java.lang.NullPointerException: Cannot invoke "org.openqa.selenium.WebDriver.get(String)" because "this.driver" is null
at pages.ClassPage.homepage(ClassPage.java:98)
at stepDefinition.AddNewClass_SD.admin_is_in_class_detail_popup_window_in_class(AddNewClass_SD.java:27)
at ?.Admin is in class detail popup window in class(file:///C:/Users/amitf/eclipse-workspace/LMSHackathon_Phase2/src/test/resources/Features/AddNewClass.feature:3)
]]>
    </error>
  </testcase> <!-- runScenario -->
  <system-out/>
  <testcase classname="runner.Runner$AllureReport" name="runScenario" time="0.025">
    <error message="Cannot invoke &quot;org.openqa.selenium.WebDriver.get(String)&quot; because &quot;this.driver&quot; is null" type="java.lang.NullPointerException">
      <![CDATA[java.lang.NullPointerException: Cannot invoke "org.openqa.selenium.WebDriver.get(String)" because "this.driver" is null
at pages.ClassPage.homepage(ClassPage.java:98)
at stepDefinition.DeleteClass_SD.admin_is_in_manage_class_page_in_class(DeleteClass_SD.java:26)
at ?.Admin is in Manage class page in class(file:///C:/Users/amitf/eclipse-workspace/LMSHackathon_Phase2/src/test/resources/Features/DeleteClass.feature:10)
]]>
    </error>
  </testcase> <!-- runScenario -->
  <system-out/>
  <testcase classname="runner.Runner$AllureReport" name="runScenario" time="0.017">
    <error message="Cannot invoke &quot;org.openqa.selenium.WebDriver.get(String)&quot; because &quot;this.driver&quot; is null" type="java.lang.NullPointerException">
      <![CDATA[java.lang.NullPointerException: Cannot invoke "org.openqa.selenium.WebDriver.get(String)" because "this.driver" is null
at pages.ClassPage.homepage(ClassPage.java:98)
at stepDefinition.Classdetailspopup_SD.admin_is_on_manage_class_page_after_clicking_class_button_in_class(Classdetailspopup_SD.java:24)
at ?.Admin is on ManageClass page after clicking class button in class(file:///C:/Users/amitf/eclipse-workspace/LMSHackathon_Phase2/src/test/resources/Features/Classdetailpopupwindow.feature:3)
]]>
    </error>
  </testcase> <!-- runScenario -->
  <system-out/>
  <testcase classname="runner.Runner$AllureReport" name="runScenario" time="0.015">
    <error message="Cannot invoke &quot;org.openqa.selenium.WebDriver.get(String)&quot; because &quot;this.driver&quot; is null" type="java.lang.NullPointerException">
      <![CDATA[java.lang.NullPointerException: Cannot invoke "org.openqa.selenium.WebDriver.get(String)" because "this.driver" is null
at pages.ClassPage.homepage(ClassPage.java:98)
at stepDefinition.EditClass_SD.admin_is_in_edit_class_detail_popup_window_in_edit_class(EditClass_SD.java:24)
at ?.Admin is in  Edit class detail popup window in edit class(file:///C:/Users/amitf/eclipse-workspace/LMSHackathon_Phase2/src/test/resources/Features/EditClass.feature:3)
]]>
    </error>
  </testcase> <!-- runScenario -->
  <system-out/>
  <testcase classname="runner.Runner$AllureReport" name="runScenario" time="0.011">
    <error message="Cannot invoke &quot;org.openqa.selenium.WebDriver.get(String)&quot; because &quot;this.driver&quot; is null" type="java.lang.NullPointerException">
      <![CDATA[java.lang.NullPointerException: Cannot invoke "org.openqa.selenium.WebDriver.get(String)" because "this.driver" is null
at pages.ClassPage.homepage(ClassPage.java:98)
at stepDefinition.EditClass_SD.admin_is_in_edit_class_detail_popup_window_in_edit_class(EditClass_SD.java:24)
at ?.Admin is in  Edit class detail popup window in edit class(file:///C:/Users/amitf/eclipse-workspace/LMSHackathon_Phase2/src/test/resources/Features/EditClass.feature:3)
]]>
    </error>
  </testcase> <!-- runScenario -->
  <system-out/>
  <testcase classname="runner.Runner$AllureReport" name="runScenario" time="0.018">
    <error message="Cannot invoke &quot;org.openqa.selenium.WebDriver.get(String)&quot; because &quot;this.driver&quot; is null" type="java.lang.NullPointerException">
      <![CDATA[java.lang.NullPointerException: Cannot invoke "org.openqa.selenium.WebDriver.get(String)" because "this.driver" is null
at pages.DeleteAttendancePage.homepage(DeleteAttendancePage.java:80)
at stepDefinition.DeleteAttendance_SD.admin_is_in_delete_alert_after_clicking_on_delete_button_in_attendance(DeleteAttendance_SD.java:49)
at ?.Admin is in delete alert after clicking on delete button in attendance(file:///C:/Users/amitf/eclipse-workspace/LMSHackathon_Phase2/src/test/resources/Features/DeleteAttendance.feature:19)
]]>
    </error>
  </testcase> <!-- runScenario -->
  <system-out/>
  <testcase classname="runner.Runner$AllureReport" name="runScenario" time="0.025">
    <error message="Cannot invoke &quot;org.openqa.selenium.WebDriver.get(String)&quot; because &quot;this.driver&quot; is null" type="java.lang.NullPointerException">
      <![CDATA[java.lang.NullPointerException: Cannot invoke "org.openqa.selenium.WebDriver.get(String)" because "this.driver" is null
at pages.ClassPage.homepage(ClassPage.java:98)
at stepDefinition.Attendancedetailspopup_SD.admin_is_on_manage_attendance_page_in_attendance(Attendancedetailspopup_SD.java:30)
at ?.Admin is on manage attendance page in attendance(file:///C:/Users/amitf/eclipse-workspace/LMSHackathon_Phase2/src/test/resources/Features/Attendancedetailspopup.feature:44)
]]>
    </error>
  </testcase> <!-- runScenario -->
  <system-out/>
  <testcase classname="runner.Runner$AllureReport" name="runScenario" time="0.024">
    <error message="Cannot invoke &quot;org.openqa.selenium.SearchContext.findElements(org.openqa.selenium.By)&quot; because &quot;this.searchContext&quot; is null" type="java.lang.NullPointerException">
      <![CDATA[java.lang.NullPointerException: Cannot invoke "org.openqa.selenium.SearchContext.findElements(org.openqa.selenium.By)" because "this.searchContext" is null
at org.openqa.selenium.support.pagefactory.DefaultElementLocator.findElements(DefaultElementLocator.java:83)
at org.openqa.selenium.support.pagefactory.internal.LocatingElementListHandler.invoke(LocatingElementListHandler.java:36)
at jdk.proxy2/jdk.proxy2.$Proxy24.iterator(Unknown Source)
at pages.DeleteAttendancePage.clickcheckbox(DeleteAttendancePage.java:151)
at stepDefinition.DeleteAttendance_SD.admin_is_in_delete_alert_after_clicks_delete_button_under_header_after_selecting_the_check_box_in_attendance(DeleteAttendance_SD.java:116)
at ?.Admin is in delete alert after clicks delete button under header after selecting the check box in attendance(file:///C:/Users/amitf/eclipse-workspace/LMSHackathon_Phase2/src/test/resources/Features/DeleteAttendance.feature:43)
]]>
    </error>
  </testcase> <!-- runScenario -->
  <system-out/>
  <testcase classname="runner.Runner$AllureReport" name="runScenario" time="0.014">
    <error message="Cannot invoke &quot;org.openqa.selenium.WebDriver.get(String)&quot; because &quot;this.driver&quot; is null" type="java.lang.NullPointerException">
      <![CDATA[java.lang.NullPointerException: Cannot invoke "org.openqa.selenium.WebDriver.get(String)" because "this.driver" is null
at pages.ClassPage.homepage(ClassPage.java:98)
at stepDefinition.EditClass_SD.admin_is_in_edit_class_detail_popup_window_in_edit_class(EditClass_SD.java:24)
at ?.Admin is in  Edit class detail popup window in edit class(file:///C:/Users/amitf/eclipse-workspace/LMSHackathon_Phase2/src/test/resources/Features/EditClass.feature:3)
]]>
    </error>
  </testcase> <!-- runScenario -->
  <system-out/>
  <testcase classname="runner.Runner$AllureReport" name="runScenario" time="0.022">
    <error message="Cannot invoke &quot;org.openqa.selenium.WebDriver.get(String)&quot; because &quot;this.driver&quot; is null" type="java.lang.NullPointerException">
      <![CDATA[java.lang.NullPointerException: Cannot invoke "org.openqa.selenium.WebDriver.get(String)" because "this.driver" is null
at pages.ClassPage.homepage(ClassPage.java:98)
at stepDefinition.DeleteClass_SD.admin_is_in_delete_alert_in_class(DeleteClass_SD.java:55)
at ?.Admin is in delete alert in class(file:///C:/Users/amitf/eclipse-workspace/LMSHackathon_Phase2/src/test/resources/Features/DeleteClass.feature:26)
]]>
    </error>
  </testcase> <!-- runScenario -->
  <system-out/>
  <testcase classname="runner.Runner$AllureReport" name="runScenario" time="0.013">
    <error message="Cannot invoke &quot;org.openqa.selenium.WebDriver.get(String)&quot; because &quot;this.driver&quot; is null" type="java.lang.NullPointerException">
      <![CDATA[java.lang.NullPointerException: Cannot invoke "org.openqa.selenium.WebDriver.get(String)" because "this.driver" is null
at pages.ClassPage.homepage(ClassPage.java:98)
at stepDefinition.ManageClassPage_SD.admin_is_on_dashboard_page_after_login_in_class(ManageClassPage_SD.java:22)
at ?.Admin is on dashboard page after login in class(file:///C:/Users/amitf/eclipse-workspace/LMSHackathon_Phase2/src/test/resources/Features/ManageClass.feature:3)
]]>
    </error>
  </testcase> <!-- runScenario -->
  <system-out/>
  <testcase classname="runner.Runner$AllureReport" name="runScenario" time="0.096">
    <error message="Cannot invoke &quot;org.openqa.selenium.WebDriver.get(String)&quot; because &quot;this.driver&quot; is null" type="java.lang.NullPointerException">
      <![CDATA[java.lang.NullPointerException: Cannot invoke "org.openqa.selenium.WebDriver.get(String)" because "this.driver" is null
at pages.ClassPage.homepage(ClassPage.java:98)
at stepDefinition.ManageClassPage_SD.admin_is_on_dashboard_page_after_login_in_class(ManageClassPage_SD.java:22)
at ?.Admin is on dashboard page after login in class(file:///C:/Users/amitf/eclipse-workspace/LMSHackathon_Phase2/src/test/resources/Features/ManageClass.feature:3)
]]>
    </error>
  </testcase> <!-- runScenario -->
  <system-out/>
  <testcase classname="runner.Runner$AllureReport" name="runScenario" time="0.025">
    <error message="Cannot invoke &quot;org.openqa.selenium.WebDriver.get(String)&quot; because &quot;this.driver&quot; is null" type="java.lang.NullPointerException">
      <![CDATA[java.lang.NullPointerException: Cannot invoke "org.openqa.selenium.WebDriver.get(String)" because "this.driver" is null
at pages.ClassPage.homepage(ClassPage.java:98)
at stepDefinition.Attendancedetailspopup_SD.admin_is_in_attendance_details_popup_window_in_attendance(Attendancedetailspopup_SD.java:143)
at ?.Admin is in  attendance details popup window in attendance(file:///C:/Users/amitf/eclipse-workspace/LMSHackathon_Phase2/src/test/resources/Features/Attendancedetailspopup.feature:74)
]]>
    </error>
  </testcase> <!-- runScenario -->
  <system-out/>
  <testcase classname="runner.Runner$AllureReport" name="runScenario" time="0.022">
    <error message="Cannot invoke &quot;org.openqa.selenium.WebDriver.get(String)&quot; because &quot;this.driver&quot; is null" type="java.lang.NullPointerException">
      <![CDATA[java.lang.NullPointerException: Cannot invoke "org.openqa.selenium.WebDriver.get(String)" because "this.driver" is null
at pages.ClassPage.homepage(ClassPage.java:98)
at stepDefinition.ManageClassPage_SD.admin_is_on_dashboard_page_after_login_in_class(ManageClassPage_SD.java:22)
at ?.Admin is on dashboard page after login in class(file:///C:/Users/amitf/eclipse-workspace/LMSHackathon_Phase2/src/test/resources/Features/ManageClass.feature:3)
]]>
    </error>
  </testcase> <!-- runScenario -->
  <system-out/>
  <testcase classname="runner.Runner$AllureReport" name="runScenario" time="0.029">
    <error message="Cannot invoke &quot;org.openqa.selenium.WebDriver.get(String)&quot; because &quot;this.driver&quot; is null" type="java.lang.NullPointerException">
      <![CDATA[java.lang.NullPointerException: Cannot invoke "org.openqa.selenium.WebDriver.get(String)" because "this.driver" is null
at pages.ClassPage.homepage(ClassPage.java:98)
at stepDefinition.Attendancedetailspopup_SD.admin_is_in_attendance_details_popup_window_in_attendance(Attendancedetailspopup_SD.java:143)
at ?.Admin is in  attendance details popup window in attendance(file:///C:/Users/amitf/eclipse-workspace/LMSHackathon_Phase2/src/test/resources/Features/Attendancedetailspopup.feature:69)
]]>
    </error>
  </testcase> <!-- runScenario -->
  <system-out/>
  <testcase classname="runner.Runner$AllureReport" name="runScenario" time="0.013">
    <error message="Cannot invoke &quot;org.openqa.selenium.WebDriver.get(String)&quot; because &quot;this.driver&quot; is null" type="java.lang.NullPointerException">
      <![CDATA[java.lang.NullPointerException: Cannot invoke "org.openqa.selenium.WebDriver.get(String)" because "this.driver" is null
at pages.ClassPage.homepage(ClassPage.java:98)
at stepDefinition.EditClass_SD.admin_is_in_edit_class_detail_popup_window_in_edit_class(EditClass_SD.java:24)
at ?.Admin is in  Edit class detail popup window in edit class(file:///C:/Users/amitf/eclipse-workspace/LMSHackathon_Phase2/src/test/resources/Features/EditClass.feature:3)
]]>
    </error>
  </testcase> <!-- runScenario -->
  <system-out/>
  <testcase classname="runner.Runner$AllureReport" name="runScenario" time="0.015">
    <error message="Cannot invoke &quot;org.openqa.selenium.WebDriver.get(String)&quot; because &quot;this.driver&quot; is null" type="java.lang.NullPointerException">
      <![CDATA[java.lang.NullPointerException: Cannot invoke "org.openqa.selenium.WebDriver.get(String)" because "this.driver" is null
at pages.DeleteAttendancePage.homepage(DeleteAttendancePage.java:80)
at stepDefinition.DeleteAttendance_SD.admin_is_on_the_manage_attendance_page_in_attendance(DeleteAttendance_SD.java:20)
at ?.Admin is on the manage attendance page in attendance(file:///C:/Users/amitf/eclipse-workspace/LMSHackathon_Phase2/src/test/resources/Features/DeleteAttendance.feature:33)
]]>
    </error>
  </testcase> <!-- runScenario -->
  <system-out/>
  <testcase classname="runner.Runner$AllureReport" name="runScenario" time="0.052">
    <error message="Cannot invoke &quot;org.openqa.selenium.WebDriver.get(String)&quot; because &quot;this.driver&quot; is null" type="java.lang.NullPointerException">
      <![CDATA[java.lang.NullPointerException: Cannot invoke "org.openqa.selenium.WebDriver.get(String)" because "this.driver" is null
at pages.ClassPage.homepage(ClassPage.java:98)
at stepDefinition.ManageClassPage_SD.admin_is_on_dashboard_page_after_login_in_class(ManageClassPage_SD.java:22)
at ?.Admin is on dashboard page after login in class(file:///C:/Users/amitf/eclipse-workspace/LMSHackathon_Phase2/src/test/resources/Features/ManageClass.feature:3)
]]>
    </error>
  </testcase> <!-- runScenario -->
  <system-out/>
  <testcase classname="runner.Runner$AllureReport" name="runScenario" time="0.013">
    <error message="Cannot invoke &quot;org.openqa.selenium.WebDriver.get(String)&quot; because &quot;this.driver&quot; is null" type="java.lang.NullPointerException">
      <![CDATA[java.lang.NullPointerException: Cannot invoke "org.openqa.selenium.WebDriver.get(String)" because "this.driver" is null
at pages.ClassPage.homepage(ClassPage.java:98)
at stepDefinition.EditClass_SD.admin_is_in_edit_class_detail_popup_window_in_edit_class(EditClass_SD.java:24)
at ?.Admin is in  Edit class detail popup window in edit class(file:///C:/Users/amitf/eclipse-workspace/LMSHackathon_Phase2/src/test/resources/Features/EditClass.feature:3)
]]>
    </error>
  </testcase> <!-- runScenario -->
  <system-out/>
  <testcase classname="runner.Runner$AllureReport" name="runScenario" time="0.064">
    <error message="Cannot invoke &quot;org.openqa.selenium.WebDriver.get(String)&quot; because &quot;this.driver&quot; is null" type="java.lang.NullPointerException">
      <![CDATA[java.lang.NullPointerException: Cannot invoke "org.openqa.selenium.WebDriver.get(String)" because "this.driver" is null
at pages.ClassPage.homepage(ClassPage.java:98)
at stepDefinition.AddNewClass_SD.admin_is_in_class_detail_popup_window_in_class(AddNewClass_SD.java:27)
at ?.Admin is in class detail popup window in class(file:///C:/Users/amitf/eclipse-workspace/LMSHackathon_Phase2/src/test/resources/Features/AddNewClass.feature:3)
]]>
    </error>
  </testcase> <!-- runScenario -->
  <system-out/>
  <testcase classname="runner.Runner$AllureReport" name="runScenario" time="0.021">
    <error message="Cannot invoke &quot;org.openqa.selenium.WebDriver.get(String)&quot; because &quot;this.driver&quot; is null" type="java.lang.NullPointerException">
      <![CDATA[java.lang.NullPointerException: Cannot invoke "org.openqa.selenium.WebDriver.get(String)" because "this.driver" is null
at pages.ClassPage.homepage(ClassPage.java:98)
at stepDefinition.EditClass_SD.admin_is_in_edit_class_detail_popup_window_in_edit_class(EditClass_SD.java:24)
at ?.Admin is in  Edit class detail popup window in edit class(file:///C:/Users/amitf/eclipse-workspace/LMSHackathon_Phase2/src/test/resources/Features/EditClass.feature:3)
]]>
    </error>
  </testcase> <!-- runScenario -->
  <system-out/>
  <testcase classname="runner.Runner$AllureReport" name="runScenario" time="0.012">
    <error message="Cannot invoke &quot;org.openqa.selenium.WebDriver.get(String)&quot; because &quot;this.driver&quot; is null" type="java.lang.NullPointerException">
      <![CDATA[java.lang.NullPointerException: Cannot invoke "org.openqa.selenium.WebDriver.get(String)" because "this.driver" is null
at pages.ClassPage.homepage(ClassPage.java:98)
at stepDefinition.EditClass_SD.admin_is_in_edit_class_detail_popup_window_in_edit_class(EditClass_SD.java:24)
at ?.Admin is in  Edit class detail popup window in edit class(file:///C:/Users/amitf/eclipse-workspace/LMSHackathon_Phase2/src/test/resources/Features/EditClass.feature:3)
]]>
    </error>
  </testcase> <!-- runScenario -->
  <system-out/>
  <testcase classname="runner.Runner$AllureReport" name="runScenario" time="0.011">
    <error message="Cannot invoke &quot;org.openqa.selenium.WebDriver.get(String)&quot; because &quot;this.driver&quot; is null" type="java.lang.NullPointerException">
      <![CDATA[java.lang.NullPointerException: Cannot invoke "org.openqa.selenium.WebDriver.get(String)" because "this.driver" is null
at pages.ClassPage.homepage(ClassPage.java:98)
at stepDefinition.ManageClassPage_SD.admin_is_on_dashboard_page_after_login_in_class(ManageClassPage_SD.java:22)
at ?.Admin is on dashboard page after login in class(file:///C:/Users/amitf/eclipse-workspace/LMSHackathon_Phase2/src/test/resources/Features/ManageClass.feature:3)
]]>
    </error>
  </testcase> <!-- runScenario -->
  <system-out/>
  <testcase classname="runner.Runner$AllureReport" name="runScenario" time="0.027">
    <error message="Cannot invoke &quot;org.openqa.selenium.WebDriver.get(String)&quot; because &quot;this.driver&quot; is null" type="java.lang.NullPointerException">
      <![CDATA[java.lang.NullPointerException: Cannot invoke "org.openqa.selenium.WebDriver.get(String)" because "this.driver" is null
at pages.ClassPage.homepage(ClassPage.java:98)
at stepDefinition.Classdetailspopup_SD.admin_is_on_manage_class_page_after_clicking_class_button_in_class(Classdetailspopup_SD.java:24)
at ?.Admin is on ManageClass page after clicking class button in class(file:///C:/Users/amitf/eclipse-workspace/LMSHackathon_Phase2/src/test/resources/Features/Classdetailpopupwindow.feature:3)
]]>
    </error>
  </testcase> <!-- runScenario -->
  <system-out/>
  <testcase classname="runner.Runner$AllureReport" name="runScenario" time="0.014">
    <error message="Cannot invoke &quot;org.openqa.selenium.WebDriver.get(String)&quot; because &quot;this.driver&quot; is null" type="java.lang.NullPointerException">
      <![CDATA[java.lang.NullPointerException: Cannot invoke "org.openqa.selenium.WebDriver.get(String)" because "this.driver" is null
at pages.ClassPage.homepage(ClassPage.java:98)
at stepDefinition.EditClass_SD.admin_is_in_edit_class_detail_popup_window_in_edit_class(EditClass_SD.java:24)
at ?.Admin is in  Edit class detail popup window in edit class(file:///C:/Users/amitf/eclipse-workspace/LMSHackathon_Phase2/src/test/resources/Features/EditClass.feature:3)
]]>
    </error>
  </testcase> <!-- runScenario -->
  <system-out/>
  <testcase classname="runner.Runner$AllureReport" name="runScenario" time="0.042">
    <error message="Cannot invoke &quot;org.openqa.selenium.WebDriver.get(String)&quot; because &quot;this.driver&quot; is null" type="java.lang.NullPointerException">
      <![CDATA[java.lang.NullPointerException: Cannot invoke "org.openqa.selenium.WebDriver.get(String)" because "this.driver" is null
at pages.ClassPage.homepage(ClassPage.java:98)
at stepDefinition.AddNewClass_SD.admin_is_in_class_detail_popup_window_in_class(AddNewClass_SD.java:27)
at ?.Admin is in class detail popup window in class(file:///C:/Users/amitf/eclipse-workspace/LMSHackathon_Phase2/src/test/resources/Features/AddNewClass.feature:3)
]]>
    </error>
  </testcase> <!-- runScenario -->
  <system-out/>
  <testcase classname="runner.Runner$AllureReport" name="runScenario" time="0.024">
    <error message="Cannot invoke &quot;org.openqa.selenium.WebDriver.get(String)&quot; because &quot;this.driver&quot; is null" type="java.lang.NullPointerException">
      <![CDATA[java.lang.NullPointerException: Cannot invoke "org.openqa.selenium.WebDriver.get(String)" because "this.driver" is null
at pages.ClassPage.homepage(ClassPage.java:98)
at stepDefinition.Attendancedetailspopup_SD.admin_is_on_manage_attendance_page_in_attendance(Attendancedetailspopup_SD.java:30)
at ?.Admin is on manage attendance page in attendance(file:///C:/Users/amitf/eclipse-workspace/LMSHackathon_Phase2/src/test/resources/Features/Attendancedetailspopup.feature:49)
]]>
    </error>
  </testcase> <!-- runScenario -->
  <system-out/>
  <testcase classname="runner.Runner$AllureReport" name="runScenario" time="0.014">
    <error message="Cannot invoke &quot;org.openqa.selenium.WebDriver.get(String)&quot; because &quot;this.driver&quot; is null" type="java.lang.NullPointerException">
      <![CDATA[java.lang.NullPointerException: Cannot invoke "org.openqa.selenium.WebDriver.get(String)" because "this.driver" is null
at pages.ClassPage.homepage(ClassPage.java:98)
at stepDefinition.EditClass_SD.admin_is_in_edit_class_detail_popup_window_in_edit_class(EditClass_SD.java:24)
at ?.Admin is in  Edit class detail popup window in edit class(file:///C:/Users/amitf/eclipse-workspace/LMSHackathon_Phase2/src/test/resources/Features/EditClass.feature:3)
]]>
    </error>
  </testcase> <!-- runScenario -->
  <system-out/>
  <testcase classname="runner.Runner$AllureReport" name="runScenario" time="0.041">
    <error message="Cannot invoke &quot;org.openqa.selenium.WebDriver.get(String)&quot; because &quot;this.driver&quot; is null" type="java.lang.NullPointerException">
      <![CDATA[java.lang.NullPointerException: Cannot invoke "org.openqa.selenium.WebDriver.get(String)" because "this.driver" is null
at pages.ClassPage.homepage(ClassPage.java:98)
at stepDefinition.Attendancedetailspopup_SD.admin_is_in_attendance_details_popup_window_in_attendance(Attendancedetailspopup_SD.java:143)
at ?.Admin is in  attendance details popup window in attendance(file:///C:/Users/amitf/eclipse-workspace/LMSHackathon_Phase2/src/test/resources/Features/Attendancedetailspopup.feature:84)
]]>
    </error>
  </testcase> <!-- runScenario -->
  <system-out/>
  <testcase classname="runner.Runner$AllureReport" name="runScenario" time="0.012">
    <error message="Cannot invoke &quot;org.openqa.selenium.WebDriver.get(String)&quot; because &quot;this.driver&quot; is null" type="java.lang.NullPointerException">
      <![CDATA[java.lang.NullPointerException: Cannot invoke "org.openqa.selenium.WebDriver.get(String)" because "this.driver" is null
at pages.ClassPage.homepage(ClassPage.java:98)
at stepDefinition.ManageClassPage_SD.admin_is_on_dashboard_page_after_login_in_class(ManageClassPage_SD.java:22)
at ?.Admin is on dashboard page after login in class(file:///C:/Users/amitf/eclipse-workspace/LMSHackathon_Phase2/src/test/resources/Features/ManageClass.feature:3)
]]>
    </error>
  </testcase> <!-- runScenario -->
  <system-out/>
  <testcase classname="runner.Runner$AllureReport" name="runScenario" time="0.043">
    <error message="Cannot invoke &quot;org.openqa.selenium.WebDriver.get(String)&quot; because &quot;this.driver&quot; is null" type="java.lang.NullPointerException">
      <![CDATA[java.lang.NullPointerException: Cannot invoke "org.openqa.selenium.WebDriver.get(String)" because "this.driver" is null
at pages.DeleteAttendancePage.homepage(DeleteAttendancePage.java:80)
at stepDefinition.Paginationmanageattendance_SD.admin_is_logged_into_homepage_in_attendance(Paginationmanageattendance_SD.java:21)
at ?.Admin is logged into homepage in attendance(file:///C:/Users/amitf/eclipse-workspace/LMSHackathon_Phase2/src/test/resources/Features/Paginationinmanageattendance.feature:3)
]]>
    </error>
  </testcase> <!-- runScenario -->
  <system-out/>
  <testcase classname="runner.Runner$AllureReport" name="runScenario" time="0.025">
    <error message="Cannot invoke &quot;org.openqa.selenium.WebDriver.get(String)&quot; because &quot;this.driver&quot; is null" type="java.lang.NullPointerException">
      <![CDATA[java.lang.NullPointerException: Cannot invoke "org.openqa.selenium.WebDriver.get(String)" because "this.driver" is null
at pages.ClassPage.homepage(ClassPage.java:98)
at stepDefinition.Attendancedetailspopup_SD.admin_is_in_attendance_details_popup_window_in_attendance(Attendancedetailspopup_SD.java:143)
at ?.Admin is in  attendance details popup window in attendance(file:///C:/Users/amitf/eclipse-workspace/LMSHackathon_Phase2/src/test/resources/Features/Attendancedetailspopup.feature:104)
]]>
    </error>
  </testcase> <!-- runScenario -->
  <system-out/>
  <testcase classname="runner.Runner$AllureReport" name="runScenario" time="0.010">
    <error message="Cannot invoke &quot;org.openqa.selenium.WebDriver.get(String)&quot; because &quot;this.driver&quot; is null" type="java.lang.NullPointerException">
      <![CDATA[java.lang.NullPointerException: Cannot invoke "org.openqa.selenium.WebDriver.get(String)" because "this.driver" is null
at pages.ClassPage.homepage(ClassPage.java:98)
at stepDefinition.EditClass_SD.admin_is_in_edit_class_detail_popup_window_in_edit_class(EditClass_SD.java:24)
at ?.Admin is in  Edit class detail popup window in edit class(file:///C:/Users/amitf/eclipse-workspace/LMSHackathon_Phase2/src/test/resources/Features/EditClass.feature:3)
]]>
    </error>
  </testcase> <!-- runScenario -->
  <system-out/>
  <testcase classname="runner.Runner$AllureReport" name="runScenario" time="0.018">
    <error message="Test name must not be null or empty" type="java.lang.IllegalArgumentException">
      <![CDATA[java.lang.IllegalArgumentException: Test name must not be null or empty
at com.aventstack.extentreports.util.Assert.notEmpty(Assert.java:12)
at com.aventstack.extentreports.ExtentTest.<init>(ExtentTest.java:96)
at com.aventstack.extentreports.ExtentReports.createTest(ExtentReports.java:105)
at com.aventstack.extentreports.cucumber.adapter.ExtentCucumberAdapter.createFeature(ExtentCucumberAdapter.java:329)
at com.aventstack.extentreports.cucumber.adapter.ExtentCucumberAdapter.handleStartOfFeature(ExtentCucumberAdapter.java:307)
at com.aventstack.extentreports.cucumber.adapter.ExtentCucumberAdapter.handleTestCaseStarted(ExtentCucumberAdapter.java:161)
at com.aventstack.extentreports.cucumber.adapter.ExtentCucumberAdapter$3.receive(ExtentCucumberAdapter.java:107)
at com.aventstack.extentreports.cucumber.adapter.ExtentCucumberAdapter$3.receive(ExtentCucumberAdapter.java:104)
at io.cucumber.core.eventbus.AbstractEventPublisher.send(AbstractEventPublisher.java:51)
at io.cucumber.core.eventbus.AbstractEventBus.send(AbstractEventBus.java:12)
at io.cucumber.core.runtime.SynchronizedEventBus.send(SynchronizedEventBus.java:47)
at io.cucumber.core.runtime.ThreadLocalRunnerSupplier$LocalEventBus.send(ThreadLocalRunnerSupplier.java:62)
at io.cucumber.core.runner.TestCase.emitTestCaseStarted(TestCase.java:206)
at io.cucumber.core.runner.TestCase.run(TestCase.java:72)
at io.cucumber.core.runner.Runner.runPickle(Runner.java:75)
at io.cucumber.testng.TestNGCucumberRunner.lambda$runScenario$1(TestNGCucumberRunner.java:132)
at io.cucumber.core.runtime.CucumberExecutionContext.lambda$runTestCase$5(CucumberExecutionContext.java:137)
at io.cucumber.core.runtime.RethrowingThrowableCollector.executeAndThrow(RethrowingThrowableCollector.java:23)
at io.cucumber.core.runtime.CucumberExecutionContext.runTestCase(CucumberExecutionContext.java:137)
at io.cucumber.testng.TestNGCucumberRunner.runScenario(TestNGCucumberRunner.java:129)
at io.cucumber.testng.AbstractTestNGCucumberTests.runScenario(AbstractTestNGCucumberTests.java:35)
at jdk.internal.reflect.GeneratedMethodAccessor21.invoke(Unknown Source)
at java.base/jdk.internal.reflect.DelegatingMethodAccessorImpl.invoke(DelegatingMethodAccessorImpl.java:43)
at java.base/java.lang.reflect.Method.invoke(Method.java:568)
at org.testng.internal.MethodInvocationHelper.invokeMethod(MethodInvocationHelper.java:133)
at org.testng.internal.TestInvoker.invokeMethod(TestInvoker.java:598)
at org.testng.internal.TestInvoker.invokeTestMethod(TestInvoker.java:173)
at org.testng.internal.MethodRunner.runInSequence(MethodRunner.java:46)
at org.testng.internal.TestInvoker$MethodInvocationAgent.invoke(TestInvoker.java:824)
at org.testng.internal.TestInvoker.invokeTestMethods(TestInvoker.java:146)
at org.testng.internal.TestMethodWorker.invokeTestMethods(TestMethodWorker.java:146)
at org.testng.internal.TestMethodWorker.run(TestMethodWorker.java:128)
at java.base/java.util.ArrayList.forEach(ArrayList.java:1511)
at org.testng.TestRunner.privateRun(TestRunner.java:794)
at org.testng.TestRunner.run(TestRunner.java:596)
at org.testng.SuiteRunner.runTest(SuiteRunner.java:377)
at org.testng.SuiteRunner.runSequentially(SuiteRunner.java:371)
at org.testng.SuiteRunner.privateRun(SuiteRunner.java:332)
at org.testng.SuiteRunner.run(SuiteRunner.java:276)
at org.testng.SuiteRunnerWorker.runSuite(SuiteRunnerWorker.java:53)
at org.testng.SuiteRunnerWorker.run(SuiteRunnerWorker.java:96)
at org.testng.TestNG.runSuitesSequentially(TestNG.java:1212)
at org.testng.TestNG.runSuitesLocally(TestNG.java:1134)
at org.testng.TestNG.runSuites(TestNG.java:1063)
at org.testng.TestNG.run(TestNG.java:1031)
at org.testng.remote.AbstractRemoteTestNG.run(AbstractRemoteTestNG.java:115)
at org.testng.remote.RemoteTestNG.initAndRun(RemoteTestNG.java:251)
at org.testng.remote.RemoteTestNG.main(RemoteTestNG.java:77)
]]>
    </error>
  </testcase> <!-- runScenario -->
  <system-out/>
  <testcase classname="runner.Runner$AllureReport" name="runScenario" time="0.023">
    <error message="Cannot invoke &quot;org.openqa.selenium.WebDriver.get(String)&quot; because &quot;this.driver&quot; is null" type="java.lang.NullPointerException">
      <![CDATA[java.lang.NullPointerException: Cannot invoke "org.openqa.selenium.WebDriver.get(String)" because "this.driver" is null
at pages.DeleteAttendancePage.homepage(DeleteAttendancePage.java:80)
at stepDefinition.DeleteAttendance_SD.admin_is_on_the_manage_attendance_page_in_attendance(DeleteAttendance_SD.java:20)
at ?.Admin is on the manage attendance page in attendance(file:///C:/Users/amitf/eclipse-workspace/LMSHackathon_Phase2/src/test/resources/Features/DeleteAttendance.feature:38)
]]>
    </error>
  </testcase> <!-- runScenario -->
  <system-out/>
  <testcase classname="runner.Runner$AllureReport" name="runScenario" time="0.057">
    <error message="Cannot invoke &quot;org.openqa.selenium.WebDriver.get(String)&quot; because &quot;this.driver&quot; is null" type="java.lang.NullPointerException">
      <![CDATA[java.lang.NullPointerException: Cannot invoke "org.openqa.selenium.WebDriver.get(String)" because "this.driver" is null
at pages.ClassPage.homepage(ClassPage.java:98)
at stepDefinition.ManageClassPage_SD.admin_is_on_dashboard_page_after_login_in_class(ManageClassPage_SD.java:22)
at ?.Admin is on dashboard page after login in class(file:///C:/Users/amitf/eclipse-workspace/LMSHackathon_Phase2/src/test/resources/Features/ManageClass.feature:3)
]]>
    </error>
  </testcase> <!-- runScenario -->
  <system-out/>
  <testcase classname="runner.Runner$AllureReport" name="runScenario" time="0.016">
    <error message="Cannot invoke &quot;org.openqa.selenium.WebDriver.get(String)&quot; because &quot;this.driver&quot; is null" type="java.lang.NullPointerException">
      <![CDATA[java.lang.NullPointerException: Cannot invoke "org.openqa.selenium.WebDriver.get(String)" because "this.driver" is null
at pages.ClassPage.homepage(ClassPage.java:98)
at stepDefinition.EditClass_SD.admin_is_in_edit_class_detail_popup_window_in_edit_class(EditClass_SD.java:24)
at ?.Admin is in  Edit class detail popup window in edit class(file:///C:/Users/amitf/eclipse-workspace/LMSHackathon_Phase2/src/test/resources/Features/EditClass.feature:3)
]]>
    </error>
  </testcase> <!-- runScenario -->
  <system-out/>
  <testcase classname="runner.Runner$AllureReport" name="runScenario" time="0.054">
    <error message="Cannot invoke &quot;org.openqa.selenium.WebDriver.get(String)&quot; because &quot;this.driver&quot; is null" type="java.lang.NullPointerException">
      <![CDATA[java.lang.NullPointerException: Cannot invoke "org.openqa.selenium.WebDriver.get(String)" because "this.driver" is null
at pages.ClassPage.homepage(ClassPage.java:98)
at stepDefinition.AddNewClass_SD.admin_is_in_class_detail_popup_window_in_class(AddNewClass_SD.java:27)
at ?.Admin is in class detail popup window in class(file:///C:/Users/amitf/eclipse-workspace/LMSHackathon_Phase2/src/test/resources/Features/AddNewClass.feature:3)
]]>
    </error>
  </testcase> <!-- runScenario -->
  <system-out/>
  <testcase classname="runner.Runner$AllureReport" name="runScenario" time="0.019">
    <error message="Cannot invoke &quot;org.openqa.selenium.WebDriver.get(String)&quot; because &quot;this.driver&quot; is null" type="java.lang.NullPointerException">
      <![CDATA[java.lang.NullPointerException: Cannot invoke "org.openqa.selenium.WebDriver.get(String)" because "this.driver" is null
at pages.DeleteAttendancePage.homepage(DeleteAttendancePage.java:80)
at stepDefinition.Paginationmanageattendance_SD.admin_is_logged_into_homepage_in_attendance(Paginationmanageattendance_SD.java:21)
at ?.Admin is logged into homepage in attendance(file:///C:/Users/amitf/eclipse-workspace/LMSHackathon_Phase2/src/test/resources/Features/Paginationinmanageattendance.feature:3)
]]>
    </error>
  </testcase> <!-- runScenario -->
  <system-out/>
  <testcase classname="runner.Runner$AllureReport" name="runScenario" time="0.012">
    <error message="Cannot invoke &quot;org.openqa.selenium.WebDriver.get(String)&quot; because &quot;this.driver&quot; is null" type="java.lang.NullPointerException">
      <![CDATA[java.lang.NullPointerException: Cannot invoke "org.openqa.selenium.WebDriver.get(String)" because "this.driver" is null
at pages.ClassPage.homepage(ClassPage.java:98)
at stepDefinition.EditClass_SD.admin_is_in_edit_class_detail_popup_window_in_edit_class(EditClass_SD.java:24)
at ?.Admin is in  Edit class detail popup window in edit class(file:///C:/Users/amitf/eclipse-workspace/LMSHackathon_Phase2/src/test/resources/Features/EditClass.feature:3)
]]>
    </error>
  </testcase> <!-- runScenario -->
  <system-out/>
  <testcase classname="runner.Runner$AllureReport" name="runScenario" time="0.014">
    <error message="Cannot invoke &quot;org.openqa.selenium.WebDriver.get(String)&quot; because &quot;this.driver&quot; is null" type="java.lang.NullPointerException">
      <![CDATA[java.lang.NullPointerException: Cannot invoke "org.openqa.selenium.WebDriver.get(String)" because "this.driver" is null
at pages.ClassPage.homepage(ClassPage.java:98)
at stepDefinition.EditClass_SD.admin_is_in_edit_class_detail_popup_window_in_edit_class(EditClass_SD.java:24)
at ?.Admin is in  Edit class detail popup window in edit class(file:///C:/Users/amitf/eclipse-workspace/LMSHackathon_Phase2/src/test/resources/Features/EditClass.feature:3)
]]>
    </error>
  </testcase> <!-- runScenario -->
  <system-out/>
  <testcase classname="runner.Runner$AllureReport" name="runScenario" time="0.028">
    <error message="Cannot invoke &quot;org.openqa.selenium.WebDriver.get(String)&quot; because &quot;this.driver&quot; is null" type="java.lang.NullPointerException">
      <![CDATA[java.lang.NullPointerException: Cannot invoke "org.openqa.selenium.WebDriver.get(String)" because "this.driver" is null
at pages.ClassPage.homepage(ClassPage.java:98)
at stepDefinition.Attendancedetailspopup_SD.admin_is_in_attendance_details_popup_window_in_attendance(Attendancedetailspopup_SD.java:143)
at ?.Admin is in  attendance details popup window in attendance(file:///C:/Users/amitf/eclipse-workspace/LMSHackathon_Phase2/src/test/resources/Features/Attendancedetailspopup.feature:64)
]]>
    </error>
  </testcase> <!-- runScenario -->
  <system-out/>
  <testcase classname="runner.Runner$AllureReport" name="runScenario" time="0.039">
    <error message="Cannot invoke &quot;org.openqa.selenium.WebDriver.get(String)&quot; because &quot;this.driver&quot; is null" type="java.lang.NullPointerException">
      <![CDATA[java.lang.NullPointerException: Cannot invoke "org.openqa.selenium.WebDriver.get(String)" because "this.driver" is null
at pages.ClassPage.homepage(ClassPage.java:98)
at stepDefinition.AddNewClass_SD.admin_is_in_class_detail_popup_window_in_class(AddNewClass_SD.java:27)
at ?.Admin is in class detail popup window in class(file:///C:/Users/amitf/eclipse-workspace/LMSHackathon_Phase2/src/test/resources/Features/AddNewClass.feature:3)
]]>
    </error>
  </testcase> <!-- runScenario -->
  <system-out/>
  <testcase classname="runner.Runner$AllureReport" name="runScenario" time="0.014">
    <error message="Cannot invoke &quot;org.openqa.selenium.WebDriver.get(String)&quot; because &quot;this.driver&quot; is null" type="java.lang.NullPointerException">
      <![CDATA[java.lang.NullPointerException: Cannot invoke "org.openqa.selenium.WebDriver.get(String)" because "this.driver" is null
at pages.ClassPage.homepage(ClassPage.java:98)
at stepDefinition.ManageClassPage_SD.admin_is_on_dashboard_page_after_login_in_class(ManageClassPage_SD.java:22)
at ?.Admin is on dashboard page after login in class(file:///C:/Users/amitf/eclipse-workspace/LMSHackathon_Phase2/src/test/resources/Features/ManageClass.feature:3)
]]>
    </error>
  </testcase> <!-- runScenario -->
  <system-out/>
  <testcase classname="runner.Runner$AllureReport" name="runScenario" time="0.018">
    <error message="Cannot invoke &quot;org.openqa.selenium.WebDriver.get(String)&quot; because &quot;this.driver&quot; is null" type="java.lang.NullPointerException">
      <![CDATA[java.lang.NullPointerException: Cannot invoke "org.openqa.selenium.WebDriver.get(String)" because "this.driver" is null
at pages.ClassPage.homepage(ClassPage.java:98)
at stepDefinition.Classdetailspopup_SD.admin_is_on_manage_class_page_after_clicking_class_button_in_class(Classdetailspopup_SD.java:24)
at ?.Admin is on ManageClass page after clicking class button in class(file:///C:/Users/amitf/eclipse-workspace/LMSHackathon_Phase2/src/test/resources/Features/Classdetailpopupwindow.feature:3)
]]>
    </error>
  </testcase> <!-- runScenario -->
  <system-out/>
  <testcase classname="runner.Runner$AllureReport" name="runScenario" time="0.019">
    <error message="Cannot invoke &quot;org.openqa.selenium.WebDriver.get(String)&quot; because &quot;this.driver&quot; is null" type="java.lang.NullPointerException">
      <![CDATA[java.lang.NullPointerException: Cannot invoke "org.openqa.selenium.WebDriver.get(String)" because "this.driver" is null
at pages.ClassPage.homepage(ClassPage.java:98)
at stepDefinition.Classdetailspopup_SD.admin_is_on_manage_class_page_after_clicking_class_button_in_class(Classdetailspopup_SD.java:24)
at ?.Admin is on ManageClass page after clicking class button in class(file:///C:/Users/amitf/eclipse-workspace/LMSHackathon_Phase2/src/test/resources/Features/Classdetailpopupwindow.feature:3)
]]>
    </error>
  </testcase> <!-- runScenario -->
  <system-out/>
  <testcase classname="runner.Runner$AllureReport" name="runScenario" time="0.025">
    <error message="Cannot invoke &quot;org.openqa.selenium.WebDriver.get(String)&quot; because &quot;this.driver&quot; is null" type="java.lang.NullPointerException">
      <![CDATA[java.lang.NullPointerException: Cannot invoke "org.openqa.selenium.WebDriver.get(String)" because "this.driver" is null
at pages.DeleteAttendancePage.homepage(DeleteAttendancePage.java:80)
at stepDefinition.DeleteAttendance_SD.admin_is_in_delete_alert_after_clicking_on_delete_button_in_attendance(DeleteAttendance_SD.java:49)
at ?.Admin is in delete alert after clicking on delete button in attendance(file:///C:/Users/amitf/eclipse-workspace/LMSHackathon_Phase2/src/test/resources/Features/DeleteAttendance.feature:24)
]]>
    </error>
  </testcase> <!-- runScenario -->
  <system-out/>
  <testcase classname="runner.Runner$AllureReport" name="runScenario" time="0.038">
    <error message="Cannot invoke &quot;org.openqa.selenium.WebDriver.get(String)&quot; because &quot;this.driver&quot; is null" type="java.lang.NullPointerException">
      <![CDATA[java.lang.NullPointerException: Cannot invoke "org.openqa.selenium.WebDriver.get(String)" because "this.driver" is null
at pages.DeleteAttendancePage.homepage(DeleteAttendancePage.java:80)
at stepDefinition.Paginationmanageattendance_SD.admin_is_logged_into_homepage_in_attendance(Paginationmanageattendance_SD.java:21)
at ?.Admin is logged into homepage in attendance(file:///C:/Users/amitf/eclipse-workspace/LMSHackathon_Phase2/src/test/resources/Features/Paginationinmanageattendance.feature:3)
]]>
    </error>
  </testcase> <!-- runScenario -->
  <system-out/>
  <testcase classname="runner.Runner$AllureReport" name="runScenario" time="0.071">
    <error message="Cannot invoke &quot;org.openqa.selenium.WebDriver.get(String)&quot; because &quot;this.driver&quot; is null" type="java.lang.NullPointerException">
      <![CDATA[java.lang.NullPointerException: Cannot invoke "org.openqa.selenium.WebDriver.get(String)" because "this.driver" is null
at pages.DeleteAttendancePage.homepage(DeleteAttendancePage.java:80)
at stepDefinition.DeleteAttendance_SD.admin_is_on_the_manage_attendance_page_in_attendance(DeleteAttendance_SD.java:20)
at ?.Admin is on the manage attendance page in attendance(file:///C:/Users/amitf/eclipse-workspace/LMSHackathon_Phase2/src/test/resources/Features/DeleteAttendance.feature:4)
]]>
    </error>
  </testcase> <!-- runScenario -->
  <system-out/>
  <testcase classname="runner.Runner$AllureReport" name="runScenario" time="0.025">
    <error message="Cannot invoke &quot;org.openqa.selenium.WebDriver.get(String)&quot; because &quot;this.driver&quot; is null" type="java.lang.NullPointerException">
      <![CDATA[java.lang.NullPointerException: Cannot invoke "org.openqa.selenium.WebDriver.get(String)" because "this.driver" is null
at pages.ClassPage.homepage(ClassPage.java:98)
at stepDefinition.Attendancedetailspopup_SD.admin_is_in_attendance_details_popup_window_in_attendance(Attendancedetailspopup_SD.java:143)
at ?.Admin is in  attendance details popup window in attendance(file:///C:/Users/amitf/eclipse-workspace/LMSHackathon_Phase2/src/test/resources/Features/Attendancedetailspopup.feature:79)
]]>
    </error>
  </testcase> <!-- runScenario -->
  <system-out/>
  <testcase classname="runner.Runner$AllureReport" name="runScenario" time="0.033">
    <error message="Cannot invoke &quot;org.openqa.selenium.WebDriver.get(String)&quot; because &quot;this.driver&quot; is null" type="java.lang.NullPointerException">
      <![CDATA[java.lang.NullPointerException: Cannot invoke "org.openqa.selenium.WebDriver.get(String)" because "this.driver" is null
at pages.ClassPage.homepage(ClassPage.java:98)
at stepDefinition.ManageClassPage_SD.admin_is_on_dashboard_page_after_login_in_class(ManageClassPage_SD.java:22)
at ?.Admin is on dashboard page after login in class(file:///C:/Users/amitf/eclipse-workspace/LMSHackathon_Phase2/src/test/resources/Features/ManageClass.feature:3)
]]>
    </error>
  </testcase> <!-- runScenario -->
  <system-out/>
  <testcase classname="runner.Runner$AllureReport" name="runScenario" time="0.065">
    <error message="Cannot invoke &quot;org.openqa.selenium.WebDriver.get(String)&quot; because &quot;this.driver&quot; is null" type="java.lang.NullPointerException">
      <![CDATA[java.lang.NullPointerException: Cannot invoke "org.openqa.selenium.WebDriver.get(String)" because "this.driver" is null
at pages.ClassPage.homepage(ClassPage.java:98)
at stepDefinition.Attendancedetailspopup_SD.admin_is_on_manage_attendance_page_in_attendance(Attendancedetailspopup_SD.java:30)
at ?.Admin is on manage attendance page in attendance(file:///C:/Users/amitf/eclipse-workspace/LMSHackathon_Phase2/src/test/resources/Features/Attendancedetailspopup.feature:4)
]]>
    </error>
  </testcase> <!-- runScenario -->
  <system-out/>
  <testcase classname="runner.Runner$AllureReport" name="runScenario" time="0.048">
    <error message="Cannot invoke &quot;org.openqa.selenium.WebDriver.get(String)&quot; because &quot;this.driver&quot; is null" type="java.lang.NullPointerException">
      <![CDATA[java.lang.NullPointerException: Cannot invoke "org.openqa.selenium.WebDriver.get(String)" because "this.driver" is null
at pages.ClassPage.homepage(ClassPage.java:98)
at stepDefinition.Attendancedetailspopup_SD.admin_is_on_manage_attendance_page_in_attendance(Attendancedetailspopup_SD.java:30)
at ?.Admin is on manage attendance page in attendance(file:///C:/Users/amitf/eclipse-workspace/LMSHackathon_Phase2/src/test/resources/Features/Attendancedetailspopup.feature:24)
]]>
    </error>
  </testcase> <!-- runScenario -->
  <system-out/>
  <testcase classname="runner.Runner$AllureReport" name="runScenario" time="0.012">
    <error message="Cannot invoke &quot;org.openqa.selenium.WebDriver.get(String)&quot; because &quot;this.driver&quot; is null" type="java.lang.NullPointerException">
      <![CDATA[java.lang.NullPointerException: Cannot invoke "org.openqa.selenium.WebDriver.get(String)" because "this.driver" is null
at pages.ClassPage.homepage(ClassPage.java:98)
at stepDefinition.EditClass_SD.admin_is_in_edit_class_detail_popup_window_in_edit_class(EditClass_SD.java:24)
at ?.Admin is in  Edit class detail popup window in edit class(file:///C:/Users/amitf/eclipse-workspace/LMSHackathon_Phase2/src/test/resources/Features/EditClass.feature:3)
]]>
    </error>
  </testcase> <!-- runScenario -->
  <system-out/>
  <testcase classname="runner.Runner$AllureReport" name="runScenario" time="0.030">
    <error message="Cannot invoke &quot;org.openqa.selenium.WebDriver.get(String)&quot; because &quot;this.driver&quot; is null" type="java.lang.NullPointerException">
      <![CDATA[java.lang.NullPointerException: Cannot invoke "org.openqa.selenium.WebDriver.get(String)" because "this.driver" is null
at pages.ClassPage.homepage(ClassPage.java:98)
at stepDefinition.AddNewClass_SD.admin_is_in_class_detail_popup_window_in_class(AddNewClass_SD.java:27)
at ?.Admin is in class detail popup window in class(file:///C:/Users/amitf/eclipse-workspace/LMSHackathon_Phase2/src/test/resources/Features/AddNewClass.feature:3)
]]>
    </error>
  </testcase> <!-- runScenario -->
  <system-out/>
  <testcase classname="runner.Runner$AllureReport" name="runScenario" time="0.014">
    <error message="Cannot invoke &quot;org.openqa.selenium.WebDriver.get(String)&quot; because &quot;this.driver&quot; is null" type="java.lang.NullPointerException">
      <![CDATA[java.lang.NullPointerException: Cannot invoke "org.openqa.selenium.WebDriver.get(String)" because "this.driver" is null
at pages.ClassPage.homepage(ClassPage.java:98)
at stepDefinition.EditClass_SD.admin_is_in_edit_class_detail_popup_window_in_edit_class(EditClass_SD.java:24)
at ?.Admin is in  Edit class detail popup window in edit class(file:///C:/Users/amitf/eclipse-workspace/LMSHackathon_Phase2/src/test/resources/Features/EditClass.feature:3)
]]>
    </error>
  </testcase> <!-- runScenario -->
  <system-out/>
  <testcase classname="runner.Runner$AllureReport" name="runScenario" time="0.053">
    <error message="Cannot invoke &quot;org.openqa.selenium.WebDriver.get(String)&quot; because &quot;this.driver&quot; is null" type="java.lang.NullPointerException">
      <![CDATA[java.lang.NullPointerException: Cannot invoke "org.openqa.selenium.WebDriver.get(String)" because "this.driver" is null
at pages.ClassPage.homepage(ClassPage.java:98)
at stepDefinition.AddNewClass_SD.admin_is_in_class_detail_popup_window_in_class(AddNewClass_SD.java:27)
at ?.Admin is in class detail popup window in class(file:///C:/Users/amitf/eclipse-workspace/LMSHackathon_Phase2/src/test/resources/Features/AddNewClass.feature:3)
]]>
    </error>
  </testcase> <!-- runScenario -->
  <system-out/>
  <testcase classname="runner.Runner$AllureReport" name="runScenario" time="0.015">
    <error message="Cannot invoke &quot;org.openqa.selenium.WebDriver.get(String)&quot; because &quot;this.driver&quot; is null" type="java.lang.NullPointerException">
      <![CDATA[java.lang.NullPointerException: Cannot invoke "org.openqa.selenium.WebDriver.get(String)" because "this.driver" is null
at pages.ClassPage.homepage(ClassPage.java:98)
at stepDefinition.Classdetailspopup_SD.admin_is_on_manage_class_page_after_clicking_class_button_in_class(Classdetailspopup_SD.java:24)
at ?.Admin is on ManageClass page after clicking class button in class(file:///C:/Users/amitf/eclipse-workspace/LMSHackathon_Phase2/src/test/resources/Features/Classdetailpopupwindow.feature:3)
]]>
    </error>
  </testcase> <!-- runScenario -->
  <system-out/>
  <testcase classname="runner.Runner$AllureReport" name="runScenario" time="0.040">
    <error message="Cannot invoke &quot;org.openqa.selenium.WebDriver.get(String)&quot; because &quot;this.driver&quot; is null" type="java.lang.NullPointerException">
      <![CDATA[java.lang.NullPointerException: Cannot invoke "org.openqa.selenium.WebDriver.get(String)" because "this.driver" is null
at pages.DeleteAttendancePage.homepage(DeleteAttendancePage.java:80)
at stepDefinition.DeleteAttendance_SD.admin_is_on_the_manage_attendance_page_in_attendance(DeleteAttendance_SD.java:20)
at ?.Admin is on the manage attendance page in attendance(file:///C:/Users/amitf/eclipse-workspace/LMSHackathon_Phase2/src/test/resources/Features/DeleteAttendance.feature:14)
]]>
    </error>
  </testcase> <!-- runScenario -->
  <system-out/>
  <testcase classname="runner.Runner$AllureReport" name="runScenario" time="0.019">
    <error message="Cannot invoke &quot;org.openqa.selenium.WebDriver.get(String)&quot; because &quot;this.driver&quot; is null" type="java.lang.NullPointerException">
      <![CDATA[java.lang.NullPointerException: Cannot invoke "org.openqa.selenium.WebDriver.get(String)" because "this.driver" is null
at pages.ClassPage.homepage(ClassPage.java:98)
at stepDefinition.DeleteClass_SD.admin_is_in_delete_alert_in_class(DeleteClass_SD.java:55)
at ?.Admin is in delete alert in class(file:///C:/Users/amitf/eclipse-workspace/LMSHackathon_Phase2/src/test/resources/Features/DeleteClass.feature:20)
]]>
    </error>
  </testcase> <!-- runScenario -->
  <system-out/>
  <testcase classname="runner.Runner$AllureReport" name="runScenario" time="0.033">
    <error message="Cannot invoke &quot;org.openqa.selenium.WebDriver.get(String)&quot; because &quot;this.driver&quot; is null" type="java.lang.NullPointerException">
      <![CDATA[java.lang.NullPointerException: Cannot invoke "org.openqa.selenium.WebDriver.get(String)" because "this.driver" is null
at pages.ClassPage.homepage(ClassPage.java:98)
at stepDefinition.Classdetailspopup_SD.admin_is_on_manage_class_page_after_clicking_class_button_in_class(Classdetailspopup_SD.java:24)
at ?.Admin is on ManageClass page after clicking class button in class(file:///C:/Users/amitf/eclipse-workspace/LMSHackathon_Phase2/src/test/resources/Features/Classdetailpopupwindow.feature:3)
]]>
    </error>
  </testcase> <!-- runScenario -->
  <system-out/>
  <testcase classname="runner.Runner$AllureReport" name="runScenario" time="0.040">
    <error message="Cannot invoke &quot;org.openqa.selenium.WebDriver.get(String)&quot; because &quot;this.driver&quot; is null" type="java.lang.NullPointerException">
      <![CDATA[java.lang.NullPointerException: Cannot invoke "org.openqa.selenium.WebDriver.get(String)" because "this.driver" is null
at pages.ClassPage.homepage(ClassPage.java:98)
at stepDefinition.Classdetailspopup_SD.admin_is_on_manage_class_page_after_clicking_class_button_in_class(Classdetailspopup_SD.java:24)
at ?.Admin is on ManageClass page after clicking class button in class(file:///C:/Users/amitf/eclipse-workspace/LMSHackathon_Phase2/src/test/resources/Features/Classdetailpopupwindow.feature:3)
]]>
    </error>
  </testcase> <!-- runScenario -->
  <system-out/>
  <testcase classname="runner.Runner$AllureReport" name="runScenario" time="0.037">
    <error message="Cannot invoke &quot;org.openqa.selenium.WebDriver.get(String)&quot; because &quot;this.driver&quot; is null" type="java.lang.NullPointerException">
      <![CDATA[java.lang.NullPointerException: Cannot invoke "org.openqa.selenium.WebDriver.get(String)" because "this.driver" is null
at pages.ClassPage.homepage(ClassPage.java:98)
at stepDefinition.Attendancedetailspopup_SD.admin_is_on_manage_attendance_page_in_attendance(Attendancedetailspopup_SD.java:30)
at ?.Admin is on manage attendance page in attendance(file:///C:/Users/amitf/eclipse-workspace/LMSHackathon_Phase2/src/test/resources/Features/Attendancedetailspopup.feature:39)
]]>
    </error>
  </testcase> <!-- runScenario -->
  <system-out/>
  <testcase classname="runner.Runner$AllureReport" name="runScenario" time="0.061">
    <error message="Cannot invoke &quot;org.openqa.selenium.WebDriver.get(String)&quot; because &quot;this.driver&quot; is null" type="java.lang.NullPointerException">
      <![CDATA[java.lang.NullPointerException: Cannot invoke "org.openqa.selenium.WebDriver.get(String)" because "this.driver" is null
at pages.ClassPage.homepage(ClassPage.java:98)
at stepDefinition.AddNewClass_SD.admin_is_in_class_detail_popup_window_in_class(AddNewClass_SD.java:27)
at ?.Admin is in class detail popup window in class(file:///C:/Users/amitf/eclipse-workspace/LMSHackathon_Phase2/src/test/resources/Features/AddNewClass.feature:3)
]]>
    </error>
  </testcase> <!-- runScenario -->
  <system-out/>
  <testcase classname="runner.Runner$AllureReport" name="runScenario" time="0.019">
    <error message="Cannot invoke &quot;org.openqa.selenium.WebDriver.get(String)&quot; because &quot;this.driver&quot; is null" type="java.lang.NullPointerException">
      <![CDATA[java.lang.NullPointerException: Cannot invoke "org.openqa.selenium.WebDriver.get(String)" because "this.driver" is null
at pages.ClassPage.homepage(ClassPage.java:98)
at stepDefinition.Classdetailspopup_SD.admin_is_on_manage_class_page_after_clicking_class_button_in_class(Classdetailspopup_SD.java:24)
at ?.Admin is on ManageClass page after clicking class button in class(file:///C:/Users/amitf/eclipse-workspace/LMSHackathon_Phase2/src/test/resources/Features/Classdetailpopupwindow.feature:3)
]]>
    </error>
  </testcase> <!-- runScenario -->
  <system-out/>
  <testcase classname="runner.Runner$AllureReport" name="runScenario" time="0.055">
    <error message="Cannot invoke &quot;org.openqa.selenium.WebDriver.get(String)&quot; because &quot;this.driver&quot; is null" type="java.lang.NullPointerException">
      <![CDATA[java.lang.NullPointerException: Cannot invoke "org.openqa.selenium.WebDriver.get(String)" because "this.driver" is null
at pages.ClassPage.homepage(ClassPage.java:98)
at stepDefinition.AddNewClass_SD.admin_is_in_class_detail_popup_window_in_class(AddNewClass_SD.java:27)
at ?.Admin is in class detail popup window in class(file:///C:/Users/amitf/eclipse-workspace/LMSHackathon_Phase2/src/test/resources/Features/AddNewClass.feature:3)
]]>
    </error>
  </testcase> <!-- runScenario -->
  <system-out/>
  <testcase classname="runner.Runner$AllureReport" name="runScenario" time="0.016">
    <error message="Cannot invoke &quot;org.openqa.selenium.WebDriver.get(String)&quot; because &quot;this.driver&quot; is null" type="java.lang.NullPointerException">
      <![CDATA[java.lang.NullPointerException: Cannot invoke "org.openqa.selenium.WebDriver.get(String)" because "this.driver" is null
at pages.ClassPage.homepage(ClassPage.java:98)
at stepDefinition.EditClass_SD.admin_is_in_edit_class_detail_popup_window_in_edit_class(EditClass_SD.java:24)
at ?.Admin is in  Edit class detail popup window in edit class(file:///C:/Users/amitf/eclipse-workspace/LMSHackathon_Phase2/src/test/resources/Features/EditClass.feature:3)
]]>
    </error>
  </testcase> <!-- runScenario -->
  <system-out/>
  <testcase classname="runner.Runner$AllureReport" name="runScenario" time="0.020">
    <error message="Cannot invoke &quot;org.openqa.selenium.WebDriver.get(String)&quot; because &quot;this.driver&quot; is null" type="java.lang.NullPointerException">
      <![CDATA[java.lang.NullPointerException: Cannot invoke "org.openqa.selenium.WebDriver.get(String)" because "this.driver" is null
at pages.ClassPage.homepage(ClassPage.java:98)
at stepDefinition.ManageClassPage_SD.admin_is_on_dashboard_page_after_login_in_class(ManageClassPage_SD.java:22)
at ?.Admin is on dashboard page after login in class(file:///C:/Users/amitf/eclipse-workspace/LMSHackathon_Phase2/src/test/resources/Features/ManageClass.feature:3)
]]>
    </error>
  </testcase> <!-- runScenario -->
  <system-out/>
  <testcase classname="runner.Runner$AllureReport" name="runScenario" time="0.031">
    <error message="Cannot invoke &quot;org.openqa.selenium.WebDriver.get(String)&quot; because &quot;this.driver&quot; is null" type="java.lang.NullPointerException">
      <![CDATA[java.lang.NullPointerException: Cannot invoke "org.openqa.selenium.WebDriver.get(String)" because "this.driver" is null
at pages.ClassPage.homepage(ClassPage.java:98)
at stepDefinition.Classdetailspopup_SD.admin_is_on_manage_class_page_after_clicking_class_button_in_class(Classdetailspopup_SD.java:24)
at ?.Admin is on ManageClass page after clicking class button in class(file:///C:/Users/amitf/eclipse-workspace/LMSHackathon_Phase2/src/test/resources/Features/Classdetailpopupwindow.feature:3)
]]>
    </error>
  </testcase> <!-- runScenario -->
  <system-out/>
  <testcase classname="runner.Runner$AllureReport" name="runScenario" time="0.069">
    <error message="Cannot invoke &quot;org.openqa.selenium.WebDriver.get(String)&quot; because &quot;this.driver&quot; is null" type="java.lang.NullPointerException">
      <![CDATA[java.lang.NullPointerException: Cannot invoke "org.openqa.selenium.WebDriver.get(String)" because "this.driver" is null
at pages.ClassPage.homepage(ClassPage.java:98)
at stepDefinition.Classdetailspopup_SD.admin_is_on_manage_class_page_after_clicking_class_button_in_class(Classdetailspopup_SD.java:24)
at ?.Admin is on ManageClass page after clicking class button in class(file:///C:/Users/amitf/eclipse-workspace/LMSHackathon_Phase2/src/test/resources/Features/Classdetailpopupwindow.feature:3)
]]>
    </error>
  </testcase> <!-- runScenario -->
  <system-out/>
  <testcase classname="runner.Runner$AllureReport" name="runScenario" time="0.032">
    <error message="Cannot invoke &quot;org.openqa.selenium.WebDriver.get(String)&quot; because &quot;this.driver&quot; is null" type="java.lang.NullPointerException">
      <![CDATA[java.lang.NullPointerException: Cannot invoke "org.openqa.selenium.WebDriver.get(String)" because "this.driver" is null
at pages.ClassPage.homepage(ClassPage.java:98)
at stepDefinition.Classdetailspopup_SD.admin_is_on_manage_class_page_after_clicking_class_button_in_class(Classdetailspopup_SD.java:24)
at ?.Admin is on ManageClass page after clicking class button in class(file:///C:/Users/amitf/eclipse-workspace/LMSHackathon_Phase2/src/test/resources/Features/Classdetailpopupwindow.feature:3)
]]>
    </error>
  </testcase> <!-- runScenario -->
  <system-out/>
  <testcase classname="runner.Runner$AllureReport" name="runScenario" time="0.017">
    <error message="Cannot invoke &quot;org.openqa.selenium.WebDriver.get(String)&quot; because &quot;this.driver&quot; is null" type="java.lang.NullPointerException">
      <![CDATA[java.lang.NullPointerException: Cannot invoke "org.openqa.selenium.WebDriver.get(String)" because "this.driver" is null
at pages.ClassPage.homepage(ClassPage.java:98)
at stepDefinition.EditClass_SD.admin_is_in_edit_class_detail_popup_window_in_edit_class(EditClass_SD.java:24)
at ?.Admin is in  Edit class detail popup window in edit class(file:///C:/Users/amitf/eclipse-workspace/LMSHackathon_Phase2/src/test/resources/Features/EditClass.feature:3)
]]>
    </error>
  </testcase> <!-- runScenario -->
  <system-out/>
  <testcase classname="runner.Runner$AllureReport" name="runScenario" time="0.028">
    <error message="Cannot invoke &quot;org.openqa.selenium.SearchContext.findElement(org.openqa.selenium.By)&quot; because &quot;this.searchContext&quot; is null" type="java.lang.NullPointerException">
      <![CDATA[java.lang.NullPointerException: Cannot invoke "org.openqa.selenium.SearchContext.findElement(org.openqa.selenium.By)" because "this.searchContext" is null
at org.openqa.selenium.support.pagefactory.DefaultElementLocator.findElement(DefaultElementLocator.java:68)
at org.openqa.selenium.support.pagefactory.internal.LocatingElementHandler.invoke(LocatingElementHandler.java:38)
at jdk.proxy2/jdk.proxy2.$Proxy23.click(Unknown Source)
at pages.DeleteAttendancePage.clickmulticheckbox(DeleteAttendancePage.java:143)
at stepDefinition.DeleteAttendance_SD.admin_is_in_delete_alert_after_clicks_delete_button_under_header_after_selecting_multiple_the_check_boxes_in_attendance(DeleteAttendance_SD.java:123)
at ?.Admin is in delete alert after clicks delete button under header after selecting multiple the check boxes in attendance(file:///C:/Users/amitf/eclipse-workspace/LMSHackathon_Phase2/src/test/resources/Features/DeleteAttendance.feature:53)
]]>
    </error>
  </testcase> <!-- runScenario -->
  <system-out/>
  <testcase classname="runner.Runner$AllureReport" name="runScenario" time="0.202">
    <error message="Cannot invoke &quot;org.openqa.selenium.WebDriver.get(String)&quot; because &quot;this.driver&quot; is null" type="java.lang.NullPointerException">
      <![CDATA[java.lang.NullPointerException: Cannot invoke "org.openqa.selenium.WebDriver.get(String)" because "this.driver" is null
at pages.ClassPage.homepage(ClassPage.java:98)
at stepDefinition.AddNewClass_SD.admin_is_in_class_detail_popup_window_in_class(AddNewClass_SD.java:27)
at ?.Admin is in class detail popup window in class(file:///C:/Users/amitf/eclipse-workspace/LMSHackathon_Phase2/src/test/resources/Features/AddNewClass.feature:3)
]]>
    </error>
  </testcase> <!-- runScenario -->
  <system-out/>
  <testcase classname="runner.Runner$AllureReport" name="runScenario" time="0.023">
    <error message="Cannot invoke &quot;org.openqa.selenium.WebDriver.get(String)&quot; because &quot;this.driver&quot; is null" type="java.lang.NullPointerException">
      <![CDATA[java.lang.NullPointerException: Cannot invoke "org.openqa.selenium.WebDriver.get(String)" because "this.driver" is null
at pages.ClassPage.homepage(ClassPage.java:98)
at stepDefinition.EditClass_SD.admin_is_in_edit_class_detail_popup_window_in_edit_class(EditClass_SD.java:24)
at ?.Admin is in  Edit class detail popup window in edit class(file:///C:/Users/amitf/eclipse-workspace/LMSHackathon_Phase2/src/test/resources/Features/EditClass.feature:3)
]]>
    </error>
  </testcase> <!-- runScenario -->
  <system-out/>
</testsuite> <!-- runner.Runner$AllureReport -->
